2023-09-23 19:07:42.7352|0|DEBUG|Microsoft.AspNetCore.Mvc.ModelBinding.ModelBinderFactory|Registered model binder providers, in the following order: Microsoft.AspNetCore.Mvc.ModelBinding.Binders.BinderTypeModelBinderProvider, Microsoft.AspNetCore.Mvc.ModelBinding.Binders.ServicesModelBinderProvider, Microsoft.AspNetCore.Mvc.ModelBinding.Binders.BodyModelBinderProvider, Microsoft.AspNetCore.Mvc.ModelBinding.Binders.HeaderModelBinderProvider, Microsoft.AspNetCore.Mvc.ModelBinding.Binders.FloatingPointTypeModelBinderProvider, Microsoft.AspNetCore.Mvc.ModelBinding.Binders.EnumTypeModelBinderProvider, Microsoft.AspNetCore.Mvc.ModelBinding.Binders.DateTimeModelBinderProvider, Microsoft.AspNetCore.Mvc.ModelBinding.Binders.SimpleTypeModelBinderProvider, Microsoft.AspNetCore.Mvc.ModelBinding.Binders.TryParseModelBinderProvider, Microsoft.AspNetCore.Mvc.ModelBinding.Binders.CancellationTokenModelBinderProvider, Microsoft.AspNetCore.Mvc.ModelBinding.Binders.ByteArrayModelBinderProvider, Microsoft.AspNetCore.Mvc.ModelBinding.Binders.FormFileModelBinderProvider, Microsoft.AspNetCore.Mvc.ModelBinding.Binders.FormCollectionModelBinderProvider, Microsoft.AspNetCore.Mvc.ModelBinding.Binders.KeyValuePairModelBinderProvider, Microsoft.AspNetCore.Mvc.ModelBinding.Binders.DictionaryModelBinderProvider, Microsoft.AspNetCore.Mvc.ModelBinding.Binders.ArrayModelBinderProvider, Microsoft.AspNetCore.Mvc.ModelBinding.Binders.CollectionModelBinderProvider, Microsoft.AspNetCore.Mvc.ModelBinding.Binders.ComplexObjectModelBinderProvider 
2023-09-23 19:07:43.1958|0|INFO|Program|Program initial 
2023-09-23 19:07:43.2124|0|DEBUG|Microsoft.Extensions.Hosting.Internal.Host|Hosting starting 
2023-09-23 19:07:43.2280|0|INFO|Microsoft.AspNetCore.DataProtection.KeyManagement.XmlKeyManager|User profile is available. Using 'C:\Users\Алексей\AppData\Local\ASP.NET\DataProtection-Keys' as key repository and Windows DPAPI to encrypt keys at rest. 
2023-09-23 19:07:43.2280|0|DEBUG|Microsoft.AspNetCore.DataProtection.Repositories.FileSystemXmlRepository|Reading data from file 'C:\Users\Алексей\AppData\Local\ASP.NET\DataProtection-Keys\key-201f091d-1492-40cf-8448-2970d8f8302a.xml'. 
2023-09-23 19:07:43.2280|0|DEBUG|Microsoft.AspNetCore.DataProtection.Repositories.FileSystemXmlRepository|Reading data from file 'C:\Users\Алексей\AppData\Local\ASP.NET\DataProtection-Keys\key-8c2d20ac-a7d5-4fe4-b7a0-731f36d4f54e.xml'. 
2023-09-23 19:07:43.2280|0|DEBUG|Microsoft.AspNetCore.DataProtection.Repositories.FileSystemXmlRepository|Reading data from file 'C:\Users\Алексей\AppData\Local\ASP.NET\DataProtection-Keys\key-fe0fd9ec-cbd2-45ba-94c2-4c4db8302271.xml'. 
2023-09-23 19:07:43.2280|0|DEBUG|Microsoft.AspNetCore.DataProtection.KeyManagement.XmlKeyManager|Found key {201f091d-1492-40cf-8448-2970d8f8302a}. 
2023-09-23 19:07:43.2428|0|DEBUG|Microsoft.AspNetCore.DataProtection.KeyManagement.XmlKeyManager|Found key {8c2d20ac-a7d5-4fe4-b7a0-731f36d4f54e}. 
2023-09-23 19:07:43.2428|0|DEBUG|Microsoft.AspNetCore.DataProtection.KeyManagement.XmlKeyManager|Found key {fe0fd9ec-cbd2-45ba-94c2-4c4db8302271}. 
2023-09-23 19:07:43.2428|0|DEBUG|Microsoft.AspNetCore.DataProtection.KeyManagement.DefaultKeyResolver|Considering key {201f091d-1492-40cf-8448-2970d8f8302a} with expiration date 2023-10-02 22:10:13Z as default key. 
2023-09-23 19:07:43.2428|0|DEBUG|Microsoft.AspNetCore.DataProtection.TypeForwardingActivator|Forwarded activator type request from Microsoft.AspNetCore.DataProtection.XmlEncryption.DpapiXmlDecryptor, Microsoft.AspNetCore.DataProtection, Version=7.0.0.0, Culture=neutral, PublicKeyToken=adb9793829ddae60 to Microsoft.AspNetCore.DataProtection.XmlEncryption.DpapiXmlDecryptor, Microsoft.AspNetCore.DataProtection, Culture=neutral, PublicKeyToken=adb9793829ddae60 
2023-09-23 19:07:43.2428|0|DEBUG|Microsoft.AspNetCore.DataProtection.XmlEncryption.DpapiXmlDecryptor|Decrypting secret element using Windows DPAPI. 
2023-09-23 19:07:43.2591|0|DEBUG|Microsoft.AspNetCore.DataProtection.TypeForwardingActivator|Forwarded activator type request from Microsoft.AspNetCore.DataProtection.AuthenticatedEncryption.ConfigurationModel.AuthenticatedEncryptorDescriptorDeserializer, Microsoft.AspNetCore.DataProtection, Version=7.0.0.0, Culture=neutral, PublicKeyToken=adb9793829ddae60 to Microsoft.AspNetCore.DataProtection.AuthenticatedEncryption.ConfigurationModel.AuthenticatedEncryptorDescriptorDeserializer, Microsoft.AspNetCore.DataProtection, Culture=neutral, PublicKeyToken=adb9793829ddae60 
2023-09-23 19:07:43.2591|0|DEBUG|Microsoft.AspNetCore.DataProtection.AuthenticatedEncryption.CngCbcAuthenticatedEncryptorFactory|Opening CNG algorithm 'AES' from provider '(null)' with chaining mode CBC. 
2023-09-23 19:07:43.2591|0|DEBUG|Microsoft.AspNetCore.DataProtection.AuthenticatedEncryption.CngCbcAuthenticatedEncryptorFactory|Opening CNG algorithm 'SHA256' from provider '(null)' with HMAC. 
2023-09-23 19:07:43.2591|0|DEBUG|Microsoft.AspNetCore.DataProtection.KeyManagement.KeyRingProvider|Using key {201f091d-1492-40cf-8448-2970d8f8302a} as the default key. 
2023-09-23 19:07:43.2591|0|DEBUG|Microsoft.AspNetCore.DataProtection.Internal.DataProtectionHostedService|Key ring with default key {201f091d-1492-40cf-8448-2970d8f8302a} was loaded during application startup. 
2023-09-23 19:07:43.2785|0|DEBUG|Microsoft.AspNetCore.Hosting.Diagnostics|Loaded hosting startup assembly LuxeLooks 
2023-09-23 19:07:43.2785|0|INFO|Microsoft.Hosting.Lifetime|Application started. Press Ctrl+C to shut down. 
2023-09-23 19:07:43.2785|0|INFO|Microsoft.Hosting.Lifetime|Hosting environment: Development 
2023-09-23 19:07:43.2785|0|INFO|Microsoft.Hosting.Lifetime|Content root path: C:\5Sem\LuxeLooks\LuxeLooks\LuxeLooks\LuxeLooks 
2023-09-23 19:07:43.2785|0|DEBUG|Microsoft.Extensions.Hosting.Internal.Host|Hosting started 
2023-09-23 19:07:43.3009|0|INFO|Microsoft.AspNetCore.Hosting.Diagnostics|Request starting HTTP/2 GET https://localhost:44387/ - - 
2023-09-23 19:07:43.3009|0|DEBUG|Microsoft.AspNetCore.HostFiltering.HostFilteringMiddleware|Wildcard detected, all requests with hosts will be allowed. 
2023-09-23 19:07:43.3009|0|TRACE|Microsoft.AspNetCore.HostFiltering.HostFilteringMiddleware|All hosts are allowed. 
2023-09-23 19:07:43.3252|0|DEBUG|Microsoft.AspNetCore.Routing.Matching.DfaMatcher|No candidates found for the request path '/' 
2023-09-23 19:07:43.3252|0|DEBUG|Microsoft.AspNetCore.Routing.EndpointRoutingMiddleware|Request did not match any endpoints 
2023-09-23 19:07:43.3672|0|DEBUG|Microsoft.AspNetCore.Authentication.JwtBearer.JwtBearerHandler|AuthenticationScheme: Bearer was not authenticated. 
2023-09-23 19:07:43.3672|0|DEBUG|Microsoft.AspNetCore.Server.IIS.Core.IISHttpServer|Connection ID "18302628916503773207" disconnecting. 
2023-09-23 19:07:43.3829|0|INFO|Microsoft.AspNetCore.Hosting.Diagnostics|Request finished HTTP/2 GET https://localhost:44387/ - - - 404 - - 84.0902ms 
2023-09-23 19:08:37.3140|0|INFO|Microsoft.AspNetCore.Hosting.Diagnostics|Request starting HTTP/1.1 POST https://localhost:44387/Account/Register application/json 89 
2023-09-23 19:08:37.3140|0|TRACE|Microsoft.AspNetCore.HostFiltering.HostFilteringMiddleware|All hosts are allowed. 
2023-09-23 19:08:37.3309|0|DEBUG|Microsoft.AspNetCore.Routing.Matching.DfaMatcher|1 candidate(s) found for the request path '/Account/Register' 
2023-09-23 19:08:37.3389|0|DEBUG|Microsoft.AspNetCore.Routing.Matching.DfaMatcher|Endpoint 'LuxeLooks.Controllers.Account.AccountController.Register (LuxeLooks)' with route pattern 'Account/Register' is valid for the request path '/Account/Register' 
2023-09-23 19:08:37.3389|0|DEBUG|Microsoft.AspNetCore.Routing.EndpointRoutingMiddleware|Request matched endpoint 'LuxeLooks.Controllers.Account.AccountController.Register (LuxeLooks)' 
2023-09-23 19:08:37.3389|0|DEBUG|Microsoft.AspNetCore.Authentication.JwtBearer.JwtBearerHandler|AuthenticationScheme: Bearer was not authenticated. 
2023-09-23 19:08:37.3389|0|INFO|Microsoft.AspNetCore.Routing.EndpointMiddleware|Executing endpoint 'LuxeLooks.Controllers.Account.AccountController.Register (LuxeLooks)' 
2023-09-23 19:08:37.4629|0|INFO|Microsoft.AspNetCore.Mvc.Infrastructure.ControllerActionInvoker|Route matched with {action = "Register", controller = "Account"}. Executing controller action with signature System.Threading.Tasks.Task`1[Microsoft.AspNetCore.Mvc.ActionResult`1[LuxeLooks.Domain.Models.Identity.AuthResponse]] Register(LuxeLooks.Domain.Models.Identity.RegisterRequest) on controller LuxeLooks.Controllers.Account.AccountController (LuxeLooks). 
2023-09-23 19:08:37.4629|0|DEBUG|Microsoft.AspNetCore.Mvc.Infrastructure.ControllerActionInvoker|Execution plan of authorization filters (in the following order): None 
2023-09-23 19:08:37.4629|0|DEBUG|Microsoft.AspNetCore.Mvc.Infrastructure.ControllerActionInvoker|Execution plan of resource filters (in the following order): None 
2023-09-23 19:08:37.4629|0|DEBUG|Microsoft.AspNetCore.Mvc.Infrastructure.ControllerActionInvoker|Execution plan of action filters (in the following order): Microsoft.AspNetCore.Mvc.ModelBinding.UnsupportedContentTypeFilter (Order: -3000), Microsoft.AspNetCore.Mvc.Infrastructure.ModelStateInvalidFilter (Order: -2000) 
2023-09-23 19:08:37.4629|0|DEBUG|Microsoft.AspNetCore.Mvc.Infrastructure.ControllerActionInvoker|Execution plan of exception filters (in the following order): None 
2023-09-23 19:08:37.4629|0|DEBUG|Microsoft.AspNetCore.Mvc.Infrastructure.ControllerActionInvoker|Execution plan of result filters (in the following order): Microsoft.AspNetCore.Mvc.Infrastructure.ClientErrorResultFilter (Order: -2000) 
2023-09-23 19:08:37.4629|0|DEBUG|Microsoft.AspNetCore.Mvc.Infrastructure.ControllerActionInvoker|Executing controller factory for controller LuxeLooks.Controllers.Account.AccountController (LuxeLooks) 
2023-09-23 19:08:38.9737|0|DEBUG|Microsoft.EntityFrameworkCore.Infrastructure|An 'IServiceProvider' was created for internal use by Entity Framework. 
2023-09-23 19:08:39.0459|0|DEBUG|Microsoft.AspNetCore.Mvc.Infrastructure.ControllerActionInvoker|Executed controller factory for controller LuxeLooks.Controllers.Account.AccountController (LuxeLooks) 
2023-09-23 19:08:39.0568|0|DEBUG|Microsoft.AspNetCore.Mvc.ModelBinding.ParameterBinder|Attempting to bind parameter 'request' of type 'LuxeLooks.Domain.Models.Identity.RegisterRequest' ... 
2023-09-23 19:08:39.0568|0|DEBUG|Microsoft.AspNetCore.Mvc.ModelBinding.Binders.BodyModelBinder|Attempting to bind parameter 'request' of type 'LuxeLooks.Domain.Models.Identity.RegisterRequest' using the name '' in request data ... 
2023-09-23 19:08:39.0568|0|DEBUG|Microsoft.AspNetCore.Mvc.ModelBinding.Binders.BodyModelBinder|Selected input formatter 'Microsoft.AspNetCore.Mvc.Formatters.SystemTextJsonInputFormatter' for content type 'application/json'. 
2023-09-23 19:08:39.1643|0|DEBUG|Microsoft.AspNetCore.Mvc.Formatters.SystemTextJsonInputFormatter|JSON input formatter succeeded, deserializing to type 'LuxeLooks.Domain.Models.Identity.RegisterRequest' 
2023-09-23 19:08:39.1643|0|DEBUG|Microsoft.AspNetCore.Mvc.ModelBinding.Binders.BodyModelBinder|Done attempting to bind parameter 'request' of type 'LuxeLooks.Domain.Models.Identity.RegisterRequest'. 
2023-09-23 19:08:39.1643|0|DEBUG|Microsoft.AspNetCore.Mvc.ModelBinding.ParameterBinder|Done attempting to bind parameter 'request' of type 'LuxeLooks.Domain.Models.Identity.RegisterRequest'. 
2023-09-23 19:08:39.1643|0|DEBUG|Microsoft.AspNetCore.Mvc.ModelBinding.ParameterBinder|Attempting to validate the bound parameter 'request' of type 'LuxeLooks.Domain.Models.Identity.RegisterRequest' ... 
2023-09-23 19:08:39.1905|0|DEBUG|Microsoft.AspNetCore.Mvc.ModelBinding.ParameterBinder|Done attempting to validate the bound parameter 'request' of type 'LuxeLooks.Domain.Models.Identity.RegisterRequest'. 
2023-09-23 19:08:39.1905|0|TRACE|Microsoft.AspNetCore.Mvc.Infrastructure.ControllerActionInvoker|Action Filter: Before executing OnActionExecuting on filter Microsoft.AspNetCore.Mvc.ModelBinding.UnsupportedContentTypeFilter. 
2023-09-23 19:08:39.1905|0|TRACE|Microsoft.AspNetCore.Mvc.Infrastructure.ControllerActionInvoker|Action Filter: After executing OnActionExecuting on filter Microsoft.AspNetCore.Mvc.ModelBinding.UnsupportedContentTypeFilter. 
2023-09-23 19:08:39.1905|0|TRACE|Microsoft.AspNetCore.Mvc.Infrastructure.ControllerActionInvoker|Action Filter: Before executing OnActionExecuting on filter Microsoft.AspNetCore.Mvc.Infrastructure.ModelStateInvalidFilter. 
2023-09-23 19:08:39.1905|0|TRACE|Microsoft.AspNetCore.Mvc.Infrastructure.ControllerActionInvoker|Action Filter: After executing OnActionExecuting on filter Microsoft.AspNetCore.Mvc.Infrastructure.ModelStateInvalidFilter. 
2023-09-23 19:08:39.2146|0|INFO|Microsoft.AspNetCore.Mvc.Infrastructure.ControllerActionInvoker|Executing action method LuxeLooks.Controllers.Account.AccountController.Register (LuxeLooks) - Validation state: Valid 
2023-09-23 19:08:39.2146|0|TRACE|Microsoft.AspNetCore.Mvc.Infrastructure.ControllerActionInvoker|Executing action method LuxeLooks.Controllers.Account.AccountController.Register (LuxeLooks) with arguments (LuxeLooks.Domain.Models.Identity.RegisterRequest) 
2023-09-23 19:08:43.9742|0|DEBUG|Microsoft.EntityFrameworkCore.Infrastructure|Entity Framework Core 7.0.11 initialized 'ApplicationDbContext' using provider 'Npgsql.EntityFrameworkCore.PostgreSQL:7.0.11+c25a0d7b68d66c6ab3849a3b4333964faea6adc9' with options: None 
2023-09-23 19:08:44.1073|0|DEBUG|Microsoft.EntityFrameworkCore.ChangeTracking|'"ApplicationDbContext"' generated a value for the property '"Id"."User"'. Consider using 'DbContextOptionsBuilder.EnableSensitiveDataLogging' to see key values. 
2023-09-23 19:08:44.2785|0|DEBUG|Microsoft.EntityFrameworkCore.ChangeTracking|Context 'ApplicationDbContext' started tracking 'User' entity. Consider using 'DbContextOptionsBuilder.EnableSensitiveDataLogging' to see key values. 
2023-09-23 19:08:44.2785|0|DEBUG|Microsoft.EntityFrameworkCore.Update|SaveChanges starting for 'ApplicationDbContext'. 
2023-09-23 19:08:44.3047|0|DEBUG|Microsoft.EntityFrameworkCore.ChangeTracking|DetectChanges starting for 'ApplicationDbContext'. 
2023-09-23 19:08:44.3467|0|DEBUG|Microsoft.EntityFrameworkCore.ChangeTracking|DetectChanges completed for 'ApplicationDbContext'. 
2023-09-23 19:08:44.5680|0|DEBUG|Microsoft.EntityFrameworkCore.Database.Connection|Creating DbConnection. 
2023-09-23 19:08:44.6835|0|DEBUG|Microsoft.EntityFrameworkCore.Database.Connection|Created DbConnection. (109ms). 
2023-09-23 19:08:44.6962|0|DEBUG|Microsoft.EntityFrameworkCore.Database.Connection|Opening connection to database 'LuxeLooks' on server ''. 
2023-09-23 19:08:45.2154|0|DEBUG|Microsoft.EntityFrameworkCore.Database.Connection|Opened connection to database 'LuxeLooks' on server 'tcp://localhost:5432'. 
2023-09-23 19:08:45.2655|0|DEBUG|Microsoft.EntityFrameworkCore.Database.Command|Creating DbCommand for 'ExecuteReader'. 
2023-09-23 19:08:45.2923|0|DEBUG|Microsoft.EntityFrameworkCore.Database.Command|Created DbCommand for 'ExecuteReader' (13ms). 
2023-09-23 19:08:45.3125|0|DEBUG|Microsoft.EntityFrameworkCore.Database.Command|Initialized DbCommand for 'ExecuteReader' (47ms). 
2023-09-23 19:08:45.3475|0|DEBUG|Microsoft.EntityFrameworkCore.Database.Command|Executing DbCommand [Parameters=[@p0='?' (DbType = Guid), @p1='?', @p2='?', @p3='?', @p4='?', @p5='?', @p6='?' (DbType = DateTime), @p7='?' (DbType = Guid), @p8='?'], CommandType='Text', CommandTimeout='30']
INSERT INTO "Users" ("Id", "Email", "NormalizedUserName", "PasswordHash", "PasswordSalt", "RefreshToken", "RefreshTokenExpiryTime", "RoleId", "UserName")
VALUES (@p0, @p1, @p2, @p3, @p4, @p5, @p6, @p7, @p8); 
2023-09-23 19:08:45.5122|0|INFO|Microsoft.EntityFrameworkCore.Database.Command|Executed DbCommand (179ms) [Parameters=[@p0='?' (DbType = Guid), @p1='?', @p2='?', @p3='?', @p4='?', @p5='?', @p6='?' (DbType = DateTime), @p7='?' (DbType = Guid), @p8='?'], CommandType='Text', CommandTimeout='30']
INSERT INTO "Users" ("Id", "Email", "NormalizedUserName", "PasswordHash", "PasswordSalt", "RefreshToken", "RefreshTokenExpiryTime", "RoleId", "UserName")
VALUES (@p0, @p1, @p2, @p3, @p4, @p5, @p6, @p7, @p8); 
2023-09-23 19:08:45.5413|0|DEBUG|Microsoft.EntityFrameworkCore.Database.Command|Closing data reader to 'LuxeLooks' on server 'tcp://localhost:5432'. 
2023-09-23 19:08:45.5728|0|DEBUG|Microsoft.EntityFrameworkCore.Database.Command|A data reader for 'LuxeLooks' on server 'tcp://localhost:5432' is being disposed after spending 34ms reading results. 
2023-09-23 19:08:45.5952|0|DEBUG|Microsoft.EntityFrameworkCore.Database.Connection|Closing connection to database 'LuxeLooks' on server 'tcp://localhost:5432'. 
2023-09-23 19:08:45.6150|0|DEBUG|Microsoft.EntityFrameworkCore.Database.Connection|Closed connection to database 'LuxeLooks' on server '' (19ms). 
2023-09-23 19:08:45.6522|0|DEBUG|Microsoft.EntityFrameworkCore.ChangeTracking|An entity of type 'User' tracked by 'ApplicationDbContext' changed state from 'Added' to 'Unchanged'. Consider using 'DbContextOptionsBuilder.EnableSensitiveDataLogging' to see key values. 
2023-09-23 19:08:45.6522|0|DEBUG|Microsoft.EntityFrameworkCore.Update|SaveChanges completed for 'ApplicationDbContext' with 1 entities written to the database. 
2023-09-23 19:08:45.7729|0|DEBUG|Microsoft.EntityFrameworkCore.Query|Compiling query expression: 
'DbSet<User>()' 
2023-09-23 19:08:46.3622|0|DEBUG|Microsoft.EntityFrameworkCore.Query|Generated query execution expression: 
'queryContext => new SingleQueryingEnumerable<User>(
    (RelationalQueryContext)queryContext, 
    RelationalCommandCache.QueryExpression(
        Projection Mapping:
            EmptyProjectionMember -> Dictionary<IProperty, int> { [Property: User.Id (Guid) Required PK AfterSave:Throw ValueGenerated.OnAdd, 0], [Property: User.Email (string) Required, 1], [Property: User.NormalizedUserName (string) Required, 2], [Property: User.PasswordHash (string) Required, 3], [Property: User.PasswordSalt (string) Required, 4], [Property: User.RefreshToken (string), 5], [Property: User.RefreshTokenExpiryTime (DateTime) Required, 6], [Property: User.RoleId (Guid) Required, 7], [Property: User.UserName (string) Required, 8] }
        SELECT u.Id, u.Email, u.NormalizedUserName, u.PasswordHash, u.PasswordSalt, u.RefreshToken, u.RefreshTokenExpiryTime, u.RoleId, u.UserName
        FROM Users AS u), 
    null, 
    Func<QueryContext, DbDataReader, ResultContext, SingleQueryResultCoordinator, User>, 
    LuxeLooks.DataManagment.ApplicationDbContext, 
    False, 
    False, 
    True
)' 
2023-09-23 19:08:46.4621|0|DEBUG|Microsoft.EntityFrameworkCore.Database.Command|Creating DbCommand for 'ExecuteReader'. 
2023-09-23 19:08:46.4621|0|DEBUG|Microsoft.EntityFrameworkCore.Database.Command|Created DbCommand for 'ExecuteReader' (0ms). 
2023-09-23 19:08:46.4621|0|DEBUG|Microsoft.EntityFrameworkCore.Database.Command|Initialized DbCommand for 'ExecuteReader' (0ms). 
2023-09-23 19:08:46.4621|0|DEBUG|Microsoft.EntityFrameworkCore.Database.Connection|Opening connection to database 'LuxeLooks' on server ''. 
2023-09-23 19:08:46.4621|0|DEBUG|Microsoft.EntityFrameworkCore.Database.Connection|Opened connection to database 'LuxeLooks' on server 'tcp://localhost:5432'. 
2023-09-23 19:08:46.4621|0|DEBUG|Microsoft.EntityFrameworkCore.Database.Command|Executing DbCommand [Parameters=[], CommandType='Text', CommandTimeout='30']
SELECT u."Id", u."Email", u."NormalizedUserName", u."PasswordHash", u."PasswordSalt", u."RefreshToken", u."RefreshTokenExpiryTime", u."RoleId", u."UserName"
FROM "Users" AS u 
2023-09-23 19:08:46.5012|0|INFO|Microsoft.EntityFrameworkCore.Database.Command|Executed DbCommand (36ms) [Parameters=[], CommandType='Text', CommandTimeout='30']
SELECT u."Id", u."Email", u."NormalizedUserName", u."PasswordHash", u."PasswordSalt", u."RefreshToken", u."RefreshTokenExpiryTime", u."RoleId", u."UserName"
FROM "Users" AS u 
2023-09-23 19:08:46.5363|0|DEBUG|Microsoft.EntityFrameworkCore.Database.Command|Closing data reader to 'LuxeLooks' on server 'tcp://localhost:5432'. 
2023-09-23 19:08:46.5412|0|DEBUG|Microsoft.EntityFrameworkCore.Database.Command|A data reader for 'LuxeLooks' on server 'tcp://localhost:5432' is being disposed after spending 39ms reading results. 
2023-09-23 19:08:46.5412|0|DEBUG|Microsoft.EntityFrameworkCore.Database.Connection|Closing connection to database 'LuxeLooks' on server 'tcp://localhost:5432'. 
2023-09-23 19:08:46.5412|0|DEBUG|Microsoft.EntityFrameworkCore.Database.Connection|Closed connection to database 'LuxeLooks' on server '' (0ms). 
2023-09-23 19:08:46.5412|0|DEBUG|Microsoft.EntityFrameworkCore.Database.Command|Creating DbCommand for 'ExecuteReader'. 
2023-09-23 19:08:46.5412|0|DEBUG|Microsoft.EntityFrameworkCore.Database.Command|Created DbCommand for 'ExecuteReader' (0ms). 
2023-09-23 19:08:46.5565|0|DEBUG|Microsoft.EntityFrameworkCore.Database.Command|Initialized DbCommand for 'ExecuteReader' (0ms). 
2023-09-23 19:08:46.5565|0|DEBUG|Microsoft.EntityFrameworkCore.Database.Connection|Opening connection to database 'LuxeLooks' on server ''. 
2023-09-23 19:08:46.5565|0|DEBUG|Microsoft.EntityFrameworkCore.Database.Connection|Opened connection to database 'LuxeLooks' on server 'tcp://localhost:5432'. 
2023-09-23 19:08:46.5565|0|DEBUG|Microsoft.EntityFrameworkCore.Database.Command|Executing DbCommand [Parameters=[], CommandType='Text', CommandTimeout='30']
SELECT u."Id", u."Email", u."NormalizedUserName", u."PasswordHash", u."PasswordSalt", u."RefreshToken", u."RefreshTokenExpiryTime", u."RoleId", u."UserName"
FROM "Users" AS u 
2023-09-23 19:08:46.5565|0|INFO|Microsoft.EntityFrameworkCore.Database.Command|Executed DbCommand (2ms) [Parameters=[], CommandType='Text', CommandTimeout='30']
SELECT u."Id", u."Email", u."NormalizedUserName", u."PasswordHash", u."PasswordSalt", u."RefreshToken", u."RefreshTokenExpiryTime", u."RoleId", u."UserName"
FROM "Users" AS u 
2023-09-23 19:08:46.5565|0|DEBUG|Microsoft.EntityFrameworkCore.Database.Command|Closing data reader to 'LuxeLooks' on server 'tcp://localhost:5432'. 
2023-09-23 19:08:46.5565|0|DEBUG|Microsoft.EntityFrameworkCore.Database.Command|A data reader for 'LuxeLooks' on server 'tcp://localhost:5432' is being disposed after spending 1ms reading results. 
2023-09-23 19:08:46.5565|0|DEBUG|Microsoft.EntityFrameworkCore.Database.Connection|Closing connection to database 'LuxeLooks' on server 'tcp://localhost:5432'. 
2023-09-23 19:08:46.5565|0|DEBUG|Microsoft.EntityFrameworkCore.Database.Connection|Closed connection to database 'LuxeLooks' on server '' (0ms). 
2023-09-23 19:08:46.5565|0|DEBUG|Microsoft.EntityFrameworkCore.Database.Command|Creating DbCommand for 'ExecuteReader'. 
2023-09-23 19:08:46.5565|0|DEBUG|Microsoft.EntityFrameworkCore.Database.Command|Created DbCommand for 'ExecuteReader' (0ms). 
2023-09-23 19:08:46.5565|0|DEBUG|Microsoft.EntityFrameworkCore.Database.Command|Initialized DbCommand for 'ExecuteReader' (0ms). 
2023-09-23 19:08:46.5565|0|DEBUG|Microsoft.EntityFrameworkCore.Database.Connection|Opening connection to database 'LuxeLooks' on server ''. 
2023-09-23 19:08:46.5565|0|DEBUG|Microsoft.EntityFrameworkCore.Database.Connection|Opened connection to database 'LuxeLooks' on server 'tcp://localhost:5432'. 
2023-09-23 19:08:46.5565|0|DEBUG|Microsoft.EntityFrameworkCore.Database.Command|Executing DbCommand [Parameters=[], CommandType='Text', CommandTimeout='30']
SELECT u."Id", u."Email", u."NormalizedUserName", u."PasswordHash", u."PasswordSalt", u."RefreshToken", u."RefreshTokenExpiryTime", u."RoleId", u."UserName"
FROM "Users" AS u 
2023-09-23 19:08:46.5565|0|INFO|Microsoft.EntityFrameworkCore.Database.Command|Executed DbCommand (1ms) [Parameters=[], CommandType='Text', CommandTimeout='30']
SELECT u."Id", u."Email", u."NormalizedUserName", u."PasswordHash", u."PasswordSalt", u."RefreshToken", u."RefreshTokenExpiryTime", u."RoleId", u."UserName"
FROM "Users" AS u 
2023-09-23 19:08:46.5565|0|DEBUG|Microsoft.EntityFrameworkCore.Database.Command|Closing data reader to 'LuxeLooks' on server 'tcp://localhost:5432'. 
2023-09-23 19:08:46.5565|0|DEBUG|Microsoft.EntityFrameworkCore.Database.Command|A data reader for 'LuxeLooks' on server 'tcp://localhost:5432' is being disposed after spending 0ms reading results. 
2023-09-23 19:08:46.5565|0|DEBUG|Microsoft.EntityFrameworkCore.Database.Connection|Closing connection to database 'LuxeLooks' on server 'tcp://localhost:5432'. 
2023-09-23 19:08:46.5565|0|DEBUG|Microsoft.EntityFrameworkCore.Database.Connection|Closed connection to database 'LuxeLooks' on server '' (0ms). 
2023-09-23 19:08:47.6716|0|DEBUG|Microsoft.EntityFrameworkCore.Database.Command|Creating DbCommand for 'ExecuteReader'. 
2023-09-23 19:08:47.6716|0|DEBUG|Microsoft.EntityFrameworkCore.Database.Command|Created DbCommand for 'ExecuteReader' (0ms). 
2023-09-23 19:08:47.6716|0|DEBUG|Microsoft.EntityFrameworkCore.Database.Command|Initialized DbCommand for 'ExecuteReader' (0ms). 
2023-09-23 19:08:47.6716|0|DEBUG|Microsoft.EntityFrameworkCore.Database.Connection|Opening connection to database 'LuxeLooks' on server ''. 
2023-09-23 19:08:47.6716|0|DEBUG|Microsoft.EntityFrameworkCore.Database.Connection|Opened connection to database 'LuxeLooks' on server 'tcp://localhost:5432'. 
2023-09-23 19:08:47.6716|0|DEBUG|Microsoft.EntityFrameworkCore.Database.Command|Executing DbCommand [Parameters=[], CommandType='Text', CommandTimeout='30']
SELECT u."Id", u."Email", u."NormalizedUserName", u."PasswordHash", u."PasswordSalt", u."RefreshToken", u."RefreshTokenExpiryTime", u."RoleId", u."UserName"
FROM "Users" AS u 
2023-09-23 19:08:47.6716|0|INFO|Microsoft.EntityFrameworkCore.Database.Command|Executed DbCommand (1ms) [Parameters=[], CommandType='Text', CommandTimeout='30']
SELECT u."Id", u."Email", u."NormalizedUserName", u."PasswordHash", u."PasswordSalt", u."RefreshToken", u."RefreshTokenExpiryTime", u."RoleId", u."UserName"
FROM "Users" AS u 
2023-09-23 19:08:47.6716|0|DEBUG|Microsoft.EntityFrameworkCore.Database.Command|Closing data reader to 'LuxeLooks' on server 'tcp://localhost:5432'. 
2023-09-23 19:08:47.6716|0|DEBUG|Microsoft.EntityFrameworkCore.Database.Command|A data reader for 'LuxeLooks' on server 'tcp://localhost:5432' is being disposed after spending 0ms reading results. 
2023-09-23 19:08:47.6716|0|DEBUG|Microsoft.EntityFrameworkCore.Database.Connection|Closing connection to database 'LuxeLooks' on server 'tcp://localhost:5432'. 
2023-09-23 19:08:47.6716|0|DEBUG|Microsoft.EntityFrameworkCore.Database.Connection|Closed connection to database 'LuxeLooks' on server '' (0ms). 
2023-09-23 19:08:47.6878|0|DEBUG|Microsoft.EntityFrameworkCore.Query|Compiling query expression: 
'DbSet<Role>()' 
2023-09-23 19:08:47.7005|0|DEBUG|Microsoft.EntityFrameworkCore.Query|Generated query execution expression: 
'queryContext => new SingleQueryingEnumerable<Role>(
    (RelationalQueryContext)queryContext, 
    RelationalCommandCache.QueryExpression(
        Projection Mapping:
            EmptyProjectionMember -> Dictionary<IProperty, int> { [Property: Role.Id (Guid) Required PK AfterSave:Throw ValueGenerated.OnAdd, 0], [Property: Role.NormalizedRoleName (string) Required, 1], [Property: Role.RoleName (string) Required, 2] }
        SELECT r.Id, r.NormalizedRoleName, r.RoleName
        FROM Roles AS r), 
    null, 
    Func<QueryContext, DbDataReader, ResultContext, SingleQueryResultCoordinator, Role>, 
    LuxeLooks.DataManagment.ApplicationDbContext, 
    False, 
    False, 
    True
)' 
2023-09-23 19:08:47.7005|0|DEBUG|Microsoft.EntityFrameworkCore.Database.Command|Creating DbCommand for 'ExecuteReader'. 
2023-09-23 19:08:47.7005|0|DEBUG|Microsoft.EntityFrameworkCore.Database.Command|Created DbCommand for 'ExecuteReader' (0ms). 
2023-09-23 19:08:47.7005|0|DEBUG|Microsoft.EntityFrameworkCore.Database.Command|Initialized DbCommand for 'ExecuteReader' (0ms). 
2023-09-23 19:08:47.7005|0|DEBUG|Microsoft.EntityFrameworkCore.Database.Connection|Opening connection to database 'LuxeLooks' on server ''. 
2023-09-23 19:08:47.7005|0|DEBUG|Microsoft.EntityFrameworkCore.Database.Connection|Opened connection to database 'LuxeLooks' on server 'tcp://localhost:5432'. 
2023-09-23 19:08:47.7005|0|DEBUG|Microsoft.EntityFrameworkCore.Database.Command|Executing DbCommand [Parameters=[], CommandType='Text', CommandTimeout='30']
SELECT r."Id", r."NormalizedRoleName", r."RoleName"
FROM "Roles" AS r 
2023-09-23 19:08:47.7005|0|INFO|Microsoft.EntityFrameworkCore.Database.Command|Executed DbCommand (4ms) [Parameters=[], CommandType='Text', CommandTimeout='30']
SELECT r."Id", r."NormalizedRoleName", r."RoleName"
FROM "Roles" AS r 
2023-09-23 19:08:47.7301|0|DEBUG|Microsoft.EntityFrameworkCore.ChangeTracking|Context 'ApplicationDbContext' started tracking 'Role' entity. Consider using 'DbContextOptionsBuilder.EnableSensitiveDataLogging' to see key values. 
2023-09-23 19:08:47.7301|0|DEBUG|Microsoft.EntityFrameworkCore.ChangeTracking|Context 'ApplicationDbContext' started tracking 'Role' entity. Consider using 'DbContextOptionsBuilder.EnableSensitiveDataLogging' to see key values. 
2023-09-23 19:08:47.7461|0|DEBUG|Microsoft.EntityFrameworkCore.Database.Command|Closing data reader to 'LuxeLooks' on server 'tcp://localhost:5432'. 
2023-09-23 19:08:47.7461|0|DEBUG|Microsoft.EntityFrameworkCore.Database.Command|A data reader for 'LuxeLooks' on server 'tcp://localhost:5432' is being disposed after spending 38ms reading results. 
2023-09-23 19:08:47.7461|0|DEBUG|Microsoft.EntityFrameworkCore.Database.Connection|Closing connection to database 'LuxeLooks' on server 'tcp://localhost:5432'. 
2023-09-23 19:08:47.7461|0|DEBUG|Microsoft.EntityFrameworkCore.Database.Connection|Closed connection to database 'LuxeLooks' on server '' (0ms). 
2023-09-23 19:08:47.7461|0|INFO|LuxeLooks.Service.Services.RoleService|Successfully get role with id: 44546e06-8719-4ad8-b88a-f271ae9d6eab 
2023-09-23 19:08:48.1276|0|DEBUG|Microsoft.EntityFrameworkCore.Database.Command|Creating DbCommand for 'ExecuteReader'. 
2023-09-23 19:08:48.1276|0|DEBUG|Microsoft.EntityFrameworkCore.Database.Command|Created DbCommand for 'ExecuteReader' (0ms). 
2023-09-23 19:08:48.1276|0|DEBUG|Microsoft.EntityFrameworkCore.Database.Command|Initialized DbCommand for 'ExecuteReader' (0ms). 
2023-09-23 19:08:48.1276|0|DEBUG|Microsoft.EntityFrameworkCore.Database.Connection|Opening connection to database 'LuxeLooks' on server ''. 
2023-09-23 19:08:48.1276|0|DEBUG|Microsoft.EntityFrameworkCore.Database.Connection|Opened connection to database 'LuxeLooks' on server 'tcp://localhost:5432'. 
2023-09-23 19:08:48.1276|0|DEBUG|Microsoft.EntityFrameworkCore.Database.Command|Executing DbCommand [Parameters=[], CommandType='Text', CommandTimeout='30']
SELECT u."Id", u."Email", u."NormalizedUserName", u."PasswordHash", u."PasswordSalt", u."RefreshToken", u."RefreshTokenExpiryTime", u."RoleId", u."UserName"
FROM "Users" AS u 
2023-09-23 19:08:48.1276|0|INFO|Microsoft.EntityFrameworkCore.Database.Command|Executed DbCommand (2ms) [Parameters=[], CommandType='Text', CommandTimeout='30']
SELECT u."Id", u."Email", u."NormalizedUserName", u."PasswordHash", u."PasswordSalt", u."RefreshToken", u."RefreshTokenExpiryTime", u."RoleId", u."UserName"
FROM "Users" AS u 
2023-09-23 19:08:48.1276|0|DEBUG|Microsoft.EntityFrameworkCore.Database.Command|Closing data reader to 'LuxeLooks' on server 'tcp://localhost:5432'. 
2023-09-23 19:08:48.1276|0|DEBUG|Microsoft.EntityFrameworkCore.Database.Command|A data reader for 'LuxeLooks' on server 'tcp://localhost:5432' is being disposed after spending 0ms reading results. 
2023-09-23 19:08:48.1276|0|DEBUG|Microsoft.EntityFrameworkCore.Database.Connection|Closing connection to database 'LuxeLooks' on server 'tcp://localhost:5432'. 
2023-09-23 19:08:48.1276|0|DEBUG|Microsoft.EntityFrameworkCore.Database.Connection|Closed connection to database 'LuxeLooks' on server '' (0ms). 
2023-09-23 19:08:48.1276|0|DEBUG|Microsoft.EntityFrameworkCore.ChangeTracking|An entity of type 'User' tracked by 'ApplicationDbContext' changed state from 'Unchanged' to 'Modified'. Consider using 'DbContextOptionsBuilder.EnableSensitiveDataLogging' to see key values. 
2023-09-23 19:08:48.1276|0|DEBUG|Microsoft.EntityFrameworkCore.Update|SaveChanges starting for 'ApplicationDbContext'. 
2023-09-23 19:08:48.1276|0|DEBUG|Microsoft.EntityFrameworkCore.ChangeTracking|DetectChanges starting for 'ApplicationDbContext'. 
2023-09-23 19:08:48.1484|0|DEBUG|Microsoft.EntityFrameworkCore.ChangeTracking|DetectChanges completed for 'ApplicationDbContext'. 
2023-09-23 19:08:48.1632|0|DEBUG|Microsoft.EntityFrameworkCore.Database.Connection|Opening connection to database 'LuxeLooks' on server ''. 
2023-09-23 19:08:48.1632|0|DEBUG|Microsoft.EntityFrameworkCore.Database.Connection|Opened connection to database 'LuxeLooks' on server 'tcp://localhost:5432'. 
2023-09-23 19:08:48.1632|0|DEBUG|Microsoft.EntityFrameworkCore.Database.Command|Creating DbCommand for 'ExecuteReader'. 
2023-09-23 19:08:48.1632|0|DEBUG|Microsoft.EntityFrameworkCore.Database.Command|Created DbCommand for 'ExecuteReader' (0ms). 
2023-09-23 19:08:48.1632|0|DEBUG|Microsoft.EntityFrameworkCore.Database.Command|Initialized DbCommand for 'ExecuteReader' (0ms). 
2023-09-23 19:08:48.1632|0|DEBUG|Microsoft.EntityFrameworkCore.Database.Command|Executing DbCommand [Parameters=[@p8='?' (DbType = Guid), @p0='?', @p1='?', @p2='?', @p3='?', @p4='?', @p5='?' (DbType = DateTime), @p6='?' (DbType = Guid), @p7='?'], CommandType='Text', CommandTimeout='30']
UPDATE "Users" SET "Email" = @p0, "NormalizedUserName" = @p1, "PasswordHash" = @p2, "PasswordSalt" = @p3, "RefreshToken" = @p4, "RefreshTokenExpiryTime" = @p5, "RoleId" = @p6, "UserName" = @p7
WHERE "Id" = @p8; 
2023-09-23 19:08:48.1709|0|INFO|Microsoft.EntityFrameworkCore.Database.Command|Executed DbCommand (7ms) [Parameters=[@p8='?' (DbType = Guid), @p0='?', @p1='?', @p2='?', @p3='?', @p4='?', @p5='?' (DbType = DateTime), @p6='?' (DbType = Guid), @p7='?'], CommandType='Text', CommandTimeout='30']
UPDATE "Users" SET "Email" = @p0, "NormalizedUserName" = @p1, "PasswordHash" = @p2, "PasswordSalt" = @p3, "RefreshToken" = @p4, "RefreshTokenExpiryTime" = @p5, "RoleId" = @p6, "UserName" = @p7
WHERE "Id" = @p8; 
2023-09-23 19:08:48.1709|0|DEBUG|Microsoft.EntityFrameworkCore.Database.Command|Closing data reader to 'LuxeLooks' on server 'tcp://localhost:5432'. 
2023-09-23 19:08:48.1709|0|DEBUG|Microsoft.EntityFrameworkCore.Database.Command|A data reader for 'LuxeLooks' on server 'tcp://localhost:5432' is being disposed after spending 2ms reading results. 
2023-09-23 19:08:48.1709|0|DEBUG|Microsoft.EntityFrameworkCore.Database.Connection|Closing connection to database 'LuxeLooks' on server 'tcp://localhost:5432'. 
2023-09-23 19:08:48.1709|0|DEBUG|Microsoft.EntityFrameworkCore.Database.Connection|Closed connection to database 'LuxeLooks' on server '' (0ms). 
2023-09-23 19:08:48.1709|0|DEBUG|Microsoft.EntityFrameworkCore.ChangeTracking|An entity of type 'User' tracked by 'ApplicationDbContext' changed state from 'Modified' to 'Unchanged'. Consider using 'DbContextOptionsBuilder.EnableSensitiveDataLogging' to see key values. 
2023-09-23 19:08:48.1709|0|DEBUG|Microsoft.EntityFrameworkCore.Update|SaveChanges completed for 'ApplicationDbContext' with 1 entities written to the database. 
2023-09-23 19:08:48.1968|0|INFO|Microsoft.AspNetCore.Mvc.Infrastructure.ControllerActionInvoker|Executed action method LuxeLooks.Controllers.Account.AccountController.Register (LuxeLooks), returned result Microsoft.AspNetCore.Mvc.OkObjectResult in 8969.0548ms. 
2023-09-23 19:08:48.1968|0|TRACE|Microsoft.AspNetCore.Mvc.Infrastructure.ControllerActionInvoker|Action Filter: Before executing OnActionExecuted on filter Microsoft.AspNetCore.Mvc.Infrastructure.ModelStateInvalidFilter. 
2023-09-23 19:08:48.1968|0|TRACE|Microsoft.AspNetCore.Mvc.Infrastructure.ControllerActionInvoker|Action Filter: After executing OnActionExecuted on filter Microsoft.AspNetCore.Mvc.Infrastructure.ModelStateInvalidFilter. 
2023-09-23 19:08:48.2044|0|TRACE|Microsoft.AspNetCore.Mvc.Infrastructure.ControllerActionInvoker|Action Filter: Before executing OnActionExecuted on filter Microsoft.AspNetCore.Mvc.ModelBinding.UnsupportedContentTypeFilter. 
2023-09-23 19:08:48.2044|0|TRACE|Microsoft.AspNetCore.Mvc.Infrastructure.ControllerActionInvoker|Action Filter: After executing OnActionExecuted on filter Microsoft.AspNetCore.Mvc.ModelBinding.UnsupportedContentTypeFilter. 
2023-09-23 19:08:48.2044|0|TRACE|Microsoft.AspNetCore.Mvc.Infrastructure.ControllerActionInvoker|Result Filter: Before executing OnResultExecuting on filter Microsoft.AspNetCore.Mvc.Infrastructure.ClientErrorResultFilter. 
2023-09-23 19:08:48.2044|0|TRACE|Microsoft.AspNetCore.Mvc.Infrastructure.ControllerActionInvoker|Result Filter: After executing OnResultExecuting on filter Microsoft.AspNetCore.Mvc.Infrastructure.ClientErrorResultFilter. 
2023-09-23 19:08:48.2122|0|TRACE|Microsoft.AspNetCore.Mvc.Infrastructure.ControllerActionInvoker|Before executing action result Microsoft.AspNetCore.Mvc.OkObjectResult. 
2023-09-23 19:08:48.2122|0|DEBUG|Microsoft.AspNetCore.Mvc.Infrastructure.DefaultOutputFormatterSelector|List of registered output formatters, in the following order: Microsoft.AspNetCore.Mvc.Formatters.HttpNoContentOutputFormatter, Microsoft.AspNetCore.Mvc.Formatters.StringOutputFormatter, Microsoft.AspNetCore.Mvc.Formatters.StreamOutputFormatter, Microsoft.AspNetCore.Mvc.Formatters.SystemTextJsonOutputFormatter 
2023-09-23 19:08:48.2122|0|DEBUG|Microsoft.AspNetCore.Mvc.Infrastructure.DefaultOutputFormatterSelector|No information found on request to perform content negotiation. 
2023-09-23 19:08:48.2122|0|DEBUG|Microsoft.AspNetCore.Mvc.Infrastructure.DefaultOutputFormatterSelector|Attempting to select an output formatter without using a content type as no explicit content types were specified for the response. 
2023-09-23 19:08:48.2122|0|DEBUG|Microsoft.AspNetCore.Mvc.Infrastructure.DefaultOutputFormatterSelector|Attempting to select the first formatter in the output formatters list which can write the result. 
2023-09-23 19:08:48.2276|0|DEBUG|Microsoft.AspNetCore.Mvc.Infrastructure.DefaultOutputFormatterSelector|Selected output formatter 'Microsoft.AspNetCore.Mvc.Formatters.SystemTextJsonOutputFormatter' and content type 'application/json' to write the response. 
2023-09-23 19:08:48.2276|0|INFO|Microsoft.AspNetCore.Mvc.Infrastructure.ObjectResultExecutor|Executing OkObjectResult, writing value of type 'LuxeLooks.Domain.Models.Identity.AuthResponse'. 
2023-09-23 19:08:48.2810|0|TRACE|Microsoft.AspNetCore.Mvc.Infrastructure.ControllerActionInvoker|After executing action result Microsoft.AspNetCore.Mvc.OkObjectResult. 
2023-09-23 19:08:48.2810|0|TRACE|Microsoft.AspNetCore.Mvc.Infrastructure.ControllerActionInvoker|Result Filter: Before executing OnResultExecuted on filter Microsoft.AspNetCore.Mvc.Infrastructure.ClientErrorResultFilter. 
2023-09-23 19:08:48.2810|0|TRACE|Microsoft.AspNetCore.Mvc.Infrastructure.ControllerActionInvoker|Result Filter: After executing OnResultExecuted on filter Microsoft.AspNetCore.Mvc.Infrastructure.ClientErrorResultFilter. 
2023-09-23 19:08:48.3002|0|INFO|Microsoft.AspNetCore.Mvc.Infrastructure.ControllerActionInvoker|Executed action LuxeLooks.Controllers.Account.AccountController.Register (LuxeLooks) in 10816.4469ms 
2023-09-23 19:08:48.3002|0|INFO|Microsoft.AspNetCore.Routing.EndpointMiddleware|Executed endpoint 'LuxeLooks.Controllers.Account.AccountController.Register (LuxeLooks)' 
2023-09-23 19:08:48.3215|0|DEBUG|Microsoft.EntityFrameworkCore.Infrastructure|'ApplicationDbContext' disposed. 
2023-09-23 19:08:48.3349|0|DEBUG|Microsoft.EntityFrameworkCore.Database.Connection|Disposing connection to database 'LuxeLooks' on server ''. 
2023-09-23 19:08:48.3415|0|DEBUG|Microsoft.EntityFrameworkCore.Database.Connection|Disposed connection to database 'LuxeLooks' on server '' (6ms). 
2023-09-23 19:08:48.3415|0|INFO|Microsoft.AspNetCore.Hosting.Diagnostics|Request finished HTTP/1.1 POST https://localhost:44387/Account/Register application/json 89 - 200 - application/json;+charset=utf-8 11029.8655ms 
2023-09-23 19:09:28.0265|0|INFO|Microsoft.AspNetCore.Hosting.Diagnostics|Request starting HTTP/1.1 POST https://localhost:44387/Account/Refresh-Token application/json 877 
2023-09-23 19:09:28.0265|0|TRACE|Microsoft.AspNetCore.HostFiltering.HostFilteringMiddleware|All hosts are allowed. 
2023-09-23 19:09:28.0327|0|DEBUG|Microsoft.AspNetCore.Routing.Matching.DfaMatcher|1 candidate(s) found for the request path '/Account/Refresh-Token' 
2023-09-23 19:09:28.0327|0|DEBUG|Microsoft.AspNetCore.Routing.Matching.DfaMatcher|Endpoint 'LuxeLooks.Controllers.Account.AccountController.RefreshToken (LuxeLooks)' with route pattern 'Account/Refresh-Token' is valid for the request path '/Account/Refresh-Token' 
2023-09-23 19:09:28.0327|0|DEBUG|Microsoft.AspNetCore.Routing.EndpointRoutingMiddleware|Request matched endpoint 'LuxeLooks.Controllers.Account.AccountController.RefreshToken (LuxeLooks)' 
2023-09-23 19:09:28.0327|0|DEBUG|Microsoft.AspNetCore.Authentication.JwtBearer.JwtBearerHandler|AuthenticationScheme: Bearer was not authenticated. 
2023-09-23 19:09:28.0327|0|INFO|Microsoft.AspNetCore.Routing.EndpointMiddleware|Executing endpoint 'LuxeLooks.Controllers.Account.AccountController.RefreshToken (LuxeLooks)' 
2023-09-23 19:09:28.0327|0|INFO|Microsoft.AspNetCore.Mvc.Infrastructure.ControllerActionInvoker|Route matched with {action = "RefreshToken", controller = "Account"}. Executing controller action with signature System.Threading.Tasks.Task`1[Microsoft.AspNetCore.Mvc.IActionResult] RefreshToken(LuxeLooks.Domain.Models.Identity.TokenModel) on controller LuxeLooks.Controllers.Account.AccountController (LuxeLooks). 
2023-09-23 19:09:28.0327|0|DEBUG|Microsoft.AspNetCore.Mvc.Infrastructure.ControllerActionInvoker|Execution plan of authorization filters (in the following order): None 
2023-09-23 19:09:28.0327|0|DEBUG|Microsoft.AspNetCore.Mvc.Infrastructure.ControllerActionInvoker|Execution plan of resource filters (in the following order): None 
2023-09-23 19:09:28.0327|0|DEBUG|Microsoft.AspNetCore.Mvc.Infrastructure.ControllerActionInvoker|Execution plan of action filters (in the following order): Microsoft.AspNetCore.Mvc.ModelBinding.UnsupportedContentTypeFilter (Order: -3000), Microsoft.AspNetCore.Mvc.Infrastructure.ModelStateInvalidFilter (Order: -2000) 
2023-09-23 19:09:28.0327|0|DEBUG|Microsoft.AspNetCore.Mvc.Infrastructure.ControllerActionInvoker|Execution plan of exception filters (in the following order): None 
2023-09-23 19:09:28.0327|0|DEBUG|Microsoft.AspNetCore.Mvc.Infrastructure.ControllerActionInvoker|Execution plan of result filters (in the following order): Microsoft.AspNetCore.Mvc.Infrastructure.ClientErrorResultFilter (Order: -2000) 
2023-09-23 19:09:28.0327|0|DEBUG|Microsoft.AspNetCore.Mvc.Infrastructure.ControllerActionInvoker|Executing controller factory for controller LuxeLooks.Controllers.Account.AccountController (LuxeLooks) 
2023-09-23 19:09:28.0327|0|DEBUG|Microsoft.AspNetCore.Mvc.Infrastructure.ControllerActionInvoker|Executed controller factory for controller LuxeLooks.Controllers.Account.AccountController (LuxeLooks) 
2023-09-23 19:09:28.0327|0|DEBUG|Microsoft.AspNetCore.Mvc.ModelBinding.ParameterBinder|Attempting to bind parameter 'tokenModel' of type 'LuxeLooks.Domain.Models.Identity.TokenModel' ... 
2023-09-23 19:09:28.0327|0|DEBUG|Microsoft.AspNetCore.Mvc.ModelBinding.Binders.BodyModelBinder|Attempting to bind parameter 'tokenModel' of type 'LuxeLooks.Domain.Models.Identity.TokenModel' using the name '' in request data ... 
2023-09-23 19:09:28.0455|0|DEBUG|Microsoft.AspNetCore.Mvc.ModelBinding.Binders.BodyModelBinder|Selected input formatter 'Microsoft.AspNetCore.Mvc.Formatters.SystemTextJsonInputFormatter' for content type 'application/json'. 
2023-09-23 19:09:28.0455|0|DEBUG|Microsoft.AspNetCore.Mvc.Formatters.SystemTextJsonInputFormatter|JSON input formatter succeeded, deserializing to type 'LuxeLooks.Domain.Models.Identity.TokenModel' 
2023-09-23 19:09:28.0455|0|DEBUG|Microsoft.AspNetCore.Mvc.ModelBinding.Binders.BodyModelBinder|Done attempting to bind parameter 'tokenModel' of type 'LuxeLooks.Domain.Models.Identity.TokenModel'. 
2023-09-23 19:09:28.0455|0|DEBUG|Microsoft.AspNetCore.Mvc.ModelBinding.ParameterBinder|Done attempting to bind parameter 'tokenModel' of type 'LuxeLooks.Domain.Models.Identity.TokenModel'. 
2023-09-23 19:09:28.0455|0|DEBUG|Microsoft.AspNetCore.Mvc.ModelBinding.ParameterBinder|Attempting to validate the bound parameter 'tokenModel' of type 'LuxeLooks.Domain.Models.Identity.TokenModel' ... 
2023-09-23 19:09:28.0455|0|DEBUG|Microsoft.AspNetCore.Mvc.ModelBinding.ParameterBinder|Done attempting to validate the bound parameter 'tokenModel' of type 'LuxeLooks.Domain.Models.Identity.TokenModel'. 
2023-09-23 19:09:28.0455|0|TRACE|Microsoft.AspNetCore.Mvc.Infrastructure.ControllerActionInvoker|Action Filter: Before executing OnActionExecuting on filter Microsoft.AspNetCore.Mvc.ModelBinding.UnsupportedContentTypeFilter. 
2023-09-23 19:09:28.0455|0|TRACE|Microsoft.AspNetCore.Mvc.Infrastructure.ControllerActionInvoker|Action Filter: After executing OnActionExecuting on filter Microsoft.AspNetCore.Mvc.ModelBinding.UnsupportedContentTypeFilter. 
2023-09-23 19:09:28.0455|0|TRACE|Microsoft.AspNetCore.Mvc.Infrastructure.ControllerActionInvoker|Action Filter: Before executing OnActionExecuting on filter Microsoft.AspNetCore.Mvc.Infrastructure.ModelStateInvalidFilter. 
2023-09-23 19:09:28.0455|0|TRACE|Microsoft.AspNetCore.Mvc.Infrastructure.ControllerActionInvoker|Action Filter: After executing OnActionExecuting on filter Microsoft.AspNetCore.Mvc.Infrastructure.ModelStateInvalidFilter. 
2023-09-23 19:09:28.0455|0|INFO|Microsoft.AspNetCore.Mvc.Infrastructure.ControllerActionInvoker|Executing action method LuxeLooks.Controllers.Account.AccountController.RefreshToken (LuxeLooks) - Validation state: Valid 
2023-09-23 19:09:28.0455|0|TRACE|Microsoft.AspNetCore.Mvc.Infrastructure.ControllerActionInvoker|Executing action method LuxeLooks.Controllers.Account.AccountController.RefreshToken (LuxeLooks) with arguments (LuxeLooks.Domain.Models.Identity.TokenModel) 
2023-09-23 19:09:28.3575|0|DEBUG|Microsoft.EntityFrameworkCore.Infrastructure|Entity Framework Core 7.0.11 initialized 'ApplicationDbContext' using provider 'Npgsql.EntityFrameworkCore.PostgreSQL:7.0.11+c25a0d7b68d66c6ab3849a3b4333964faea6adc9' with options: None 
2023-09-23 19:09:28.3575|0|DEBUG|Microsoft.EntityFrameworkCore.Database.Command|Creating DbCommand for 'ExecuteReader'. 
2023-09-23 19:09:28.3575|0|DEBUG|Microsoft.EntityFrameworkCore.Database.Connection|Creating DbConnection. 
2023-09-23 19:09:28.3575|0|DEBUG|Microsoft.EntityFrameworkCore.Database.Connection|Created DbConnection. (0ms). 
2023-09-23 19:09:28.3575|0|DEBUG|Microsoft.EntityFrameworkCore.Database.Command|Created DbCommand for 'ExecuteReader' (0ms). 
2023-09-23 19:09:28.3575|0|DEBUG|Microsoft.EntityFrameworkCore.Database.Command|Initialized DbCommand for 'ExecuteReader' (0ms). 
2023-09-23 19:09:28.3575|0|DEBUG|Microsoft.EntityFrameworkCore.Database.Connection|Opening connection to database 'LuxeLooks' on server ''. 
2023-09-23 19:09:28.3575|0|DEBUG|Microsoft.EntityFrameworkCore.Database.Connection|Opened connection to database 'LuxeLooks' on server 'tcp://localhost:5432'. 
2023-09-23 19:09:28.3575|0|DEBUG|Microsoft.EntityFrameworkCore.Database.Command|Executing DbCommand [Parameters=[], CommandType='Text', CommandTimeout='30']
SELECT u."Id", u."Email", u."NormalizedUserName", u."PasswordHash", u."PasswordSalt", u."RefreshToken", u."RefreshTokenExpiryTime", u."RoleId", u."UserName"
FROM "Users" AS u 
2023-09-23 19:09:28.3575|0|INFO|Microsoft.EntityFrameworkCore.Database.Command|Executed DbCommand (2ms) [Parameters=[], CommandType='Text', CommandTimeout='30']
SELECT u."Id", u."Email", u."NormalizedUserName", u."PasswordHash", u."PasswordSalt", u."RefreshToken", u."RefreshTokenExpiryTime", u."RoleId", u."UserName"
FROM "Users" AS u 
2023-09-23 19:09:28.3709|0|DEBUG|Microsoft.EntityFrameworkCore.ChangeTracking|Context 'ApplicationDbContext' started tracking 'User' entity. Consider using 'DbContextOptionsBuilder.EnableSensitiveDataLogging' to see key values. 
2023-09-23 19:09:28.3709|0|DEBUG|Microsoft.EntityFrameworkCore.Database.Command|Closing data reader to 'LuxeLooks' on server 'tcp://localhost:5432'. 
2023-09-23 19:09:28.3709|0|DEBUG|Microsoft.EntityFrameworkCore.Database.Command|A data reader for 'LuxeLooks' on server 'tcp://localhost:5432' is being disposed after spending 8ms reading results. 
2023-09-23 19:09:28.3709|0|DEBUG|Microsoft.EntityFrameworkCore.Database.Connection|Closing connection to database 'LuxeLooks' on server 'tcp://localhost:5432'. 
2023-09-23 19:09:28.3709|0|DEBUG|Microsoft.EntityFrameworkCore.Database.Connection|Closed connection to database 'LuxeLooks' on server '' (0ms). 
2023-09-23 19:09:28.3709|0|DEBUG|Microsoft.EntityFrameworkCore.Database.Command|Creating DbCommand for 'ExecuteReader'. 
2023-09-23 19:09:28.3709|0|DEBUG|Microsoft.EntityFrameworkCore.Database.Command|Created DbCommand for 'ExecuteReader' (0ms). 
2023-09-23 19:09:28.3709|0|DEBUG|Microsoft.EntityFrameworkCore.Database.Command|Initialized DbCommand for 'ExecuteReader' (0ms). 
2023-09-23 19:09:28.3709|0|DEBUG|Microsoft.EntityFrameworkCore.Database.Connection|Opening connection to database 'LuxeLooks' on server ''. 
2023-09-23 19:09:28.3709|0|DEBUG|Microsoft.EntityFrameworkCore.Database.Connection|Opened connection to database 'LuxeLooks' on server 'tcp://localhost:5432'. 
2023-09-23 19:09:28.3709|0|DEBUG|Microsoft.EntityFrameworkCore.Database.Command|Executing DbCommand [Parameters=[], CommandType='Text', CommandTimeout='30']
SELECT u."Id", u."Email", u."NormalizedUserName", u."PasswordHash", u."PasswordSalt", u."RefreshToken", u."RefreshTokenExpiryTime", u."RoleId", u."UserName"
FROM "Users" AS u 
2023-09-23 19:09:28.3709|0|INFO|Microsoft.EntityFrameworkCore.Database.Command|Executed DbCommand (2ms) [Parameters=[], CommandType='Text', CommandTimeout='30']
SELECT u."Id", u."Email", u."NormalizedUserName", u."PasswordHash", u."PasswordSalt", u."RefreshToken", u."RefreshTokenExpiryTime", u."RoleId", u."UserName"
FROM "Users" AS u 
2023-09-23 19:09:28.3709|0|DEBUG|Microsoft.EntityFrameworkCore.Database.Command|Closing data reader to 'LuxeLooks' on server 'tcp://localhost:5432'. 
2023-09-23 19:09:28.3709|0|DEBUG|Microsoft.EntityFrameworkCore.Database.Command|A data reader for 'LuxeLooks' on server 'tcp://localhost:5432' is being disposed after spending 0ms reading results. 
2023-09-23 19:09:28.3709|0|DEBUG|Microsoft.EntityFrameworkCore.Database.Connection|Closing connection to database 'LuxeLooks' on server 'tcp://localhost:5432'. 
2023-09-23 19:09:28.3709|0|DEBUG|Microsoft.EntityFrameworkCore.Database.Connection|Closed connection to database 'LuxeLooks' on server '' (0ms). 
2023-09-23 19:09:28.3709|0|DEBUG|Microsoft.EntityFrameworkCore.ChangeTracking|An entity of type 'User' tracked by 'ApplicationDbContext' changed state from 'Unchanged' to 'Modified'. Consider using 'DbContextOptionsBuilder.EnableSensitiveDataLogging' to see key values. 
2023-09-23 19:09:28.3709|0|DEBUG|Microsoft.EntityFrameworkCore.Update|SaveChanges starting for 'ApplicationDbContext'. 
2023-09-23 19:09:28.3709|0|DEBUG|Microsoft.EntityFrameworkCore.ChangeTracking|DetectChanges starting for 'ApplicationDbContext'. 
2023-09-23 19:09:28.3709|0|DEBUG|Microsoft.EntityFrameworkCore.ChangeTracking|DetectChanges completed for 'ApplicationDbContext'. 
2023-09-23 19:09:28.3709|0|DEBUG|Microsoft.EntityFrameworkCore.Database.Connection|Opening connection to database 'LuxeLooks' on server ''. 
2023-09-23 19:09:28.3709|0|DEBUG|Microsoft.EntityFrameworkCore.Database.Connection|Opened connection to database 'LuxeLooks' on server 'tcp://localhost:5432'. 
2023-09-23 19:09:28.3709|0|DEBUG|Microsoft.EntityFrameworkCore.Database.Command|Creating DbCommand for 'ExecuteReader'. 
2023-09-23 19:09:28.3709|0|DEBUG|Microsoft.EntityFrameworkCore.Database.Command|Created DbCommand for 'ExecuteReader' (0ms). 
2023-09-23 19:09:28.3709|0|DEBUG|Microsoft.EntityFrameworkCore.Database.Command|Initialized DbCommand for 'ExecuteReader' (0ms). 
2023-09-23 19:09:28.3709|0|DEBUG|Microsoft.EntityFrameworkCore.Database.Command|Executing DbCommand [Parameters=[@p8='?' (DbType = Guid), @p0='?', @p1='?', @p2='?', @p3='?', @p4='?', @p5='?' (DbType = DateTime), @p6='?' (DbType = Guid), @p7='?'], CommandType='Text', CommandTimeout='30']
UPDATE "Users" SET "Email" = @p0, "NormalizedUserName" = @p1, "PasswordHash" = @p2, "PasswordSalt" = @p3, "RefreshToken" = @p4, "RefreshTokenExpiryTime" = @p5, "RoleId" = @p6, "UserName" = @p7
WHERE "Id" = @p8; 
2023-09-23 19:09:28.3867|0|INFO|Microsoft.EntityFrameworkCore.Database.Command|Executed DbCommand (5ms) [Parameters=[@p8='?' (DbType = Guid), @p0='?', @p1='?', @p2='?', @p3='?', @p4='?', @p5='?' (DbType = DateTime), @p6='?' (DbType = Guid), @p7='?'], CommandType='Text', CommandTimeout='30']
UPDATE "Users" SET "Email" = @p0, "NormalizedUserName" = @p1, "PasswordHash" = @p2, "PasswordSalt" = @p3, "RefreshToken" = @p4, "RefreshTokenExpiryTime" = @p5, "RoleId" = @p6, "UserName" = @p7
WHERE "Id" = @p8; 
2023-09-23 19:09:28.3867|0|DEBUG|Microsoft.EntityFrameworkCore.Database.Command|Closing data reader to 'LuxeLooks' on server 'tcp://localhost:5432'. 
2023-09-23 19:09:28.3867|0|DEBUG|Microsoft.EntityFrameworkCore.Database.Command|A data reader for 'LuxeLooks' on server 'tcp://localhost:5432' is being disposed after spending 0ms reading results. 
2023-09-23 19:09:28.3867|0|DEBUG|Microsoft.EntityFrameworkCore.Database.Connection|Closing connection to database 'LuxeLooks' on server 'tcp://localhost:5432'. 
2023-09-23 19:09:28.3867|0|DEBUG|Microsoft.EntityFrameworkCore.Database.Connection|Closed connection to database 'LuxeLooks' on server '' (0ms). 
2023-09-23 19:09:28.3867|0|DEBUG|Microsoft.EntityFrameworkCore.ChangeTracking|An entity of type 'User' tracked by 'ApplicationDbContext' changed state from 'Modified' to 'Unchanged'. Consider using 'DbContextOptionsBuilder.EnableSensitiveDataLogging' to see key values. 
2023-09-23 19:09:28.3867|0|DEBUG|Microsoft.EntityFrameworkCore.Update|SaveChanges completed for 'ApplicationDbContext' with 1 entities written to the database. 
2023-09-23 19:09:28.4166|0|INFO|Microsoft.AspNetCore.Mvc.Infrastructure.ControllerActionInvoker|Executed action method LuxeLooks.Controllers.Account.AccountController.RefreshToken (LuxeLooks), returned result Microsoft.AspNetCore.Mvc.ObjectResult in 363.7215ms. 
2023-09-23 19:09:28.4166|0|TRACE|Microsoft.AspNetCore.Mvc.Infrastructure.ControllerActionInvoker|Action Filter: Before executing OnActionExecuted on filter Microsoft.AspNetCore.Mvc.Infrastructure.ModelStateInvalidFilter. 
2023-09-23 19:09:28.4166|0|TRACE|Microsoft.AspNetCore.Mvc.Infrastructure.ControllerActionInvoker|Action Filter: After executing OnActionExecuted on filter Microsoft.AspNetCore.Mvc.Infrastructure.ModelStateInvalidFilter. 
2023-09-23 19:09:28.4166|0|TRACE|Microsoft.AspNetCore.Mvc.Infrastructure.ControllerActionInvoker|Action Filter: Before executing OnActionExecuted on filter Microsoft.AspNetCore.Mvc.ModelBinding.UnsupportedContentTypeFilter. 
2023-09-23 19:09:28.4166|0|TRACE|Microsoft.AspNetCore.Mvc.Infrastructure.ControllerActionInvoker|Action Filter: After executing OnActionExecuted on filter Microsoft.AspNetCore.Mvc.ModelBinding.UnsupportedContentTypeFilter. 
2023-09-23 19:09:28.4166|0|TRACE|Microsoft.AspNetCore.Mvc.Infrastructure.ControllerActionInvoker|Result Filter: Before executing OnResultExecuting on filter Microsoft.AspNetCore.Mvc.Infrastructure.ClientErrorResultFilter. 
2023-09-23 19:09:28.4166|0|TRACE|Microsoft.AspNetCore.Mvc.Infrastructure.ControllerActionInvoker|Result Filter: After executing OnResultExecuting on filter Microsoft.AspNetCore.Mvc.Infrastructure.ClientErrorResultFilter. 
2023-09-23 19:09:28.4166|0|TRACE|Microsoft.AspNetCore.Mvc.Infrastructure.ControllerActionInvoker|Before executing action result Microsoft.AspNetCore.Mvc.ObjectResult. 
2023-09-23 19:09:28.4166|0|DEBUG|Microsoft.AspNetCore.Mvc.Infrastructure.DefaultOutputFormatterSelector|List of registered output formatters, in the following order: Microsoft.AspNetCore.Mvc.Formatters.HttpNoContentOutputFormatter, Microsoft.AspNetCore.Mvc.Formatters.StringOutputFormatter, Microsoft.AspNetCore.Mvc.Formatters.StreamOutputFormatter, Microsoft.AspNetCore.Mvc.Formatters.SystemTextJsonOutputFormatter 
2023-09-23 19:09:28.4166|0|DEBUG|Microsoft.AspNetCore.Mvc.Infrastructure.DefaultOutputFormatterSelector|No information found on request to perform content negotiation. 
2023-09-23 19:09:28.4166|0|DEBUG|Microsoft.AspNetCore.Mvc.Infrastructure.DefaultOutputFormatterSelector|Attempting to select an output formatter without using a content type as no explicit content types were specified for the response. 
2023-09-23 19:09:28.4166|0|DEBUG|Microsoft.AspNetCore.Mvc.Infrastructure.DefaultOutputFormatterSelector|Attempting to select the first formatter in the output formatters list which can write the result. 
2023-09-23 19:09:28.4166|0|DEBUG|Microsoft.AspNetCore.Mvc.Infrastructure.DefaultOutputFormatterSelector|Selected output formatter 'Microsoft.AspNetCore.Mvc.Formatters.SystemTextJsonOutputFormatter' and content type 'application/json' to write the response. 
2023-09-23 19:09:28.4166|0|INFO|Microsoft.AspNetCore.Mvc.Infrastructure.ObjectResultExecutor|Executing ObjectResult, writing value of type '<>f__AnonymousType0`2[[System.String, System.Private.CoreLib, Version=7.0.0.0, Culture=neutral, PublicKeyToken=7cec85d7bea7798e],[System.String, System.Private.CoreLib, Version=7.0.0.0, Culture=neutral, PublicKeyToken=7cec85d7bea7798e]]'. 
2023-09-23 19:09:28.4166|0|TRACE|Microsoft.AspNetCore.Mvc.Infrastructure.ControllerActionInvoker|After executing action result Microsoft.AspNetCore.Mvc.ObjectResult. 
2023-09-23 19:09:28.4166|0|TRACE|Microsoft.AspNetCore.Mvc.Infrastructure.ControllerActionInvoker|Result Filter: Before executing OnResultExecuted on filter Microsoft.AspNetCore.Mvc.Infrastructure.ClientErrorResultFilter. 
2023-09-23 19:09:28.4166|0|TRACE|Microsoft.AspNetCore.Mvc.Infrastructure.ControllerActionInvoker|Result Filter: After executing OnResultExecuted on filter Microsoft.AspNetCore.Mvc.Infrastructure.ClientErrorResultFilter. 
2023-09-23 19:09:28.4166|0|INFO|Microsoft.AspNetCore.Mvc.Infrastructure.ControllerActionInvoker|Executed action LuxeLooks.Controllers.Account.AccountController.RefreshToken (LuxeLooks) in 387.1137ms 
2023-09-23 19:09:28.4166|0|INFO|Microsoft.AspNetCore.Routing.EndpointMiddleware|Executed endpoint 'LuxeLooks.Controllers.Account.AccountController.RefreshToken (LuxeLooks)' 
2023-09-23 19:09:28.4166|0|DEBUG|Microsoft.EntityFrameworkCore.Infrastructure|'ApplicationDbContext' disposed. 
2023-09-23 19:09:28.4311|0|DEBUG|Microsoft.EntityFrameworkCore.Database.Connection|Disposing connection to database 'LuxeLooks' on server ''. 
2023-09-23 19:09:28.4311|0|DEBUG|Microsoft.EntityFrameworkCore.Database.Connection|Disposed connection to database 'LuxeLooks' on server '' (0ms). 
2023-09-23 19:09:28.4311|0|INFO|Microsoft.AspNetCore.Hosting.Diagnostics|Request finished HTTP/1.1 POST https://localhost:44387/Account/Refresh-Token application/json 877 - 200 - application/json;+charset=utf-8 405.2488ms 
2023-09-23 19:14:38.0521|0|INFO|Microsoft.AspNetCore.Hosting.Diagnostics|Request starting HTTP/1.1 POST https://localhost:44387/Account/Register application/json 91 
2023-09-23 19:14:38.0521|0|TRACE|Microsoft.AspNetCore.HostFiltering.HostFilteringMiddleware|All hosts are allowed. 
2023-09-23 19:14:38.0521|0|DEBUG|Microsoft.AspNetCore.Routing.Matching.DfaMatcher|1 candidate(s) found for the request path '/Account/Register' 
2023-09-23 19:14:38.0521|0|DEBUG|Microsoft.AspNetCore.Routing.Matching.DfaMatcher|Endpoint 'LuxeLooks.Controllers.Account.AccountController.Register (LuxeLooks)' with route pattern 'Account/Register' is valid for the request path '/Account/Register' 
2023-09-23 19:14:38.0521|0|DEBUG|Microsoft.AspNetCore.Routing.EndpointRoutingMiddleware|Request matched endpoint 'LuxeLooks.Controllers.Account.AccountController.Register (LuxeLooks)' 
2023-09-23 19:14:38.0521|0|DEBUG|Microsoft.AspNetCore.Authentication.JwtBearer.JwtBearerHandler|AuthenticationScheme: Bearer was not authenticated. 
2023-09-23 19:14:38.0521|0|INFO|Microsoft.AspNetCore.Routing.EndpointMiddleware|Executing endpoint 'LuxeLooks.Controllers.Account.AccountController.Register (LuxeLooks)' 
2023-09-23 19:14:38.0650|0|INFO|Microsoft.AspNetCore.Mvc.Infrastructure.ControllerActionInvoker|Route matched with {action = "Register", controller = "Account"}. Executing controller action with signature System.Threading.Tasks.Task`1[Microsoft.AspNetCore.Mvc.ActionResult`1[LuxeLooks.Domain.Models.Identity.AuthResponse]] Register(LuxeLooks.Domain.Models.Identity.RegisterRequest) on controller LuxeLooks.Controllers.Account.AccountController (LuxeLooks). 
2023-09-23 19:14:38.0650|0|DEBUG|Microsoft.AspNetCore.Mvc.Infrastructure.ControllerActionInvoker|Execution plan of authorization filters (in the following order): None 
2023-09-23 19:14:38.0650|0|DEBUG|Microsoft.AspNetCore.Mvc.Infrastructure.ControllerActionInvoker|Execution plan of resource filters (in the following order): None 
2023-09-23 19:14:38.0650|0|DEBUG|Microsoft.AspNetCore.Mvc.Infrastructure.ControllerActionInvoker|Execution plan of action filters (in the following order): Microsoft.AspNetCore.Mvc.ModelBinding.UnsupportedContentTypeFilter (Order: -3000), Microsoft.AspNetCore.Mvc.Infrastructure.ModelStateInvalidFilter (Order: -2000) 
2023-09-23 19:14:38.0650|0|DEBUG|Microsoft.AspNetCore.Mvc.Infrastructure.ControllerActionInvoker|Execution plan of exception filters (in the following order): None 
2023-09-23 19:14:38.0650|0|DEBUG|Microsoft.AspNetCore.Mvc.Infrastructure.ControllerActionInvoker|Execution plan of result filters (in the following order): Microsoft.AspNetCore.Mvc.Infrastructure.ClientErrorResultFilter (Order: -2000) 
2023-09-23 19:14:38.0650|0|DEBUG|Microsoft.AspNetCore.Mvc.Infrastructure.ControllerActionInvoker|Executing controller factory for controller LuxeLooks.Controllers.Account.AccountController (LuxeLooks) 
2023-09-23 19:14:38.0792|0|DEBUG|Microsoft.AspNetCore.Mvc.Infrastructure.ControllerActionInvoker|Executed controller factory for controller LuxeLooks.Controllers.Account.AccountController (LuxeLooks) 
2023-09-23 19:14:38.0792|0|DEBUG|Microsoft.AspNetCore.Mvc.ModelBinding.ParameterBinder|Attempting to bind parameter 'request' of type 'LuxeLooks.Domain.Models.Identity.RegisterRequest' ... 
2023-09-23 19:14:38.0792|0|DEBUG|Microsoft.AspNetCore.Mvc.ModelBinding.Binders.BodyModelBinder|Attempting to bind parameter 'request' of type 'LuxeLooks.Domain.Models.Identity.RegisterRequest' using the name '' in request data ... 
2023-09-23 19:14:38.0792|0|DEBUG|Microsoft.AspNetCore.Mvc.ModelBinding.Binders.BodyModelBinder|Selected input formatter 'Microsoft.AspNetCore.Mvc.Formatters.SystemTextJsonInputFormatter' for content type 'application/json'. 
2023-09-23 19:14:38.0792|0|DEBUG|Microsoft.AspNetCore.Mvc.Formatters.SystemTextJsonInputFormatter|JSON input formatter succeeded, deserializing to type 'LuxeLooks.Domain.Models.Identity.RegisterRequest' 
2023-09-23 19:14:38.0792|0|DEBUG|Microsoft.AspNetCore.Mvc.ModelBinding.Binders.BodyModelBinder|Done attempting to bind parameter 'request' of type 'LuxeLooks.Domain.Models.Identity.RegisterRequest'. 
2023-09-23 19:14:38.0792|0|DEBUG|Microsoft.AspNetCore.Mvc.ModelBinding.ParameterBinder|Done attempting to bind parameter 'request' of type 'LuxeLooks.Domain.Models.Identity.RegisterRequest'. 
2023-09-23 19:14:38.0792|0|DEBUG|Microsoft.AspNetCore.Mvc.ModelBinding.ParameterBinder|Attempting to validate the bound parameter 'request' of type 'LuxeLooks.Domain.Models.Identity.RegisterRequest' ... 
2023-09-23 19:14:38.0792|0|DEBUG|Microsoft.AspNetCore.Mvc.ModelBinding.ParameterBinder|Done attempting to validate the bound parameter 'request' of type 'LuxeLooks.Domain.Models.Identity.RegisterRequest'. 
2023-09-23 19:14:38.0885|0|TRACE|Microsoft.AspNetCore.Mvc.Infrastructure.ControllerActionInvoker|Action Filter: Before executing OnActionExecuting on filter Microsoft.AspNetCore.Mvc.ModelBinding.UnsupportedContentTypeFilter. 
2023-09-23 19:14:38.0885|0|TRACE|Microsoft.AspNetCore.Mvc.Infrastructure.ControllerActionInvoker|Action Filter: After executing OnActionExecuting on filter Microsoft.AspNetCore.Mvc.ModelBinding.UnsupportedContentTypeFilter. 
2023-09-23 19:14:38.0885|0|TRACE|Microsoft.AspNetCore.Mvc.Infrastructure.ControllerActionInvoker|Action Filter: Before executing OnActionExecuting on filter Microsoft.AspNetCore.Mvc.Infrastructure.ModelStateInvalidFilter. 
2023-09-23 19:14:38.0885|0|TRACE|Microsoft.AspNetCore.Mvc.Infrastructure.ControllerActionInvoker|Action Filter: After executing OnActionExecuting on filter Microsoft.AspNetCore.Mvc.Infrastructure.ModelStateInvalidFilter. 
2023-09-23 19:14:38.0885|0|INFO|Microsoft.AspNetCore.Mvc.Infrastructure.ControllerActionInvoker|Executing action method LuxeLooks.Controllers.Account.AccountController.Register (LuxeLooks) - Validation state: Valid 
2023-09-23 19:14:38.0885|0|TRACE|Microsoft.AspNetCore.Mvc.Infrastructure.ControllerActionInvoker|Executing action method LuxeLooks.Controllers.Account.AccountController.Register (LuxeLooks) with arguments (LuxeLooks.Domain.Models.Identity.RegisterRequest) 
2023-09-23 19:14:39.2433|0|DEBUG|Microsoft.EntityFrameworkCore.Infrastructure|Entity Framework Core 7.0.11 initialized 'ApplicationDbContext' using provider 'Npgsql.EntityFrameworkCore.PostgreSQL:7.0.11+c25a0d7b68d66c6ab3849a3b4333964faea6adc9' with options: None 
2023-09-23 19:14:39.2433|0|DEBUG|Microsoft.EntityFrameworkCore.ChangeTracking|'"ApplicationDbContext"' generated a value for the property '"Id"."User"'. Consider using 'DbContextOptionsBuilder.EnableSensitiveDataLogging' to see key values. 
2023-09-23 19:14:39.2669|0|DEBUG|Microsoft.EntityFrameworkCore.ChangeTracking|Context 'ApplicationDbContext' started tracking 'User' entity. Consider using 'DbContextOptionsBuilder.EnableSensitiveDataLogging' to see key values. 
2023-09-23 19:14:39.2669|0|DEBUG|Microsoft.EntityFrameworkCore.Update|SaveChanges starting for 'ApplicationDbContext'. 
2023-09-23 19:14:39.2669|0|DEBUG|Microsoft.EntityFrameworkCore.ChangeTracking|DetectChanges starting for 'ApplicationDbContext'. 
2023-09-23 19:14:39.2669|0|DEBUG|Microsoft.EntityFrameworkCore.ChangeTracking|DetectChanges completed for 'ApplicationDbContext'. 
2023-09-23 19:14:39.2669|0|DEBUG|Microsoft.EntityFrameworkCore.Database.Connection|Creating DbConnection. 
2023-09-23 19:14:39.2965|0|DEBUG|Microsoft.EntityFrameworkCore.Database.Connection|Created DbConnection. (21ms). 
2023-09-23 19:14:39.2965|0|DEBUG|Microsoft.EntityFrameworkCore.Database.Connection|Opening connection to database 'LuxeLooks' on server ''. 
2023-09-23 19:14:39.3782|0|DEBUG|Microsoft.EntityFrameworkCore.Database.Connection|Opened connection to database 'LuxeLooks' on server 'tcp://localhost:5432'. 
2023-09-23 19:14:39.3782|0|DEBUG|Microsoft.EntityFrameworkCore.Database.Command|Creating DbCommand for 'ExecuteReader'. 
2023-09-23 19:14:39.3911|0|DEBUG|Microsoft.EntityFrameworkCore.Database.Command|Created DbCommand for 'ExecuteReader' (8ms). 
2023-09-23 19:14:39.3911|0|DEBUG|Microsoft.EntityFrameworkCore.Database.Command|Initialized DbCommand for 'ExecuteReader' (14ms). 
2023-09-23 19:14:39.3911|0|DEBUG|Microsoft.EntityFrameworkCore.Database.Command|Executing DbCommand [Parameters=[@p0='?' (DbType = Guid), @p1='?', @p2='?', @p3='?', @p4='?', @p5='?', @p6='?' (DbType = DateTime), @p7='?' (DbType = Guid), @p8='?'], CommandType='Text', CommandTimeout='30']
INSERT INTO "Users" ("Id", "Email", "NormalizedUserName", "PasswordHash", "PasswordSalt", "RefreshToken", "RefreshTokenExpiryTime", "RoleId", "UserName")
VALUES (@p0, @p1, @p2, @p3, @p4, @p5, @p6, @p7, @p8); 
2023-09-23 19:14:39.4066|0|INFO|Microsoft.EntityFrameworkCore.Database.Command|Executed DbCommand (8ms) [Parameters=[@p0='?' (DbType = Guid), @p1='?', @p2='?', @p3='?', @p4='?', @p5='?', @p6='?' (DbType = DateTime), @p7='?' (DbType = Guid), @p8='?'], CommandType='Text', CommandTimeout='30']
INSERT INTO "Users" ("Id", "Email", "NormalizedUserName", "PasswordHash", "PasswordSalt", "RefreshToken", "RefreshTokenExpiryTime", "RoleId", "UserName")
VALUES (@p0, @p1, @p2, @p3, @p4, @p5, @p6, @p7, @p8); 
2023-09-23 19:14:39.4066|0|DEBUG|Microsoft.EntityFrameworkCore.Database.Command|Closing data reader to 'LuxeLooks' on server 'tcp://localhost:5432'. 
2023-09-23 19:14:39.4066|0|DEBUG|Microsoft.EntityFrameworkCore.Database.Command|A data reader for 'LuxeLooks' on server 'tcp://localhost:5432' is being disposed after spending 4ms reading results. 
2023-09-23 19:14:39.4066|0|DEBUG|Microsoft.EntityFrameworkCore.Database.Connection|Closing connection to database 'LuxeLooks' on server 'tcp://localhost:5432'. 
2023-09-23 19:14:39.4066|0|DEBUG|Microsoft.EntityFrameworkCore.Database.Connection|Closed connection to database 'LuxeLooks' on server '' (1ms). 
2023-09-23 19:14:39.4066|0|DEBUG|Microsoft.EntityFrameworkCore.ChangeTracking|An entity of type 'User' tracked by 'ApplicationDbContext' changed state from 'Added' to 'Unchanged'. Consider using 'DbContextOptionsBuilder.EnableSensitiveDataLogging' to see key values. 
2023-09-23 19:14:39.4245|0|DEBUG|Microsoft.EntityFrameworkCore.Update|SaveChanges completed for 'ApplicationDbContext' with 1 entities written to the database. 
2023-09-23 19:14:39.4245|0|DEBUG|Microsoft.EntityFrameworkCore.Database.Command|Creating DbCommand for 'ExecuteReader'. 
2023-09-23 19:14:39.4245|0|DEBUG|Microsoft.EntityFrameworkCore.Database.Command|Created DbCommand for 'ExecuteReader' (0ms). 
2023-09-23 19:14:39.4245|0|DEBUG|Microsoft.EntityFrameworkCore.Database.Command|Initialized DbCommand for 'ExecuteReader' (0ms). 
2023-09-23 19:14:39.4245|0|DEBUG|Microsoft.EntityFrameworkCore.Database.Connection|Opening connection to database 'LuxeLooks' on server ''. 
2023-09-23 19:14:39.4245|0|DEBUG|Microsoft.EntityFrameworkCore.Database.Connection|Opened connection to database 'LuxeLooks' on server 'tcp://localhost:5432'. 
2023-09-23 19:14:39.4245|0|DEBUG|Microsoft.EntityFrameworkCore.Database.Command|Executing DbCommand [Parameters=[], CommandType='Text', CommandTimeout='30']
SELECT u."Id", u."Email", u."NormalizedUserName", u."PasswordHash", u."PasswordSalt", u."RefreshToken", u."RefreshTokenExpiryTime", u."RoleId", u."UserName"
FROM "Users" AS u 
2023-09-23 19:14:39.4316|0|INFO|Microsoft.EntityFrameworkCore.Database.Command|Executed DbCommand (3ms) [Parameters=[], CommandType='Text', CommandTimeout='30']
SELECT u."Id", u."Email", u."NormalizedUserName", u."PasswordHash", u."PasswordSalt", u."RefreshToken", u."RefreshTokenExpiryTime", u."RoleId", u."UserName"
FROM "Users" AS u 
2023-09-23 19:14:39.4316|0|DEBUG|Microsoft.EntityFrameworkCore.ChangeTracking|Context 'ApplicationDbContext' started tracking 'User' entity. Consider using 'DbContextOptionsBuilder.EnableSensitiveDataLogging' to see key values. 
2023-09-23 19:14:39.4316|0|DEBUG|Microsoft.EntityFrameworkCore.Database.Command|Closing data reader to 'LuxeLooks' on server 'tcp://localhost:5432'. 
2023-09-23 19:14:39.4316|0|DEBUG|Microsoft.EntityFrameworkCore.Database.Command|A data reader for 'LuxeLooks' on server 'tcp://localhost:5432' is being disposed after spending 1ms reading results. 
2023-09-23 19:14:39.4316|0|DEBUG|Microsoft.EntityFrameworkCore.Database.Connection|Closing connection to database 'LuxeLooks' on server 'tcp://localhost:5432'. 
2023-09-23 19:14:39.4316|0|DEBUG|Microsoft.EntityFrameworkCore.Database.Connection|Closed connection to database 'LuxeLooks' on server '' (0ms). 
2023-09-23 19:14:39.4316|0|DEBUG|Microsoft.EntityFrameworkCore.Database.Command|Creating DbCommand for 'ExecuteReader'. 
2023-09-23 19:14:39.4316|0|DEBUG|Microsoft.EntityFrameworkCore.Database.Command|Created DbCommand for 'ExecuteReader' (0ms). 
2023-09-23 19:14:39.4316|0|DEBUG|Microsoft.EntityFrameworkCore.Database.Command|Initialized DbCommand for 'ExecuteReader' (0ms). 
2023-09-23 19:14:39.4316|0|DEBUG|Microsoft.EntityFrameworkCore.Database.Connection|Opening connection to database 'LuxeLooks' on server ''. 
2023-09-23 19:14:39.4316|0|DEBUG|Microsoft.EntityFrameworkCore.Database.Connection|Opened connection to database 'LuxeLooks' on server 'tcp://localhost:5432'. 
2023-09-23 19:14:39.4316|0|DEBUG|Microsoft.EntityFrameworkCore.Database.Command|Executing DbCommand [Parameters=[], CommandType='Text', CommandTimeout='30']
SELECT u."Id", u."Email", u."NormalizedUserName", u."PasswordHash", u."PasswordSalt", u."RefreshToken", u."RefreshTokenExpiryTime", u."RoleId", u."UserName"
FROM "Users" AS u 
2023-09-23 19:14:39.4316|0|INFO|Microsoft.EntityFrameworkCore.Database.Command|Executed DbCommand (1ms) [Parameters=[], CommandType='Text', CommandTimeout='30']
SELECT u."Id", u."Email", u."NormalizedUserName", u."PasswordHash", u."PasswordSalt", u."RefreshToken", u."RefreshTokenExpiryTime", u."RoleId", u."UserName"
FROM "Users" AS u 
2023-09-23 19:14:39.4316|0|DEBUG|Microsoft.EntityFrameworkCore.Database.Command|Closing data reader to 'LuxeLooks' on server 'tcp://localhost:5432'. 
2023-09-23 19:14:39.4316|0|DEBUG|Microsoft.EntityFrameworkCore.Database.Command|A data reader for 'LuxeLooks' on server 'tcp://localhost:5432' is being disposed after spending 0ms reading results. 
2023-09-23 19:14:39.4316|0|DEBUG|Microsoft.EntityFrameworkCore.Database.Connection|Closing connection to database 'LuxeLooks' on server 'tcp://localhost:5432'. 
2023-09-23 19:14:39.4316|0|DEBUG|Microsoft.EntityFrameworkCore.Database.Connection|Closed connection to database 'LuxeLooks' on server '' (0ms). 
2023-09-23 19:14:39.4316|0|DEBUG|Microsoft.EntityFrameworkCore.Database.Command|Creating DbCommand for 'ExecuteReader'. 
2023-09-23 19:14:39.4316|0|DEBUG|Microsoft.EntityFrameworkCore.Database.Command|Created DbCommand for 'ExecuteReader' (0ms). 
2023-09-23 19:14:39.4316|0|DEBUG|Microsoft.EntityFrameworkCore.Database.Command|Initialized DbCommand for 'ExecuteReader' (0ms). 
2023-09-23 19:14:39.4316|0|DEBUG|Microsoft.EntityFrameworkCore.Database.Connection|Opening connection to database 'LuxeLooks' on server ''. 
2023-09-23 19:14:39.4316|0|DEBUG|Microsoft.EntityFrameworkCore.Database.Connection|Opened connection to database 'LuxeLooks' on server 'tcp://localhost:5432'. 
2023-09-23 19:14:39.4316|0|DEBUG|Microsoft.EntityFrameworkCore.Database.Command|Executing DbCommand [Parameters=[], CommandType='Text', CommandTimeout='30']
SELECT u."Id", u."Email", u."NormalizedUserName", u."PasswordHash", u."PasswordSalt", u."RefreshToken", u."RefreshTokenExpiryTime", u."RoleId", u."UserName"
FROM "Users" AS u 
2023-09-23 19:14:39.4316|0|INFO|Microsoft.EntityFrameworkCore.Database.Command|Executed DbCommand (1ms) [Parameters=[], CommandType='Text', CommandTimeout='30']
SELECT u."Id", u."Email", u."NormalizedUserName", u."PasswordHash", u."PasswordSalt", u."RefreshToken", u."RefreshTokenExpiryTime", u."RoleId", u."UserName"
FROM "Users" AS u 
2023-09-23 19:14:39.4316|0|DEBUG|Microsoft.EntityFrameworkCore.Database.Command|Closing data reader to 'LuxeLooks' on server 'tcp://localhost:5432'. 
2023-09-23 19:14:39.4316|0|DEBUG|Microsoft.EntityFrameworkCore.Database.Command|A data reader for 'LuxeLooks' on server 'tcp://localhost:5432' is being disposed after spending 0ms reading results. 
2023-09-23 19:14:39.4316|0|DEBUG|Microsoft.EntityFrameworkCore.Database.Connection|Closing connection to database 'LuxeLooks' on server 'tcp://localhost:5432'. 
2023-09-23 19:14:39.4316|0|DEBUG|Microsoft.EntityFrameworkCore.Database.Connection|Closed connection to database 'LuxeLooks' on server '' (0ms). 
2023-09-23 19:14:40.5555|0|DEBUG|Microsoft.EntityFrameworkCore.Database.Command|Creating DbCommand for 'ExecuteReader'. 
2023-09-23 19:14:40.5555|0|DEBUG|Microsoft.EntityFrameworkCore.Database.Command|Created DbCommand for 'ExecuteReader' (0ms). 
2023-09-23 19:14:40.5555|0|DEBUG|Microsoft.EntityFrameworkCore.Database.Command|Initialized DbCommand for 'ExecuteReader' (0ms). 
2023-09-23 19:14:40.5571|0|DEBUG|Microsoft.EntityFrameworkCore.Database.Connection|Opening connection to database 'LuxeLooks' on server ''. 
2023-09-23 19:14:40.5571|0|DEBUG|Microsoft.EntityFrameworkCore.Database.Connection|Opened connection to database 'LuxeLooks' on server 'tcp://localhost:5432'. 
2023-09-23 19:14:40.5571|0|DEBUG|Microsoft.EntityFrameworkCore.Database.Command|Executing DbCommand [Parameters=[], CommandType='Text', CommandTimeout='30']
SELECT u."Id", u."Email", u."NormalizedUserName", u."PasswordHash", u."PasswordSalt", u."RefreshToken", u."RefreshTokenExpiryTime", u."RoleId", u."UserName"
FROM "Users" AS u 
2023-09-23 19:14:40.5571|0|INFO|Microsoft.EntityFrameworkCore.Database.Command|Executed DbCommand (2ms) [Parameters=[], CommandType='Text', CommandTimeout='30']
SELECT u."Id", u."Email", u."NormalizedUserName", u."PasswordHash", u."PasswordSalt", u."RefreshToken", u."RefreshTokenExpiryTime", u."RoleId", u."UserName"
FROM "Users" AS u 
2023-09-23 19:14:40.5571|0|DEBUG|Microsoft.EntityFrameworkCore.Database.Command|Closing data reader to 'LuxeLooks' on server 'tcp://localhost:5432'. 
2023-09-23 19:14:40.5571|0|DEBUG|Microsoft.EntityFrameworkCore.Database.Command|A data reader for 'LuxeLooks' on server 'tcp://localhost:5432' is being disposed after spending 0ms reading results. 
2023-09-23 19:14:40.5571|0|DEBUG|Microsoft.EntityFrameworkCore.Database.Connection|Closing connection to database 'LuxeLooks' on server 'tcp://localhost:5432'. 
2023-09-23 19:14:40.5571|0|DEBUG|Microsoft.EntityFrameworkCore.Database.Connection|Closed connection to database 'LuxeLooks' on server '' (0ms). 
2023-09-23 19:14:40.5571|0|DEBUG|Microsoft.EntityFrameworkCore.Database.Command|Creating DbCommand for 'ExecuteReader'. 
2023-09-23 19:14:40.5571|0|DEBUG|Microsoft.EntityFrameworkCore.Database.Command|Created DbCommand for 'ExecuteReader' (0ms). 
2023-09-23 19:14:40.5571|0|DEBUG|Microsoft.EntityFrameworkCore.Database.Command|Initialized DbCommand for 'ExecuteReader' (0ms). 
2023-09-23 19:14:40.5571|0|DEBUG|Microsoft.EntityFrameworkCore.Database.Connection|Opening connection to database 'LuxeLooks' on server ''. 
2023-09-23 19:14:40.5571|0|DEBUG|Microsoft.EntityFrameworkCore.Database.Connection|Opened connection to database 'LuxeLooks' on server 'tcp://localhost:5432'. 
2023-09-23 19:14:40.5571|0|DEBUG|Microsoft.EntityFrameworkCore.Database.Command|Executing DbCommand [Parameters=[], CommandType='Text', CommandTimeout='30']
SELECT r."Id", r."NormalizedRoleName", r."RoleName"
FROM "Roles" AS r 
2023-09-23 19:14:40.5571|0|INFO|Microsoft.EntityFrameworkCore.Database.Command|Executed DbCommand (4ms) [Parameters=[], CommandType='Text', CommandTimeout='30']
SELECT r."Id", r."NormalizedRoleName", r."RoleName"
FROM "Roles" AS r 
2023-09-23 19:14:40.5571|0|DEBUG|Microsoft.EntityFrameworkCore.ChangeTracking|Context 'ApplicationDbContext' started tracking 'Role' entity. Consider using 'DbContextOptionsBuilder.EnableSensitiveDataLogging' to see key values. 
2023-09-23 19:14:40.5571|0|DEBUG|Microsoft.EntityFrameworkCore.ChangeTracking|Context 'ApplicationDbContext' started tracking 'Role' entity. Consider using 'DbContextOptionsBuilder.EnableSensitiveDataLogging' to see key values. 
2023-09-23 19:14:40.5571|0|DEBUG|Microsoft.EntityFrameworkCore.Database.Command|Closing data reader to 'LuxeLooks' on server 'tcp://localhost:5432'. 
2023-09-23 19:14:40.5571|0|DEBUG|Microsoft.EntityFrameworkCore.Database.Command|A data reader for 'LuxeLooks' on server 'tcp://localhost:5432' is being disposed after spending 0ms reading results. 
2023-09-23 19:14:40.5571|0|DEBUG|Microsoft.EntityFrameworkCore.Database.Connection|Closing connection to database 'LuxeLooks' on server 'tcp://localhost:5432'. 
2023-09-23 19:14:40.5571|0|DEBUG|Microsoft.EntityFrameworkCore.Database.Connection|Closed connection to database 'LuxeLooks' on server '' (0ms). 
2023-09-23 19:14:40.5571|0|INFO|LuxeLooks.Service.Services.RoleService|Successfully get role with id: 44546e06-8719-4ad8-b88a-f271ae9d6abe 
2023-09-23 19:14:40.5571|0|DEBUG|Microsoft.EntityFrameworkCore.Database.Command|Creating DbCommand for 'ExecuteReader'. 
2023-09-23 19:14:40.5571|0|DEBUG|Microsoft.EntityFrameworkCore.Database.Command|Created DbCommand for 'ExecuteReader' (0ms). 
2023-09-23 19:14:40.5571|0|DEBUG|Microsoft.EntityFrameworkCore.Database.Command|Initialized DbCommand for 'ExecuteReader' (0ms). 
2023-09-23 19:14:40.5571|0|DEBUG|Microsoft.EntityFrameworkCore.Database.Connection|Opening connection to database 'LuxeLooks' on server ''. 
2023-09-23 19:14:40.5571|0|DEBUG|Microsoft.EntityFrameworkCore.Database.Connection|Opened connection to database 'LuxeLooks' on server 'tcp://localhost:5432'. 
2023-09-23 19:14:40.5571|0|DEBUG|Microsoft.EntityFrameworkCore.Database.Command|Executing DbCommand [Parameters=[], CommandType='Text', CommandTimeout='30']
SELECT u."Id", u."Email", u."NormalizedUserName", u."PasswordHash", u."PasswordSalt", u."RefreshToken", u."RefreshTokenExpiryTime", u."RoleId", u."UserName"
FROM "Users" AS u 
2023-09-23 19:14:40.5571|0|INFO|Microsoft.EntityFrameworkCore.Database.Command|Executed DbCommand (1ms) [Parameters=[], CommandType='Text', CommandTimeout='30']
SELECT u."Id", u."Email", u."NormalizedUserName", u."PasswordHash", u."PasswordSalt", u."RefreshToken", u."RefreshTokenExpiryTime", u."RoleId", u."UserName"
FROM "Users" AS u 
2023-09-23 19:14:40.5571|0|DEBUG|Microsoft.EntityFrameworkCore.Database.Command|Closing data reader to 'LuxeLooks' on server 'tcp://localhost:5432'. 
2023-09-23 19:14:40.5571|0|DEBUG|Microsoft.EntityFrameworkCore.Database.Command|A data reader for 'LuxeLooks' on server 'tcp://localhost:5432' is being disposed after spending 0ms reading results. 
2023-09-23 19:14:40.5571|0|DEBUG|Microsoft.EntityFrameworkCore.Database.Connection|Closing connection to database 'LuxeLooks' on server 'tcp://localhost:5432'. 
2023-09-23 19:14:40.5571|0|DEBUG|Microsoft.EntityFrameworkCore.Database.Connection|Closed connection to database 'LuxeLooks' on server '' (0ms). 
2023-09-23 19:14:40.5571|0|DEBUG|Microsoft.EntityFrameworkCore.ChangeTracking|An entity of type 'User' tracked by 'ApplicationDbContext' changed state from 'Unchanged' to 'Modified'. Consider using 'DbContextOptionsBuilder.EnableSensitiveDataLogging' to see key values. 
2023-09-23 19:14:40.5571|0|DEBUG|Microsoft.EntityFrameworkCore.Update|SaveChanges starting for 'ApplicationDbContext'. 
2023-09-23 19:14:40.5571|0|DEBUG|Microsoft.EntityFrameworkCore.ChangeTracking|DetectChanges starting for 'ApplicationDbContext'. 
2023-09-23 19:14:40.5571|0|DEBUG|Microsoft.EntityFrameworkCore.ChangeTracking|DetectChanges completed for 'ApplicationDbContext'. 
2023-09-23 19:14:40.5767|0|DEBUG|Microsoft.EntityFrameworkCore.Database.Connection|Opening connection to database 'LuxeLooks' on server ''. 
2023-09-23 19:14:40.5767|0|DEBUG|Microsoft.EntityFrameworkCore.Database.Connection|Opened connection to database 'LuxeLooks' on server 'tcp://localhost:5432'. 
2023-09-23 19:14:40.5767|0|DEBUG|Microsoft.EntityFrameworkCore.Database.Command|Creating DbCommand for 'ExecuteReader'. 
2023-09-23 19:14:40.5767|0|DEBUG|Microsoft.EntityFrameworkCore.Database.Command|Created DbCommand for 'ExecuteReader' (0ms). 
2023-09-23 19:14:40.5767|0|DEBUG|Microsoft.EntityFrameworkCore.Database.Command|Initialized DbCommand for 'ExecuteReader' (0ms). 
2023-09-23 19:14:40.5767|0|DEBUG|Microsoft.EntityFrameworkCore.Database.Command|Executing DbCommand [Parameters=[@p8='?' (DbType = Guid), @p0='?', @p1='?', @p2='?', @p3='?', @p4='?', @p5='?' (DbType = DateTime), @p6='?' (DbType = Guid), @p7='?'], CommandType='Text', CommandTimeout='30']
UPDATE "Users" SET "Email" = @p0, "NormalizedUserName" = @p1, "PasswordHash" = @p2, "PasswordSalt" = @p3, "RefreshToken" = @p4, "RefreshTokenExpiryTime" = @p5, "RoleId" = @p6, "UserName" = @p7
WHERE "Id" = @p8; 
2023-09-23 19:14:40.5767|0|INFO|Microsoft.EntityFrameworkCore.Database.Command|Executed DbCommand (3ms) [Parameters=[@p8='?' (DbType = Guid), @p0='?', @p1='?', @p2='?', @p3='?', @p4='?', @p5='?' (DbType = DateTime), @p6='?' (DbType = Guid), @p7='?'], CommandType='Text', CommandTimeout='30']
UPDATE "Users" SET "Email" = @p0, "NormalizedUserName" = @p1, "PasswordHash" = @p2, "PasswordSalt" = @p3, "RefreshToken" = @p4, "RefreshTokenExpiryTime" = @p5, "RoleId" = @p6, "UserName" = @p7
WHERE "Id" = @p8; 
2023-09-23 19:14:40.5767|0|DEBUG|Microsoft.EntityFrameworkCore.Database.Command|Closing data reader to 'LuxeLooks' on server 'tcp://localhost:5432'. 
2023-09-23 19:14:40.5767|0|DEBUG|Microsoft.EntityFrameworkCore.Database.Command|A data reader for 'LuxeLooks' on server 'tcp://localhost:5432' is being disposed after spending 0ms reading results. 
2023-09-23 19:14:40.5767|0|DEBUG|Microsoft.EntityFrameworkCore.Database.Connection|Closing connection to database 'LuxeLooks' on server 'tcp://localhost:5432'. 
2023-09-23 19:14:40.5767|0|DEBUG|Microsoft.EntityFrameworkCore.Database.Connection|Closed connection to database 'LuxeLooks' on server '' (0ms). 
2023-09-23 19:14:40.5767|0|DEBUG|Microsoft.EntityFrameworkCore.ChangeTracking|An entity of type 'User' tracked by 'ApplicationDbContext' changed state from 'Modified' to 'Unchanged'. Consider using 'DbContextOptionsBuilder.EnableSensitiveDataLogging' to see key values. 
2023-09-23 19:14:40.5767|0|DEBUG|Microsoft.EntityFrameworkCore.Update|SaveChanges completed for 'ApplicationDbContext' with 1 entities written to the database. 
2023-09-23 19:14:40.5767|0|INFO|Microsoft.AspNetCore.Mvc.Infrastructure.ControllerActionInvoker|Executed action method LuxeLooks.Controllers.Account.AccountController.Register (LuxeLooks), returned result Microsoft.AspNetCore.Mvc.OkObjectResult in 2490.4508ms. 
2023-09-23 19:14:40.5767|0|TRACE|Microsoft.AspNetCore.Mvc.Infrastructure.ControllerActionInvoker|Action Filter: Before executing OnActionExecuted on filter Microsoft.AspNetCore.Mvc.Infrastructure.ModelStateInvalidFilter. 
2023-09-23 19:14:40.5767|0|TRACE|Microsoft.AspNetCore.Mvc.Infrastructure.ControllerActionInvoker|Action Filter: After executing OnActionExecuted on filter Microsoft.AspNetCore.Mvc.Infrastructure.ModelStateInvalidFilter. 
2023-09-23 19:14:40.5767|0|TRACE|Microsoft.AspNetCore.Mvc.Infrastructure.ControllerActionInvoker|Action Filter: Before executing OnActionExecuted on filter Microsoft.AspNetCore.Mvc.ModelBinding.UnsupportedContentTypeFilter. 
2023-09-23 19:14:40.5767|0|TRACE|Microsoft.AspNetCore.Mvc.Infrastructure.ControllerActionInvoker|Action Filter: After executing OnActionExecuted on filter Microsoft.AspNetCore.Mvc.ModelBinding.UnsupportedContentTypeFilter. 
2023-09-23 19:14:40.5767|0|TRACE|Microsoft.AspNetCore.Mvc.Infrastructure.ControllerActionInvoker|Result Filter: Before executing OnResultExecuting on filter Microsoft.AspNetCore.Mvc.Infrastructure.ClientErrorResultFilter. 
2023-09-23 19:14:40.5767|0|TRACE|Microsoft.AspNetCore.Mvc.Infrastructure.ControllerActionInvoker|Result Filter: After executing OnResultExecuting on filter Microsoft.AspNetCore.Mvc.Infrastructure.ClientErrorResultFilter. 
2023-09-23 19:14:40.5767|0|TRACE|Microsoft.AspNetCore.Mvc.Infrastructure.ControllerActionInvoker|Before executing action result Microsoft.AspNetCore.Mvc.OkObjectResult. 
2023-09-23 19:14:40.5767|0|DEBUG|Microsoft.AspNetCore.Mvc.Infrastructure.DefaultOutputFormatterSelector|List of registered output formatters, in the following order: Microsoft.AspNetCore.Mvc.Formatters.HttpNoContentOutputFormatter, Microsoft.AspNetCore.Mvc.Formatters.StringOutputFormatter, Microsoft.AspNetCore.Mvc.Formatters.StreamOutputFormatter, Microsoft.AspNetCore.Mvc.Formatters.SystemTextJsonOutputFormatter 
2023-09-23 19:14:40.5767|0|DEBUG|Microsoft.AspNetCore.Mvc.Infrastructure.DefaultOutputFormatterSelector|No information found on request to perform content negotiation. 
2023-09-23 19:14:40.5767|0|DEBUG|Microsoft.AspNetCore.Mvc.Infrastructure.DefaultOutputFormatterSelector|Attempting to select an output formatter without using a content type as no explicit content types were specified for the response. 
2023-09-23 19:14:40.5767|0|DEBUG|Microsoft.AspNetCore.Mvc.Infrastructure.DefaultOutputFormatterSelector|Attempting to select the first formatter in the output formatters list which can write the result. 
2023-09-23 19:14:40.5767|0|DEBUG|Microsoft.AspNetCore.Mvc.Infrastructure.DefaultOutputFormatterSelector|Selected output formatter 'Microsoft.AspNetCore.Mvc.Formatters.SystemTextJsonOutputFormatter' and content type 'application/json' to write the response. 
2023-09-23 19:14:40.5767|0|INFO|Microsoft.AspNetCore.Mvc.Infrastructure.ObjectResultExecutor|Executing OkObjectResult, writing value of type 'LuxeLooks.Domain.Models.Identity.AuthResponse'. 
2023-09-23 19:14:40.5950|0|TRACE|Microsoft.AspNetCore.Mvc.Infrastructure.ControllerActionInvoker|After executing action result Microsoft.AspNetCore.Mvc.OkObjectResult. 
2023-09-23 19:14:40.5950|0|TRACE|Microsoft.AspNetCore.Mvc.Infrastructure.ControllerActionInvoker|Result Filter: Before executing OnResultExecuted on filter Microsoft.AspNetCore.Mvc.Infrastructure.ClientErrorResultFilter. 
2023-09-23 19:14:40.5950|0|TRACE|Microsoft.AspNetCore.Mvc.Infrastructure.ControllerActionInvoker|Result Filter: After executing OnResultExecuted on filter Microsoft.AspNetCore.Mvc.Infrastructure.ClientErrorResultFilter. 
2023-09-23 19:14:40.5950|0|INFO|Microsoft.AspNetCore.Mvc.Infrastructure.ControllerActionInvoker|Executed action LuxeLooks.Controllers.Account.AccountController.Register (LuxeLooks) in 2531.1624ms 
2023-09-23 19:14:40.5950|0|INFO|Microsoft.AspNetCore.Routing.EndpointMiddleware|Executed endpoint 'LuxeLooks.Controllers.Account.AccountController.Register (LuxeLooks)' 
2023-09-23 19:14:40.5950|0|DEBUG|Microsoft.EntityFrameworkCore.Infrastructure|'ApplicationDbContext' disposed. 
2023-09-23 19:14:40.5950|0|DEBUG|Microsoft.EntityFrameworkCore.Database.Connection|Disposing connection to database 'LuxeLooks' on server ''. 
2023-09-23 19:14:40.5950|0|DEBUG|Microsoft.EntityFrameworkCore.Database.Connection|Disposed connection to database 'LuxeLooks' on server '' (1ms). 
2023-09-23 19:14:40.5950|0|INFO|Microsoft.AspNetCore.Hosting.Diagnostics|Request finished HTTP/1.1 POST https://localhost:44387/Account/Register application/json 91 - 200 - application/json;+charset=utf-8 2549.8473ms 
