2023-09-28 15:12:03.5504|0|DEBUG|Microsoft.EntityFrameworkCore.Infrastructure|An 'IServiceProvider' was created for internal use by Entity Framework. 
2023-09-28 15:12:04.4832|0|DEBUG|Microsoft.EntityFrameworkCore.Infrastructure|Entity Framework Core 7.0.11 initialized 'ApplicationDbContext' using provider 'Npgsql.EntityFrameworkCore.PostgreSQL:7.0.11+c25a0d7b68d66c6ab3849a3b4333964faea6adc9' with options: None 
2023-09-28 15:12:04.9522|0|DEBUG|Microsoft.EntityFrameworkCore.Database.Connection|Creating DbConnection. 
2023-09-28 15:12:04.9761|0|DEBUG|Microsoft.EntityFrameworkCore.Database.Connection|Created DbConnection. (24ms). 
2023-09-28 15:12:04.9761|0|DEBUG|Microsoft.EntityFrameworkCore.Database.Connection|Opening connection to database 'LuxeLooks' on server ''. 
2023-09-28 15:12:05.2546|0|DEBUG|Microsoft.EntityFrameworkCore.Database.Connection|Opened connection to database 'LuxeLooks' on server 'tcp://localhost:5432'. 
2023-09-28 15:12:05.2546|0|DEBUG|Microsoft.EntityFrameworkCore.Database.Connection|Closing connection to database 'LuxeLooks' on server 'tcp://localhost:5432'. 
2023-09-28 15:12:05.2662|0|DEBUG|Microsoft.EntityFrameworkCore.Database.Connection|Closed connection to database 'LuxeLooks' on server '' (6ms). 
2023-09-28 15:12:05.2662|0|DEBUG|Microsoft.EntityFrameworkCore.Database.Command|Creating DbCommand for 'ExecuteScalar'. 
2023-09-28 15:12:05.2797|0|DEBUG|Microsoft.EntityFrameworkCore.Database.Command|Created DbCommand for 'ExecuteScalar' (4ms). 
2023-09-28 15:12:05.2797|0|DEBUG|Microsoft.EntityFrameworkCore.Database.Command|Initialized DbCommand for 'ExecuteScalar' (10ms). 
2023-09-28 15:12:05.2797|0|DEBUG|Microsoft.EntityFrameworkCore.Database.Connection|Opening connection to database 'LuxeLooks' on server ''. 
2023-09-28 15:12:05.3783|0|DEBUG|Microsoft.EntityFrameworkCore.Database.Connection|Opened connection to database 'LuxeLooks' on server 'tcp://localhost:5432'. 
2023-09-28 15:12:05.3783|0|DEBUG|Microsoft.EntityFrameworkCore.Database.Command|Executing DbCommand [Parameters=[], CommandType='Text', CommandTimeout='30']
SELECT EXISTS (
    SELECT 1 FROM pg_catalog.pg_class c
    JOIN pg_catalog.pg_namespace n ON n.oid=c.relnamespace
    WHERE n.nspname='public' AND
          c.relname='__EFMigrationsHistory'
) 
2023-09-28 15:12:05.4282|0|INFO|Microsoft.EntityFrameworkCore.Database.Command|Executed DbCommand (46ms) [Parameters=[], CommandType='Text', CommandTimeout='30']
SELECT EXISTS (
    SELECT 1 FROM pg_catalog.pg_class c
    JOIN pg_catalog.pg_namespace n ON n.oid=c.relnamespace
    WHERE n.nspname='public' AND
          c.relname='__EFMigrationsHistory'
) 
2023-09-28 15:12:05.4282|0|DEBUG|Microsoft.EntityFrameworkCore.Database.Connection|Closing connection to database 'LuxeLooks' on server 'tcp://localhost:5432'. 
2023-09-28 15:12:05.4323|0|DEBUG|Microsoft.EntityFrameworkCore.Database.Connection|Closed connection to database 'LuxeLooks' on server '' (2ms). 
2023-09-28 15:12:05.4323|0|DEBUG|Microsoft.EntityFrameworkCore.Database.Command|Creating DbCommand for 'ExecuteReader'. 
2023-09-28 15:12:05.4323|0|DEBUG|Microsoft.EntityFrameworkCore.Database.Command|Created DbCommand for 'ExecuteReader' (0ms). 
2023-09-28 15:12:05.4323|0|DEBUG|Microsoft.EntityFrameworkCore.Database.Command|Initialized DbCommand for 'ExecuteReader' (0ms). 
2023-09-28 15:12:05.4323|0|DEBUG|Microsoft.EntityFrameworkCore.Database.Connection|Opening connection to database 'LuxeLooks' on server ''. 
2023-09-28 15:12:05.4323|0|DEBUG|Microsoft.EntityFrameworkCore.Database.Connection|Opened connection to database 'LuxeLooks' on server 'tcp://localhost:5432'. 
2023-09-28 15:12:05.4323|0|DEBUG|Microsoft.EntityFrameworkCore.Database.Command|Executing DbCommand [Parameters=[], CommandType='Text', CommandTimeout='30']
SELECT "MigrationId", "ProductVersion"
FROM "__EFMigrationsHistory"
ORDER BY "MigrationId"; 
2023-09-28 15:12:05.4567|0|INFO|Microsoft.EntityFrameworkCore.Database.Command|Executed DbCommand (7ms) [Parameters=[], CommandType='Text', CommandTimeout='30']
SELECT "MigrationId", "ProductVersion"
FROM "__EFMigrationsHistory"
ORDER BY "MigrationId"; 
2023-09-28 15:12:05.4567|0|DEBUG|Microsoft.EntityFrameworkCore.Database.Command|Closing data reader to 'LuxeLooks' on server 'tcp://localhost:5432'. 
2023-09-28 15:12:05.4567|0|DEBUG|Microsoft.EntityFrameworkCore.Database.Command|A data reader for 'LuxeLooks' on server 'tcp://localhost:5432' is being disposed after spending 5ms reading results. 
2023-09-28 15:12:05.4567|0|DEBUG|Microsoft.EntityFrameworkCore.Database.Connection|Closing connection to database 'LuxeLooks' on server 'tcp://localhost:5432'. 
2023-09-28 15:12:05.4567|0|DEBUG|Microsoft.EntityFrameworkCore.Database.Connection|Closed connection to database 'LuxeLooks' on server '' (0ms). 
2023-09-28 15:12:05.4567|0|DEBUG|Microsoft.EntityFrameworkCore.Migrations|Migrating using database 'LuxeLooks' on server ''. 
2023-09-28 15:12:05.4661|0|DEBUG|Microsoft.EntityFrameworkCore.Database.Connection|Opening connection to database 'LuxeLooks' on server ''. 
2023-09-28 15:12:05.5288|0|DEBUG|Microsoft.EntityFrameworkCore.Database.Connection|Opened connection to database 'LuxeLooks' on server 'tcp://localhost:5432'. 
2023-09-28 15:12:05.5288|0|DEBUG|Microsoft.EntityFrameworkCore.Database.Connection|Closing connection to database 'LuxeLooks' on server 'tcp://localhost:5432'. 
2023-09-28 15:12:05.5295|0|DEBUG|Microsoft.EntityFrameworkCore.Database.Connection|Closed connection to database 'LuxeLooks' on server '' (0ms). 
2023-09-28 15:12:05.5295|0|DEBUG|Microsoft.EntityFrameworkCore.Database.Command|Creating DbCommand for 'ExecuteScalar'. 
2023-09-28 15:12:05.5295|0|DEBUG|Microsoft.EntityFrameworkCore.Database.Command|Created DbCommand for 'ExecuteScalar' (0ms). 
2023-09-28 15:12:05.5295|0|DEBUG|Microsoft.EntityFrameworkCore.Database.Command|Initialized DbCommand for 'ExecuteScalar' (0ms). 
2023-09-28 15:12:05.5295|0|DEBUG|Microsoft.EntityFrameworkCore.Database.Connection|Opening connection to database 'LuxeLooks' on server ''. 
2023-09-28 15:12:05.5295|0|DEBUG|Microsoft.EntityFrameworkCore.Database.Connection|Opened connection to database 'LuxeLooks' on server 'tcp://localhost:5432'. 
2023-09-28 15:12:05.5295|0|DEBUG|Microsoft.EntityFrameworkCore.Database.Command|Executing DbCommand [Parameters=[], CommandType='Text', CommandTimeout='30']
SELECT EXISTS (
    SELECT 1 FROM pg_catalog.pg_class c
    JOIN pg_catalog.pg_namespace n ON n.oid=c.relnamespace
    WHERE n.nspname='public' AND
          c.relname='__EFMigrationsHistory'
) 
2023-09-28 15:12:05.5295|0|INFO|Microsoft.EntityFrameworkCore.Database.Command|Executed DbCommand (2ms) [Parameters=[], CommandType='Text', CommandTimeout='30']
SELECT EXISTS (
    SELECT 1 FROM pg_catalog.pg_class c
    JOIN pg_catalog.pg_namespace n ON n.oid=c.relnamespace
    WHERE n.nspname='public' AND
          c.relname='__EFMigrationsHistory'
) 
2023-09-28 15:12:05.5295|0|DEBUG|Microsoft.EntityFrameworkCore.Database.Connection|Closing connection to database 'LuxeLooks' on server 'tcp://localhost:5432'. 
2023-09-28 15:12:05.5295|0|DEBUG|Microsoft.EntityFrameworkCore.Database.Connection|Closed connection to database 'LuxeLooks' on server '' (0ms). 
2023-09-28 15:12:05.5295|0|DEBUG|Microsoft.EntityFrameworkCore.Database.Connection|Opening connection to database 'LuxeLooks' on server ''. 
2023-09-28 15:12:05.6070|0|DEBUG|Microsoft.EntityFrameworkCore.Database.Connection|Opened connection to database 'LuxeLooks' on server 'tcp://localhost:5432'. 
2023-09-28 15:12:05.6070|0|DEBUG|Microsoft.EntityFrameworkCore.Database.Connection|Closing connection to database 'LuxeLooks' on server 'tcp://localhost:5432'. 
2023-09-28 15:12:05.6070|0|DEBUG|Microsoft.EntityFrameworkCore.Database.Connection|Closed connection to database 'LuxeLooks' on server '' (0ms). 
2023-09-28 15:12:05.6070|0|DEBUG|Microsoft.EntityFrameworkCore.Database.Command|Creating DbCommand for 'ExecuteScalar'. 
2023-09-28 15:12:05.6070|0|DEBUG|Microsoft.EntityFrameworkCore.Database.Command|Created DbCommand for 'ExecuteScalar' (0ms). 
2023-09-28 15:12:05.6070|0|DEBUG|Microsoft.EntityFrameworkCore.Database.Command|Initialized DbCommand for 'ExecuteScalar' (0ms). 
2023-09-28 15:12:05.6070|0|DEBUG|Microsoft.EntityFrameworkCore.Database.Connection|Opening connection to database 'LuxeLooks' on server ''. 
2023-09-28 15:12:05.6070|0|DEBUG|Microsoft.EntityFrameworkCore.Database.Connection|Opened connection to database 'LuxeLooks' on server 'tcp://localhost:5432'. 
2023-09-28 15:12:05.6070|0|DEBUG|Microsoft.EntityFrameworkCore.Database.Command|Executing DbCommand [Parameters=[], CommandType='Text', CommandTimeout='30']
SELECT EXISTS (
    SELECT 1 FROM pg_catalog.pg_class c
    JOIN pg_catalog.pg_namespace n ON n.oid=c.relnamespace
    WHERE n.nspname='public' AND
          c.relname='__EFMigrationsHistory'
) 
2023-09-28 15:12:05.6094|0|INFO|Microsoft.EntityFrameworkCore.Database.Command|Executed DbCommand (1ms) [Parameters=[], CommandType='Text', CommandTimeout='30']
SELECT EXISTS (
    SELECT 1 FROM pg_catalog.pg_class c
    JOIN pg_catalog.pg_namespace n ON n.oid=c.relnamespace
    WHERE n.nspname='public' AND
          c.relname='__EFMigrationsHistory'
) 
2023-09-28 15:12:05.6094|0|DEBUG|Microsoft.EntityFrameworkCore.Database.Connection|Closing connection to database 'LuxeLooks' on server 'tcp://localhost:5432'. 
2023-09-28 15:12:05.6094|0|DEBUG|Microsoft.EntityFrameworkCore.Database.Connection|Closed connection to database 'LuxeLooks' on server '' (0ms). 
2023-09-28 15:12:05.6094|0|DEBUG|Microsoft.EntityFrameworkCore.Database.Command|Creating DbCommand for 'ExecuteReader'. 
2023-09-28 15:12:05.6094|0|DEBUG|Microsoft.EntityFrameworkCore.Database.Command|Created DbCommand for 'ExecuteReader' (0ms). 
2023-09-28 15:12:05.6094|0|DEBUG|Microsoft.EntityFrameworkCore.Database.Command|Initialized DbCommand for 'ExecuteReader' (0ms). 
2023-09-28 15:12:05.6094|0|DEBUG|Microsoft.EntityFrameworkCore.Database.Connection|Opening connection to database 'LuxeLooks' on server ''. 
2023-09-28 15:12:05.6094|0|DEBUG|Microsoft.EntityFrameworkCore.Database.Connection|Opened connection to database 'LuxeLooks' on server 'tcp://localhost:5432'. 
2023-09-28 15:12:05.6094|0|DEBUG|Microsoft.EntityFrameworkCore.Database.Command|Executing DbCommand [Parameters=[], CommandType='Text', CommandTimeout='30']
SELECT "MigrationId", "ProductVersion"
FROM "__EFMigrationsHistory"
ORDER BY "MigrationId"; 
2023-09-28 15:12:05.6094|0|INFO|Microsoft.EntityFrameworkCore.Database.Command|Executed DbCommand (1ms) [Parameters=[], CommandType='Text', CommandTimeout='30']
SELECT "MigrationId", "ProductVersion"
FROM "__EFMigrationsHistory"
ORDER BY "MigrationId"; 
2023-09-28 15:12:05.6094|0|DEBUG|Microsoft.EntityFrameworkCore.Database.Command|Closing data reader to 'LuxeLooks' on server 'tcp://localhost:5432'. 
2023-09-28 15:12:05.6094|0|DEBUG|Microsoft.EntityFrameworkCore.Database.Command|A data reader for 'LuxeLooks' on server 'tcp://localhost:5432' is being disposed after spending 0ms reading results. 
2023-09-28 15:12:05.6094|0|DEBUG|Microsoft.EntityFrameworkCore.Database.Connection|Closing connection to database 'LuxeLooks' on server 'tcp://localhost:5432'. 
2023-09-28 15:12:05.6094|0|DEBUG|Microsoft.EntityFrameworkCore.Database.Connection|Closed connection to database 'LuxeLooks' on server '' (0ms). 
2023-09-28 15:12:05.6094|0|INFO|Microsoft.EntityFrameworkCore.Migrations|Reverting migration '20230925194434_Initial'. 
2023-09-28 15:12:05.6270|0|DEBUG|Microsoft.EntityFrameworkCore.Database.Connection|Opening connection to database 'LuxeLooks' on server ''. 
2023-09-28 15:12:05.6270|0|DEBUG|Microsoft.EntityFrameworkCore.Database.Connection|Opened connection to database 'LuxeLooks' on server 'tcp://localhost:5432'. 
2023-09-28 15:12:05.6270|0|DEBUG|Microsoft.EntityFrameworkCore.Database.Transaction|Beginning transaction with isolation level 'Unspecified'. 
2023-09-28 15:12:05.6270|0|DEBUG|Microsoft.EntityFrameworkCore.Database.Transaction|Began transaction with isolation level 'ReadCommitted'. 
2023-09-28 15:12:05.6270|0|DEBUG|Microsoft.EntityFrameworkCore.Database.Command|Creating DbCommand for 'ExecuteNonQuery'. 
2023-09-28 15:12:05.6270|0|DEBUG|Microsoft.EntityFrameworkCore.Database.Command|Created DbCommand for 'ExecuteNonQuery' (0ms). 
2023-09-28 15:12:05.6270|0|DEBUG|Microsoft.EntityFrameworkCore.Database.Command|Initialized DbCommand for 'ExecuteNonQuery' (0ms). 
2023-09-28 15:12:05.6270|0|DEBUG|Microsoft.EntityFrameworkCore.Database.Command|Executing DbCommand [Parameters=[], CommandType='Text', CommandTimeout='30']
DROP TABLE "Orders"; 
2023-09-28 15:12:05.6626|0|INFO|Microsoft.EntityFrameworkCore.Database.Command|Executed DbCommand (29ms) [Parameters=[], CommandType='Text', CommandTimeout='30']
DROP TABLE "Orders"; 
2023-09-28 15:12:05.6626|0|DEBUG|Microsoft.EntityFrameworkCore.Database.Command|Creating DbCommand for 'ExecuteNonQuery'. 
2023-09-28 15:12:05.6626|0|DEBUG|Microsoft.EntityFrameworkCore.Database.Command|Created DbCommand for 'ExecuteNonQuery' (0ms). 
2023-09-28 15:12:05.6626|0|DEBUG|Microsoft.EntityFrameworkCore.Database.Command|Initialized DbCommand for 'ExecuteNonQuery' (0ms). 
2023-09-28 15:12:05.6626|0|DEBUG|Microsoft.EntityFrameworkCore.Database.Command|Executing DbCommand [Parameters=[], CommandType='Text', CommandTimeout='30']
DROP TABLE "Products"; 
2023-09-28 15:12:05.6626|0|INFO|Microsoft.EntityFrameworkCore.Database.Command|Executed DbCommand (2ms) [Parameters=[], CommandType='Text', CommandTimeout='30']
DROP TABLE "Products"; 
2023-09-28 15:12:05.6626|0|DEBUG|Microsoft.EntityFrameworkCore.Database.Command|Creating DbCommand for 'ExecuteNonQuery'. 
2023-09-28 15:12:05.6626|0|DEBUG|Microsoft.EntityFrameworkCore.Database.Command|Created DbCommand for 'ExecuteNonQuery' (0ms). 
2023-09-28 15:12:05.6626|0|DEBUG|Microsoft.EntityFrameworkCore.Database.Command|Initialized DbCommand for 'ExecuteNonQuery' (0ms). 
2023-09-28 15:12:05.6626|0|DEBUG|Microsoft.EntityFrameworkCore.Database.Command|Executing DbCommand [Parameters=[], CommandType='Text', CommandTimeout='30']
DROP TABLE "Roles"; 
2023-09-28 15:12:05.6626|0|INFO|Microsoft.EntityFrameworkCore.Database.Command|Executed DbCommand (2ms) [Parameters=[], CommandType='Text', CommandTimeout='30']
DROP TABLE "Roles"; 
2023-09-28 15:12:05.6626|0|DEBUG|Microsoft.EntityFrameworkCore.Database.Command|Creating DbCommand for 'ExecuteNonQuery'. 
2023-09-28 15:12:05.6626|0|DEBUG|Microsoft.EntityFrameworkCore.Database.Command|Created DbCommand for 'ExecuteNonQuery' (0ms). 
2023-09-28 15:12:05.6626|0|DEBUG|Microsoft.EntityFrameworkCore.Database.Command|Initialized DbCommand for 'ExecuteNonQuery' (0ms). 
2023-09-28 15:12:05.6626|0|DEBUG|Microsoft.EntityFrameworkCore.Database.Command|Executing DbCommand [Parameters=[], CommandType='Text', CommandTimeout='30']
DROP TABLE "Users"; 
2023-09-28 15:12:05.6626|0|INFO|Microsoft.EntityFrameworkCore.Database.Command|Executed DbCommand (2ms) [Parameters=[], CommandType='Text', CommandTimeout='30']
DROP TABLE "Users"; 
2023-09-28 15:12:05.6626|0|DEBUG|Microsoft.EntityFrameworkCore.Database.Command|Creating DbCommand for 'ExecuteNonQuery'. 
2023-09-28 15:12:05.6626|0|DEBUG|Microsoft.EntityFrameworkCore.Database.Command|Created DbCommand for 'ExecuteNonQuery' (0ms). 
2023-09-28 15:12:05.6626|0|DEBUG|Microsoft.EntityFrameworkCore.Database.Command|Initialized DbCommand for 'ExecuteNonQuery' (0ms). 
2023-09-28 15:12:05.6626|0|DEBUG|Microsoft.EntityFrameworkCore.Database.Command|Executing DbCommand [Parameters=[], CommandType='Text', CommandTimeout='30']
DELETE FROM "__EFMigrationsHistory"
WHERE "MigrationId" = '20230925194434_Initial'; 
2023-09-28 15:12:05.6764|0|INFO|Microsoft.EntityFrameworkCore.Database.Command|Executed DbCommand (6ms) [Parameters=[], CommandType='Text', CommandTimeout='30']
DELETE FROM "__EFMigrationsHistory"
WHERE "MigrationId" = '20230925194434_Initial'; 
2023-09-28 15:12:05.6764|0|DEBUG|Microsoft.EntityFrameworkCore.Database.Transaction|Committing transaction. 
2023-09-28 15:12:05.7118|0|DEBUG|Microsoft.EntityFrameworkCore.Database.Transaction|Committed transaction. 
2023-09-28 15:12:05.7118|0|DEBUG|Microsoft.EntityFrameworkCore.Database.Transaction|Disposing transaction. 
2023-09-28 15:12:05.7118|0|DEBUG|Microsoft.EntityFrameworkCore.Database.Connection|Closing connection to database 'LuxeLooks' on server 'tcp://localhost:5432'. 
2023-09-28 15:12:05.7118|0|DEBUG|Microsoft.EntityFrameworkCore.Database.Connection|Closed connection to database 'LuxeLooks' on server '' (0ms). 
2023-09-28 15:12:05.7253|0|DEBUG|Microsoft.EntityFrameworkCore.Infrastructure|'ApplicationDbContext' disposed. 
2023-09-28 15:12:05.7253|0|DEBUG|Microsoft.EntityFrameworkCore.Database.Connection|Disposing connection to database 'LuxeLooks' on server ''. 
2023-09-28 15:12:05.7253|0|DEBUG|Microsoft.EntityFrameworkCore.Database.Connection|Disposed connection to database 'LuxeLooks' on server '' (1ms). 
2023-09-28 15:12:22.4346|0|DEBUG|Microsoft.EntityFrameworkCore.Infrastructure|An 'IServiceProvider' was created for internal use by Entity Framework. 
2023-09-28 15:12:23.5948|0|DEBUG|Microsoft.EntityFrameworkCore.Infrastructure|Entity Framework Core 7.0.11 initialized 'ApplicationDbContext' using provider 'Npgsql.EntityFrameworkCore.PostgreSQL:7.0.11+c25a0d7b68d66c6ab3849a3b4333964faea6adc9' with options: None 
2023-09-28 15:12:24.1824|0|DEBUG|Microsoft.EntityFrameworkCore.Infrastructure|'ApplicationDbContext' disposed. 
2023-09-28 15:12:39.4389|0|DEBUG|Microsoft.EntityFrameworkCore.Infrastructure|An 'IServiceProvider' was created for internal use by Entity Framework. 
2023-09-28 15:12:40.4122|0|DEBUG|Microsoft.EntityFrameworkCore.Infrastructure|Entity Framework Core 7.0.11 initialized 'ApplicationDbContext' using provider 'Npgsql.EntityFrameworkCore.PostgreSQL:7.0.11+c25a0d7b68d66c6ab3849a3b4333964faea6adc9' with options: None 
2023-09-28 15:12:40.4122|0|DEBUG|Microsoft.EntityFrameworkCore.Database.Connection|Creating DbConnection. 
2023-09-28 15:12:40.4424|0|DEBUG|Microsoft.EntityFrameworkCore.Database.Connection|Created DbConnection. (23ms). 
2023-09-28 15:12:40.4424|0|DEBUG|Microsoft.EntityFrameworkCore.Database.Connection|Opening connection to database 'LuxeLooks' on server ''. 
2023-09-28 15:12:40.5818|0|DEBUG|Microsoft.EntityFrameworkCore.Database.Connection|Opened connection to database 'LuxeLooks' on server 'tcp://localhost:5432'. 
2023-09-28 15:12:40.5818|0|DEBUG|Microsoft.EntityFrameworkCore.Database.Connection|Closing connection to database 'LuxeLooks' on server 'tcp://localhost:5432'. 
2023-09-28 15:12:40.5898|0|DEBUG|Microsoft.EntityFrameworkCore.Database.Connection|Closed connection to database 'LuxeLooks' on server '' (4ms). 
2023-09-28 15:12:40.5898|0|DEBUG|Microsoft.EntityFrameworkCore.Database.Connection|Creating DbConnection. 
2023-09-28 15:12:40.5898|0|DEBUG|Microsoft.EntityFrameworkCore.Database.Connection|Created DbConnection. (0ms). 
2023-09-28 15:12:40.5898|0|DEBUG|Microsoft.EntityFrameworkCore.Database.Connection|Opening connection to database 'postgres' on server ''. 
2023-09-28 15:12:40.7230|0|DEBUG|Microsoft.EntityFrameworkCore.Database.Connection|Opened connection to database 'postgres' on server 'tcp://localhost:5432'. 
2023-09-28 15:12:40.7300|0|DEBUG|Microsoft.EntityFrameworkCore.Database.Command|Creating DbCommand for 'ExecuteNonQuery'. 
2023-09-28 15:12:40.7300|0|DEBUG|Microsoft.EntityFrameworkCore.Database.Command|Created DbCommand for 'ExecuteNonQuery' (6ms). 
2023-09-28 15:12:40.7300|0|DEBUG|Microsoft.EntityFrameworkCore.Database.Command|Initialized DbCommand for 'ExecuteNonQuery' (12ms). 
2023-09-28 15:12:40.7300|0|DEBUG|Microsoft.EntityFrameworkCore.Database.Command|Executing DbCommand [Parameters=[], CommandType='Text', CommandTimeout='30']
REVOKE CONNECT ON DATABASE "LuxeLooks" FROM PUBLIC;
SELECT pg_terminate_backend(pg_stat_activity.pid) FROM pg_stat_activity WHERE datname = 'LuxeLooks'; 
2023-09-28 15:12:40.7902|0|INFO|Microsoft.EntityFrameworkCore.Database.Command|Executed DbCommand (45ms) [Parameters=[], CommandType='Text', CommandTimeout='30']
REVOKE CONNECT ON DATABASE "LuxeLooks" FROM PUBLIC;
SELECT pg_terminate_backend(pg_stat_activity.pid) FROM pg_stat_activity WHERE datname = 'LuxeLooks'; 
2023-09-28 15:12:40.7902|0|DEBUG|Microsoft.EntityFrameworkCore.Database.Command|Creating DbCommand for 'ExecuteNonQuery'. 
2023-09-28 15:12:40.7902|0|DEBUG|Microsoft.EntityFrameworkCore.Database.Command|Created DbCommand for 'ExecuteNonQuery' (0ms). 
2023-09-28 15:12:40.7902|0|DEBUG|Microsoft.EntityFrameworkCore.Database.Command|Initialized DbCommand for 'ExecuteNonQuery' (0ms). 
2023-09-28 15:12:40.7902|0|DEBUG|Microsoft.EntityFrameworkCore.Database.Command|Executing DbCommand [Parameters=[], CommandType='Text', CommandTimeout='30']
DROP DATABASE "LuxeLooks"; 
2023-09-28 15:12:41.1068|0|INFO|Microsoft.EntityFrameworkCore.Database.Command|Executed DbCommand (313ms) [Parameters=[], CommandType='Text', CommandTimeout='30']
DROP DATABASE "LuxeLooks"; 
2023-09-28 15:12:41.1068|0|DEBUG|Microsoft.EntityFrameworkCore.Database.Connection|Closing connection to database 'postgres' on server 'tcp://localhost:5432'. 
2023-09-28 15:12:41.1068|0|DEBUG|Microsoft.EntityFrameworkCore.Database.Connection|Closed connection to database 'postgres' on server '' (0ms). 
2023-09-28 15:12:41.1087|0|DEBUG|Microsoft.EntityFrameworkCore.Database.Connection|Disposing connection to database 'postgres' on server ''. 
2023-09-28 15:12:41.1087|0|DEBUG|Microsoft.EntityFrameworkCore.Database.Connection|Disposed connection to database 'postgres' on server '' (0ms). 
2023-09-28 15:12:41.1087|0|DEBUG|Microsoft.EntityFrameworkCore.Infrastructure|'ApplicationDbContext' disposed. 
2023-09-28 15:12:41.1087|0|DEBUG|Microsoft.EntityFrameworkCore.Database.Connection|Disposing connection to database 'LuxeLooks' on server ''. 
2023-09-28 15:12:41.1087|0|DEBUG|Microsoft.EntityFrameworkCore.Database.Connection|Disposed connection to database 'LuxeLooks' on server '' (0ms). 
2023-09-28 15:13:22.8333|0|DEBUG|Microsoft.EntityFrameworkCore.Infrastructure|An 'IServiceProvider' was created for internal use by Entity Framework. 
2023-09-28 15:13:23.7533|0|DEBUG|Microsoft.EntityFrameworkCore.Infrastructure|Entity Framework Core 7.0.11 initialized 'ApplicationDbContext' using provider 'Npgsql.EntityFrameworkCore.PostgreSQL:7.0.11+c25a0d7b68d66c6ab3849a3b4333964faea6adc9' with options: None 
2023-09-28 15:13:23.7692|0|DEBUG|Microsoft.EntityFrameworkCore.Database.Connection|Creating DbConnection. 
2023-09-28 15:13:23.7989|0|DEBUG|Microsoft.EntityFrameworkCore.Database.Connection|Created DbConnection. (28ms). 
2023-09-28 15:13:23.7989|0|DEBUG|Microsoft.EntityFrameworkCore.Migrations|Migrating using database 'LuxeLooks' on server ''. 
2023-09-28 15:13:23.7989|0|DEBUG|Microsoft.EntityFrameworkCore.Database.Connection|Opening connection to database 'LuxeLooks' on server ''. 
2023-09-28 15:13:23.8906|0|DEBUG|Microsoft.EntityFrameworkCore.Database.Connection|An error occurred using the connection to database 'LuxeLooks' on server ''. 
2023-09-28 15:13:23.8906|0|DEBUG|Microsoft.EntityFrameworkCore.Database.Connection|Opening connection to database 'LuxeLooks' on server ''. 
2023-09-28 15:13:23.9363|0|DEBUG|Microsoft.EntityFrameworkCore.Database.Connection|An error occurred using the connection to database 'LuxeLooks' on server ''. 
2023-09-28 15:13:24.3390|0|DEBUG|Microsoft.EntityFrameworkCore.Database.Connection|Creating DbConnection. 
2023-09-28 15:13:24.3390|0|DEBUG|Microsoft.EntityFrameworkCore.Database.Connection|Created DbConnection. (0ms). 
2023-09-28 15:13:24.3390|0|DEBUG|Microsoft.EntityFrameworkCore.Database.Connection|Opening connection to database 'postgres' on server ''. 
2023-09-28 15:13:24.4382|0|DEBUG|Microsoft.EntityFrameworkCore.Database.Connection|Opened connection to database 'postgres' on server 'tcp://localhost:5432'. 
2023-09-28 15:13:24.4382|0|DEBUG|Microsoft.EntityFrameworkCore.Database.Command|Creating DbCommand for 'ExecuteNonQuery'. 
2023-09-28 15:13:24.4382|0|DEBUG|Microsoft.EntityFrameworkCore.Database.Command|Created DbCommand for 'ExecuteNonQuery' (3ms). 
2023-09-28 15:13:24.4382|0|DEBUG|Microsoft.EntityFrameworkCore.Database.Command|Initialized DbCommand for 'ExecuteNonQuery' (5ms). 
2023-09-28 15:13:24.4382|0|DEBUG|Microsoft.EntityFrameworkCore.Database.Command|Executing DbCommand [Parameters=[], CommandType='Text', CommandTimeout='30']
CREATE DATABASE "LuxeLooks"; 
2023-09-28 15:13:25.0711|0|INFO|Microsoft.EntityFrameworkCore.Database.Command|Executed DbCommand (616ms) [Parameters=[], CommandType='Text', CommandTimeout='30']
CREATE DATABASE "LuxeLooks"; 
2023-09-28 15:13:25.0752|0|DEBUG|Microsoft.EntityFrameworkCore.Database.Connection|Closing connection to database 'postgres' on server 'tcp://localhost:5432'. 
2023-09-28 15:13:25.0879|0|DEBUG|Microsoft.EntityFrameworkCore.Database.Connection|Closed connection to database 'postgres' on server '' (6ms). 
2023-09-28 15:13:25.0879|0|DEBUG|Microsoft.EntityFrameworkCore.Database.Connection|Disposing connection to database 'postgres' on server ''. 
2023-09-28 15:13:25.0879|0|DEBUG|Microsoft.EntityFrameworkCore.Database.Connection|Disposed connection to database 'postgres' on server '' (1ms). 
2023-09-28 15:13:25.0879|0|DEBUG|Microsoft.EntityFrameworkCore.Database.Connection|Opening connection to database 'LuxeLooks' on server ''. 
2023-09-28 15:13:25.2306|0|DEBUG|Microsoft.EntityFrameworkCore.Database.Connection|Opened connection to database 'LuxeLooks' on server 'tcp://localhost:5432'. 
2023-09-28 15:13:25.2306|0|DEBUG|Microsoft.EntityFrameworkCore.Database.Connection|Closing connection to database 'LuxeLooks' on server 'tcp://localhost:5432'. 
2023-09-28 15:13:25.2306|0|DEBUG|Microsoft.EntityFrameworkCore.Database.Connection|Closed connection to database 'LuxeLooks' on server '' (0ms). 
2023-09-28 15:13:25.2888|0|DEBUG|Microsoft.EntityFrameworkCore.Database.Command|Creating DbCommand for 'ExecuteNonQuery'. 
2023-09-28 15:13:25.2888|0|DEBUG|Microsoft.EntityFrameworkCore.Database.Command|Created DbCommand for 'ExecuteNonQuery' (0ms). 
2023-09-28 15:13:25.2888|0|DEBUG|Microsoft.EntityFrameworkCore.Database.Command|Initialized DbCommand for 'ExecuteNonQuery' (0ms). 
2023-09-28 15:13:25.2888|0|DEBUG|Microsoft.EntityFrameworkCore.Database.Connection|Opening connection to database 'LuxeLooks' on server ''. 
2023-09-28 15:13:25.4871|0|DEBUG|Microsoft.EntityFrameworkCore.Database.Connection|Opened connection to database 'LuxeLooks' on server 'tcp://localhost:5432'. 
2023-09-28 15:13:25.4871|0|DEBUG|Microsoft.EntityFrameworkCore.Database.Command|Executing DbCommand [Parameters=[], CommandType='Text', CommandTimeout='30']
CREATE TABLE "__EFMigrationsHistory" (
    "MigrationId" character varying(150) NOT NULL,
    "ProductVersion" character varying(32) NOT NULL,
    CONSTRAINT "PK___EFMigrationsHistory" PRIMARY KEY ("MigrationId")
); 
2023-09-28 15:13:25.5025|0|INFO|Microsoft.EntityFrameworkCore.Database.Command|Executed DbCommand (15ms) [Parameters=[], CommandType='Text', CommandTimeout='30']
CREATE TABLE "__EFMigrationsHistory" (
    "MigrationId" character varying(150) NOT NULL,
    "ProductVersion" character varying(32) NOT NULL,
    CONSTRAINT "PK___EFMigrationsHistory" PRIMARY KEY ("MigrationId")
); 
2023-09-28 15:13:25.5025|0|DEBUG|Microsoft.EntityFrameworkCore.Database.Connection|Closing connection to database 'LuxeLooks' on server 'tcp://localhost:5432'. 
2023-09-28 15:13:25.5025|0|DEBUG|Microsoft.EntityFrameworkCore.Database.Connection|Closed connection to database 'LuxeLooks' on server '' (1ms). 
2023-09-28 15:13:25.5025|0|DEBUG|Microsoft.EntityFrameworkCore.Database.Connection|Opening connection to database 'LuxeLooks' on server ''. 
2023-09-28 15:13:25.5509|0|DEBUG|Microsoft.EntityFrameworkCore.Database.Connection|Opened connection to database 'LuxeLooks' on server 'tcp://localhost:5432'. 
2023-09-28 15:13:25.5509|0|DEBUG|Microsoft.EntityFrameworkCore.Database.Connection|Closing connection to database 'LuxeLooks' on server 'tcp://localhost:5432'. 
2023-09-28 15:13:25.5509|0|DEBUG|Microsoft.EntityFrameworkCore.Database.Connection|Closed connection to database 'LuxeLooks' on server '' (0ms). 
2023-09-28 15:13:25.5509|0|DEBUG|Microsoft.EntityFrameworkCore.Database.Command|Creating DbCommand for 'ExecuteScalar'. 
2023-09-28 15:13:25.5509|0|DEBUG|Microsoft.EntityFrameworkCore.Database.Command|Created DbCommand for 'ExecuteScalar' (0ms). 
2023-09-28 15:13:25.5509|0|DEBUG|Microsoft.EntityFrameworkCore.Database.Command|Initialized DbCommand for 'ExecuteScalar' (0ms). 
2023-09-28 15:13:25.5509|0|DEBUG|Microsoft.EntityFrameworkCore.Database.Connection|Opening connection to database 'LuxeLooks' on server ''. 
2023-09-28 15:13:25.5509|0|DEBUG|Microsoft.EntityFrameworkCore.Database.Connection|Opened connection to database 'LuxeLooks' on server 'tcp://localhost:5432'. 
2023-09-28 15:13:25.5509|0|DEBUG|Microsoft.EntityFrameworkCore.Database.Command|Executing DbCommand [Parameters=[], CommandType='Text', CommandTimeout='30']
SELECT EXISTS (
    SELECT 1 FROM pg_catalog.pg_class c
    JOIN pg_catalog.pg_namespace n ON n.oid=c.relnamespace
    WHERE n.nspname='public' AND
          c.relname='__EFMigrationsHistory'
) 
2023-09-28 15:13:25.5707|0|INFO|Microsoft.EntityFrameworkCore.Database.Command|Executed DbCommand (16ms) [Parameters=[], CommandType='Text', CommandTimeout='30']
SELECT EXISTS (
    SELECT 1 FROM pg_catalog.pg_class c
    JOIN pg_catalog.pg_namespace n ON n.oid=c.relnamespace
    WHERE n.nspname='public' AND
          c.relname='__EFMigrationsHistory'
) 
2023-09-28 15:13:25.5707|0|DEBUG|Microsoft.EntityFrameworkCore.Database.Connection|Closing connection to database 'LuxeLooks' on server 'tcp://localhost:5432'. 
2023-09-28 15:13:25.5707|0|DEBUG|Microsoft.EntityFrameworkCore.Database.Connection|Closed connection to database 'LuxeLooks' on server '' (0ms). 
2023-09-28 15:13:25.5707|0|DEBUG|Microsoft.EntityFrameworkCore.Database.Command|Creating DbCommand for 'ExecuteReader'. 
2023-09-28 15:13:25.5707|0|DEBUG|Microsoft.EntityFrameworkCore.Database.Command|Created DbCommand for 'ExecuteReader' (0ms). 
2023-09-28 15:13:25.5707|0|DEBUG|Microsoft.EntityFrameworkCore.Database.Command|Initialized DbCommand for 'ExecuteReader' (0ms). 
2023-09-28 15:13:25.5707|0|DEBUG|Microsoft.EntityFrameworkCore.Database.Connection|Opening connection to database 'LuxeLooks' on server ''. 
2023-09-28 15:13:25.5707|0|DEBUG|Microsoft.EntityFrameworkCore.Database.Connection|Opened connection to database 'LuxeLooks' on server 'tcp://localhost:5432'. 
2023-09-28 15:13:25.5707|0|DEBUG|Microsoft.EntityFrameworkCore.Database.Command|Executing DbCommand [Parameters=[], CommandType='Text', CommandTimeout='30']
SELECT "MigrationId", "ProductVersion"
FROM "__EFMigrationsHistory"
ORDER BY "MigrationId"; 
2023-09-28 15:13:25.5707|0|INFO|Microsoft.EntityFrameworkCore.Database.Command|Executed DbCommand (2ms) [Parameters=[], CommandType='Text', CommandTimeout='30']
SELECT "MigrationId", "ProductVersion"
FROM "__EFMigrationsHistory"
ORDER BY "MigrationId"; 
2023-09-28 15:13:25.5707|0|DEBUG|Microsoft.EntityFrameworkCore.Database.Command|Closing data reader to 'LuxeLooks' on server 'tcp://localhost:5432'. 
2023-09-28 15:13:25.5707|0|DEBUG|Microsoft.EntityFrameworkCore.Database.Command|A data reader for 'LuxeLooks' on server 'tcp://localhost:5432' is being disposed after spending 2ms reading results. 
2023-09-28 15:13:25.5707|0|DEBUG|Microsoft.EntityFrameworkCore.Database.Connection|Closing connection to database 'LuxeLooks' on server 'tcp://localhost:5432'. 
2023-09-28 15:13:25.5707|0|DEBUG|Microsoft.EntityFrameworkCore.Database.Connection|Closed connection to database 'LuxeLooks' on server '' (0ms). 
2023-09-28 15:13:25.5929|0|INFO|Microsoft.EntityFrameworkCore.Migrations|Applying migration '20230928121224_Initial'. 
2023-09-28 15:13:25.6246|0|DEBUG|Microsoft.EntityFrameworkCore.Database.Connection|Opening connection to database 'LuxeLooks' on server ''. 
2023-09-28 15:13:25.6246|0|DEBUG|Microsoft.EntityFrameworkCore.Database.Connection|Opened connection to database 'LuxeLooks' on server 'tcp://localhost:5432'. 
2023-09-28 15:13:25.6246|0|DEBUG|Microsoft.EntityFrameworkCore.Database.Transaction|Beginning transaction with isolation level 'Unspecified'. 
2023-09-28 15:13:25.6246|0|DEBUG|Microsoft.EntityFrameworkCore.Database.Transaction|Began transaction with isolation level 'ReadCommitted'. 
2023-09-28 15:13:25.6294|0|DEBUG|Microsoft.EntityFrameworkCore.Database.Command|Creating DbCommand for 'ExecuteNonQuery'. 
2023-09-28 15:13:25.6294|0|DEBUG|Microsoft.EntityFrameworkCore.Database.Command|Created DbCommand for 'ExecuteNonQuery' (0ms). 
2023-09-28 15:13:25.6294|0|DEBUG|Microsoft.EntityFrameworkCore.Database.Command|Initialized DbCommand for 'ExecuteNonQuery' (0ms). 
2023-09-28 15:13:25.6294|0|DEBUG|Microsoft.EntityFrameworkCore.Database.Command|Executing DbCommand [Parameters=[], CommandType='Text', CommandTimeout='30']
CREATE TABLE "Orders" (
    "Id" uuid NOT NULL,
    "Name" text NULL,
    "Email" text NOT NULL,
    "Address" text NULL,
    "ProductsIds" uuid[] NOT NULL,
    "Price" numeric NOT NULL,
    "Status" integer NOT NULL,
    "UserId" uuid NOT NULL,
    "CreateTime" timestamp with time zone NOT NULL,
    CONSTRAINT "PK_Orders" PRIMARY KEY ("Id")
); 
2023-09-28 15:13:25.6294|0|INFO|Microsoft.EntityFrameworkCore.Database.Command|Executed DbCommand (7ms) [Parameters=[], CommandType='Text', CommandTimeout='30']
CREATE TABLE "Orders" (
    "Id" uuid NOT NULL,
    "Name" text NULL,
    "Email" text NOT NULL,
    "Address" text NULL,
    "ProductsIds" uuid[] NOT NULL,
    "Price" numeric NOT NULL,
    "Status" integer NOT NULL,
    "UserId" uuid NOT NULL,
    "CreateTime" timestamp with time zone NOT NULL,
    CONSTRAINT "PK_Orders" PRIMARY KEY ("Id")
); 
2023-09-28 15:13:25.6294|0|DEBUG|Microsoft.EntityFrameworkCore.Database.Command|Creating DbCommand for 'ExecuteNonQuery'. 
2023-09-28 15:13:25.6294|0|DEBUG|Microsoft.EntityFrameworkCore.Database.Command|Created DbCommand for 'ExecuteNonQuery' (0ms). 
2023-09-28 15:13:25.6294|0|DEBUG|Microsoft.EntityFrameworkCore.Database.Command|Initialized DbCommand for 'ExecuteNonQuery' (0ms). 
2023-09-28 15:13:25.6294|0|DEBUG|Microsoft.EntityFrameworkCore.Database.Command|Executing DbCommand [Parameters=[], CommandType='Text', CommandTimeout='30']
CREATE TABLE "Products" (
    "Id" uuid NOT NULL,
    "Price" numeric NULL,
    "Name" text NULL,
    "Description" text NULL,
    "Type" integer NOT NULL,
    "ImageUrl" text NULL,
    "IsForMen" boolean NOT NULL,
    "IsForKids" boolean NOT NULL,
    CONSTRAINT "PK_Products" PRIMARY KEY ("Id")
); 
2023-09-28 15:13:25.6294|0|INFO|Microsoft.EntityFrameworkCore.Database.Command|Executed DbCommand (5ms) [Parameters=[], CommandType='Text', CommandTimeout='30']
CREATE TABLE "Products" (
    "Id" uuid NOT NULL,
    "Price" numeric NULL,
    "Name" text NULL,
    "Description" text NULL,
    "Type" integer NOT NULL,
    "ImageUrl" text NULL,
    "IsForMen" boolean NOT NULL,
    "IsForKids" boolean NOT NULL,
    CONSTRAINT "PK_Products" PRIMARY KEY ("Id")
); 
2023-09-28 15:13:25.6294|0|DEBUG|Microsoft.EntityFrameworkCore.Database.Command|Creating DbCommand for 'ExecuteNonQuery'. 
2023-09-28 15:13:25.6294|0|DEBUG|Microsoft.EntityFrameworkCore.Database.Command|Created DbCommand for 'ExecuteNonQuery' (0ms). 
2023-09-28 15:13:25.6294|0|DEBUG|Microsoft.EntityFrameworkCore.Database.Command|Initialized DbCommand for 'ExecuteNonQuery' (0ms). 
2023-09-28 15:13:25.6294|0|DEBUG|Microsoft.EntityFrameworkCore.Database.Command|Executing DbCommand [Parameters=[], CommandType='Text', CommandTimeout='30']
CREATE TABLE "Roles" (
    "Id" uuid NOT NULL,
    "RoleName" text NOT NULL,
    "NormalizedRoleName" text NOT NULL,
    CONSTRAINT "PK_Roles" PRIMARY KEY ("Id")
); 
2023-09-28 15:13:25.6493|0|INFO|Microsoft.EntityFrameworkCore.Database.Command|Executed DbCommand (7ms) [Parameters=[], CommandType='Text', CommandTimeout='30']
CREATE TABLE "Roles" (
    "Id" uuid NOT NULL,
    "RoleName" text NOT NULL,
    "NormalizedRoleName" text NOT NULL,
    CONSTRAINT "PK_Roles" PRIMARY KEY ("Id")
); 
2023-09-28 15:13:25.6493|0|DEBUG|Microsoft.EntityFrameworkCore.Database.Command|Creating DbCommand for 'ExecuteNonQuery'. 
2023-09-28 15:13:25.6493|0|DEBUG|Microsoft.EntityFrameworkCore.Database.Command|Created DbCommand for 'ExecuteNonQuery' (0ms). 
2023-09-28 15:13:25.6493|0|DEBUG|Microsoft.EntityFrameworkCore.Database.Command|Initialized DbCommand for 'ExecuteNonQuery' (0ms). 
2023-09-28 15:13:25.6493|0|DEBUG|Microsoft.EntityFrameworkCore.Database.Command|Executing DbCommand [Parameters=[], CommandType='Text', CommandTimeout='30']
CREATE TABLE "Users" (
    "Id" uuid NOT NULL,
    "UserName" text NOT NULL,
    "NormalizedUserName" text NOT NULL,
    "Email" text NOT NULL,
    "PasswordHash" text NOT NULL,
    "RoleId" uuid NOT NULL,
    "RefreshToken" text NULL,
    "RefreshTokenExpiryTime" timestamp with time zone NOT NULL,
    "PasswordSalt" text NOT NULL,
    CONSTRAINT "PK_Users" PRIMARY KEY ("Id")
); 
2023-09-28 15:13:25.6493|0|INFO|Microsoft.EntityFrameworkCore.Database.Command|Executed DbCommand (6ms) [Parameters=[], CommandType='Text', CommandTimeout='30']
CREATE TABLE "Users" (
    "Id" uuid NOT NULL,
    "UserName" text NOT NULL,
    "NormalizedUserName" text NOT NULL,
    "Email" text NOT NULL,
    "PasswordHash" text NOT NULL,
    "RoleId" uuid NOT NULL,
    "RefreshToken" text NULL,
    "RefreshTokenExpiryTime" timestamp with time zone NOT NULL,
    "PasswordSalt" text NOT NULL,
    CONSTRAINT "PK_Users" PRIMARY KEY ("Id")
); 
2023-09-28 15:13:25.6493|0|DEBUG|Microsoft.EntityFrameworkCore.Database.Command|Creating DbCommand for 'ExecuteNonQuery'. 
2023-09-28 15:13:25.6493|0|DEBUG|Microsoft.EntityFrameworkCore.Database.Command|Created DbCommand for 'ExecuteNonQuery' (0ms). 
2023-09-28 15:13:25.6493|0|DEBUG|Microsoft.EntityFrameworkCore.Database.Command|Initialized DbCommand for 'ExecuteNonQuery' (0ms). 
2023-09-28 15:13:25.6493|0|DEBUG|Microsoft.EntityFrameworkCore.Database.Command|Executing DbCommand [Parameters=[], CommandType='Text', CommandTimeout='30']
INSERT INTO "Products" ("Id", "Description", "ImageUrl", "IsForKids", "IsForMen", "Name", "Price", "Type")
VALUES ('03ced595-265e-495a-b123-d371c0d46c24', 'Стильная куртка для мальчика из коллекции OUTERWEAR BOY JUNIOR станет идеальным выбором для повседневного отдыхам в холодное время года. Мембранная куртка оснащена флисовой подкладкой, светоотражающими элементами икарманами для любимых мелочей. Рукава отделаны эластичной манжетой, которая сохранит тепло в холодное время года.', 'https://buslik.by/upload/resize_cache/iblock/a17/486_568_1/ld3wu2gwzmuhvkb6i1uam369xu4n5ow6.jpg', TRUE, TRUE, 'Куртка для мальчика OUTERWEAR BOY JUNIOR', 104.9, 0);
INSERT INTO "Products" ("Id", "Description", "ImageUrl", "IsForKids", "IsForMen", "Name", "Price", "Type")
VALUES ('42b4e367-16a8-4a03-ba3f-d729c2535a86', 'Super baggy fit jeans with a five-pocket design, belt loops, and a zip fly and top button fastening. Made from 100% cotton', 'https://static.pullandbear.net/2/photos//2023/I/0/2/p/7688/526/427/03/7688526427_2_6_8.jpg?t=1689251224432&imwidth=850', FALSE, TRUE, 'SUPER BAGGY JEANS', 129.0, 10);
INSERT INTO "Products" ("Id", "Description", "ImageUrl", "IsForKids", "IsForMen", "Name", "Price", "Type")
VALUES ('7b23b319-6d1d-4317-abd4-76e9a64ea7fa', 'Flat Mary Jane shoes. Available in several colours. Patent effect. Chunky sole. Buckled front strap.', 'https://static.pullandbear.net/2/photos//2023/I/1/1/p/1473/240/022/1473240022_2_1_8.jpg?t=1692269215615&imwidth=375', FALSE, FALSE, 'CHUNKY SOLE FLAT SHOES', 149.0, 2);
INSERT INTO "Products" ("Id", "Description", "ImageUrl", "IsForKids", "IsForMen", "Name", "Price", "Type")
VALUES ('7c7b8cf9-1212-42fa-8b67-637464359062', 'Oversized fit wide-leg low-rise baggy jeans with a five-pocket design, belt loops, a zip fly and top button fastening and faded details. Made from cotton.', 'https://static.pullandbear.net/2/photos//2023/I/0/1/p/7688/309/427/7688309427_2_1_8.jpg?t=1691508453560&imwidth=375', FALSE, FALSE, 'ДЖИНСЫ ОВЕРСАЙЗ СВОБОДНОГО КРОЯ', 129.0, 10); 
2023-09-28 15:13:25.6493|0|INFO|Microsoft.EntityFrameworkCore.Database.Command|Executed DbCommand (4ms) [Parameters=[], CommandType='Text', CommandTimeout='30']
INSERT INTO "Products" ("Id", "Description", "ImageUrl", "IsForKids", "IsForMen", "Name", "Price", "Type")
VALUES ('03ced595-265e-495a-b123-d371c0d46c24', 'Стильная куртка для мальчика из коллекции OUTERWEAR BOY JUNIOR станет идеальным выбором для повседневного отдыхам в холодное время года. Мембранная куртка оснащена флисовой подкладкой, светоотражающими элементами икарманами для любимых мелочей. Рукава отделаны эластичной манжетой, которая сохранит тепло в холодное время года.', 'https://buslik.by/upload/resize_cache/iblock/a17/486_568_1/ld3wu2gwzmuhvkb6i1uam369xu4n5ow6.jpg', TRUE, TRUE, 'Куртка для мальчика OUTERWEAR BOY JUNIOR', 104.9, 0);
INSERT INTO "Products" ("Id", "Description", "ImageUrl", "IsForKids", "IsForMen", "Name", "Price", "Type")
VALUES ('42b4e367-16a8-4a03-ba3f-d729c2535a86', 'Super baggy fit jeans with a five-pocket design, belt loops, and a zip fly and top button fastening. Made from 100% cotton', 'https://static.pullandbear.net/2/photos//2023/I/0/2/p/7688/526/427/03/7688526427_2_6_8.jpg?t=1689251224432&imwidth=850', FALSE, TRUE, 'SUPER BAGGY JEANS', 129.0, 10);
INSERT INTO "Products" ("Id", "Description", "ImageUrl", "IsForKids", "IsForMen", "Name", "Price", "Type")
VALUES ('7b23b319-6d1d-4317-abd4-76e9a64ea7fa', 'Flat Mary Jane shoes. Available in several colours. Patent effect. Chunky sole. Buckled front strap.', 'https://static.pullandbear.net/2/photos//2023/I/1/1/p/1473/240/022/1473240022_2_1_8.jpg?t=1692269215615&imwidth=375', FALSE, FALSE, 'CHUNKY SOLE FLAT SHOES', 149.0, 2);
INSERT INTO "Products" ("Id", "Description", "ImageUrl", "IsForKids", "IsForMen", "Name", "Price", "Type")
VALUES ('7c7b8cf9-1212-42fa-8b67-637464359062', 'Oversized fit wide-leg low-rise baggy jeans with a five-pocket design, belt loops, a zip fly and top button fastening and faded details. Made from cotton.', 'https://static.pullandbear.net/2/photos//2023/I/0/1/p/7688/309/427/7688309427_2_1_8.jpg?t=1691508453560&imwidth=375', FALSE, FALSE, 'ДЖИНСЫ ОВЕРСАЙЗ СВОБОДНОГО КРОЯ', 129.0, 10); 
2023-09-28 15:13:25.6493|0|DEBUG|Microsoft.EntityFrameworkCore.Database.Command|Creating DbCommand for 'ExecuteNonQuery'. 
2023-09-28 15:13:25.6493|0|DEBUG|Microsoft.EntityFrameworkCore.Database.Command|Created DbCommand for 'ExecuteNonQuery' (0ms). 
2023-09-28 15:13:25.6493|0|DEBUG|Microsoft.EntityFrameworkCore.Database.Command|Initialized DbCommand for 'ExecuteNonQuery' (0ms). 
2023-09-28 15:13:25.6493|0|DEBUG|Microsoft.EntityFrameworkCore.Database.Command|Executing DbCommand [Parameters=[], CommandType='Text', CommandTimeout='30']
INSERT INTO "Roles" ("Id", "NormalizedRoleName", "RoleName")
VALUES ('44546e06-8719-4ad8-b88a-f271ae9d6abe', 'RESIDENT', 'Resident');
INSERT INTO "Roles" ("Id", "NormalizedRoleName", "RoleName")
VALUES ('44546e06-8719-4ad8-b88a-f271ae9d6eab', 'ADMIN', 'Admin'); 
2023-09-28 15:13:25.6621|0|INFO|Microsoft.EntityFrameworkCore.Database.Command|Executed DbCommand (1ms) [Parameters=[], CommandType='Text', CommandTimeout='30']
INSERT INTO "Roles" ("Id", "NormalizedRoleName", "RoleName")
VALUES ('44546e06-8719-4ad8-b88a-f271ae9d6abe', 'RESIDENT', 'Resident');
INSERT INTO "Roles" ("Id", "NormalizedRoleName", "RoleName")
VALUES ('44546e06-8719-4ad8-b88a-f271ae9d6eab', 'ADMIN', 'Admin'); 
2023-09-28 15:13:25.6621|0|DEBUG|Microsoft.EntityFrameworkCore.Database.Command|Creating DbCommand for 'ExecuteNonQuery'. 
2023-09-28 15:13:25.6621|0|DEBUG|Microsoft.EntityFrameworkCore.Database.Command|Created DbCommand for 'ExecuteNonQuery' (0ms). 
2023-09-28 15:13:25.6621|0|DEBUG|Microsoft.EntityFrameworkCore.Database.Command|Initialized DbCommand for 'ExecuteNonQuery' (0ms). 
2023-09-28 15:13:25.6621|0|DEBUG|Microsoft.EntityFrameworkCore.Database.Command|Executing DbCommand [Parameters=[], CommandType='Text', CommandTimeout='30']
INSERT INTO "Users" ("Id", "Email", "NormalizedUserName", "PasswordHash", "PasswordSalt", "RefreshToken", "RefreshTokenExpiryTime", "RoleId", "UserName")
VALUES ('5b161353-2e3d-4b54-821e-4c6f34cefd31', 'alsemkovbn@gmail.com', 'ADMIN', '$2a$12$iW6RyEqQv.ZON5f.ipkDxeyYfa9OJhRNqAPLZ1GomhuU6NfU/l/Bu', '$2a$12$iW6RyEqQv.ZON5f.ipkDxe', NULL, TIMESTAMPTZ '2023-09-28 12:12:24.040929Z', '44546e06-8719-4ad8-b88a-f271ae9d6abe', 'Admin'); 
2023-09-28 15:13:25.6621|0|INFO|Microsoft.EntityFrameworkCore.Database.Command|Executed DbCommand (1ms) [Parameters=[], CommandType='Text', CommandTimeout='30']
INSERT INTO "Users" ("Id", "Email", "NormalizedUserName", "PasswordHash", "PasswordSalt", "RefreshToken", "RefreshTokenExpiryTime", "RoleId", "UserName")
VALUES ('5b161353-2e3d-4b54-821e-4c6f34cefd31', 'alsemkovbn@gmail.com', 'ADMIN', '$2a$12$iW6RyEqQv.ZON5f.ipkDxeyYfa9OJhRNqAPLZ1GomhuU6NfU/l/Bu', '$2a$12$iW6RyEqQv.ZON5f.ipkDxe', NULL, TIMESTAMPTZ '2023-09-28 12:12:24.040929Z', '44546e06-8719-4ad8-b88a-f271ae9d6abe', 'Admin'); 
2023-09-28 15:13:25.6621|0|DEBUG|Microsoft.EntityFrameworkCore.Database.Command|Creating DbCommand for 'ExecuteNonQuery'. 
2023-09-28 15:13:25.6621|0|DEBUG|Microsoft.EntityFrameworkCore.Database.Command|Created DbCommand for 'ExecuteNonQuery' (0ms). 
2023-09-28 15:13:25.6621|0|DEBUG|Microsoft.EntityFrameworkCore.Database.Command|Initialized DbCommand for 'ExecuteNonQuery' (0ms). 
2023-09-28 15:13:25.6621|0|DEBUG|Microsoft.EntityFrameworkCore.Database.Command|Executing DbCommand [Parameters=[], CommandType='Text', CommandTimeout='30']
INSERT INTO "__EFMigrationsHistory" ("MigrationId", "ProductVersion")
VALUES ('20230928121224_Initial', '7.0.11'); 
2023-09-28 15:13:25.6621|0|INFO|Microsoft.EntityFrameworkCore.Database.Command|Executed DbCommand (1ms) [Parameters=[], CommandType='Text', CommandTimeout='30']
INSERT INTO "__EFMigrationsHistory" ("MigrationId", "ProductVersion")
VALUES ('20230928121224_Initial', '7.0.11'); 
2023-09-28 15:13:25.6621|0|DEBUG|Microsoft.EntityFrameworkCore.Database.Transaction|Committing transaction. 
2023-09-28 15:13:25.6621|0|DEBUG|Microsoft.EntityFrameworkCore.Database.Transaction|Committed transaction. 
2023-09-28 15:13:25.6621|0|DEBUG|Microsoft.EntityFrameworkCore.Database.Transaction|Disposing transaction. 
2023-09-28 15:13:25.6621|0|DEBUG|Microsoft.EntityFrameworkCore.Database.Connection|Closing connection to database 'LuxeLooks' on server 'tcp://localhost:5432'. 
2023-09-28 15:13:25.6621|0|DEBUG|Microsoft.EntityFrameworkCore.Database.Connection|Closed connection to database 'LuxeLooks' on server '' (0ms). 
2023-09-28 15:13:25.6621|0|DEBUG|Microsoft.EntityFrameworkCore.Infrastructure|'ApplicationDbContext' disposed. 
2023-09-28 15:13:25.6621|0|DEBUG|Microsoft.EntityFrameworkCore.Database.Connection|Disposing connection to database 'LuxeLooks' on server ''. 
2023-09-28 15:13:25.6621|0|DEBUG|Microsoft.EntityFrameworkCore.Database.Connection|Disposed connection to database 'LuxeLooks' on server '' (0ms). 
2023-09-28 15:13:55.3191|0|DEBUG|Microsoft.AspNetCore.Mvc.ModelBinding.ModelBinderFactory|Registered model binder providers, in the following order: Microsoft.AspNetCore.Mvc.ModelBinding.Binders.BinderTypeModelBinderProvider, Microsoft.AspNetCore.Mvc.ModelBinding.Binders.ServicesModelBinderProvider, Microsoft.AspNetCore.Mvc.ModelBinding.Binders.BodyModelBinderProvider, Microsoft.AspNetCore.Mvc.ModelBinding.Binders.HeaderModelBinderProvider, Microsoft.AspNetCore.Mvc.ModelBinding.Binders.FloatingPointTypeModelBinderProvider, Microsoft.AspNetCore.Mvc.ModelBinding.Binders.EnumTypeModelBinderProvider, Microsoft.AspNetCore.Mvc.ModelBinding.Binders.DateTimeModelBinderProvider, Microsoft.AspNetCore.Mvc.ModelBinding.Binders.SimpleTypeModelBinderProvider, Microsoft.AspNetCore.Mvc.ModelBinding.Binders.TryParseModelBinderProvider, Microsoft.AspNetCore.Mvc.ModelBinding.Binders.CancellationTokenModelBinderProvider, Microsoft.AspNetCore.Mvc.ModelBinding.Binders.ByteArrayModelBinderProvider, Microsoft.AspNetCore.Mvc.ModelBinding.Binders.FormFileModelBinderProvider, Microsoft.AspNetCore.Mvc.ModelBinding.Binders.FormCollectionModelBinderProvider, Microsoft.AspNetCore.Mvc.ModelBinding.Binders.KeyValuePairModelBinderProvider, Microsoft.AspNetCore.Mvc.ModelBinding.Binders.DictionaryModelBinderProvider, Microsoft.AspNetCore.Mvc.ModelBinding.Binders.ArrayModelBinderProvider, Microsoft.AspNetCore.Mvc.ModelBinding.Binders.CollectionModelBinderProvider, Microsoft.AspNetCore.Mvc.ModelBinding.Binders.ComplexObjectModelBinderProvider 
2023-09-28 15:13:55.8046|0|INFO|Program|Program initial 
2023-09-28 15:13:55.8046|0|DEBUG|Microsoft.Extensions.Hosting.Internal.Host|Hosting starting 
2023-09-28 15:13:55.9561|0|INFO|Microsoft.AspNetCore.DataProtection.KeyManagement.XmlKeyManager|User profile is available. Using 'C:\Users\Алексей\AppData\Local\ASP.NET\DataProtection-Keys' as key repository and Windows DPAPI to encrypt keys at rest. 
2023-09-28 15:13:55.9649|0|DEBUG|Microsoft.AspNetCore.DataProtection.Repositories.FileSystemXmlRepository|Reading data from file 'C:\Users\Алексей\AppData\Local\ASP.NET\DataProtection-Keys\key-201f091d-1492-40cf-8448-2970d8f8302a.xml'. 
2023-09-28 15:13:56.0011|0|DEBUG|Microsoft.AspNetCore.DataProtection.Repositories.FileSystemXmlRepository|Reading data from file 'C:\Users\Алексей\AppData\Local\ASP.NET\DataProtection-Keys\key-8c2d20ac-a7d5-4fe4-b7a0-731f36d4f54e.xml'. 
2023-09-28 15:13:56.0340|0|DEBUG|Microsoft.AspNetCore.DataProtection.Repositories.FileSystemXmlRepository|Reading data from file 'C:\Users\Алексей\AppData\Local\ASP.NET\DataProtection-Keys\key-fe0fd9ec-cbd2-45ba-94c2-4c4db8302271.xml'. 
2023-09-28 15:13:56.0964|0|DEBUG|Microsoft.AspNetCore.DataProtection.KeyManagement.XmlKeyManager|Found key {201f091d-1492-40cf-8448-2970d8f8302a}. 
2023-09-28 15:13:56.1061|0|DEBUG|Microsoft.AspNetCore.DataProtection.KeyManagement.XmlKeyManager|Found key {8c2d20ac-a7d5-4fe4-b7a0-731f36d4f54e}. 
2023-09-28 15:13:56.1061|0|DEBUG|Microsoft.AspNetCore.DataProtection.KeyManagement.XmlKeyManager|Found key {fe0fd9ec-cbd2-45ba-94c2-4c4db8302271}. 
2023-09-28 15:13:56.1268|0|DEBUG|Microsoft.AspNetCore.DataProtection.KeyManagement.DefaultKeyResolver|Considering key {201f091d-1492-40cf-8448-2970d8f8302a} with expiration date 2023-10-02 22:10:13Z as default key. 
2023-09-28 15:13:56.1268|0|DEBUG|Microsoft.AspNetCore.DataProtection.TypeForwardingActivator|Forwarded activator type request from Microsoft.AspNetCore.DataProtection.XmlEncryption.DpapiXmlDecryptor, Microsoft.AspNetCore.DataProtection, Version=7.0.0.0, Culture=neutral, PublicKeyToken=adb9793829ddae60 to Microsoft.AspNetCore.DataProtection.XmlEncryption.DpapiXmlDecryptor, Microsoft.AspNetCore.DataProtection, Culture=neutral, PublicKeyToken=adb9793829ddae60 
2023-09-28 15:13:56.1331|0|DEBUG|Microsoft.AspNetCore.DataProtection.XmlEncryption.DpapiXmlDecryptor|Decrypting secret element using Windows DPAPI. 
2023-09-28 15:13:56.1331|0|DEBUG|Microsoft.AspNetCore.DataProtection.TypeForwardingActivator|Forwarded activator type request from Microsoft.AspNetCore.DataProtection.AuthenticatedEncryption.ConfigurationModel.AuthenticatedEncryptorDescriptorDeserializer, Microsoft.AspNetCore.DataProtection, Version=7.0.0.0, Culture=neutral, PublicKeyToken=adb9793829ddae60 to Microsoft.AspNetCore.DataProtection.AuthenticatedEncryption.ConfigurationModel.AuthenticatedEncryptorDescriptorDeserializer, Microsoft.AspNetCore.DataProtection, Culture=neutral, PublicKeyToken=adb9793829ddae60 
2023-09-28 15:13:56.1547|0|DEBUG|Microsoft.AspNetCore.DataProtection.AuthenticatedEncryption.CngCbcAuthenticatedEncryptorFactory|Opening CNG algorithm 'AES' from provider '(null)' with chaining mode CBC. 
2023-09-28 15:13:56.1657|0|DEBUG|Microsoft.AspNetCore.DataProtection.AuthenticatedEncryption.CngCbcAuthenticatedEncryptorFactory|Opening CNG algorithm 'SHA256' from provider '(null)' with HMAC. 
2023-09-28 15:13:56.1657|0|DEBUG|Microsoft.AspNetCore.DataProtection.KeyManagement.KeyRingProvider|Using key {201f091d-1492-40cf-8448-2970d8f8302a} as the default key. 
2023-09-28 15:13:56.1657|0|DEBUG|Microsoft.AspNetCore.DataProtection.Internal.DataProtectionHostedService|Key ring with default key {201f091d-1492-40cf-8448-2970d8f8302a} was loaded during application startup. 
2023-09-28 15:13:56.7364|0|INFO|Microsoft.Hosting.Lifetime|Now listening on: https://localhost:7227 
2023-09-28 15:13:56.7364|0|INFO|Microsoft.Hosting.Lifetime|Now listening on: http://localhost:5219 
2023-09-28 15:13:56.7364|0|DEBUG|Microsoft.AspNetCore.Hosting.Diagnostics|Loaded hosting startup assembly LuxeLooks 
2023-09-28 15:13:56.7364|0|INFO|Microsoft.Hosting.Lifetime|Application started. Press Ctrl+C to shut down. 
2023-09-28 15:13:56.7430|0|INFO|Microsoft.Hosting.Lifetime|Hosting environment: Development 
2023-09-28 15:13:56.7430|0|INFO|Microsoft.Hosting.Lifetime|Content root path: C:\5Sem\LuxeLooks\LuxeLooks\LuxeLooks\LuxeLooks 
2023-09-28 15:13:56.7430|0|DEBUG|Microsoft.Extensions.Hosting.Internal.Host|Hosting started 
2023-09-28 15:13:56.9736|0|DEBUG|Microsoft.AspNetCore.Server.Kestrel.Connections|Connection id "0HMU03HHTEKMB" accepted. 
2023-09-28 15:13:56.9736|0|DEBUG|Microsoft.AspNetCore.Server.Kestrel.Connections|Connection id "0HMU03HHTEKMB" started. 
2023-09-28 15:13:57.0072|0|DEBUG|Microsoft.AspNetCore.Server.Kestrel.Connections|Connection id "0HMU03HHTEKMC" accepted. 
2023-09-28 15:13:57.0072|0|DEBUG|Microsoft.AspNetCore.Server.Kestrel.Connections|Connection id "0HMU03HHTEKMC" started. 
2023-09-28 15:13:57.0072|0|DEBUG|Microsoft.AspNetCore.Server.Kestrel.Connections|Connection id "0HMU03HHTEKMD" accepted. 
2023-09-28 15:13:57.0072|0|DEBUG|Microsoft.AspNetCore.Server.Kestrel.Connections|Connection id "0HMU03HHTEKMD" started. 
2023-09-28 15:13:57.0915|0|DEBUG|Microsoft.AspNetCore.Server.Kestrel.Transport.Sockets|Connection id "0HMU03HHTEKMD" received FIN. 
2023-09-28 15:13:57.0915|0|DEBUG|Microsoft.AspNetCore.Server.Kestrel.Transport.Sockets|Connection id "0HMU03HHTEKMB" received FIN. 
2023-09-28 15:13:57.1176|0|DEBUG|Microsoft.AspNetCore.Server.Kestrel.Https.Internal.HttpsConnectionMiddleware|Connection 0HMU03HHTEKMD established using the following protocol: Tls13 
2023-09-28 15:13:57.1176|0|DEBUG|Microsoft.AspNetCore.Server.Kestrel.Https.Internal.HttpsConnectionMiddleware|Connection 0HMU03HHTEKMC established using the following protocol: Tls13 
2023-09-28 15:13:57.1180|0|DEBUG|Microsoft.AspNetCore.Server.Kestrel.Https.Internal.HttpsConnectionMiddleware|Connection 0HMU03HHTEKMB established using the following protocol: Tls13 
2023-09-28 15:13:57.2370|0|DEBUG|Microsoft.AspNetCore.Server.Kestrel.Http2|Connection id "0HMU03HHTEKMD" is closed. The last processed stream ID was 0. 
2023-09-28 15:13:57.2370|0|DEBUG|Microsoft.AspNetCore.Server.Kestrel.Http2|Connection id "0HMU03HHTEKMB" is closed. The last processed stream ID was 0. 
2023-09-28 15:13:57.2370|0|DEBUG|Microsoft.AspNetCore.Server.Kestrel.Transport.Sockets|Connection id "0HMU03HHTEKMD" sending FIN because: "The Socket transport's send loop completed gracefully." 
2023-09-28 15:13:57.2370|0|DEBUG|Microsoft.AspNetCore.Server.Kestrel.Transport.Sockets|Connection id "0HMU03HHTEKMB" sending FIN because: "The Socket transport's send loop completed gracefully." 
2023-09-28 15:13:57.2509|0|TRACE|Microsoft.AspNetCore.Server.Kestrel.Http2|Connection id "0HMU03HHTEKMC" sending SETTINGS frame for stream ID 0 with length 24 and flags NONE. 
2023-09-28 15:13:57.2509|0|DEBUG|Microsoft.AspNetCore.Server.Kestrel.Http2|The connection queue processing loop for 0HMU03HHTEKMB completed. 
2023-09-28 15:13:57.2509|0|DEBUG|Microsoft.AspNetCore.Server.Kestrel.Http2|The connection queue processing loop for 0HMU03HHTEKMD completed. 
2023-09-28 15:13:57.2509|0|TRACE|Microsoft.AspNetCore.Server.Kestrel.Http2|Connection id "0HMU03HHTEKMC" sending WINDOW_UPDATE frame for stream ID 0 with length 4 and flags 0x0. 
2023-09-28 15:13:57.2688|0|DEBUG|Microsoft.AspNetCore.Server.Kestrel.Connections|Connection id "0HMU03HHTEKMD" stopped. 
2023-09-28 15:13:57.2688|0|TRACE|Microsoft.AspNetCore.Server.Kestrel.Http2|Connection id "0HMU03HHTEKMC" received SETTINGS frame for stream ID 0 with length 24 and flags NONE. 
2023-09-28 15:13:57.2730|0|DEBUG|Microsoft.AspNetCore.Server.Kestrel.Connections|Connection id "0HMU03HHTEKMB" stopped. 
2023-09-28 15:13:57.2730|0|TRACE|Microsoft.AspNetCore.Server.Kestrel.Http2|Connection id "0HMU03HHTEKMC" sending SETTINGS frame for stream ID 0 with length 0 and flags ACK. 
2023-09-28 15:13:57.2730|0|TRACE|Microsoft.AspNetCore.Server.Kestrel.Http2|Connection id "0HMU03HHTEKMC" received WINDOW_UPDATE frame for stream ID 0 with length 4 and flags 0x0. 
2023-09-28 15:13:57.2730|0|TRACE|Microsoft.AspNetCore.Server.Kestrel.Http2|Connection id "0HMU03HHTEKMC" received HEADERS frame for stream ID 1 with length 499 and flags END_STREAM, END_HEADERS, PRIORITY. 
2023-09-28 15:13:57.3219|0|TRACE|Microsoft.AspNetCore.Server.Kestrel.Http2|Connection id "0HMU03HHTEKMC" received SETTINGS frame for stream ID 0 with length 0 and flags ACK. 
2023-09-28 15:13:57.3881|0|INFO|Microsoft.AspNetCore.Hosting.Diagnostics|Request starting HTTP/2 GET https://localhost:7227/ - - 
2023-09-28 15:13:57.3881|0|DEBUG|Microsoft.AspNetCore.HostFiltering.HostFilteringMiddleware|Wildcard detected, all requests with hosts will be allowed. 
2023-09-28 15:13:57.3881|0|TRACE|Microsoft.AspNetCore.HostFiltering.HostFilteringMiddleware|All hosts are allowed. 
2023-09-28 15:13:57.5931|0|DEBUG|Microsoft.AspNetCore.Authentication.JwtBearer.JwtBearerHandler|AuthenticationScheme: Bearer was not authenticated. 
2023-09-28 15:13:57.6114|0|TRACE|Microsoft.AspNetCore.DataProtection.KeyManagement.KeyRingBasedDataProtector|Performing protect operation to key {201f091d-1492-40cf-8448-2970d8f8302a} with purposes ('C:\5Sem\LuxeLooks\LuxeLooks\LuxeLooks\LuxeLooks\', 'SessionMiddleware'). 
2023-09-28 15:13:57.6217|0|DEBUG|Microsoft.AspNetCore.StaticFiles.StaticFileMiddleware|The request path / does not match a supported file type 
2023-09-28 15:13:57.6826|0|DEBUG|Microsoft.AspNetCore.Routing.Matching.DfaMatcher|No candidates found for the request path '/' 
2023-09-28 15:13:57.6826|0|DEBUG|Microsoft.AspNetCore.Routing.EndpointRoutingMiddleware|Request did not match any endpoints 
2023-09-28 15:13:57.6960|0|TRACE|Microsoft.AspNetCore.Server.Kestrel.Http2|Connection id "0HMU03HHTEKMC" sending HEADERS frame for stream ID 1 with length 45 and flags END_STREAM, END_HEADERS. 
2023-09-28 15:13:57.6960|0|INFO|Microsoft.AspNetCore.Hosting.Diagnostics|Request finished HTTP/2 GET https://localhost:7227/ - - - 404 0 - 312.2221ms 
2023-09-28 15:15:22.3821|0|DEBUG|Microsoft.AspNetCore.Server.Kestrel.Connections|Connection id "0HMU03HHTEKME" accepted. 
2023-09-28 15:15:22.3821|0|DEBUG|Microsoft.AspNetCore.Server.Kestrel.Transport.Sockets|Connection id "0HMU03HHTEKME" received FIN. 
2023-09-28 15:15:22.3821|0|DEBUG|Microsoft.AspNetCore.Server.Kestrel.Connections|Connection id "0HMU03HHTEKMF" accepted. 
2023-09-28 15:15:22.3837|0|DEBUG|Microsoft.AspNetCore.Server.Kestrel.Connections|Connection id "0HMU03HHTEKME" started. 
2023-09-28 15:15:22.3837|0|DEBUG|Microsoft.AspNetCore.Server.Kestrel.Connections|Connection id "0HMU03HHTEKMF" started. 
2023-09-28 15:15:22.3837|0|DEBUG|Microsoft.AspNetCore.Server.Kestrel.Https.Internal.HttpsConnectionMiddleware|Failed to authenticate HTTPS connection. System.IO.IOException:  Received an unexpected EOF or 0 bytes from the transport stream.
   at System.Net.Security.SslStream.ReceiveBlobAsync[TIOAdapter](CancellationToken cancellationToken)
   at System.Net.Security.SslStream.ForceAuthenticationAsync[TIOAdapter](Boolean receiveFirst, Byte[] reAuthenticationData, CancellationToken cancellationToken)
   at Microsoft.AspNetCore.Server.Kestrel.Https.Internal.HttpsConnectionMiddleware.OnConnectionAsync(ConnectionContext context)
2023-09-28 15:15:22.3837|0|DEBUG|Microsoft.AspNetCore.Server.Kestrel.Https.Internal.HttpsConnectionMiddleware|Connection 0HMU03HHTEKMF established using the following protocol: Tls13 
2023-09-28 15:15:22.6136|0|DEBUG|Microsoft.AspNetCore.Server.Kestrel.Connections|Connection id "0HMU03HHTEKME" stopped. 
2023-09-28 15:15:22.6136|0|DEBUG|Microsoft.AspNetCore.Server.Kestrel.Transport.Sockets|Connection id "0HMU03HHTEKME" sending FIN because: "The Socket transport's send loop completed gracefully." 
2023-09-28 15:15:22.6412|0|INFO|Microsoft.AspNetCore.Hosting.Diagnostics|Request starting HTTP/1.1 GET https://localhost:7227/Product/GetProductsByCategory/Куртка - - 
2023-09-28 15:15:22.6412|0|TRACE|Microsoft.AspNetCore.HostFiltering.HostFilteringMiddleware|All hosts are allowed. 
2023-09-28 15:15:22.6412|0|DEBUG|Microsoft.AspNetCore.Authentication.JwtBearer.JwtBearerHandler|AuthenticationScheme: Bearer was not authenticated. 
2023-09-28 15:15:22.6412|0|TRACE|Microsoft.AspNetCore.DataProtection.KeyManagement.KeyRingBasedDataProtector|Performing protect operation to key {201f091d-1492-40cf-8448-2970d8f8302a} with purposes ('C:\5Sem\LuxeLooks\LuxeLooks\LuxeLooks\LuxeLooks\', 'SessionMiddleware'). 
2023-09-28 15:15:22.6499|0|DEBUG|Microsoft.AspNetCore.StaticFiles.StaticFileMiddleware|The request path /Product/GetProductsByCategory/%D0%9A%D1%83%D1%80%D1%82%D0%BA%D0%B0 does not match a supported file type 
2023-09-28 15:15:22.6710|0|DEBUG|Microsoft.AspNetCore.Routing.Matching.DfaMatcher|1 candidate(s) found for the request path '/Product/GetProductsByCategory/Куртка' 
2023-09-28 15:15:22.6710|0|DEBUG|Microsoft.AspNetCore.Routing.Matching.DfaMatcher|Endpoint 'LuxeLooks.Controllers.Product.ProductController.GetProductsByCategory (LuxeLooks)' with route pattern 'Product/GetProductsByCategory/{category}' is valid for the request path '/Product/GetProductsByCategory/Куртка' 
2023-09-28 15:15:22.6710|0|DEBUG|Microsoft.AspNetCore.Routing.EndpointRoutingMiddleware|Request matched endpoint 'LuxeLooks.Controllers.Product.ProductController.GetProductsByCategory (LuxeLooks)' 
2023-09-28 15:15:22.6866|0|INFO|Microsoft.AspNetCore.Routing.EndpointMiddleware|Executing endpoint 'LuxeLooks.Controllers.Product.ProductController.GetProductsByCategory (LuxeLooks)' 
2023-09-28 15:15:22.7587|0|INFO|Microsoft.AspNetCore.Mvc.Infrastructure.ControllerActionInvoker|Route matched with {action = "GetProductsByCategory", controller = "Product"}. Executing controller action with signature System.Threading.Tasks.Task`1[Microsoft.AspNetCore.Mvc.IActionResult] GetProductsByCategory(System.String) on controller LuxeLooks.Controllers.Product.ProductController (LuxeLooks). 
2023-09-28 15:15:22.7587|0|DEBUG|Microsoft.AspNetCore.Mvc.Infrastructure.ControllerActionInvoker|Execution plan of authorization filters (in the following order): None 
2023-09-28 15:15:22.7638|0|DEBUG|Microsoft.AspNetCore.Mvc.Infrastructure.ControllerActionInvoker|Execution plan of resource filters (in the following order): None 
2023-09-28 15:15:22.7638|0|DEBUG|Microsoft.AspNetCore.Mvc.Infrastructure.ControllerActionInvoker|Execution plan of action filters (in the following order): Microsoft.AspNetCore.Mvc.ModelBinding.UnsupportedContentTypeFilter (Order: -3000) 
2023-09-28 15:15:22.7638|0|DEBUG|Microsoft.AspNetCore.Mvc.Infrastructure.ControllerActionInvoker|Execution plan of exception filters (in the following order): None 
2023-09-28 15:15:22.7638|0|DEBUG|Microsoft.AspNetCore.Mvc.Infrastructure.ControllerActionInvoker|Execution plan of result filters (in the following order): None 
2023-09-28 15:15:22.7638|0|DEBUG|Microsoft.AspNetCore.Mvc.Infrastructure.ControllerActionInvoker|Executing controller factory for controller LuxeLooks.Controllers.Product.ProductController (LuxeLooks) 
2023-09-28 15:15:23.5032|0|DEBUG|Microsoft.EntityFrameworkCore.Infrastructure|An 'IServiceProvider' was created for internal use by Entity Framework. 
2023-09-28 15:15:23.5858|0|DEBUG|Microsoft.AspNetCore.Mvc.Infrastructure.ControllerActionInvoker|Executed controller factory for controller LuxeLooks.Controllers.Product.ProductController (LuxeLooks) 
2023-09-28 15:15:23.6748|0|DEBUG|Microsoft.AspNetCore.Mvc.ModelBinding.ParameterBinder|Attempting to bind parameter 'category' of type 'System.String' ... 
2023-09-28 15:15:23.6748|0|DEBUG|Microsoft.AspNetCore.Mvc.ModelBinding.Binders.SimpleTypeModelBinder|Attempting to bind parameter 'category' of type 'System.String' using the name 'category' in request data ... 
2023-09-28 15:15:23.6858|0|DEBUG|Microsoft.AspNetCore.Mvc.ModelBinding.Binders.SimpleTypeModelBinder|Done attempting to bind parameter 'category' of type 'System.String'. 
2023-09-28 15:15:23.6858|0|DEBUG|Microsoft.AspNetCore.Mvc.ModelBinding.ParameterBinder|Done attempting to bind parameter 'category' of type 'System.String'. 
2023-09-28 15:15:23.6858|0|DEBUG|Microsoft.AspNetCore.Mvc.ModelBinding.ParameterBinder|Attempting to validate the bound parameter 'category' of type 'System.String' ... 
2023-09-28 15:15:23.7021|0|DEBUG|Microsoft.AspNetCore.Mvc.ModelBinding.ParameterBinder|Done attempting to validate the bound parameter 'category' of type 'System.String'. 
2023-09-28 15:15:23.7021|0|TRACE|Microsoft.AspNetCore.Mvc.Infrastructure.ControllerActionInvoker|Action Filter: Before executing OnActionExecuting on filter Microsoft.AspNetCore.Mvc.ModelBinding.UnsupportedContentTypeFilter. 
2023-09-28 15:15:23.7021|0|TRACE|Microsoft.AspNetCore.Mvc.Infrastructure.ControllerActionInvoker|Action Filter: After executing OnActionExecuting on filter Microsoft.AspNetCore.Mvc.ModelBinding.UnsupportedContentTypeFilter. 
2023-09-28 15:15:23.7247|0|INFO|Microsoft.AspNetCore.Mvc.Infrastructure.ControllerActionInvoker|Executing action method LuxeLooks.Controllers.Product.ProductController.GetProductsByCategory (LuxeLooks) - Validation state: Valid 
2023-09-28 15:15:23.7247|0|TRACE|Microsoft.AspNetCore.Mvc.Infrastructure.ControllerActionInvoker|Executing action method LuxeLooks.Controllers.Product.ProductController.GetProductsByCategory (LuxeLooks) with arguments (Куртка) 
2023-09-28 15:15:23.7372|0|TRACE|Microsoft.AspNetCore.Mvc.Infrastructure.ControllerActionInvoker|Action Filter: Before executing OnActionExecuted on filter Microsoft.AspNetCore.Mvc.ModelBinding.UnsupportedContentTypeFilter. 
2023-09-28 15:15:23.7372|0|TRACE|Microsoft.AspNetCore.Mvc.Infrastructure.ControllerActionInvoker|Action Filter: After executing OnActionExecuted on filter Microsoft.AspNetCore.Mvc.ModelBinding.UnsupportedContentTypeFilter. 
2023-09-28 15:15:23.7537|0|INFO|Microsoft.AspNetCore.Mvc.Infrastructure.ControllerActionInvoker|Executed action LuxeLooks.Controllers.Product.ProductController.GetProductsByCategory (LuxeLooks) in 974.2386ms 
2023-09-28 15:15:23.7537|0|INFO|Microsoft.AspNetCore.Routing.EndpointMiddleware|Executed endpoint 'LuxeLooks.Controllers.Product.ProductController.GetProductsByCategory (LuxeLooks)' 
2023-09-28 15:15:23.7537|0|ERROR|Microsoft.AspNetCore.Diagnostics.DeveloperExceptionPageMiddleware|An unhandled exception has occurred while executing the request. System.ArgumentNullException: Value cannot be null. (Parameter 'element')
   at System.ArgumentNullException.Throw(String paramName)
   at System.Attribute.GetCustomAttributes(MemberInfo element, Type attributeType, Boolean inherit)
   at System.Attribute.GetCustomAttribute(MemberInfo element, Type attributeType, Boolean inherit)
   at System.Reflection.CustomAttributeExtensions.GetCustomAttribute[T](MemberInfo element)
   at LuxeLooks.Controllers.Product.ProductController.GetProductsByCategory(String category) in C:\5Sem\LuxeLooks\LuxeLooks\LuxeLooks\LuxeLooks\Controllers\Product\ProductController.cs:line 80
   at Microsoft.AspNetCore.Mvc.Infrastructure.ActionMethodExecutor.TaskOfIActionResultExecutor.Execute(ActionContext actionContext, IActionResultTypeMapper mapper, ObjectMethodExecutor executor, Object controller, Object[] arguments)
   at Microsoft.AspNetCore.Mvc.Infrastructure.ControllerActionInvoker.<InvokeActionMethodAsync>g__Logged|12_1(ControllerActionInvoker invoker)
   at Microsoft.AspNetCore.Mvc.Infrastructure.ControllerActionInvoker.<InvokeNextActionFilterAsync>g__Awaited|10_0(ControllerActionInvoker invoker, Task lastTask, State next, Scope scope, Object state, Boolean isCompleted)
   at Microsoft.AspNetCore.Mvc.Infrastructure.ControllerActionInvoker.Rethrow(ActionExecutedContextSealed context)
   at Microsoft.AspNetCore.Mvc.Infrastructure.ControllerActionInvoker.Next(State& next, Scope& scope, Object& state, Boolean& isCompleted)
   at Microsoft.AspNetCore.Mvc.Infrastructure.ControllerActionInvoker.InvokeInnerFilterAsync()
--- End of stack trace from previous location ---
   at Microsoft.AspNetCore.Mvc.Infrastructure.ResourceInvoker.<InvokeFilterPipelineAsync>g__Awaited|20_0(ResourceInvoker invoker, Task lastTask, State next, Scope scope, Object state, Boolean isCompleted)
   at Microsoft.AspNetCore.Mvc.Infrastructure.ResourceInvoker.<InvokeAsync>g__Logged|17_1(ResourceInvoker invoker)
   at Microsoft.AspNetCore.Mvc.Infrastructure.ResourceInvoker.<InvokeAsync>g__Logged|17_1(ResourceInvoker invoker)
   at Microsoft.AspNetCore.Routing.EndpointMiddleware.<Invoke>g__AwaitRequestTask|6_0(Endpoint endpoint, Task requestTask, ILogger logger)
   at Microsoft.AspNetCore.Authorization.AuthorizationMiddleware.Invoke(HttpContext context)
   at Microsoft.AspNetCore.Authorization.AuthorizationMiddleware.Invoke(HttpContext context)
   at Microsoft.AspNetCore.Session.SessionMiddleware.Invoke(HttpContext context)
   at Microsoft.AspNetCore.Session.SessionMiddleware.Invoke(HttpContext context)
   at Microsoft.AspNetCore.Authentication.AuthenticationMiddleware.Invoke(HttpContext context)
   at Microsoft.AspNetCore.Diagnostics.DeveloperExceptionPageMiddlewareImpl.Invoke(HttpContext context)
2023-09-28 15:15:23.8703|0|DEBUG|Microsoft.AspNetCore.Server.Kestrel.Connections|Connection id "0HMU03HHTEKMF" completed keep alive response. 
2023-09-28 15:15:23.8703|0|INFO|Microsoft.AspNetCore.Hosting.Diagnostics|Request finished HTTP/1.1 GET https://localhost:7227/Product/GetProductsByCategory/Куртка - - - 500 - text/plain;+charset=utf-8 1236.0209ms 
2023-09-28 15:15:56.2467|0|INFO|Microsoft.AspNetCore.Hosting.Diagnostics|Request starting HTTP/1.1 GET https://localhost:7227/Product/GetProductsByCategory/Куртка - - 
2023-09-28 15:15:56.2467|0|TRACE|Microsoft.AspNetCore.HostFiltering.HostFilteringMiddleware|All hosts are allowed. 
2023-09-28 15:15:56.2467|0|DEBUG|Microsoft.AspNetCore.Authentication.JwtBearer.JwtBearerHandler|AuthenticationScheme: Bearer was not authenticated. 
2023-09-28 15:15:56.2467|0|TRACE|Microsoft.AspNetCore.DataProtection.KeyManagement.KeyRingBasedDataProtector|Performing protect operation to key {201f091d-1492-40cf-8448-2970d8f8302a} with purposes ('C:\5Sem\LuxeLooks\LuxeLooks\LuxeLooks\LuxeLooks\', 'SessionMiddleware'). 
2023-09-28 15:15:56.2467|0|DEBUG|Microsoft.AspNetCore.StaticFiles.StaticFileMiddleware|The request path /Product/GetProductsByCategory/%D0%9A%D1%83%D1%80%D1%82%D0%BA%D0%B0 does not match a supported file type 
2023-09-28 15:15:56.2467|0|DEBUG|Microsoft.AspNetCore.Routing.Matching.DfaMatcher|1 candidate(s) found for the request path '/Product/GetProductsByCategory/Куртка' 
2023-09-28 15:15:56.2467|0|DEBUG|Microsoft.AspNetCore.Routing.Matching.DfaMatcher|Endpoint 'LuxeLooks.Controllers.Product.ProductController.GetProductsByCategory (LuxeLooks)' with route pattern 'Product/GetProductsByCategory/{category}' is valid for the request path '/Product/GetProductsByCategory/Куртка' 
2023-09-28 15:15:56.2467|0|DEBUG|Microsoft.AspNetCore.Routing.EndpointRoutingMiddleware|Request matched endpoint 'LuxeLooks.Controllers.Product.ProductController.GetProductsByCategory (LuxeLooks)' 
2023-09-28 15:15:56.2467|0|INFO|Microsoft.AspNetCore.Routing.EndpointMiddleware|Executing endpoint 'LuxeLooks.Controllers.Product.ProductController.GetProductsByCategory (LuxeLooks)' 
2023-09-28 15:15:56.2666|0|INFO|Microsoft.AspNetCore.Mvc.Infrastructure.ControllerActionInvoker|Route matched with {action = "GetProductsByCategory", controller = "Product"}. Executing controller action with signature System.Threading.Tasks.Task`1[Microsoft.AspNetCore.Mvc.IActionResult] GetProductsByCategory(System.String) on controller LuxeLooks.Controllers.Product.ProductController (LuxeLooks). 
2023-09-28 15:15:56.2666|0|DEBUG|Microsoft.AspNetCore.Mvc.Infrastructure.ControllerActionInvoker|Execution plan of authorization filters (in the following order): None 
2023-09-28 15:15:56.2666|0|DEBUG|Microsoft.AspNetCore.Mvc.Infrastructure.ControllerActionInvoker|Execution plan of resource filters (in the following order): None 
2023-09-28 15:15:56.2666|0|DEBUG|Microsoft.AspNetCore.Mvc.Infrastructure.ControllerActionInvoker|Execution plan of action filters (in the following order): Microsoft.AspNetCore.Mvc.ModelBinding.UnsupportedContentTypeFilter (Order: -3000) 
2023-09-28 15:15:56.2666|0|DEBUG|Microsoft.AspNetCore.Mvc.Infrastructure.ControllerActionInvoker|Execution plan of exception filters (in the following order): None 
2023-09-28 15:15:56.2666|0|DEBUG|Microsoft.AspNetCore.Mvc.Infrastructure.ControllerActionInvoker|Execution plan of result filters (in the following order): None 
2023-09-28 15:15:56.2666|0|DEBUG|Microsoft.AspNetCore.Mvc.Infrastructure.ControllerActionInvoker|Executing controller factory for controller LuxeLooks.Controllers.Product.ProductController (LuxeLooks) 
2023-09-28 15:15:56.2964|0|DEBUG|Microsoft.AspNetCore.Mvc.Infrastructure.ControllerActionInvoker|Executed controller factory for controller LuxeLooks.Controllers.Product.ProductController (LuxeLooks) 
2023-09-28 15:15:56.2964|0|DEBUG|Microsoft.AspNetCore.Mvc.ModelBinding.ParameterBinder|Attempting to bind parameter 'category' of type 'System.String' ... 
2023-09-28 15:15:56.2964|0|DEBUG|Microsoft.AspNetCore.Mvc.ModelBinding.Binders.BodyModelBinder|Attempting to bind parameter 'category' of type 'System.String' using the name 'category' in request data ... 
2023-09-28 15:15:56.2964|0|DEBUG|Microsoft.AspNetCore.Mvc.ModelBinding.Binders.BodyModelBinder|Rejected input formatter 'Microsoft.AspNetCore.Mvc.Formatters.SystemTextJsonInputFormatter' for content type '(null)'. 
2023-09-28 15:15:56.2964|0|DEBUG|Microsoft.AspNetCore.Mvc.ModelBinding.Binders.BodyModelBinder|No input formatter was found to support the content type '(null)' for use with the [FromBody] attribute. 
2023-09-28 15:15:56.3057|0|DEBUG|Microsoft.AspNetCore.Mvc.ModelBinding.Binders.BodyModelBinder|Done attempting to bind parameter 'category' of type 'System.String'. 
2023-09-28 15:15:56.3057|0|DEBUG|Microsoft.AspNetCore.Mvc.ModelBinding.ParameterBinder|Done attempting to bind parameter 'category' of type 'System.String'. 
2023-09-28 15:15:56.3057|0|DEBUG|Microsoft.AspNetCore.Mvc.ModelBinding.ParameterBinder|Attempting to validate the bound parameter 'category' of type 'System.String' ... 
2023-09-28 15:15:56.3057|0|DEBUG|Microsoft.AspNetCore.Mvc.ModelBinding.ParameterBinder|Done attempting to validate the bound parameter 'category' of type 'System.String'. 
2023-09-28 15:15:56.3057|0|TRACE|Microsoft.AspNetCore.Mvc.Infrastructure.ControllerActionInvoker|Action Filter: Before executing OnActionExecuting on filter Microsoft.AspNetCore.Mvc.ModelBinding.UnsupportedContentTypeFilter. 
2023-09-28 15:15:56.3057|0|TRACE|Microsoft.AspNetCore.Mvc.Infrastructure.ControllerActionInvoker|Action Filter: After executing OnActionExecuting on filter Microsoft.AspNetCore.Mvc.ModelBinding.UnsupportedContentTypeFilter. 
2023-09-28 15:15:56.3057|0|DEBUG|Microsoft.AspNetCore.Mvc.Infrastructure.ControllerActionInvoker|Request was short circuited at action filter 'Microsoft.AspNetCore.Mvc.ModelBinding.UnsupportedContentTypeFilter'. 
2023-09-28 15:15:56.3057|0|TRACE|Microsoft.AspNetCore.Mvc.Infrastructure.ControllerActionInvoker|Before executing action result Microsoft.AspNetCore.Mvc.UnsupportedMediaTypeResult. 
2023-09-28 15:15:56.3230|0|INFO|Microsoft.AspNetCore.Mvc.StatusCodeResult|Executing StatusCodeResult, setting HTTP status code 415 
2023-09-28 15:15:56.3230|0|TRACE|Microsoft.AspNetCore.Mvc.Infrastructure.ControllerActionInvoker|After executing action result Microsoft.AspNetCore.Mvc.UnsupportedMediaTypeResult. 
2023-09-28 15:15:56.3230|0|INFO|Microsoft.AspNetCore.Mvc.Infrastructure.ControllerActionInvoker|Executed action LuxeLooks.Controllers.Product.ProductController.GetProductsByCategory (LuxeLooks) in 55.145ms 
2023-09-28 15:15:56.3230|0|INFO|Microsoft.AspNetCore.Routing.EndpointMiddleware|Executed endpoint 'LuxeLooks.Controllers.Product.ProductController.GetProductsByCategory (LuxeLooks)' 
2023-09-28 15:15:56.3230|0|DEBUG|Microsoft.AspNetCore.Server.Kestrel.Connections|Connection id "0HMU03HHTEKMF" completed keep alive response. 
2023-09-28 15:15:56.3230|0|INFO|Microsoft.AspNetCore.Hosting.Diagnostics|Request finished HTTP/1.1 GET https://localhost:7227/Product/GetProductsByCategory/Куртка - - - 415 0 - 79.2728ms 
2023-09-28 15:16:09.4713|0|DEBUG|Microsoft.AspNetCore.Server.Kestrel.Http2|Connection id "0HMU03HHTEKMC" is closing. 
2023-09-28 15:16:09.4713|0|DEBUG|Microsoft.AspNetCore.Server.Kestrel.Http2|Connection id "0HMU03HHTEKMC" is closed. The last processed stream ID was 1. 
2023-09-28 15:16:09.4713|0|TRACE|Microsoft.AspNetCore.Server.Kestrel.Http2|Connection id "0HMU03HHTEKMC" sending GOAWAY frame for stream ID 0 with length 8 and flags 0x0. 
2023-09-28 15:16:09.4713|0|DEBUG|Microsoft.AspNetCore.Server.Kestrel.Transport.Sockets|Connection id "0HMU03HHTEKMC" received FIN. 
2023-09-28 15:16:09.4713|0|DEBUG|Microsoft.AspNetCore.Server.Kestrel.Transport.Sockets|Connection id "0HMU03HHTEKMC" sending FIN because: "The Socket transport's send loop completed gracefully." 
2023-09-28 15:16:09.4713|0|DEBUG|Microsoft.AspNetCore.Server.Kestrel.Http2|The connection queue processing loop for 0HMU03HHTEKMC completed. 
2023-09-28 15:16:09.4713|0|DEBUG|Microsoft.AspNetCore.Server.Kestrel.Connections|Connection id "0HMU03HHTEKMC" stopped. 
2023-09-28 17:30:43.8365|0|DEBUG|Microsoft.AspNetCore.Server.Kestrel.Connections|Connection id "0HMU03HHTEKMF" disconnecting. 
2023-09-28 17:30:43.8626|0|DEBUG|Microsoft.AspNetCore.Server.Kestrel.Connections|Connection id "0HMU03HHTEKMF" stopped. 
2023-09-28 17:30:43.8626|0|DEBUG|Microsoft.AspNetCore.Server.Kestrel.Transport.Sockets|Connection id "0HMU03HHTEKMF" sending FIN because: "The Socket transport's send loop completed gracefully." 
2023-09-28 17:31:22.1833|0|INFO|Microsoft.Hosting.Lifetime|Application is shutting down... 
2023-09-28 17:31:22.1833|0|DEBUG|Microsoft.Extensions.Hosting.Internal.Host|Hosting stopping 
2023-09-28 17:31:22.2098|0|DEBUG|Microsoft.Extensions.Hosting.Internal.Host|Hosting stopped 
