2024-02-11 13:18:53.7885|0|DEBUG|Microsoft.AspNetCore.Mvc.ModelBinding.ModelBinderFactory|Registered model binder providers, in the following order: Microsoft.AspNetCore.Mvc.ModelBinding.Binders.BinderTypeModelBinderProvider, Microsoft.AspNetCore.Mvc.ModelBinding.Binders.ServicesModelBinderProvider, Microsoft.AspNetCore.Mvc.ModelBinding.Binders.BodyModelBinderProvider, Microsoft.AspNetCore.Mvc.ModelBinding.Binders.HeaderModelBinderProvider, Microsoft.AspNetCore.Mvc.ModelBinding.Binders.FloatingPointTypeModelBinderProvider, Microsoft.AspNetCore.Mvc.ModelBinding.Binders.EnumTypeModelBinderProvider, Microsoft.AspNetCore.Mvc.ModelBinding.Binders.DateTimeModelBinderProvider, Microsoft.AspNetCore.Mvc.ModelBinding.Binders.SimpleTypeModelBinderProvider, Microsoft.AspNetCore.Mvc.ModelBinding.Binders.TryParseModelBinderProvider, Microsoft.AspNetCore.Mvc.ModelBinding.Binders.CancellationTokenModelBinderProvider, Microsoft.AspNetCore.Mvc.ModelBinding.Binders.ByteArrayModelBinderProvider, Microsoft.AspNetCore.Mvc.ModelBinding.Binders.FormFileModelBinderProvider, Microsoft.AspNetCore.Mvc.ModelBinding.Binders.FormCollectionModelBinderProvider, Microsoft.AspNetCore.Mvc.ModelBinding.Binders.KeyValuePairModelBinderProvider, Microsoft.AspNetCore.Mvc.ModelBinding.Binders.DictionaryModelBinderProvider, Microsoft.AspNetCore.Mvc.ModelBinding.Binders.ArrayModelBinderProvider, Microsoft.AspNetCore.Mvc.ModelBinding.Binders.CollectionModelBinderProvider, Microsoft.AspNetCore.Mvc.ModelBinding.Binders.ComplexObjectModelBinderProvider 
2024-02-11 13:18:54.1684|0|INFO|Program|Program initial 
2024-02-11 13:18:54.1684|0|DEBUG|Microsoft.Extensions.Hosting.Internal.Host|Hosting starting 
2024-02-11 13:18:54.3087|0|INFO|Microsoft.AspNetCore.DataProtection.KeyManagement.XmlKeyManager|User profile is available. Using 'C:\Users\Алексей\AppData\Local\ASP.NET\DataProtection-Keys' as key repository and Windows DPAPI to encrypt keys at rest. 
2024-02-11 13:18:54.3087|0|DEBUG|Microsoft.AspNetCore.DataProtection.Repositories.FileSystemXmlRepository|Reading data from file 'C:\Users\Алексей\AppData\Local\ASP.NET\DataProtection-Keys\key-201f091d-1492-40cf-8448-2970d8f8302a.xml'. 
2024-02-11 13:18:54.3442|0|DEBUG|Microsoft.AspNetCore.DataProtection.Repositories.FileSystemXmlRepository|Reading data from file 'C:\Users\Алексей\AppData\Local\ASP.NET\DataProtection-Keys\key-2d9e62db-d7bf-4181-92ca-c331696ba564.xml'. 
2024-02-11 13:18:54.3734|0|DEBUG|Microsoft.AspNetCore.DataProtection.Repositories.FileSystemXmlRepository|Reading data from file 'C:\Users\Алексей\AppData\Local\ASP.NET\DataProtection-Keys\key-36f42311-3483-4917-8846-1f1bdd7768ee.xml'. 
2024-02-11 13:18:54.3983|0|DEBUG|Microsoft.AspNetCore.DataProtection.Repositories.FileSystemXmlRepository|Reading data from file 'C:\Users\Алексей\AppData\Local\ASP.NET\DataProtection-Keys\key-8c2d20ac-a7d5-4fe4-b7a0-731f36d4f54e.xml'. 
2024-02-11 13:18:54.4101|0|DEBUG|Microsoft.AspNetCore.DataProtection.Repositories.FileSystemXmlRepository|Reading data from file 'C:\Users\Алексей\AppData\Local\ASP.NET\DataProtection-Keys\key-fe0fd9ec-cbd2-45ba-94c2-4c4db8302271.xml'. 
2024-02-11 13:18:54.4411|0|DEBUG|Microsoft.AspNetCore.DataProtection.KeyManagement.XmlKeyManager|Found key {201f091d-1492-40cf-8448-2970d8f8302a}. 
2024-02-11 13:18:54.4411|0|DEBUG|Microsoft.AspNetCore.DataProtection.KeyManagement.XmlKeyManager|Found key {2d9e62db-d7bf-4181-92ca-c331696ba564}. 
2024-02-11 13:18:54.4411|0|DEBUG|Microsoft.AspNetCore.DataProtection.KeyManagement.XmlKeyManager|Found key {36f42311-3483-4917-8846-1f1bdd7768ee}. 
2024-02-11 13:18:54.4411|0|DEBUG|Microsoft.AspNetCore.DataProtection.KeyManagement.XmlKeyManager|Found key {8c2d20ac-a7d5-4fe4-b7a0-731f36d4f54e}. 
2024-02-11 13:18:54.4466|0|DEBUG|Microsoft.AspNetCore.DataProtection.KeyManagement.XmlKeyManager|Found key {fe0fd9ec-cbd2-45ba-94c2-4c4db8302271}. 
2024-02-11 13:18:54.4466|0|DEBUG|Microsoft.AspNetCore.DataProtection.KeyManagement.DefaultKeyResolver|Considering key {2d9e62db-d7bf-4181-92ca-c331696ba564} with expiration date 2024-04-10 12:47:38Z as default key. 
2024-02-11 13:18:54.4466|0|DEBUG|Microsoft.AspNetCore.DataProtection.TypeForwardingActivator|Forwarded activator type request from Microsoft.AspNetCore.DataProtection.XmlEncryption.DpapiXmlDecryptor, Microsoft.AspNetCore.DataProtection, Version=7.0.0.0, Culture=neutral, PublicKeyToken=adb9793829ddae60 to Microsoft.AspNetCore.DataProtection.XmlEncryption.DpapiXmlDecryptor, Microsoft.AspNetCore.DataProtection, Culture=neutral, PublicKeyToken=adb9793829ddae60 
2024-02-11 13:18:54.4466|0|DEBUG|Microsoft.AspNetCore.DataProtection.XmlEncryption.DpapiXmlDecryptor|Decrypting secret element using Windows DPAPI. 
2024-02-11 13:18:54.4629|0|DEBUG|Microsoft.AspNetCore.DataProtection.TypeForwardingActivator|Forwarded activator type request from Microsoft.AspNetCore.DataProtection.AuthenticatedEncryption.ConfigurationModel.AuthenticatedEncryptorDescriptorDeserializer, Microsoft.AspNetCore.DataProtection, Version=7.0.0.0, Culture=neutral, PublicKeyToken=adb9793829ddae60 to Microsoft.AspNetCore.DataProtection.AuthenticatedEncryption.ConfigurationModel.AuthenticatedEncryptorDescriptorDeserializer, Microsoft.AspNetCore.DataProtection, Culture=neutral, PublicKeyToken=adb9793829ddae60 
2024-02-11 13:18:54.4629|0|DEBUG|Microsoft.AspNetCore.DataProtection.AuthenticatedEncryption.CngCbcAuthenticatedEncryptorFactory|Opening CNG algorithm 'AES' from provider '(null)' with chaining mode CBC. 
2024-02-11 13:18:54.4629|0|DEBUG|Microsoft.AspNetCore.DataProtection.AuthenticatedEncryption.CngCbcAuthenticatedEncryptorFactory|Opening CNG algorithm 'SHA256' from provider '(null)' with HMAC. 
2024-02-11 13:18:54.4629|0|DEBUG|Microsoft.AspNetCore.DataProtection.KeyManagement.KeyRingProvider|Using key {2d9e62db-d7bf-4181-92ca-c331696ba564} as the default key. 
2024-02-11 13:18:54.4629|0|DEBUG|Microsoft.AspNetCore.DataProtection.Internal.DataProtectionHostedService|Key ring with default key {2d9e62db-d7bf-4181-92ca-c331696ba564} was loaded during application startup. 
2024-02-11 13:18:54.9546|0|INFO|Microsoft.Hosting.Lifetime|Now listening on: http://localhost:5219 
2024-02-11 13:18:54.9546|0|DEBUG|Microsoft.AspNetCore.Hosting.Diagnostics|Loaded hosting startup assembly LuxeLooks 
2024-02-11 13:18:54.9546|0|INFO|Microsoft.Hosting.Lifetime|Application started. Press Ctrl+C to shut down. 
2024-02-11 13:18:54.9546|0|INFO|Microsoft.Hosting.Lifetime|Hosting environment: Development 
2024-02-11 13:18:54.9546|0|INFO|Microsoft.Hosting.Lifetime|Content root path: C:\5Sem\LuxeLooks\LuxeLooks\LuxeLooks\LuxeLooks 
2024-02-11 13:18:54.9546|0|DEBUG|Microsoft.Extensions.Hosting.Internal.Host|Hosting started 
2024-02-11 13:18:55.1493|0|DEBUG|Microsoft.AspNetCore.Server.Kestrel.Connections|Connection id "0HN1ATBD3CV6P" accepted. 
2024-02-11 13:18:55.1513|0|DEBUG|Microsoft.AspNetCore.Server.Kestrel.Connections|Connection id "0HN1ATBD3CV6P" started. 
2024-02-11 13:18:55.1734|0|DEBUG|Microsoft.AspNetCore.Server.Kestrel.Connections|Connection id "0HN1ATBD3CV6Q" accepted. 
2024-02-11 13:18:55.1734|0|DEBUG|Microsoft.AspNetCore.Server.Kestrel.Connections|Connection id "0HN1ATBD3CV6Q" started. 
2024-02-11 13:18:55.1734|0|DEBUG|Microsoft.AspNetCore.Server.Kestrel.Connections|Connection id "0HN1ATBD3CV6R" accepted. 
2024-02-11 13:18:55.1734|0|DEBUG|Microsoft.AspNetCore.Server.Kestrel.Connections|Connection id "0HN1ATBD3CV6R" started. 
2024-02-11 13:18:55.2698|0|INFO|Microsoft.AspNetCore.Hosting.Diagnostics|Request starting HTTP/1.1 GET http://localhost:5219/swagger/index.html - - 
2024-02-11 13:18:55.2698|0|DEBUG|Microsoft.AspNetCore.HostFiltering.HostFilteringMiddleware|Wildcard detected, all requests with hosts will be allowed. 
2024-02-11 13:18:55.2698|0|TRACE|Microsoft.AspNetCore.HostFiltering.HostFilteringMiddleware|All hosts are allowed. 
2024-02-11 13:18:55.4194|0|DEBUG|Microsoft.AspNetCore.Authentication.JwtBearer.JwtBearerHandler|AuthenticationScheme: Bearer was not authenticated. 
2024-02-11 13:18:55.6629|0|DEBUG|Microsoft.AspNetCore.Server.Kestrel.Connections|Connection id "0HN1ATBD3CV6P" completed keep alive response. 
2024-02-11 13:18:55.6659|0|INFO|Microsoft.AspNetCore.Hosting.Diagnostics|Request finished HTTP/1.1 GET http://localhost:5219/swagger/index.html - - - 200 - text/html;charset=utf-8 398.9086ms 
2024-02-11 13:18:56.1796|0|INFO|Microsoft.AspNetCore.Hosting.Diagnostics|Request starting HTTP/1.1 GET http://localhost:5219/swagger/v1/swagger.json - - 
2024-02-11 13:18:56.1796|0|TRACE|Microsoft.AspNetCore.HostFiltering.HostFilteringMiddleware|All hosts are allowed. 
2024-02-11 13:18:56.1824|0|DEBUG|Microsoft.AspNetCore.Authentication.JwtBearer.JwtBearerHandler|AuthenticationScheme: Bearer was not authenticated. 
2024-02-11 13:18:56.2272|0|DEBUG|Microsoft.AspNetCore.Server.Kestrel.Connections|Connection id "0HN1ATBD3CV6S" accepted. 
2024-02-11 13:18:56.2272|0|DEBUG|Microsoft.AspNetCore.Server.Kestrel.Connections|Connection id "0HN1ATBD3CV6S" started. 
2024-02-11 13:18:56.2272|0|INFO|Microsoft.AspNetCore.Hosting.Diagnostics|Request starting HTTP/1.1 GET http://localhost:5219/swagger/index.html - - 
2024-02-11 13:18:56.2272|0|TRACE|Microsoft.AspNetCore.HostFiltering.HostFilteringMiddleware|All hosts are allowed. 
2024-02-11 13:18:56.2272|0|DEBUG|Microsoft.AspNetCore.Authentication.JwtBearer.JwtBearerHandler|AuthenticationScheme: Bearer was not authenticated. 
2024-02-11 13:18:56.2272|0|DEBUG|Microsoft.AspNetCore.Server.Kestrel.Connections|Connection id "0HN1ATBD3CV6S" completed keep alive response. 
2024-02-11 13:18:56.2272|0|INFO|Microsoft.AspNetCore.Hosting.Diagnostics|Request finished HTTP/1.1 GET http://localhost:5219/swagger/index.html - - - 200 - text/html;charset=utf-8 11.2835ms 
2024-02-11 13:18:56.5269|0|DEBUG|Microsoft.AspNetCore.Server.Kestrel.Connections|Connection id "0HN1ATBD3CV6P" completed keep alive response. 
2024-02-11 13:18:56.5269|0|INFO|Microsoft.AspNetCore.Hosting.Diagnostics|Request finished HTTP/1.1 GET http://localhost:5219/swagger/v1/swagger.json - - - 200 - application/json;charset=utf-8 347.7604ms 
2024-02-11 13:19:04.5225|0|DEBUG|Microsoft.AspNetCore.Server.Kestrel.Connections|Connection id "0HN1ATBD3CV6T" accepted. 
2024-02-11 13:19:04.5225|0|DEBUG|Microsoft.AspNetCore.Server.Kestrel.Connections|Connection id "0HN1ATBD3CV6T" started. 
2024-02-11 13:19:04.5243|0|DEBUG|Microsoft.AspNetCore.Server.Kestrel.Connections|Connection id "0HN1ATBD3CV6U" accepted. 
2024-02-11 13:19:04.5243|0|DEBUG|Microsoft.AspNetCore.Server.Kestrel.Transport.Sockets|Connection id "0HN1ATBD3CV6T" received FIN. 
2024-02-11 13:19:04.5243|0|DEBUG|Microsoft.AspNetCore.Server.Kestrel.Connections|Connection id "0HN1ATBD3CV6U" started. 
2024-02-11 13:19:04.5243|0|DEBUG|Microsoft.AspNetCore.Server.Kestrel.Transport.Sockets|Connection id "0HN1ATBD3CV6T" sending FIN because: "The Socket transport's send loop completed gracefully." 
2024-02-11 13:19:04.5243|0|DEBUG|Microsoft.AspNetCore.Server.Kestrel.Connections|Connection id "0HN1ATBD3CV6T" disconnecting. 
2024-02-11 13:19:04.5243|0|INFO|Microsoft.AspNetCore.Hosting.Diagnostics|Request starting HTTP/1.1 PUT http://localhost:5219/Admin/Product/Update - 0 
2024-02-11 13:19:04.5243|0|TRACE|Microsoft.AspNetCore.HostFiltering.HostFilteringMiddleware|All hosts are allowed. 
2024-02-11 13:19:04.5243|0|DEBUG|Microsoft.AspNetCore.Server.Kestrel.Connections|Connection id "0HN1ATBD3CV6T" stopped. 
2024-02-11 13:19:05.0022|0|INFO|Microsoft.AspNetCore.Authentication.JwtBearer.JwtBearerHandler|Failed to validate the token. Microsoft.IdentityModel.Tokens.SecurityTokenExpiredException: IDX10223: Lifetime validation failed. The token is expired. ValidTo: '11.02.2024 10:10:28', Current time: '11.02.2024 10:19:04'.
   at Microsoft.IdentityModel.Tokens.Validators.ValidateLifetime(Nullable`1 notBefore, Nullable`1 expires, SecurityToken securityToken, TokenValidationParameters validationParameters)
   at System.IdentityModel.Tokens.Jwt.JwtSecurityTokenHandler.ValidateLifetime(Nullable`1 notBefore, Nullable`1 expires, JwtSecurityToken jwtToken, TokenValidationParameters validationParameters)
   at System.IdentityModel.Tokens.Jwt.JwtSecurityTokenHandler.ValidateTokenPayload(JwtSecurityToken jwtToken, TokenValidationParameters validationParameters)
   at System.IdentityModel.Tokens.Jwt.JwtSecurityTokenHandler.ValidateToken(String token, TokenValidationParameters validationParameters, SecurityToken& validatedToken)
   at Microsoft.AspNetCore.Authentication.JwtBearer.JwtBearerHandler.HandleAuthenticateAsync()
2024-02-11 13:19:05.1736|0|INFO|Microsoft.AspNetCore.Authentication.JwtBearer.JwtBearerHandler|Bearer was not authenticated. Failure message: IDX10223: Lifetime validation failed. The token is expired. ValidTo: '11.02.2024 10:10:28', Current time: '11.02.2024 10:19:04'. 
2024-02-11 13:19:05.1736|0|DEBUG|Microsoft.AspNetCore.StaticFiles.StaticFileMiddleware|PUT requests are not supported 
2024-02-11 13:19:05.1942|0|TRACE|Microsoft.AspNetCore.DataProtection.KeyManagement.KeyRingBasedDataProtector|Performing protect operation to key {2d9e62db-d7bf-4181-92ca-c331696ba564} with purposes ('C:\5Sem\LuxeLooks\LuxeLooks\LuxeLooks\LuxeLooks\', 'SessionMiddleware'). 
2024-02-11 13:19:05.2002|0|WARN|Microsoft.AspNetCore.HttpsPolicy.HttpsRedirectionMiddleware|Failed to determine the https port for redirect. 
2024-02-11 13:19:05.2002|0|DEBUG|Microsoft.AspNetCore.StaticFiles.StaticFileMiddleware|PUT requests are not supported 
2024-02-11 13:19:05.2665|0|DEBUG|Microsoft.AspNetCore.Routing.Matching.DfaMatcher|1 candidate(s) found for the request path '/Admin/Product/Update' 
2024-02-11 13:19:05.2665|0|DEBUG|Microsoft.AspNetCore.Routing.Matching.DfaMatcher|Endpoint 'LuxeLooks.Areas.Admin.Controllers.ProductController.UpdateProduct (LuxeLooks)' with route pattern '{area}/Product/Update' is valid for the request path '/Admin/Product/Update' 
2024-02-11 13:19:05.2665|0|DEBUG|Microsoft.AspNetCore.Routing.EndpointRoutingMiddleware|Request matched endpoint 'LuxeLooks.Areas.Admin.Controllers.ProductController.UpdateProduct (LuxeLooks)' 
2024-02-11 13:19:05.2906|0|INFO|Microsoft.AspNetCore.Authorization.DefaultAuthorizationService|Authorization failed. These requirements were not met:
DenyAnonymousAuthorizationRequirement: Requires an authenticated user.
RolesAuthorizationRequirement:User.IsInRole must be true for one of the following roles: (Admin) 
2024-02-11 13:19:05.2906|0|INFO|Microsoft.AspNetCore.Authentication.JwtBearer.JwtBearerHandler|AuthenticationScheme: Bearer was challenged. 
2024-02-11 13:19:05.3080|0|DEBUG|Microsoft.AspNetCore.Server.Kestrel.Connections|Connection id "0HN1ATBD3CV6U" completed keep alive response. 
2024-02-11 13:19:05.3080|0|INFO|Microsoft.AspNetCore.Hosting.Diagnostics|Request finished HTTP/1.1 PUT http://localhost:5219/Admin/Product/Update - 0 - 401 0 - 780.9437ms 
2024-02-11 13:19:12.9736|0|INFO|Microsoft.AspNetCore.Hosting.Diagnostics|Request starting HTTP/1.1 POST http://localhost:5219/Account/Login application/json 70 
2024-02-11 13:19:12.9736|0|TRACE|Microsoft.AspNetCore.HostFiltering.HostFilteringMiddleware|All hosts are allowed. 
2024-02-11 13:19:12.9736|0|DEBUG|Microsoft.AspNetCore.Authentication.JwtBearer.JwtBearerHandler|AuthenticationScheme: Bearer was not authenticated. 
2024-02-11 13:19:12.9736|0|DEBUG|Microsoft.AspNetCore.StaticFiles.StaticFileMiddleware|POST requests are not supported 
2024-02-11 13:19:12.9736|0|TRACE|Microsoft.AspNetCore.DataProtection.KeyManagement.KeyRingBasedDataProtector|Performing protect operation to key {2d9e62db-d7bf-4181-92ca-c331696ba564} with purposes ('C:\5Sem\LuxeLooks\LuxeLooks\LuxeLooks\LuxeLooks\', 'SessionMiddleware'). 
2024-02-11 13:19:12.9776|0|DEBUG|Microsoft.AspNetCore.StaticFiles.StaticFileMiddleware|POST requests are not supported 
2024-02-11 13:19:12.9776|0|DEBUG|Microsoft.AspNetCore.Routing.Matching.DfaMatcher|1 candidate(s) found for the request path '/Account/Login' 
2024-02-11 13:19:12.9776|0|DEBUG|Microsoft.AspNetCore.Routing.Matching.DfaMatcher|Endpoint 'LuxeLooks.Controllers.Account.AccountController.Authenticate (LuxeLooks)' with route pattern 'Account/Login' is valid for the request path '/Account/Login' 
2024-02-11 13:19:12.9776|0|DEBUG|Microsoft.AspNetCore.Routing.EndpointRoutingMiddleware|Request matched endpoint 'LuxeLooks.Controllers.Account.AccountController.Authenticate (LuxeLooks)' 
2024-02-11 13:19:12.9776|0|DEBUG|Microsoft.AspNetCore.StaticFiles.StaticFileMiddleware|Static files was skipped as the request already matched an endpoint. 
2024-02-11 13:19:12.9776|0|INFO|Microsoft.AspNetCore.Routing.EndpointMiddleware|Executing endpoint 'LuxeLooks.Controllers.Account.AccountController.Authenticate (LuxeLooks)' 
2024-02-11 13:19:13.0421|0|INFO|Microsoft.AspNetCore.Mvc.Infrastructure.ControllerActionInvoker|Route matched with {action = "Authenticate", controller = "Account", area = ""}. Executing controller action with signature System.Threading.Tasks.Task`1[Microsoft.AspNetCore.Mvc.ActionResult`1[LuxeLooks.Domain.Models.Identity.AuthResponse]] Authenticate(LuxeLooks.Domain.Models.Identity.AuthRequest) on controller LuxeLooks.Controllers.Account.AccountController (LuxeLooks). 
2024-02-11 13:19:13.0421|0|DEBUG|Microsoft.AspNetCore.Mvc.Infrastructure.ControllerActionInvoker|Execution plan of authorization filters (in the following order): None 
2024-02-11 13:19:13.0421|0|DEBUG|Microsoft.AspNetCore.Mvc.Infrastructure.ControllerActionInvoker|Execution plan of resource filters (in the following order): None 
2024-02-11 13:19:13.0421|0|DEBUG|Microsoft.AspNetCore.Mvc.Infrastructure.ControllerActionInvoker|Execution plan of action filters (in the following order): Microsoft.AspNetCore.Mvc.ModelBinding.UnsupportedContentTypeFilter (Order: -3000), Microsoft.AspNetCore.Mvc.Infrastructure.ModelStateInvalidFilter (Order: -2000) 
2024-02-11 13:19:13.0421|0|DEBUG|Microsoft.AspNetCore.Mvc.Infrastructure.ControllerActionInvoker|Execution plan of exception filters (in the following order): None 
2024-02-11 13:19:13.0421|0|DEBUG|Microsoft.AspNetCore.Mvc.Infrastructure.ControllerActionInvoker|Execution plan of result filters (in the following order): Microsoft.AspNetCore.Mvc.Infrastructure.ClientErrorResultFilter (Order: -2000) 
2024-02-11 13:19:13.0421|0|DEBUG|Microsoft.AspNetCore.Mvc.Infrastructure.ControllerActionInvoker|Executing controller factory for controller LuxeLooks.Controllers.Account.AccountController (LuxeLooks) 
2024-02-11 13:19:13.4529|0|DEBUG|Microsoft.EntityFrameworkCore.Infrastructure|An 'IServiceProvider' was created for internal use by Entity Framework. 
2024-02-11 13:19:13.5257|0|DEBUG|Microsoft.AspNetCore.Mvc.Infrastructure.ControllerActionInvoker|Executed controller factory for controller LuxeLooks.Controllers.Account.AccountController (LuxeLooks) 
2024-02-11 13:19:13.5257|0|DEBUG|Microsoft.AspNetCore.Mvc.ModelBinding.ParameterBinder|Attempting to bind parameter 'request' of type 'LuxeLooks.Domain.Models.Identity.AuthRequest' ... 
2024-02-11 13:19:13.5429|0|DEBUG|Microsoft.AspNetCore.Mvc.ModelBinding.Binders.BodyModelBinder|Attempting to bind parameter 'request' of type 'LuxeLooks.Domain.Models.Identity.AuthRequest' using the name '' in request data ... 
2024-02-11 13:19:13.5429|0|DEBUG|Microsoft.AspNetCore.Mvc.ModelBinding.Binders.BodyModelBinder|Selected input formatter 'Microsoft.AspNetCore.Mvc.Formatters.SystemTextJsonInputFormatter' for content type 'application/json'. 
2024-02-11 13:19:13.5598|0|DEBUG|Microsoft.AspNetCore.Server.Kestrel|Connection id "0HN1ATBD3CV6U", Request id "0HN1ATBD3CV6U:00000002": started reading request body. 
2024-02-11 13:19:13.5598|0|DEBUG|Microsoft.AspNetCore.Server.Kestrel|Connection id "0HN1ATBD3CV6U", Request id "0HN1ATBD3CV6U:00000002": done reading request body. 
2024-02-11 13:19:13.5774|0|DEBUG|Microsoft.AspNetCore.Mvc.Formatters.SystemTextJsonInputFormatter|JSON input formatter succeeded, deserializing to type 'LuxeLooks.Domain.Models.Identity.AuthRequest' 
2024-02-11 13:19:13.5774|0|DEBUG|Microsoft.AspNetCore.Mvc.ModelBinding.Binders.BodyModelBinder|Done attempting to bind parameter 'request' of type 'LuxeLooks.Domain.Models.Identity.AuthRequest'. 
2024-02-11 13:19:13.5774|0|DEBUG|Microsoft.AspNetCore.Mvc.ModelBinding.ParameterBinder|Done attempting to bind parameter 'request' of type 'LuxeLooks.Domain.Models.Identity.AuthRequest'. 
2024-02-11 13:19:13.5774|0|DEBUG|Microsoft.AspNetCore.Mvc.ModelBinding.ParameterBinder|Attempting to validate the bound parameter 'request' of type 'LuxeLooks.Domain.Models.Identity.AuthRequest' ... 
2024-02-11 13:19:13.5950|0|DEBUG|Microsoft.AspNetCore.Mvc.ModelBinding.ParameterBinder|Done attempting to validate the bound parameter 'request' of type 'LuxeLooks.Domain.Models.Identity.AuthRequest'. 
2024-02-11 13:19:13.5950|0|TRACE|Microsoft.AspNetCore.Mvc.Infrastructure.ControllerActionInvoker|Action Filter: Before executing OnActionExecuting on filter Microsoft.AspNetCore.Mvc.ModelBinding.UnsupportedContentTypeFilter. 
2024-02-11 13:19:13.5950|0|TRACE|Microsoft.AspNetCore.Mvc.Infrastructure.ControllerActionInvoker|Action Filter: After executing OnActionExecuting on filter Microsoft.AspNetCore.Mvc.ModelBinding.UnsupportedContentTypeFilter. 
2024-02-11 13:19:13.6026|0|TRACE|Microsoft.AspNetCore.Mvc.Infrastructure.ControllerActionInvoker|Action Filter: Before executing OnActionExecuting on filter Microsoft.AspNetCore.Mvc.Infrastructure.ModelStateInvalidFilter. 
2024-02-11 13:19:13.6026|0|TRACE|Microsoft.AspNetCore.Mvc.Infrastructure.ControllerActionInvoker|Action Filter: After executing OnActionExecuting on filter Microsoft.AspNetCore.Mvc.Infrastructure.ModelStateInvalidFilter. 
2024-02-11 13:19:13.6204|0|INFO|Microsoft.AspNetCore.Mvc.Infrastructure.ControllerActionInvoker|Executing action method LuxeLooks.Controllers.Account.AccountController.Authenticate (LuxeLooks) - Validation state: Valid 
2024-02-11 13:19:13.6204|0|TRACE|Microsoft.AspNetCore.Mvc.Infrastructure.ControllerActionInvoker|Executing action method LuxeLooks.Controllers.Account.AccountController.Authenticate (LuxeLooks) with arguments (LuxeLooks.Domain.Models.Identity.AuthRequest) 
2024-02-11 13:19:16.8210|0|DEBUG|Microsoft.EntityFrameworkCore.Infrastructure|Entity Framework Core 7.0.11 initialized 'ApplicationDbContext' using provider 'Npgsql.EntityFrameworkCore.PostgreSQL:7.0.11+c25a0d7b68d66c6ab3849a3b4333964faea6adc9' with options: None 
2024-02-11 13:19:16.8891|0|DEBUG|Microsoft.EntityFrameworkCore.Query|Compiling query expression: 
'DbSet<User>()' 
2024-02-11 13:19:17.3302|0|DEBUG|Microsoft.EntityFrameworkCore.Query|Generated query execution expression: 
'queryContext => new SingleQueryingEnumerable<User>(
    (RelationalQueryContext)queryContext, 
    RelationalCommandCache.QueryExpression(
        Projection Mapping:
            EmptyProjectionMember -> Dictionary<IProperty, int> { [Property: User.Id (Guid) Required PK AfterSave:Throw ValueGenerated.OnAdd, 0], [Property: User.Email (string) Required, 1], [Property: User.NormalizedUserName (string) Required, 2], [Property: User.PasswordHash (string) Required, 3], [Property: User.PasswordSalt (string) Required, 4], [Property: User.RefreshToken (string), 5], [Property: User.RefreshTokenExpiryTime (DateTime) Required, 6], [Property: User.RoleId (Guid) Required, 7], [Property: User.UserName (string) Required, 8] }
        SELECT u.Id, u.Email, u.NormalizedUserName, u.PasswordHash, u.PasswordSalt, u.RefreshToken, u.RefreshTokenExpiryTime, u.RoleId, u.UserName
        FROM Users AS u), 
    null, 
    Func<QueryContext, DbDataReader, ResultContext, SingleQueryResultCoordinator, User>, 
    LuxeLooks.DataManagment.ApplicationDbContext, 
    False, 
    False, 
    True
)' 
2024-02-11 13:19:17.4261|0|DEBUG|Microsoft.EntityFrameworkCore.Database.Command|Creating DbCommand for 'ExecuteReader'. 
2024-02-11 13:19:17.4320|0|DEBUG|Microsoft.EntityFrameworkCore.Database.Connection|Creating DbConnection. 
2024-02-11 13:19:17.5850|0|DEBUG|Microsoft.EntityFrameworkCore.Database.Connection|Created DbConnection. (144ms). 
2024-02-11 13:19:17.6059|0|DEBUG|Microsoft.EntityFrameworkCore.Database.Command|Created DbCommand for 'ExecuteReader' (173ms). 
2024-02-11 13:19:17.6059|0|DEBUG|Microsoft.EntityFrameworkCore.Database.Command|Initialized DbCommand for 'ExecuteReader' (189ms). 
2024-02-11 13:19:17.6240|0|DEBUG|Microsoft.EntityFrameworkCore.Database.Connection|Opening connection to database 'LuxeLooks' on server ''. 
2024-02-11 13:19:18.1324|0|DEBUG|Microsoft.EntityFrameworkCore.Database.Connection|Opened connection to database 'LuxeLooks' on server 'tcp://localhost:5432'. 
2024-02-11 13:19:18.1694|0|DEBUG|Microsoft.EntityFrameworkCore.Database.Command|Executing DbCommand [Parameters=[], CommandType='Text', CommandTimeout='30']
SELECT u."Id", u."Email", u."NormalizedUserName", u."PasswordHash", u."PasswordSalt", u."RefreshToken", u."RefreshTokenExpiryTime", u."RoleId", u."UserName"
FROM "Users" AS u 
2024-02-11 13:19:18.2792|0|INFO|Microsoft.EntityFrameworkCore.Database.Command|Executed DbCommand (114ms) [Parameters=[], CommandType='Text', CommandTimeout='30']
SELECT u."Id", u."Email", u."NormalizedUserName", u."PasswordHash", u."PasswordSalt", u."RefreshToken", u."RefreshTokenExpiryTime", u."RoleId", u."UserName"
FROM "Users" AS u 
2024-02-11 13:19:18.3781|0|DEBUG|Microsoft.EntityFrameworkCore.ChangeTracking|Context 'ApplicationDbContext' started tracking 'User' entity. Consider using 'DbContextOptionsBuilder.EnableSensitiveDataLogging' to see key values. 
2024-02-11 13:19:18.4577|0|DEBUG|Microsoft.EntityFrameworkCore.ChangeTracking|Context 'ApplicationDbContext' started tracking 'User' entity. Consider using 'DbContextOptionsBuilder.EnableSensitiveDataLogging' to see key values. 
2024-02-11 13:19:18.4798|0|DEBUG|Microsoft.EntityFrameworkCore.Database.Command|Closing data reader to 'LuxeLooks' on server 'tcp://localhost:5432'. 
2024-02-11 13:19:18.5105|0|DEBUG|Microsoft.EntityFrameworkCore.Database.Command|A data reader for 'LuxeLooks' on server 'tcp://localhost:5432' is being disposed after spending 208ms reading results. 
2024-02-11 13:19:18.5323|0|DEBUG|Microsoft.EntityFrameworkCore.Database.Connection|Closing connection to database 'LuxeLooks' on server 'tcp://localhost:5432'. 
2024-02-11 13:19:18.5511|0|DEBUG|Microsoft.EntityFrameworkCore.Database.Connection|Closed connection to database 'LuxeLooks' on server '' (19ms). 
2024-02-11 13:19:18.5651|0|DEBUG|Microsoft.EntityFrameworkCore.Database.Command|Creating DbCommand for 'ExecuteReader'. 
2024-02-11 13:19:18.5651|0|DEBUG|Microsoft.EntityFrameworkCore.Database.Command|Created DbCommand for 'ExecuteReader' (0ms). 
2024-02-11 13:19:18.5651|0|DEBUG|Microsoft.EntityFrameworkCore.Database.Command|Initialized DbCommand for 'ExecuteReader' (1ms). 
2024-02-11 13:19:18.5651|0|DEBUG|Microsoft.EntityFrameworkCore.Database.Connection|Opening connection to database 'LuxeLooks' on server ''. 
2024-02-11 13:19:18.5651|0|DEBUG|Microsoft.EntityFrameworkCore.Database.Connection|Opened connection to database 'LuxeLooks' on server 'tcp://localhost:5432'. 
2024-02-11 13:19:18.5651|0|DEBUG|Microsoft.EntityFrameworkCore.Database.Command|Executing DbCommand [Parameters=[], CommandType='Text', CommandTimeout='30']
SELECT u."Id", u."Email", u."NormalizedUserName", u."PasswordHash", u."PasswordSalt", u."RefreshToken", u."RefreshTokenExpiryTime", u."RoleId", u."UserName"
FROM "Users" AS u 
2024-02-11 13:19:18.5894|0|INFO|Microsoft.EntityFrameworkCore.Database.Command|Executed DbCommand (20ms) [Parameters=[], CommandType='Text', CommandTimeout='30']
SELECT u."Id", u."Email", u."NormalizedUserName", u."PasswordHash", u."PasswordSalt", u."RefreshToken", u."RefreshTokenExpiryTime", u."RoleId", u."UserName"
FROM "Users" AS u 
2024-02-11 13:19:18.5894|0|DEBUG|Microsoft.EntityFrameworkCore.Database.Command|Closing data reader to 'LuxeLooks' on server 'tcp://localhost:5432'. 
2024-02-11 13:19:18.5894|0|DEBUG|Microsoft.EntityFrameworkCore.Database.Command|A data reader for 'LuxeLooks' on server 'tcp://localhost:5432' is being disposed after spending 2ms reading results. 
2024-02-11 13:19:18.5894|0|DEBUG|Microsoft.EntityFrameworkCore.Database.Connection|Closing connection to database 'LuxeLooks' on server 'tcp://localhost:5432'. 
2024-02-11 13:19:18.5894|0|DEBUG|Microsoft.EntityFrameworkCore.Database.Connection|Closed connection to database 'LuxeLooks' on server '' (0ms). 
2024-02-11 13:19:19.4555|0|DEBUG|Microsoft.EntityFrameworkCore.Database.Command|Creating DbCommand for 'ExecuteReader'. 
2024-02-11 13:19:19.4555|0|DEBUG|Microsoft.EntityFrameworkCore.Database.Command|Created DbCommand for 'ExecuteReader' (0ms). 
2024-02-11 13:19:19.4555|0|DEBUG|Microsoft.EntityFrameworkCore.Database.Command|Initialized DbCommand for 'ExecuteReader' (1ms). 
2024-02-11 13:19:19.4555|0|DEBUG|Microsoft.EntityFrameworkCore.Database.Connection|Opening connection to database 'LuxeLooks' on server ''. 
2024-02-11 13:19:19.4555|0|DEBUG|Microsoft.EntityFrameworkCore.Database.Connection|Opened connection to database 'LuxeLooks' on server 'tcp://localhost:5432'. 
2024-02-11 13:19:19.4555|0|DEBUG|Microsoft.EntityFrameworkCore.Database.Command|Executing DbCommand [Parameters=[], CommandType='Text', CommandTimeout='30']
SELECT u."Id", u."Email", u."NormalizedUserName", u."PasswordHash", u."PasswordSalt", u."RefreshToken", u."RefreshTokenExpiryTime", u."RoleId", u."UserName"
FROM "Users" AS u 
2024-02-11 13:19:19.4555|0|INFO|Microsoft.EntityFrameworkCore.Database.Command|Executed DbCommand (3ms) [Parameters=[], CommandType='Text', CommandTimeout='30']
SELECT u."Id", u."Email", u."NormalizedUserName", u."PasswordHash", u."PasswordSalt", u."RefreshToken", u."RefreshTokenExpiryTime", u."RoleId", u."UserName"
FROM "Users" AS u 
2024-02-11 13:19:19.4621|0|DEBUG|Microsoft.EntityFrameworkCore.Database.Command|Closing data reader to 'LuxeLooks' on server 'tcp://localhost:5432'. 
2024-02-11 13:19:19.4621|0|DEBUG|Microsoft.EntityFrameworkCore.Database.Command|A data reader for 'LuxeLooks' on server 'tcp://localhost:5432' is being disposed after spending 0ms reading results. 
2024-02-11 13:19:19.4621|0|DEBUG|Microsoft.EntityFrameworkCore.Database.Connection|Closing connection to database 'LuxeLooks' on server 'tcp://localhost:5432'. 
2024-02-11 13:19:19.4621|0|DEBUG|Microsoft.EntityFrameworkCore.Database.Connection|Closed connection to database 'LuxeLooks' on server '' (0ms). 
2024-02-11 13:19:19.4621|0|DEBUG|Microsoft.EntityFrameworkCore.Query|Compiling query expression: 
'DbSet<Role>()' 
2024-02-11 13:19:19.4816|0|DEBUG|Microsoft.EntityFrameworkCore.Query|Generated query execution expression: 
'queryContext => new SingleQueryingEnumerable<Role>(
    (RelationalQueryContext)queryContext, 
    RelationalCommandCache.QueryExpression(
        Projection Mapping:
            EmptyProjectionMember -> Dictionary<IProperty, int> { [Property: Role.Id (Guid) Required PK AfterSave:Throw ValueGenerated.OnAdd, 0], [Property: Role.NormalizedRoleName (string) Required, 1], [Property: Role.RoleName (string) Required, 2] }
        SELECT r.Id, r.NormalizedRoleName, r.RoleName
        FROM Roles AS r), 
    null, 
    Func<QueryContext, DbDataReader, ResultContext, SingleQueryResultCoordinator, Role>, 
    LuxeLooks.DataManagment.ApplicationDbContext, 
    False, 
    False, 
    True
)' 
2024-02-11 13:19:19.4816|0|DEBUG|Microsoft.EntityFrameworkCore.Database.Command|Creating DbCommand for 'ExecuteReader'. 
2024-02-11 13:19:19.4816|0|DEBUG|Microsoft.EntityFrameworkCore.Database.Command|Created DbCommand for 'ExecuteReader' (0ms). 
2024-02-11 13:19:19.4816|0|DEBUG|Microsoft.EntityFrameworkCore.Database.Command|Initialized DbCommand for 'ExecuteReader' (1ms). 
2024-02-11 13:19:19.4816|0|DEBUG|Microsoft.EntityFrameworkCore.Database.Connection|Opening connection to database 'LuxeLooks' on server ''. 
2024-02-11 13:19:19.4816|0|DEBUG|Microsoft.EntityFrameworkCore.Database.Connection|Opened connection to database 'LuxeLooks' on server 'tcp://localhost:5432'. 
2024-02-11 13:19:19.4816|0|DEBUG|Microsoft.EntityFrameworkCore.Database.Command|Executing DbCommand [Parameters=[], CommandType='Text', CommandTimeout='30']
SELECT r."Id", r."NormalizedRoleName", r."RoleName"
FROM "Roles" AS r 
2024-02-11 13:19:19.4933|0|INFO|Microsoft.EntityFrameworkCore.Database.Command|Executed DbCommand (6ms) [Parameters=[], CommandType='Text', CommandTimeout='30']
SELECT r."Id", r."NormalizedRoleName", r."RoleName"
FROM "Roles" AS r 
2024-02-11 13:19:19.4933|0|DEBUG|Microsoft.EntityFrameworkCore.ChangeTracking|Context 'ApplicationDbContext' started tracking 'Role' entity. Consider using 'DbContextOptionsBuilder.EnableSensitiveDataLogging' to see key values. 
2024-02-11 13:19:19.5153|0|DEBUG|Microsoft.EntityFrameworkCore.ChangeTracking|Context 'ApplicationDbContext' started tracking 'Role' entity. Consider using 'DbContextOptionsBuilder.EnableSensitiveDataLogging' to see key values. 
2024-02-11 13:19:19.5153|0|DEBUG|Microsoft.EntityFrameworkCore.Database.Command|Closing data reader to 'LuxeLooks' on server 'tcp://localhost:5432'. 
2024-02-11 13:19:19.5153|0|DEBUG|Microsoft.EntityFrameworkCore.Database.Command|A data reader for 'LuxeLooks' on server 'tcp://localhost:5432' is being disposed after spending 22ms reading results. 
2024-02-11 13:19:19.5153|0|DEBUG|Microsoft.EntityFrameworkCore.Database.Connection|Closing connection to database 'LuxeLooks' on server 'tcp://localhost:5432'. 
2024-02-11 13:19:19.5153|0|DEBUG|Microsoft.EntityFrameworkCore.Database.Connection|Closed connection to database 'LuxeLooks' on server '' (0ms). 
2024-02-11 13:19:19.5153|0|INFO|LuxeLooks.Service.Services.RoleService|Successfully get role with id: 44546e06-8719-4ad8-b88a-f271ae9d6eab 
2024-02-11 13:19:19.6098|0|DEBUG|Microsoft.EntityFrameworkCore.Database.Command|Creating DbCommand for 'ExecuteReader'. 
2024-02-11 13:19:19.6098|0|DEBUG|Microsoft.EntityFrameworkCore.Database.Command|Created DbCommand for 'ExecuteReader' (0ms). 
2024-02-11 13:19:19.6098|0|DEBUG|Microsoft.EntityFrameworkCore.Database.Command|Initialized DbCommand for 'ExecuteReader' (0ms). 
2024-02-11 13:19:19.6098|0|DEBUG|Microsoft.EntityFrameworkCore.Database.Connection|Opening connection to database 'LuxeLooks' on server ''. 
2024-02-11 13:19:19.6098|0|DEBUG|Microsoft.EntityFrameworkCore.Database.Connection|Opened connection to database 'LuxeLooks' on server 'tcp://localhost:5432'. 
2024-02-11 13:19:19.6098|0|DEBUG|Microsoft.EntityFrameworkCore.Database.Command|Executing DbCommand [Parameters=[], CommandType='Text', CommandTimeout='30']
SELECT u."Id", u."Email", u."NormalizedUserName", u."PasswordHash", u."PasswordSalt", u."RefreshToken", u."RefreshTokenExpiryTime", u."RoleId", u."UserName"
FROM "Users" AS u 
2024-02-11 13:19:19.6098|0|INFO|Microsoft.EntityFrameworkCore.Database.Command|Executed DbCommand (2ms) [Parameters=[], CommandType='Text', CommandTimeout='30']
SELECT u."Id", u."Email", u."NormalizedUserName", u."PasswordHash", u."PasswordSalt", u."RefreshToken", u."RefreshTokenExpiryTime", u."RoleId", u."UserName"
FROM "Users" AS u 
2024-02-11 13:19:19.6098|0|DEBUG|Microsoft.EntityFrameworkCore.Database.Command|Closing data reader to 'LuxeLooks' on server 'tcp://localhost:5432'. 
2024-02-11 13:19:19.6098|0|DEBUG|Microsoft.EntityFrameworkCore.Database.Command|A data reader for 'LuxeLooks' on server 'tcp://localhost:5432' is being disposed after spending 0ms reading results. 
2024-02-11 13:19:19.6098|0|DEBUG|Microsoft.EntityFrameworkCore.Database.Connection|Closing connection to database 'LuxeLooks' on server 'tcp://localhost:5432'. 
2024-02-11 13:19:19.6098|0|DEBUG|Microsoft.EntityFrameworkCore.Database.Connection|Closed connection to database 'LuxeLooks' on server '' (0ms). 
2024-02-11 13:19:19.6658|0|DEBUG|Microsoft.EntityFrameworkCore.ChangeTracking|An entity of type 'User' tracked by 'ApplicationDbContext' changed state from 'Unchanged' to 'Modified'. Consider using 'DbContextOptionsBuilder.EnableSensitiveDataLogging' to see key values. 
2024-02-11 13:19:19.6658|0|DEBUG|Microsoft.EntityFrameworkCore.Update|SaveChanges starting for 'ApplicationDbContext'. 
2024-02-11 13:19:19.6858|0|DEBUG|Microsoft.EntityFrameworkCore.ChangeTracking|DetectChanges starting for 'ApplicationDbContext'. 
2024-02-11 13:19:19.7435|0|DEBUG|Microsoft.EntityFrameworkCore.ChangeTracking|DetectChanges completed for 'ApplicationDbContext'. 
2024-02-11 13:19:19.8917|0|DEBUG|Microsoft.EntityFrameworkCore.Database.Connection|Opening connection to database 'LuxeLooks' on server ''. 
2024-02-11 13:19:19.8917|0|DEBUG|Microsoft.EntityFrameworkCore.Database.Connection|Opened connection to database 'LuxeLooks' on server 'tcp://localhost:5432'. 
2024-02-11 13:19:19.8917|0|DEBUG|Microsoft.EntityFrameworkCore.Database.Command|Creating DbCommand for 'ExecuteReader'. 
2024-02-11 13:19:19.8917|0|DEBUG|Microsoft.EntityFrameworkCore.Database.Command|Created DbCommand for 'ExecuteReader' (0ms). 
2024-02-11 13:19:19.9136|0|DEBUG|Microsoft.EntityFrameworkCore.Database.Command|Initialized DbCommand for 'ExecuteReader' (15ms). 
2024-02-11 13:19:19.9227|0|DEBUG|Microsoft.EntityFrameworkCore.Database.Command|Executing DbCommand [Parameters=[@p8='?' (DbType = Guid), @p0='?', @p1='?', @p2='?', @p3='?', @p4='?', @p5='?' (DbType = DateTime), @p6='?' (DbType = Guid), @p7='?'], CommandType='Text', CommandTimeout='30']
UPDATE "Users" SET "Email" = @p0, "NormalizedUserName" = @p1, "PasswordHash" = @p2, "PasswordSalt" = @p3, "RefreshToken" = @p4, "RefreshTokenExpiryTime" = @p5, "RoleId" = @p6, "UserName" = @p7
WHERE "Id" = @p8; 
2024-02-11 13:19:19.9768|0|INFO|Microsoft.EntityFrameworkCore.Database.Command|Executed DbCommand (63ms) [Parameters=[@p8='?' (DbType = Guid), @p0='?', @p1='?', @p2='?', @p3='?', @p4='?', @p5='?' (DbType = DateTime), @p6='?' (DbType = Guid), @p7='?'], CommandType='Text', CommandTimeout='30']
UPDATE "Users" SET "Email" = @p0, "NormalizedUserName" = @p1, "PasswordHash" = @p2, "PasswordSalt" = @p3, "RefreshToken" = @p4, "RefreshTokenExpiryTime" = @p5, "RoleId" = @p6, "UserName" = @p7
WHERE "Id" = @p8; 
2024-02-11 13:19:19.9880|0|DEBUG|Microsoft.EntityFrameworkCore.Database.Command|Closing data reader to 'LuxeLooks' on server 'tcp://localhost:5432'. 
2024-02-11 13:19:19.9880|0|DEBUG|Microsoft.EntityFrameworkCore.Database.Command|A data reader for 'LuxeLooks' on server 'tcp://localhost:5432' is being disposed after spending 10ms reading results. 
2024-02-11 13:19:19.9880|0|DEBUG|Microsoft.EntityFrameworkCore.Database.Connection|Closing connection to database 'LuxeLooks' on server 'tcp://localhost:5432'. 
2024-02-11 13:19:19.9880|0|DEBUG|Microsoft.EntityFrameworkCore.Database.Connection|Closed connection to database 'LuxeLooks' on server '' (0ms). 
2024-02-11 13:19:20.0006|0|DEBUG|Microsoft.EntityFrameworkCore.ChangeTracking|An entity of type 'User' tracked by 'ApplicationDbContext' changed state from 'Modified' to 'Unchanged'. Consider using 'DbContextOptionsBuilder.EnableSensitiveDataLogging' to see key values. 
2024-02-11 13:19:20.0006|0|DEBUG|Microsoft.EntityFrameworkCore.Update|SaveChanges completed for 'ApplicationDbContext' with 1 entities written to the database. 
2024-02-11 13:19:20.0100|0|INFO|LuxeLooks.Controllers.Account.AccountController|Successfuly login user: Admin 
2024-02-11 13:19:20.0339|0|INFO|Microsoft.AspNetCore.Mvc.Infrastructure.ControllerActionInvoker|Executed action method LuxeLooks.Controllers.Account.AccountController.Authenticate (LuxeLooks), returned result Microsoft.AspNetCore.Mvc.OkObjectResult in 6402.3597ms. 
2024-02-11 13:19:20.0413|0|TRACE|Microsoft.AspNetCore.Mvc.Infrastructure.ControllerActionInvoker|Action Filter: Before executing OnActionExecuted on filter Microsoft.AspNetCore.Mvc.Infrastructure.ModelStateInvalidFilter. 
2024-02-11 13:19:20.0413|0|TRACE|Microsoft.AspNetCore.Mvc.Infrastructure.ControllerActionInvoker|Action Filter: After executing OnActionExecuted on filter Microsoft.AspNetCore.Mvc.Infrastructure.ModelStateInvalidFilter. 
2024-02-11 13:19:20.0413|0|TRACE|Microsoft.AspNetCore.Mvc.Infrastructure.ControllerActionInvoker|Action Filter: Before executing OnActionExecuted on filter Microsoft.AspNetCore.Mvc.ModelBinding.UnsupportedContentTypeFilter. 
2024-02-11 13:19:20.0413|0|TRACE|Microsoft.AspNetCore.Mvc.Infrastructure.ControllerActionInvoker|Action Filter: After executing OnActionExecuted on filter Microsoft.AspNetCore.Mvc.ModelBinding.UnsupportedContentTypeFilter. 
2024-02-11 13:19:20.0413|0|TRACE|Microsoft.AspNetCore.Mvc.Infrastructure.ControllerActionInvoker|Result Filter: Before executing OnResultExecuting on filter Microsoft.AspNetCore.Mvc.Infrastructure.ClientErrorResultFilter. 
2024-02-11 13:19:20.0413|0|TRACE|Microsoft.AspNetCore.Mvc.Infrastructure.ControllerActionInvoker|Result Filter: After executing OnResultExecuting on filter Microsoft.AspNetCore.Mvc.Infrastructure.ClientErrorResultFilter. 
2024-02-11 13:19:20.0413|0|TRACE|Microsoft.AspNetCore.Mvc.Infrastructure.ControllerActionInvoker|Before executing action result Microsoft.AspNetCore.Mvc.OkObjectResult. 
2024-02-11 13:19:20.0565|0|DEBUG|Microsoft.AspNetCore.Mvc.Infrastructure.DefaultOutputFormatterSelector|List of registered output formatters, in the following order: Microsoft.AspNetCore.Mvc.Formatters.HttpNoContentOutputFormatter, Microsoft.AspNetCore.Mvc.Formatters.StringOutputFormatter, Microsoft.AspNetCore.Mvc.Formatters.StreamOutputFormatter, Microsoft.AspNetCore.Mvc.Formatters.SystemTextJsonOutputFormatter 
2024-02-11 13:19:20.0565|0|DEBUG|Microsoft.AspNetCore.Mvc.Infrastructure.DefaultOutputFormatterSelector|No information found on request to perform content negotiation. 
2024-02-11 13:19:20.0565|0|DEBUG|Microsoft.AspNetCore.Mvc.Infrastructure.DefaultOutputFormatterSelector|Attempting to select an output formatter without using a content type as no explicit content types were specified for the response. 
2024-02-11 13:19:20.0565|0|DEBUG|Microsoft.AspNetCore.Mvc.Infrastructure.DefaultOutputFormatterSelector|Attempting to select the first formatter in the output formatters list which can write the result. 
2024-02-11 13:19:20.0565|0|DEBUG|Microsoft.AspNetCore.Mvc.Infrastructure.DefaultOutputFormatterSelector|Selected output formatter 'Microsoft.AspNetCore.Mvc.Formatters.SystemTextJsonOutputFormatter' and content type 'application/json' to write the response. 
2024-02-11 13:19:20.0565|0|INFO|Microsoft.AspNetCore.Mvc.Infrastructure.ObjectResultExecutor|Executing OkObjectResult, writing value of type 'LuxeLooks.Domain.Models.Identity.AuthResponse'. 
2024-02-11 13:19:20.0790|0|TRACE|Microsoft.AspNetCore.Mvc.Infrastructure.ControllerActionInvoker|After executing action result Microsoft.AspNetCore.Mvc.OkObjectResult. 
2024-02-11 13:19:20.0790|0|TRACE|Microsoft.AspNetCore.Mvc.Infrastructure.ControllerActionInvoker|Result Filter: Before executing OnResultExecuted on filter Microsoft.AspNetCore.Mvc.Infrastructure.ClientErrorResultFilter. 
2024-02-11 13:19:20.0790|0|TRACE|Microsoft.AspNetCore.Mvc.Infrastructure.ControllerActionInvoker|Result Filter: After executing OnResultExecuted on filter Microsoft.AspNetCore.Mvc.Infrastructure.ClientErrorResultFilter. 
2024-02-11 13:19:20.0939|0|INFO|Microsoft.AspNetCore.Mvc.Infrastructure.ControllerActionInvoker|Executed action LuxeLooks.Controllers.Account.AccountController.Authenticate (LuxeLooks) in 7034.9729ms 
2024-02-11 13:19:20.0939|0|INFO|Microsoft.AspNetCore.Routing.EndpointMiddleware|Executed endpoint 'LuxeLooks.Controllers.Account.AccountController.Authenticate (LuxeLooks)' 
2024-02-11 13:19:20.1134|0|DEBUG|Microsoft.AspNetCore.Server.Kestrel.Connections|Connection id "0HN1ATBD3CV6U" completed keep alive response. 
2024-02-11 13:19:20.1221|0|DEBUG|Microsoft.EntityFrameworkCore.Infrastructure|'ApplicationDbContext' disposed. 
2024-02-11 13:19:20.1221|0|DEBUG|Microsoft.EntityFrameworkCore.Database.Connection|Disposing connection to database 'LuxeLooks' on server ''. 
2024-02-11 13:19:20.1393|0|DEBUG|Microsoft.EntityFrameworkCore.Database.Connection|Disposed connection to database 'LuxeLooks' on server '' (6ms). 
2024-02-11 13:19:20.1393|0|INFO|Microsoft.AspNetCore.Hosting.Diagnostics|Request finished HTTP/1.1 POST http://localhost:5219/Account/Login application/json 70 - 200 - application/json;+charset=utf-8 7167.8220ms 
2024-02-11 13:19:57.2231|0|INFO|Microsoft.AspNetCore.Hosting.Diagnostics|Request starting HTTP/1.1 PUT http://localhost:5219/Admin/Product/Update application/json 385 
2024-02-11 13:19:57.2231|0|TRACE|Microsoft.AspNetCore.HostFiltering.HostFilteringMiddleware|All hosts are allowed. 
2024-02-11 13:19:57.2488|0|DEBUG|Microsoft.AspNetCore.Authentication.JwtBearer.JwtBearerHandler|Successfully validated the token. 
2024-02-11 13:19:57.2488|0|DEBUG|Microsoft.AspNetCore.Authentication.JwtBearer.JwtBearerHandler|AuthenticationScheme: Bearer was successfully authenticated. 
2024-02-11 13:19:57.2488|0|DEBUG|Microsoft.AspNetCore.StaticFiles.StaticFileMiddleware|PUT requests are not supported 
2024-02-11 13:19:57.2488|0|TRACE|Microsoft.AspNetCore.DataProtection.KeyManagement.KeyRingBasedDataProtector|Performing protect operation to key {2d9e62db-d7bf-4181-92ca-c331696ba564} with purposes ('C:\5Sem\LuxeLooks\LuxeLooks\LuxeLooks\LuxeLooks\', 'SessionMiddleware'). 
2024-02-11 13:19:57.2488|0|DEBUG|Microsoft.AspNetCore.StaticFiles.StaticFileMiddleware|PUT requests are not supported 
2024-02-11 13:19:57.2625|0|DEBUG|Microsoft.AspNetCore.Routing.Matching.DfaMatcher|1 candidate(s) found for the request path '/Admin/Product/Update' 
2024-02-11 13:19:57.2625|0|DEBUG|Microsoft.AspNetCore.Routing.Matching.DfaMatcher|Endpoint 'LuxeLooks.Areas.Admin.Controllers.ProductController.UpdateProduct (LuxeLooks)' with route pattern '{area}/Product/Update' is valid for the request path '/Admin/Product/Update' 
2024-02-11 13:19:57.2625|0|DEBUG|Microsoft.AspNetCore.Routing.EndpointRoutingMiddleware|Request matched endpoint 'LuxeLooks.Areas.Admin.Controllers.ProductController.UpdateProduct (LuxeLooks)' 
2024-02-11 13:19:57.2625|0|DEBUG|Microsoft.AspNetCore.Authorization.DefaultAuthorizationService|Authorization was successful. 
2024-02-11 13:19:57.2625|0|DEBUG|Microsoft.AspNetCore.Authorization.DefaultAuthorizationService|Authorization was successful. 
2024-02-11 13:19:57.2625|0|DEBUG|Microsoft.AspNetCore.StaticFiles.StaticFileMiddleware|Static files was skipped as the request already matched an endpoint. 
2024-02-11 13:19:57.2625|0|INFO|Microsoft.AspNetCore.Routing.EndpointMiddleware|Executing endpoint 'LuxeLooks.Areas.Admin.Controllers.ProductController.UpdateProduct (LuxeLooks)' 
2024-02-11 13:19:57.2837|0|INFO|Microsoft.AspNetCore.Mvc.Infrastructure.ControllerActionInvoker|Route matched with {area = "Admin", action = "UpdateProduct", controller = "Product"}. Executing controller action with signature System.Threading.Tasks.Task`1[Microsoft.AspNetCore.Mvc.IActionResult] UpdateProduct(LuxeLooks.Domain.Models.Requests.UpdateProductRequest) on controller LuxeLooks.Areas.Admin.Controllers.ProductController (LuxeLooks). 
2024-02-11 13:19:57.2837|0|DEBUG|Microsoft.AspNetCore.Mvc.Infrastructure.ControllerActionInvoker|Execution plan of authorization filters (in the following order): None 
2024-02-11 13:19:57.2837|0|DEBUG|Microsoft.AspNetCore.Mvc.Infrastructure.ControllerActionInvoker|Execution plan of resource filters (in the following order): None 
2024-02-11 13:19:57.2837|0|DEBUG|Microsoft.AspNetCore.Mvc.Infrastructure.ControllerActionInvoker|Execution plan of action filters (in the following order): Microsoft.AspNetCore.Mvc.ModelBinding.UnsupportedContentTypeFilter (Order: -3000), Microsoft.AspNetCore.Mvc.Infrastructure.ModelStateInvalidFilter (Order: -2000) 
2024-02-11 13:19:57.2837|0|DEBUG|Microsoft.AspNetCore.Mvc.Infrastructure.ControllerActionInvoker|Execution plan of exception filters (in the following order): None 
2024-02-11 13:19:57.2837|0|DEBUG|Microsoft.AspNetCore.Mvc.Infrastructure.ControllerActionInvoker|Execution plan of result filters (in the following order): Microsoft.AspNetCore.Mvc.Infrastructure.ClientErrorResultFilter (Order: -2000) 
2024-02-11 13:19:57.2837|0|DEBUG|Microsoft.AspNetCore.Mvc.Infrastructure.ControllerActionInvoker|Executing controller factory for controller LuxeLooks.Areas.Admin.Controllers.ProductController (LuxeLooks) 
2024-02-11 13:19:57.2930|0|DEBUG|Microsoft.AspNetCore.Mvc.Infrastructure.ControllerActionInvoker|Executed controller factory for controller LuxeLooks.Areas.Admin.Controllers.ProductController (LuxeLooks) 
2024-02-11 13:19:57.2930|0|DEBUG|Microsoft.AspNetCore.Mvc.ModelBinding.ParameterBinder|Attempting to bind parameter 'request' of type 'LuxeLooks.Domain.Models.Requests.UpdateProductRequest' ... 
2024-02-11 13:19:57.2930|0|DEBUG|Microsoft.AspNetCore.Mvc.ModelBinding.Binders.BodyModelBinder|Attempting to bind parameter 'request' of type 'LuxeLooks.Domain.Models.Requests.UpdateProductRequest' using the name '' in request data ... 
2024-02-11 13:19:57.2930|0|DEBUG|Microsoft.AspNetCore.Mvc.ModelBinding.Binders.BodyModelBinder|Selected input formatter 'Microsoft.AspNetCore.Mvc.Formatters.SystemTextJsonInputFormatter' for content type 'application/json'. 
2024-02-11 13:19:57.3191|0|DEBUG|Microsoft.AspNetCore.Server.Kestrel|Connection id "0HN1ATBD3CV6U", Request id "0HN1ATBD3CV6U:00000003": started reading request body. 
2024-02-11 13:19:57.3191|0|DEBUG|Microsoft.AspNetCore.Server.Kestrel|Connection id "0HN1ATBD3CV6U", Request id "0HN1ATBD3CV6U:00000003": done reading request body. 
2024-02-11 13:19:57.3328|0|DEBUG|Microsoft.AspNetCore.Mvc.Formatters.SystemTextJsonInputFormatter|JSON input formatter succeeded, deserializing to type 'LuxeLooks.Domain.Models.Requests.UpdateProductRequest' 
2024-02-11 13:19:57.3328|0|DEBUG|Microsoft.AspNetCore.Mvc.ModelBinding.Binders.BodyModelBinder|Done attempting to bind parameter 'request' of type 'LuxeLooks.Domain.Models.Requests.UpdateProductRequest'. 
2024-02-11 13:19:57.3328|0|DEBUG|Microsoft.AspNetCore.Mvc.ModelBinding.ParameterBinder|Done attempting to bind parameter 'request' of type 'LuxeLooks.Domain.Models.Requests.UpdateProductRequest'. 
2024-02-11 13:19:57.3328|0|DEBUG|Microsoft.AspNetCore.Mvc.ModelBinding.ParameterBinder|Attempting to validate the bound parameter 'request' of type 'LuxeLooks.Domain.Models.Requests.UpdateProductRequest' ... 
2024-02-11 13:19:57.3378|0|DEBUG|Microsoft.AspNetCore.Mvc.ModelBinding.ParameterBinder|Done attempting to validate the bound parameter 'request' of type 'LuxeLooks.Domain.Models.Requests.UpdateProductRequest'. 
2024-02-11 13:19:57.3378|0|TRACE|Microsoft.AspNetCore.Mvc.Infrastructure.ControllerActionInvoker|Action Filter: Before executing OnActionExecuting on filter Microsoft.AspNetCore.Mvc.ModelBinding.UnsupportedContentTypeFilter. 
2024-02-11 13:19:57.3378|0|TRACE|Microsoft.AspNetCore.Mvc.Infrastructure.ControllerActionInvoker|Action Filter: After executing OnActionExecuting on filter Microsoft.AspNetCore.Mvc.ModelBinding.UnsupportedContentTypeFilter. 
2024-02-11 13:19:57.3378|0|TRACE|Microsoft.AspNetCore.Mvc.Infrastructure.ControllerActionInvoker|Action Filter: Before executing OnActionExecuting on filter Microsoft.AspNetCore.Mvc.Infrastructure.ModelStateInvalidFilter. 
2024-02-11 13:19:57.3378|0|TRACE|Microsoft.AspNetCore.Mvc.Infrastructure.ControllerActionInvoker|Action Filter: After executing OnActionExecuting on filter Microsoft.AspNetCore.Mvc.Infrastructure.ModelStateInvalidFilter. 
2024-02-11 13:19:57.3378|0|INFO|Microsoft.AspNetCore.Mvc.Infrastructure.ControllerActionInvoker|Executing action method LuxeLooks.Areas.Admin.Controllers.ProductController.UpdateProduct (LuxeLooks) - Validation state: Valid 
2024-02-11 13:19:57.3378|0|TRACE|Microsoft.AspNetCore.Mvc.Infrastructure.ControllerActionInvoker|Executing action method LuxeLooks.Areas.Admin.Controllers.ProductController.UpdateProduct (LuxeLooks) with arguments (LuxeLooks.Domain.Models.Requests.UpdateProductRequest) 
2024-02-11 13:19:57.5277|0|DEBUG|Microsoft.EntityFrameworkCore.Infrastructure|Entity Framework Core 7.0.11 initialized 'ApplicationDbContext' using provider 'Npgsql.EntityFrameworkCore.PostgreSQL:7.0.11+c25a0d7b68d66c6ab3849a3b4333964faea6adc9' with options: None 
2024-02-11 13:19:57.5277|0|DEBUG|Microsoft.EntityFrameworkCore.Query|Compiling query expression: 
'DbSet<Product>()' 
2024-02-11 13:19:57.5445|0|DEBUG|Microsoft.EntityFrameworkCore.Query|Generated query execution expression: 
'queryContext => new SingleQueryingEnumerable<Product>(
    (RelationalQueryContext)queryContext, 
    RelationalCommandCache.QueryExpression(
        Projection Mapping:
            EmptyProjectionMember -> Dictionary<IProperty, int> { [Property: Product.Id (Guid) Required PK AfterSave:Throw ValueGenerated.OnAdd, 0], [Property: Product.Description (string), 1], [Property: Product.ImageUrl (string), 2], [Property: Product.IsForKids (bool) Required, 3], [Property: Product.IsForMen (bool) Required, 4], [Property: Product.Name (string), 5], [Property: Product.Price (decimal?), 6], [Property: Product.Type (ProductType) Required, 7] }
        SELECT p.Id, p.Description, p.ImageUrl, p.IsForKids, p.IsForMen, p.Name, p.Price, p.Type
        FROM Products AS p), 
    null, 
    Func<QueryContext, DbDataReader, ResultContext, SingleQueryResultCoordinator, Product>, 
    LuxeLooks.DataManagment.ApplicationDbContext, 
    False, 
    False, 
    True
)' 
2024-02-11 13:19:57.5445|0|DEBUG|Microsoft.EntityFrameworkCore.Database.Command|Creating DbCommand for 'ExecuteReader'. 
2024-02-11 13:19:57.5445|0|DEBUG|Microsoft.EntityFrameworkCore.Database.Connection|Creating DbConnection. 
2024-02-11 13:19:57.5445|0|DEBUG|Microsoft.EntityFrameworkCore.Database.Connection|Created DbConnection. (0ms). 
2024-02-11 13:19:57.5445|0|DEBUG|Microsoft.EntityFrameworkCore.Database.Command|Created DbCommand for 'ExecuteReader' (1ms). 
2024-02-11 13:19:57.5445|0|DEBUG|Microsoft.EntityFrameworkCore.Database.Command|Initialized DbCommand for 'ExecuteReader' (2ms). 
2024-02-11 13:19:57.5445|0|DEBUG|Microsoft.EntityFrameworkCore.Database.Connection|Opening connection to database 'LuxeLooks' on server ''. 
2024-02-11 13:19:57.5445|0|DEBUG|Microsoft.EntityFrameworkCore.Database.Connection|Opened connection to database 'LuxeLooks' on server 'tcp://localhost:5432'. 
2024-02-11 13:19:57.5445|0|DEBUG|Microsoft.EntityFrameworkCore.Database.Command|Executing DbCommand [Parameters=[], CommandType='Text', CommandTimeout='30']
SELECT p."Id", p."Description", p."ImageUrl", p."IsForKids", p."IsForMen", p."Name", p."Price", p."Type"
FROM "Products" AS p 
2024-02-11 13:19:57.5591|0|INFO|Microsoft.EntityFrameworkCore.Database.Command|Executed DbCommand (8ms) [Parameters=[], CommandType='Text', CommandTimeout='30']
SELECT p."Id", p."Description", p."ImageUrl", p."IsForKids", p."IsForMen", p."Name", p."Price", p."Type"
FROM "Products" AS p 
2024-02-11 13:19:57.5881|0|DEBUG|Microsoft.EntityFrameworkCore.ChangeTracking|Context 'ApplicationDbContext' started tracking 'Product' entity. Consider using 'DbContextOptionsBuilder.EnableSensitiveDataLogging' to see key values. 
2024-02-11 13:19:57.6408|0|DEBUG|Microsoft.EntityFrameworkCore.ChangeTracking|Context 'ApplicationDbContext' started tracking 'Product' entity. Consider using 'DbContextOptionsBuilder.EnableSensitiveDataLogging' to see key values. 
2024-02-11 13:19:57.6408|0|DEBUG|Microsoft.EntityFrameworkCore.ChangeTracking|Context 'ApplicationDbContext' started tracking 'Product' entity. Consider using 'DbContextOptionsBuilder.EnableSensitiveDataLogging' to see key values. 
2024-02-11 13:19:57.6408|0|DEBUG|Microsoft.EntityFrameworkCore.ChangeTracking|Context 'ApplicationDbContext' started tracking 'Product' entity. Consider using 'DbContextOptionsBuilder.EnableSensitiveDataLogging' to see key values. 
2024-02-11 13:19:57.6408|0|DEBUG|Microsoft.EntityFrameworkCore.ChangeTracking|Context 'ApplicationDbContext' started tracking 'Product' entity. Consider using 'DbContextOptionsBuilder.EnableSensitiveDataLogging' to see key values. 
2024-02-11 13:19:57.6408|0|DEBUG|Microsoft.EntityFrameworkCore.ChangeTracking|Context 'ApplicationDbContext' started tracking 'Product' entity. Consider using 'DbContextOptionsBuilder.EnableSensitiveDataLogging' to see key values. 
2024-02-11 13:19:57.6408|0|DEBUG|Microsoft.EntityFrameworkCore.ChangeTracking|Context 'ApplicationDbContext' started tracking 'Product' entity. Consider using 'DbContextOptionsBuilder.EnableSensitiveDataLogging' to see key values. 
2024-02-11 13:19:57.6408|0|DEBUG|Microsoft.EntityFrameworkCore.ChangeTracking|Context 'ApplicationDbContext' started tracking 'Product' entity. Consider using 'DbContextOptionsBuilder.EnableSensitiveDataLogging' to see key values. 
2024-02-11 13:19:57.6408|0|DEBUG|Microsoft.EntityFrameworkCore.ChangeTracking|Context 'ApplicationDbContext' started tracking 'Product' entity. Consider using 'DbContextOptionsBuilder.EnableSensitiveDataLogging' to see key values. 
2024-02-11 13:19:57.6408|0|DEBUG|Microsoft.EntityFrameworkCore.ChangeTracking|Context 'ApplicationDbContext' started tracking 'Product' entity. Consider using 'DbContextOptionsBuilder.EnableSensitiveDataLogging' to see key values. 
2024-02-11 13:19:57.6408|0|DEBUG|Microsoft.EntityFrameworkCore.ChangeTracking|Context 'ApplicationDbContext' started tracking 'Product' entity. Consider using 'DbContextOptionsBuilder.EnableSensitiveDataLogging' to see key values. 
2024-02-11 13:19:57.6408|0|DEBUG|Microsoft.EntityFrameworkCore.ChangeTracking|Context 'ApplicationDbContext' started tracking 'Product' entity. Consider using 'DbContextOptionsBuilder.EnableSensitiveDataLogging' to see key values. 
2024-02-11 13:19:57.6408|0|DEBUG|Microsoft.EntityFrameworkCore.ChangeTracking|Context 'ApplicationDbContext' started tracking 'Product' entity. Consider using 'DbContextOptionsBuilder.EnableSensitiveDataLogging' to see key values. 
2024-02-11 13:19:57.6408|0|DEBUG|Microsoft.EntityFrameworkCore.ChangeTracking|Context 'ApplicationDbContext' started tracking 'Product' entity. Consider using 'DbContextOptionsBuilder.EnableSensitiveDataLogging' to see key values. 
2024-02-11 13:19:57.6408|0|DEBUG|Microsoft.EntityFrameworkCore.Database.Command|Closing data reader to 'LuxeLooks' on server 'tcp://localhost:5432'. 
2024-02-11 13:19:57.6408|0|DEBUG|Microsoft.EntityFrameworkCore.Database.Command|A data reader for 'LuxeLooks' on server 'tcp://localhost:5432' is being disposed after spending 89ms reading results. 
2024-02-11 13:19:57.6501|0|DEBUG|Microsoft.EntityFrameworkCore.Database.Connection|Closing connection to database 'LuxeLooks' on server 'tcp://localhost:5432'. 
2024-02-11 13:19:57.6501|0|DEBUG|Microsoft.EntityFrameworkCore.Database.Connection|Closed connection to database 'LuxeLooks' on server '' (0ms). 
2024-02-11 13:19:57.6501|0|DEBUG|Microsoft.EntityFrameworkCore.ChangeTracking|An entity of type 'Product' tracked by 'ApplicationDbContext' changed state from 'Unchanged' to 'Modified'. Consider using 'DbContextOptionsBuilder.EnableSensitiveDataLogging' to see key values. 
2024-02-11 13:19:57.6501|0|DEBUG|Microsoft.EntityFrameworkCore.Update|SaveChanges starting for 'ApplicationDbContext'. 
2024-02-11 13:19:57.6501|0|DEBUG|Microsoft.EntityFrameworkCore.ChangeTracking|DetectChanges starting for 'ApplicationDbContext'. 
2024-02-11 13:19:57.6924|0|DEBUG|Microsoft.EntityFrameworkCore.ChangeTracking|DetectChanges completed for 'ApplicationDbContext'. 
2024-02-11 13:19:57.6924|0|DEBUG|Microsoft.EntityFrameworkCore.Database.Connection|Opening connection to database 'LuxeLooks' on server ''. 
2024-02-11 13:19:57.6924|0|DEBUG|Microsoft.EntityFrameworkCore.Database.Connection|Opened connection to database 'LuxeLooks' on server 'tcp://localhost:5432'. 
2024-02-11 13:19:57.6924|0|DEBUG|Microsoft.EntityFrameworkCore.Database.Command|Creating DbCommand for 'ExecuteReader'. 
2024-02-11 13:19:57.6964|0|DEBUG|Microsoft.EntityFrameworkCore.Database.Command|Created DbCommand for 'ExecuteReader' (0ms). 
2024-02-11 13:19:57.6964|0|DEBUG|Microsoft.EntityFrameworkCore.Database.Command|Initialized DbCommand for 'ExecuteReader' (6ms). 
2024-02-11 13:19:57.6964|0|DEBUG|Microsoft.EntityFrameworkCore.Database.Command|Executing DbCommand [Parameters=[@p7='?' (DbType = Guid), @p0='?', @p1='?', @p2='?' (DbType = Boolean), @p3='?' (DbType = Boolean), @p4='?', @p5='?' (DbType = Decimal), @p6='?' (DbType = Int32)], CommandType='Text', CommandTimeout='30']
UPDATE "Products" SET "Description" = @p0, "ImageUrl" = @p1, "IsForKids" = @p2, "IsForMen" = @p3, "Name" = @p4, "Price" = @p5, "Type" = @p6
WHERE "Id" = @p7; 
2024-02-11 13:19:57.7348|0|INFO|Microsoft.EntityFrameworkCore.Database.Command|Executed DbCommand (32ms) [Parameters=[@p7='?' (DbType = Guid), @p0='?', @p1='?', @p2='?' (DbType = Boolean), @p3='?' (DbType = Boolean), @p4='?', @p5='?' (DbType = Decimal), @p6='?' (DbType = Int32)], CommandType='Text', CommandTimeout='30']
UPDATE "Products" SET "Description" = @p0, "ImageUrl" = @p1, "IsForKids" = @p2, "IsForMen" = @p3, "Name" = @p4, "Price" = @p5, "Type" = @p6
WHERE "Id" = @p7; 
2024-02-11 13:19:57.7348|0|DEBUG|Microsoft.EntityFrameworkCore.Database.Command|Closing data reader to 'LuxeLooks' on server 'tcp://localhost:5432'. 
2024-02-11 13:19:57.7348|0|DEBUG|Microsoft.EntityFrameworkCore.Database.Command|A data reader for 'LuxeLooks' on server 'tcp://localhost:5432' is being disposed after spending 0ms reading results. 
2024-02-11 13:19:57.7348|0|DEBUG|Microsoft.EntityFrameworkCore.Database.Connection|Closing connection to database 'LuxeLooks' on server 'tcp://localhost:5432'. 
2024-02-11 13:19:57.7348|0|DEBUG|Microsoft.EntityFrameworkCore.Database.Connection|Closed connection to database 'LuxeLooks' on server '' (0ms). 
2024-02-11 13:19:57.7454|0|DEBUG|Microsoft.EntityFrameworkCore.ChangeTracking|An entity of type 'Product' tracked by 'ApplicationDbContext' changed state from 'Modified' to 'Unchanged'. Consider using 'DbContextOptionsBuilder.EnableSensitiveDataLogging' to see key values. 
2024-02-11 13:19:57.7454|0|DEBUG|Microsoft.EntityFrameworkCore.Update|SaveChanges completed for 'ApplicationDbContext' with 1 entities written to the database. 
2024-02-11 13:19:57.7454|0|INFO|Microsoft.AspNetCore.Mvc.Infrastructure.ControllerActionInvoker|Executed action method LuxeLooks.Areas.Admin.Controllers.ProductController.UpdateProduct (LuxeLooks), returned result Microsoft.AspNetCore.Mvc.OkResult in 407.3654ms. 
2024-02-11 13:19:57.7454|0|TRACE|Microsoft.AspNetCore.Mvc.Infrastructure.ControllerActionInvoker|Action Filter: Before executing OnActionExecuted on filter Microsoft.AspNetCore.Mvc.Infrastructure.ModelStateInvalidFilter. 
2024-02-11 13:19:57.7454|0|TRACE|Microsoft.AspNetCore.Mvc.Infrastructure.ControllerActionInvoker|Action Filter: After executing OnActionExecuted on filter Microsoft.AspNetCore.Mvc.Infrastructure.ModelStateInvalidFilter. 
2024-02-11 13:19:57.7454|0|TRACE|Microsoft.AspNetCore.Mvc.Infrastructure.ControllerActionInvoker|Action Filter: Before executing OnActionExecuted on filter Microsoft.AspNetCore.Mvc.ModelBinding.UnsupportedContentTypeFilter. 
2024-02-11 13:19:57.7454|0|TRACE|Microsoft.AspNetCore.Mvc.Infrastructure.ControllerActionInvoker|Action Filter: After executing OnActionExecuted on filter Microsoft.AspNetCore.Mvc.ModelBinding.UnsupportedContentTypeFilter. 
2024-02-11 13:19:57.7454|0|TRACE|Microsoft.AspNetCore.Mvc.Infrastructure.ControllerActionInvoker|Result Filter: Before executing OnResultExecuting on filter Microsoft.AspNetCore.Mvc.Infrastructure.ClientErrorResultFilter. 
2024-02-11 13:19:57.7454|0|TRACE|Microsoft.AspNetCore.Mvc.Infrastructure.ControllerActionInvoker|Result Filter: After executing OnResultExecuting on filter Microsoft.AspNetCore.Mvc.Infrastructure.ClientErrorResultFilter. 
2024-02-11 13:19:57.7454|0|TRACE|Microsoft.AspNetCore.Mvc.Infrastructure.ControllerActionInvoker|Before executing action result Microsoft.AspNetCore.Mvc.OkResult. 
2024-02-11 13:19:57.7454|0|INFO|Microsoft.AspNetCore.Mvc.StatusCodeResult|Executing StatusCodeResult, setting HTTP status code 200 
2024-02-11 13:19:57.7454|0|TRACE|Microsoft.AspNetCore.Mvc.Infrastructure.ControllerActionInvoker|After executing action result Microsoft.AspNetCore.Mvc.OkResult. 
2024-02-11 13:19:57.7454|0|TRACE|Microsoft.AspNetCore.Mvc.Infrastructure.ControllerActionInvoker|Result Filter: Before executing OnResultExecuted on filter Microsoft.AspNetCore.Mvc.Infrastructure.ClientErrorResultFilter. 
2024-02-11 13:19:57.7454|0|TRACE|Microsoft.AspNetCore.Mvc.Infrastructure.ControllerActionInvoker|Result Filter: After executing OnResultExecuted on filter Microsoft.AspNetCore.Mvc.Infrastructure.ClientErrorResultFilter. 
2024-02-11 13:19:57.7454|0|INFO|Microsoft.AspNetCore.Mvc.Infrastructure.ControllerActionInvoker|Executed action LuxeLooks.Areas.Admin.Controllers.ProductController.UpdateProduct (LuxeLooks) in 472.0473ms 
2024-02-11 13:19:57.7454|0|INFO|Microsoft.AspNetCore.Routing.EndpointMiddleware|Executed endpoint 'LuxeLooks.Areas.Admin.Controllers.ProductController.UpdateProduct (LuxeLooks)' 
2024-02-11 13:19:57.7599|0|DEBUG|Microsoft.AspNetCore.Server.Kestrel.Connections|Connection id "0HN1ATBD3CV6U" completed keep alive response. 
2024-02-11 13:19:57.7599|0|DEBUG|Microsoft.EntityFrameworkCore.Infrastructure|'ApplicationDbContext' disposed. 
2024-02-11 13:19:57.7599|0|DEBUG|Microsoft.EntityFrameworkCore.Database.Connection|Disposing connection to database 'LuxeLooks' on server ''. 
2024-02-11 13:19:57.7599|0|DEBUG|Microsoft.EntityFrameworkCore.Database.Connection|Disposed connection to database 'LuxeLooks' on server '' (0ms). 
2024-02-11 13:19:57.7599|0|INFO|Microsoft.AspNetCore.Hosting.Diagnostics|Request finished HTTP/1.1 PUT http://localhost:5219/Admin/Product/Update application/json 385 - 200 0 - 538.4070ms 
2024-02-11 13:20:03.5766|0|INFO|Microsoft.Hosting.Lifetime|Application is shutting down... 
2024-02-11 13:20:03.5766|0|DEBUG|Microsoft.Extensions.Hosting.Internal.Host|Hosting stopping 
2024-02-11 13:20:03.6015|0|DEBUG|Microsoft.AspNetCore.Server.Kestrel.Connections|Connection id "0HN1ATBD3CV6Q" disconnecting. 
2024-02-11 13:20:03.6037|0|DEBUG|Microsoft.AspNetCore.Server.Kestrel.Connections|Connection id "0HN1ATBD3CV6R" disconnecting. 
2024-02-11 13:20:03.6037|0|DEBUG|Microsoft.AspNetCore.Server.Kestrel.Connections|Connection id "0HN1ATBD3CV6Q" stopped. 
2024-02-11 13:20:03.6037|0|DEBUG|Microsoft.AspNetCore.Server.Kestrel.Connections|Connection id "0HN1ATBD3CV6R" stopped. 
2024-02-11 13:20:03.6037|0|DEBUG|Microsoft.AspNetCore.Server.Kestrel.Connections|Connection id "0HN1ATBD3CV6S" disconnecting. 
2024-02-11 13:20:03.6037|0|DEBUG|Microsoft.AspNetCore.Server.Kestrel.Connections|Connection id "0HN1ATBD3CV6P" disconnecting. 
2024-02-11 13:20:03.6037|0|DEBUG|Microsoft.AspNetCore.Server.Kestrel.Connections|Connection id "0HN1ATBD3CV6S" stopped. 
2024-02-11 13:20:03.6037|0|DEBUG|Microsoft.AspNetCore.Server.Kestrel.Connections|Connection id "0HN1ATBD3CV6P" stopped. 
2024-02-11 13:20:03.6037|0|DEBUG|Microsoft.AspNetCore.Server.Kestrel.Connections|Connection id "0HN1ATBD3CV6U" disconnecting. 
2024-02-11 13:20:03.6037|0|DEBUG|Microsoft.AspNetCore.Server.Kestrel.Connections|Connection id "0HN1ATBD3CV6U" stopped. 
2024-02-11 13:20:03.6037|0|DEBUG|Microsoft.AspNetCore.Server.Kestrel.Transport.Sockets|Connection id "0HN1ATBD3CV6Q" sending FIN because: "The Socket transport's send loop completed gracefully." 
2024-02-11 13:20:03.6037|0|DEBUG|Microsoft.AspNetCore.Server.Kestrel.Transport.Sockets|Connection id "0HN1ATBD3CV6S" sending FIN because: "The Socket transport's send loop completed gracefully." 
2024-02-11 13:20:03.6037|0|DEBUG|Microsoft.AspNetCore.Server.Kestrel.Transport.Sockets|Connection id "0HN1ATBD3CV6R" sending FIN because: "The Socket transport's send loop completed gracefully." 
2024-02-11 13:20:03.6037|0|DEBUG|Microsoft.AspNetCore.Server.Kestrel.Transport.Sockets|Connection id "0HN1ATBD3CV6P" sending FIN because: "The Socket transport's send loop completed gracefully." 
2024-02-11 13:20:03.6037|0|DEBUG|Microsoft.AspNetCore.Server.Kestrel.Transport.Sockets|Connection id "0HN1ATBD3CV6U" sending FIN because: "The Socket transport's send loop completed gracefully." 
2024-02-11 13:20:03.6191|0|DEBUG|Microsoft.Extensions.Hosting.Internal.Host|Hosting stopped 
