2023-10-06 16:13:59.9138|0|INFO|Program|Program initial |url: |action: |Program.<Main>$| body: 
2023-10-06 16:14:00.4188|0|INFO|Microsoft.Hosting.Lifetime|Now listening on: http://localhost:5219 |url: |action: |Microsoft.AspNetCore.Hosting.GenericWebHostService.StartAsync| body: 
2023-10-06 16:14:00.4188|0|INFO|Microsoft.Hosting.Lifetime|Application started. Press Ctrl+C to shut down. |url: |action: |Microsoft.Extensions.Hosting.Internal.ConsoleLifetime.OnApplicationStarted| body: 
2023-10-06 16:14:00.4188|0|INFO|Microsoft.Hosting.Lifetime|Hosting environment: Development |url: |action: |Microsoft.Extensions.Hosting.Internal.ConsoleLifetime.OnApplicationStarted| body: 
2023-10-06 16:14:00.4188|0|INFO|Microsoft.Hosting.Lifetime|Content root path: C:\5Sem\LuxeLooks\LuxeLooks\LuxeLooks\LuxeLooks |url: |action: |Microsoft.Extensions.Hosting.Internal.ApplicationLifetime.NotifyStarted| body: 
2023-10-06 16:14:01.2266|0|WARN|Microsoft.AspNetCore.HttpsPolicy.HttpsRedirectionMiddleware|Failed to determine the https port for redirect. |url: http://localhost/swagger|action: |Microsoft.AspNetCore.HttpsPolicy.HttpsRedirectionMiddleware.TryGetHttpsPort| body: 
2023-10-06 16:14:58.6213|0|ERROR|LuxeLooks.Service.Services.UserService|User with username: Ivan not found |url: http://localhost/Account/Register|action: Register|LuxeLooks.Service.Services.UserService.HandleError| body: 
2023-10-06 16:14:59.0560|0|INFO|LuxeLooks.Controllers.Account.AccountController|Successfuly register user: Ivan |url: http://localhost/Account/Register|action: Register|LuxeLooks.Controllers.Account.AccountController.Register| body: 
2023-10-06 16:14:59.3362|0|ERROR|LuxeLooks.Service.Services.RoleService|Role with id: 44546e06-8719-4ad8-b88a-f271ae9d6abe not found |url: http://localhost/Account/Register|action: Register|LuxeLooks.Service.Services.RoleService.HandleError| body: 
2023-10-06 16:14:59.3543|0|ERROR|Microsoft.AspNetCore.Diagnostics.DeveloperExceptionPageMiddleware|An unhandled exception has occurred while executing the request. System.NullReferenceException: Object reference not set to an instance of an object.
   at LuxeLooks.Service.Extensions.JwtTokenExtension.CreateClaims(User user, List`1 roles) in C:\5Sem\LuxeLooks\LuxeLooks\LuxeLooks\LuxeLooks.Service\Extensions\JwtTokenExtension.cs:line 17
   at LuxeLooks.Service.Services.TokenService.CreateToken(User user) in C:\5Sem\LuxeLooks\LuxeLooks\LuxeLooks\LuxeLooks.Service\Services\TokenService.cs:line 23
   at LuxeLooks.Controllers.Account.AccountController.Authenticate(AuthRequest request) in C:\5Sem\LuxeLooks\LuxeLooks\LuxeLooks\LuxeLooks\Controllers\Account\AccountController.cs:line 60
   at LuxeLooks.Controllers.Account.AccountController.Register(RegisterRequest request) in C:\5Sem\LuxeLooks\LuxeLooks\LuxeLooks\LuxeLooks\Controllers\Account\AccountController.cs:line 103
   at lambda_method5(Closure, Object)
   at Microsoft.AspNetCore.Mvc.Infrastructure.ActionMethodExecutor.AwaitableObjectResultExecutor.Execute(ActionContext actionContext, IActionResultTypeMapper mapper, ObjectMethodExecutor executor, Object controller, Object[] arguments)
   at Microsoft.AspNetCore.Mvc.Infrastructure.ControllerActionInvoker.<InvokeActionMethodAsync>g__Logged|12_1(ControllerActionInvoker invoker)
   at Microsoft.AspNetCore.Mvc.Infrastructure.ControllerActionInvoker.<InvokeNextActionFilterAsync>g__Awaited|10_0(ControllerActionInvoker invoker, Task lastTask, State next, Scope scope, Object state, Boolean isCompleted)
   at Microsoft.AspNetCore.Mvc.Infrastructure.ControllerActionInvoker.Rethrow(ActionExecutedContextSealed context)
   at Microsoft.AspNetCore.Mvc.Infrastructure.ControllerActionInvoker.Next(State& next, Scope& scope, Object& state, Boolean& isCompleted)
   at Microsoft.AspNetCore.Mvc.Infrastructure.ControllerActionInvoker.<InvokeInnerFilterAsync>g__Awaited|13_0(ControllerActionInvoker invoker, Task lastTask, State next, Scope scope, Object state, Boolean isCompleted)
   at Microsoft.AspNetCore.Mvc.Infrastructure.ResourceInvoker.<InvokeFilterPipelineAsync>g__Awaited|20_0(ResourceInvoker invoker, Task lastTask, State next, Scope scope, Object state, Boolean isCompleted)
   at Microsoft.AspNetCore.Mvc.Infrastructure.ResourceInvoker.<InvokeAsync>g__Logged|17_1(ResourceInvoker invoker)
   at Microsoft.AspNetCore.Mvc.Infrastructure.ResourceInvoker.<InvokeAsync>g__Logged|17_1(ResourceInvoker invoker)
   at Microsoft.AspNetCore.Routing.EndpointMiddleware.<Invoke>g__AwaitRequestTask|6_0(Endpoint endpoint, Task requestTask, ILogger logger)
   at Microsoft.AspNetCore.Authorization.AuthorizationMiddleware.Invoke(HttpContext context)
   at Microsoft.AspNetCore.Authorization.AuthorizationMiddleware.Invoke(HttpContext context)
   at Microsoft.AspNetCore.Session.SessionMiddleware.Invoke(HttpContext context)
   at Microsoft.AspNetCore.Session.SessionMiddleware.Invoke(HttpContext context)
   at Microsoft.AspNetCore.Authentication.AuthenticationMiddleware.Invoke(HttpContext context)
   at Microsoft.AspNetCore.Diagnostics.DeveloperExceptionPageMiddlewareImpl.Invoke(HttpContext context)|url: http://localhost/Account/Register|action: Register|Microsoft.AspNetCore.Diagnostics.DeveloperExceptionPageMiddlewareImpl.Invoke| body: 
2023-10-06 16:15:43.9958|0|INFO|Microsoft.Hosting.Lifetime|Application is shutting down... |url: |action: |Microsoft.Extensions.Hosting.Internal.ApplicationLifetime.StopApplication| body: 
2023-10-06 16:26:20.4590|0|INFO|Program|Program initial |url: |action: |Program.<Main>$| body: 
2023-10-06 16:26:20.5497|0|INFO|Microsoft.Hosting.Lifetime|Now listening on: http://localhost:5219 |url: |action: |Microsoft.AspNetCore.Hosting.GenericWebHostService.StartAsync| body: 
2023-10-06 16:26:20.5497|0|INFO|Microsoft.Hosting.Lifetime|Application started. Press Ctrl+C to shut down. |url: |action: |Microsoft.Extensions.Hosting.Internal.ConsoleLifetime.OnApplicationStarted| body: 
2023-10-06 16:26:20.5497|0|INFO|Microsoft.Hosting.Lifetime|Hosting environment: Development |url: |action: |Microsoft.Extensions.Hosting.Internal.ConsoleLifetime.OnApplicationStarted| body: 
2023-10-06 16:26:20.5497|0|INFO|Microsoft.Hosting.Lifetime|Content root path: C:\5Sem\LuxeLooks\LuxeLooks\LuxeLooks\LuxeLooks |url: |action: |Microsoft.Extensions.Hosting.Internal.ApplicationLifetime.NotifyStarted| body: 
2023-10-06 16:26:20.9469|0|WARN|Microsoft.AspNetCore.HttpsPolicy.HttpsRedirectionMiddleware|Failed to determine the https port for redirect. |url: http://localhost/swagger|action: |Microsoft.AspNetCore.HttpsPolicy.HttpsRedirectionMiddleware.TryGetHttpsPort| body: 
2023-10-06 16:26:25.9353|0|ERROR|LuxeLooks.Service.Services.UserService|User with username: Ivan not found |url: http://localhost/Account/Register|action: Register|LuxeLooks.Service.Services.UserService.HandleError| body: 
2023-10-06 16:26:26.4974|0|INFO|LuxeLooks.Controllers.Account.AccountController|Successfuly register user: Ivan |url: http://localhost/Account/Register|action: Register|LuxeLooks.Controllers.Account.AccountController.Register| body: 
2023-10-06 16:26:26.8375|0|INFO|LuxeLooks.Service.Services.RoleService|Successfully get role with id: 6ce6e84b-f0ac-40d3-a5a9-f48362c18b2f |url: http://localhost/Account/Register|action: Register|LuxeLooks.Service.Services.RoleService.GetByIdAsync| body: 
2023-10-06 16:26:27.0586|0|INFO|LuxeLooks.Controllers.Account.AccountController|Successfuly login user: Ivan |url: http://localhost/Account/Register|action: Register|LuxeLooks.Controllers.Account.AccountController.Authenticate| body: 
2023-10-06 16:27:05.7144|0|INFO|Microsoft.Hosting.Lifetime|Application is shutting down... |url: |action: |Microsoft.Extensions.Hosting.Internal.ApplicationLifetime.StopApplication| body: 
2023-10-06 22:24:39.4292|0|INFO|Program|Program initial |url: |action: |Program.<Main>$| body: 
2023-10-06 22:24:39.5568|0|INFO|Microsoft.Hosting.Lifetime|Now listening on: http://localhost:5219 |url: |action: |Microsoft.AspNetCore.Hosting.GenericWebHostService.StartAsync| body: 
2023-10-06 22:24:39.5568|0|INFO|Microsoft.Hosting.Lifetime|Application started. Press Ctrl+C to shut down. |url: |action: |Microsoft.Extensions.Hosting.Internal.ConsoleLifetime.OnApplicationStarted| body: 
2023-10-06 22:24:39.5587|0|INFO|Microsoft.Hosting.Lifetime|Hosting environment: Development |url: |action: |Microsoft.Extensions.Hosting.Internal.ConsoleLifetime.OnApplicationStarted| body: 
2023-10-06 22:24:39.5587|0|INFO|Microsoft.Hosting.Lifetime|Content root path: C:\5Sem\LuxeLooks\LuxeLooks\LuxeLooks\LuxeLooks |url: |action: |Microsoft.Extensions.Hosting.Internal.ApplicationLifetime.NotifyStarted| body: 
2023-10-06 22:24:39.9968|0|WARN|Microsoft.AspNetCore.HttpsPolicy.HttpsRedirectionMiddleware|Failed to determine the https port for redirect. |url: http://localhost/swagger|action: |Microsoft.AspNetCore.HttpsPolicy.HttpsRedirectionMiddleware.TryGetHttpsPort| body: 
2023-10-06 22:25:52.9939|0|ERROR|LuxeLooks.Service.Services.OrderService|Ошибка : заказы не найдены |url: http://localhost/Product/GetPopularProducts|action: GetPopularProducts|LuxeLooks.Service.Services.OrderService.GetOrders| body: 
2023-10-06 22:25:53.2109|0|INFO|LuxeLooks.Service.Services.ProductService|Все девайсы добавлены в кэш |url: http://localhost/Product/GetPopularProducts|action: GetPopularProducts|LuxeLooks.Service.Services.ProductService.GetProducts| body: 
2023-10-06 22:27:28.3899|0|INFO|Microsoft.Hosting.Lifetime|Application is shutting down... |url: |action: |Microsoft.Extensions.Hosting.Internal.ApplicationLifetime.StopApplication| body: 
