2023-10-07 10:48:24.5940|0|DEBUG|Microsoft.AspNetCore.Mvc.ModelBinding.ModelBinderFactory|Registered model binder providers, in the following order: Microsoft.AspNetCore.Mvc.ModelBinding.Binders.BinderTypeModelBinderProvider, Microsoft.AspNetCore.Mvc.ModelBinding.Binders.ServicesModelBinderProvider, Microsoft.AspNetCore.Mvc.ModelBinding.Binders.BodyModelBinderProvider, Microsoft.AspNetCore.Mvc.ModelBinding.Binders.HeaderModelBinderProvider, Microsoft.AspNetCore.Mvc.ModelBinding.Binders.FloatingPointTypeModelBinderProvider, Microsoft.AspNetCore.Mvc.ModelBinding.Binders.EnumTypeModelBinderProvider, Microsoft.AspNetCore.Mvc.ModelBinding.Binders.DateTimeModelBinderProvider, Microsoft.AspNetCore.Mvc.ModelBinding.Binders.SimpleTypeModelBinderProvider, Microsoft.AspNetCore.Mvc.ModelBinding.Binders.TryParseModelBinderProvider, Microsoft.AspNetCore.Mvc.ModelBinding.Binders.CancellationTokenModelBinderProvider, Microsoft.AspNetCore.Mvc.ModelBinding.Binders.ByteArrayModelBinderProvider, Microsoft.AspNetCore.Mvc.ModelBinding.Binders.FormFileModelBinderProvider, Microsoft.AspNetCore.Mvc.ModelBinding.Binders.FormCollectionModelBinderProvider, Microsoft.AspNetCore.Mvc.ModelBinding.Binders.KeyValuePairModelBinderProvider, Microsoft.AspNetCore.Mvc.ModelBinding.Binders.DictionaryModelBinderProvider, Microsoft.AspNetCore.Mvc.ModelBinding.Binders.ArrayModelBinderProvider, Microsoft.AspNetCore.Mvc.ModelBinding.Binders.CollectionModelBinderProvider, Microsoft.AspNetCore.Mvc.ModelBinding.Binders.ComplexObjectModelBinderProvider 
2023-10-07 10:48:24.6952|0|INFO|Program|Program initial 
2023-10-07 10:48:24.6952|0|DEBUG|Microsoft.Extensions.Hosting.Internal.Host|Hosting starting 
2023-10-07 10:48:24.7294|0|INFO|Microsoft.AspNetCore.DataProtection.KeyManagement.XmlKeyManager|User profile is available. Using 'C:\Users\Алексей\AppData\Local\ASP.NET\DataProtection-Keys' as key repository and Windows DPAPI to encrypt keys at rest. 
2023-10-07 10:48:24.7294|0|DEBUG|Microsoft.AspNetCore.DataProtection.Repositories.FileSystemXmlRepository|Reading data from file 'C:\Users\Алексей\AppData\Local\ASP.NET\DataProtection-Keys\key-201f091d-1492-40cf-8448-2970d8f8302a.xml'. 
2023-10-07 10:48:24.7294|0|DEBUG|Microsoft.AspNetCore.DataProtection.Repositories.FileSystemXmlRepository|Reading data from file 'C:\Users\Алексей\AppData\Local\ASP.NET\DataProtection-Keys\key-36f42311-3483-4917-8846-1f1bdd7768ee.xml'. 
2023-10-07 10:48:24.7294|0|DEBUG|Microsoft.AspNetCore.DataProtection.Repositories.FileSystemXmlRepository|Reading data from file 'C:\Users\Алексей\AppData\Local\ASP.NET\DataProtection-Keys\key-8c2d20ac-a7d5-4fe4-b7a0-731f36d4f54e.xml'. 
2023-10-07 10:48:24.7294|0|DEBUG|Microsoft.AspNetCore.DataProtection.Repositories.FileSystemXmlRepository|Reading data from file 'C:\Users\Алексей\AppData\Local\ASP.NET\DataProtection-Keys\key-fe0fd9ec-cbd2-45ba-94c2-4c4db8302271.xml'. 
2023-10-07 10:48:24.7294|0|DEBUG|Microsoft.AspNetCore.DataProtection.KeyManagement.XmlKeyManager|Found key {201f091d-1492-40cf-8448-2970d8f8302a}. 
2023-10-07 10:48:24.7294|0|DEBUG|Microsoft.AspNetCore.DataProtection.KeyManagement.XmlKeyManager|Found key {36f42311-3483-4917-8846-1f1bdd7768ee}. 
2023-10-07 10:48:24.7294|0|DEBUG|Microsoft.AspNetCore.DataProtection.KeyManagement.XmlKeyManager|Found key {8c2d20ac-a7d5-4fe4-b7a0-731f36d4f54e}. 
2023-10-07 10:48:24.7294|0|DEBUG|Microsoft.AspNetCore.DataProtection.KeyManagement.XmlKeyManager|Found key {fe0fd9ec-cbd2-45ba-94c2-4c4db8302271}. 
2023-10-07 10:48:24.7518|0|DEBUG|Microsoft.AspNetCore.DataProtection.KeyManagement.DefaultKeyResolver|Considering key {36f42311-3483-4917-8846-1f1bdd7768ee} with expiration date 2023-12-30 19:24:09Z as default key. 
2023-10-07 10:48:24.7518|0|DEBUG|Microsoft.AspNetCore.DataProtection.TypeForwardingActivator|Forwarded activator type request from Microsoft.AspNetCore.DataProtection.XmlEncryption.DpapiXmlDecryptor, Microsoft.AspNetCore.DataProtection, Version=7.0.0.0, Culture=neutral, PublicKeyToken=adb9793829ddae60 to Microsoft.AspNetCore.DataProtection.XmlEncryption.DpapiXmlDecryptor, Microsoft.AspNetCore.DataProtection, Culture=neutral, PublicKeyToken=adb9793829ddae60 
2023-10-07 10:48:24.7518|0|DEBUG|Microsoft.AspNetCore.DataProtection.XmlEncryption.DpapiXmlDecryptor|Decrypting secret element using Windows DPAPI. 
2023-10-07 10:48:24.7591|0|DEBUG|Microsoft.AspNetCore.DataProtection.TypeForwardingActivator|Forwarded activator type request from Microsoft.AspNetCore.DataProtection.AuthenticatedEncryption.ConfigurationModel.AuthenticatedEncryptorDescriptorDeserializer, Microsoft.AspNetCore.DataProtection, Version=7.0.0.0, Culture=neutral, PublicKeyToken=adb9793829ddae60 to Microsoft.AspNetCore.DataProtection.AuthenticatedEncryption.ConfigurationModel.AuthenticatedEncryptorDescriptorDeserializer, Microsoft.AspNetCore.DataProtection, Culture=neutral, PublicKeyToken=adb9793829ddae60 
2023-10-07 10:48:24.7591|0|DEBUG|Microsoft.AspNetCore.DataProtection.AuthenticatedEncryption.CngCbcAuthenticatedEncryptorFactory|Opening CNG algorithm 'AES' from provider '(null)' with chaining mode CBC. 
2023-10-07 10:48:24.7591|0|DEBUG|Microsoft.AspNetCore.DataProtection.AuthenticatedEncryption.CngCbcAuthenticatedEncryptorFactory|Opening CNG algorithm 'SHA256' from provider '(null)' with HMAC. 
2023-10-07 10:48:24.7591|0|DEBUG|Microsoft.AspNetCore.DataProtection.KeyManagement.KeyRingProvider|Using key {36f42311-3483-4917-8846-1f1bdd7768ee} as the default key. 
2023-10-07 10:48:24.7591|0|DEBUG|Microsoft.AspNetCore.DataProtection.Internal.DataProtectionHostedService|Key ring with default key {36f42311-3483-4917-8846-1f1bdd7768ee} was loaded during application startup. 
2023-10-07 10:48:24.8115|0|INFO|Microsoft.Hosting.Lifetime|Now listening on: http://localhost:5219 
2023-10-07 10:48:24.8115|0|DEBUG|Microsoft.AspNetCore.Hosting.Diagnostics|Loaded hosting startup assembly LuxeLooks 
2023-10-07 10:48:24.8115|0|INFO|Microsoft.Hosting.Lifetime|Application started. Press Ctrl+C to shut down. 
2023-10-07 10:48:24.8115|0|INFO|Microsoft.Hosting.Lifetime|Hosting environment: Development 
2023-10-07 10:48:24.8115|0|INFO|Microsoft.Hosting.Lifetime|Content root path: C:\5Sem\LuxeLooks\LuxeLooks\LuxeLooks\LuxeLooks 
2023-10-07 10:48:24.8115|0|DEBUG|Microsoft.Extensions.Hosting.Internal.Host|Hosting started 
2023-10-07 10:48:24.9958|0|DEBUG|Microsoft.AspNetCore.Server.Kestrel.Transport.Sockets|Connection id "0HMU7174LOGA3" received FIN. 
2023-10-07 10:48:24.9958|0|DEBUG|Microsoft.AspNetCore.Server.Kestrel.Connections|Connection id "0HMU7174LOGA3" accepted. 
2023-10-07 10:48:24.9958|0|DEBUG|Microsoft.AspNetCore.Server.Kestrel.Connections|Connection id "0HMU7174LOGA3" started. 
2023-10-07 10:48:25.0118|0|DEBUG|Microsoft.AspNetCore.Server.Kestrel.Transport.Sockets|Connection id "0HMU7174LOGA3" sending FIN because: "The Socket transport's send loop completed gracefully." 
2023-10-07 10:48:25.0118|0|DEBUG|Microsoft.AspNetCore.Server.Kestrel.Connections|Connection id "0HMU7174LOGA3" disconnecting. 
2023-10-07 10:48:25.0118|0|DEBUG|Microsoft.AspNetCore.Server.Kestrel.Connections|Connection id "0HMU7174LOGA3" stopped. 
2023-10-07 10:48:25.1021|0|DEBUG|Microsoft.AspNetCore.Server.Kestrel.Connections|Connection id "0HMU7174LOGA4" accepted. 
2023-10-07 10:48:25.1021|0|DEBUG|Microsoft.AspNetCore.Server.Kestrel.Connections|Connection id "0HMU7174LOGA4" started. 
2023-10-07 10:48:25.1021|0|DEBUG|Microsoft.AspNetCore.Server.Kestrel.Connections|Connection id "0HMU7174LOGA5" accepted. 
2023-10-07 10:48:25.1043|0|DEBUG|Microsoft.AspNetCore.Server.Kestrel.Connections|Connection id "0HMU7174LOGA5" started. 
2023-10-07 10:48:25.1315|0|INFO|Microsoft.AspNetCore.Hosting.Diagnostics|Request starting HTTP/1.1 GET http://localhost:5219/swagger - - 
2023-10-07 10:48:25.1334|0|DEBUG|Microsoft.AspNetCore.HostFiltering.HostFilteringMiddleware|Wildcard detected, all requests with hosts will be allowed. 
2023-10-07 10:48:25.1334|0|TRACE|Microsoft.AspNetCore.HostFiltering.HostFilteringMiddleware|All hosts are allowed. 
2023-10-07 10:48:25.1626|0|DEBUG|Microsoft.AspNetCore.Authentication.JwtBearer.JwtBearerHandler|AuthenticationScheme: Bearer was not authenticated. 
2023-10-07 10:48:25.1689|0|TRACE|Microsoft.AspNetCore.DataProtection.KeyManagement.KeyRingBasedDataProtector|Performing protect operation to key {36f42311-3483-4917-8846-1f1bdd7768ee} with purposes ('C:\5Sem\LuxeLooks\LuxeLooks\LuxeLooks\LuxeLooks\', 'SessionMiddleware'). 
2023-10-07 10:48:25.1689|0|WARN|Microsoft.AspNetCore.HttpsPolicy.HttpsRedirectionMiddleware|Failed to determine the https port for redirect. 
2023-10-07 10:48:25.1789|0|DEBUG|Microsoft.AspNetCore.StaticFiles.StaticFileMiddleware|The request path /swagger does not match a supported file type 
2023-10-07 10:48:25.2029|0|DEBUG|Microsoft.AspNetCore.Routing.Matching.DfaMatcher|No candidates found for the request path '/swagger' 
2023-10-07 10:48:25.2029|0|DEBUG|Microsoft.AspNetCore.Routing.EndpointRoutingMiddleware|Request did not match any endpoints 
2023-10-07 10:48:25.2029|0|DEBUG|Microsoft.AspNetCore.Server.Kestrel.Connections|Connection id "0HMU7174LOGA4" completed keep alive response. 
2023-10-07 10:48:25.2116|0|INFO|Microsoft.AspNetCore.Hosting.Diagnostics|Request finished HTTP/1.1 GET http://localhost:5219/swagger - - - 404 0 - 81.1799ms 
2023-10-07 10:49:29.8402|0|DEBUG|Microsoft.AspNetCore.Server.Kestrel.Transport.Sockets|Connection id "0HMU7174LOGA5" received FIN. 
2023-10-07 10:49:29.8402|0|DEBUG|Microsoft.AspNetCore.Server.Kestrel.Transport.Sockets|Connection id "0HMU7174LOGA4" received FIN. 
2023-10-07 10:49:29.8402|0|DEBUG|Microsoft.AspNetCore.Server.Kestrel.Connections|Connection id "0HMU7174LOGA5" disconnecting. 
2023-10-07 10:49:29.8554|0|DEBUG|Microsoft.AspNetCore.Server.Kestrel.Transport.Sockets|Connection id "0HMU7174LOGA5" sending FIN because: "The Socket transport's send loop completed gracefully." 
2023-10-07 10:49:29.8554|0|DEBUG|Microsoft.AspNetCore.Server.Kestrel.Connections|Connection id "0HMU7174LOGA4" disconnecting. 
2023-10-07 10:49:29.8554|0|DEBUG|Microsoft.AspNetCore.Server.Kestrel.Transport.Sockets|Connection id "0HMU7174LOGA4" sending FIN because: "The Socket transport's send loop completed gracefully." 
2023-10-07 10:49:29.8554|0|DEBUG|Microsoft.AspNetCore.Server.Kestrel.Connections|Connection id "0HMU7174LOGA5" stopped. 
2023-10-07 10:49:29.8671|0|DEBUG|Microsoft.AspNetCore.Server.Kestrel.Connections|Connection id "0HMU7174LOGA4" stopped. 
2023-10-07 10:50:11.6764|0|DEBUG|Microsoft.AspNetCore.Server.Kestrel.Transport.Sockets|Connection id "0HMU7174LOGA6" received FIN. 
2023-10-07 10:50:11.6764|0|DEBUG|Microsoft.AspNetCore.Server.Kestrel.Connections|Connection id "0HMU7174LOGA6" accepted. 
2023-10-07 10:50:11.6764|0|DEBUG|Microsoft.AspNetCore.Server.Kestrel.Connections|Connection id "0HMU7174LOGA6" started. 
2023-10-07 10:50:11.6764|0|DEBUG|Microsoft.AspNetCore.Server.Kestrel.Transport.Sockets|Connection id "0HMU7174LOGA6" sending FIN because: "The Socket transport's send loop completed gracefully." 
2023-10-07 10:50:11.6764|0|DEBUG|Microsoft.AspNetCore.Server.Kestrel.Connections|Connection id "0HMU7174LOGA7" accepted. 
2023-10-07 10:50:11.6764|0|DEBUG|Microsoft.AspNetCore.Server.Kestrel.Connections|Connection id "0HMU7174LOGA7" started. 
2023-10-07 10:50:11.6764|0|DEBUG|Microsoft.AspNetCore.Server.Kestrel.Connections|Connection id "0HMU7174LOGA6" disconnecting. 
2023-10-07 10:50:11.6800|0|DEBUG|Microsoft.AspNetCore.Server.Kestrel.Connections|Connection id "0HMU7174LOGA6" stopped. 
2023-10-07 10:50:11.6800|0|INFO|Microsoft.AspNetCore.Hosting.Diagnostics|Request starting HTTP/1.1 POST http://localhost:5219/Account/Register application/json 70 
2023-10-07 10:50:11.6800|0|TRACE|Microsoft.AspNetCore.HostFiltering.HostFilteringMiddleware|All hosts are allowed. 
2023-10-07 10:50:11.6800|0|DEBUG|Microsoft.AspNetCore.Authentication.JwtBearer.JwtBearerHandler|AuthenticationScheme: Bearer was not authenticated. 
2023-10-07 10:50:11.6800|0|TRACE|Microsoft.AspNetCore.DataProtection.KeyManagement.KeyRingBasedDataProtector|Performing protect operation to key {36f42311-3483-4917-8846-1f1bdd7768ee} with purposes ('C:\5Sem\LuxeLooks\LuxeLooks\LuxeLooks\LuxeLooks\', 'SessionMiddleware'). 
2023-10-07 10:50:11.6800|0|DEBUG|Microsoft.AspNetCore.StaticFiles.StaticFileMiddleware|POST requests are not supported 
2023-10-07 10:50:11.6800|0|DEBUG|Microsoft.AspNetCore.Routing.Matching.DfaMatcher|1 candidate(s) found for the request path '/Account/Register' 
2023-10-07 10:50:11.6989|0|DEBUG|Microsoft.AspNetCore.Routing.Matching.DfaMatcher|Endpoint 'LuxeLooks.Controllers.Account.AccountController.Register (LuxeLooks)' with route pattern 'Account/Register' is valid for the request path '/Account/Register' 
2023-10-07 10:50:11.6989|0|DEBUG|Microsoft.AspNetCore.Routing.EndpointRoutingMiddleware|Request matched endpoint 'LuxeLooks.Controllers.Account.AccountController.Register (LuxeLooks)' 
2023-10-07 10:50:11.6989|0|INFO|Microsoft.AspNetCore.Routing.EndpointMiddleware|Executing endpoint 'LuxeLooks.Controllers.Account.AccountController.Register (LuxeLooks)' 
2023-10-07 10:50:11.7623|0|INFO|Microsoft.AspNetCore.Mvc.Infrastructure.ControllerActionInvoker|Route matched with {action = "Register", controller = "Account"}. Executing controller action with signature System.Threading.Tasks.Task`1[Microsoft.AspNetCore.Mvc.ActionResult`1[LuxeLooks.Domain.Models.Identity.AuthResponse]] Register(LuxeLooks.Domain.Models.Identity.RegisterRequest) on controller LuxeLooks.Controllers.Account.AccountController (LuxeLooks). 
2023-10-07 10:50:11.7655|0|DEBUG|Microsoft.AspNetCore.Mvc.Infrastructure.ControllerActionInvoker|Execution plan of authorization filters (in the following order): None 
2023-10-07 10:50:11.7655|0|DEBUG|Microsoft.AspNetCore.Mvc.Infrastructure.ControllerActionInvoker|Execution plan of resource filters (in the following order): None 
2023-10-07 10:50:11.7655|0|DEBUG|Microsoft.AspNetCore.Mvc.Infrastructure.ControllerActionInvoker|Execution plan of action filters (in the following order): Microsoft.AspNetCore.Mvc.ModelBinding.UnsupportedContentTypeFilter (Order: -3000), Microsoft.AspNetCore.Mvc.Infrastructure.ModelStateInvalidFilter (Order: -2000) 
2023-10-07 10:50:11.7655|0|DEBUG|Microsoft.AspNetCore.Mvc.Infrastructure.ControllerActionInvoker|Execution plan of exception filters (in the following order): None 
2023-10-07 10:50:11.7655|0|DEBUG|Microsoft.AspNetCore.Mvc.Infrastructure.ControllerActionInvoker|Execution plan of result filters (in the following order): Microsoft.AspNetCore.Mvc.Infrastructure.ClientErrorResultFilter (Order: -2000) 
2023-10-07 10:50:11.7655|0|DEBUG|Microsoft.AspNetCore.Mvc.Infrastructure.ControllerActionInvoker|Executing controller factory for controller LuxeLooks.Controllers.Account.AccountController (LuxeLooks) 
2023-10-07 10:50:12.0575|0|DEBUG|Microsoft.EntityFrameworkCore.Infrastructure|An 'IServiceProvider' was created for internal use by Entity Framework. 
2023-10-07 10:50:12.1254|0|DEBUG|Microsoft.AspNetCore.Mvc.Infrastructure.ControllerActionInvoker|Executed controller factory for controller LuxeLooks.Controllers.Account.AccountController (LuxeLooks) 
2023-10-07 10:50:12.1350|0|DEBUG|Microsoft.AspNetCore.Mvc.ModelBinding.ParameterBinder|Attempting to bind parameter 'request' of type 'LuxeLooks.Domain.Models.Identity.RegisterRequest' ... 
2023-10-07 10:50:12.1350|0|DEBUG|Microsoft.AspNetCore.Mvc.ModelBinding.Binders.BodyModelBinder|Attempting to bind parameter 'request' of type 'LuxeLooks.Domain.Models.Identity.RegisterRequest' using the name '' in request data ... 
2023-10-07 10:50:12.1350|0|DEBUG|Microsoft.AspNetCore.Mvc.ModelBinding.Binders.BodyModelBinder|Selected input formatter 'Microsoft.AspNetCore.Mvc.Formatters.SystemTextJsonInputFormatter' for content type 'application/json'. 
2023-10-07 10:50:12.1946|0|DEBUG|Microsoft.AspNetCore.Server.Kestrel|Connection id "0HMU7174LOGA7", Request id "0HMU7174LOGA7:00000001": started reading request body. 
2023-10-07 10:50:12.1946|0|DEBUG|Microsoft.AspNetCore.Server.Kestrel|Connection id "0HMU7174LOGA7", Request id "0HMU7174LOGA7:00000001": done reading request body. 
2023-10-07 10:50:12.2154|0|DEBUG|Microsoft.AspNetCore.Mvc.Formatters.SystemTextJsonInputFormatter|JSON input formatter succeeded, deserializing to type 'LuxeLooks.Domain.Models.Identity.RegisterRequest' 
2023-10-07 10:50:12.2154|0|DEBUG|Microsoft.AspNetCore.Mvc.ModelBinding.Binders.BodyModelBinder|Done attempting to bind parameter 'request' of type 'LuxeLooks.Domain.Models.Identity.RegisterRequest'. 
2023-10-07 10:50:12.2154|0|DEBUG|Microsoft.AspNetCore.Mvc.ModelBinding.ParameterBinder|Done attempting to bind parameter 'request' of type 'LuxeLooks.Domain.Models.Identity.RegisterRequest'. 
2023-10-07 10:50:12.2154|0|DEBUG|Microsoft.AspNetCore.Mvc.ModelBinding.ParameterBinder|Attempting to validate the bound parameter 'request' of type 'LuxeLooks.Domain.Models.Identity.RegisterRequest' ... 
2023-10-07 10:50:12.2395|0|DEBUG|Microsoft.AspNetCore.Mvc.ModelBinding.ParameterBinder|Done attempting to validate the bound parameter 'request' of type 'LuxeLooks.Domain.Models.Identity.RegisterRequest'. 
2023-10-07 10:50:12.2458|0|TRACE|Microsoft.AspNetCore.Mvc.Infrastructure.ControllerActionInvoker|Action Filter: Before executing OnActionExecuting on filter Microsoft.AspNetCore.Mvc.ModelBinding.UnsupportedContentTypeFilter. 
2023-10-07 10:50:12.2458|0|TRACE|Microsoft.AspNetCore.Mvc.Infrastructure.ControllerActionInvoker|Action Filter: After executing OnActionExecuting on filter Microsoft.AspNetCore.Mvc.ModelBinding.UnsupportedContentTypeFilter. 
2023-10-07 10:50:12.2458|0|TRACE|Microsoft.AspNetCore.Mvc.Infrastructure.ControllerActionInvoker|Action Filter: Before executing OnActionExecuting on filter Microsoft.AspNetCore.Mvc.Infrastructure.ModelStateInvalidFilter. 
2023-10-07 10:50:12.2458|0|DEBUG|Microsoft.AspNetCore.Mvc.Infrastructure.ModelStateInvalidFilter|The request has model state errors, returning an error response. 
2023-10-07 10:50:12.2458|0|TRACE|Microsoft.AspNetCore.Mvc.Infrastructure.ControllerActionInvoker|Action Filter: After executing OnActionExecuting on filter Microsoft.AspNetCore.Mvc.Infrastructure.ModelStateInvalidFilter. 
2023-10-07 10:50:12.2458|0|DEBUG|Microsoft.AspNetCore.Mvc.Infrastructure.ControllerActionInvoker|Request was short circuited at action filter 'Microsoft.AspNetCore.Mvc.Infrastructure.ModelStateInvalidFilter'. 
2023-10-07 10:50:12.2458|0|TRACE|Microsoft.AspNetCore.Mvc.Infrastructure.ControllerActionInvoker|Action Filter: Before executing OnActionExecuted on filter Microsoft.AspNetCore.Mvc.ModelBinding.UnsupportedContentTypeFilter. 
2023-10-07 10:50:12.2458|0|TRACE|Microsoft.AspNetCore.Mvc.Infrastructure.ControllerActionInvoker|Action Filter: After executing OnActionExecuted on filter Microsoft.AspNetCore.Mvc.ModelBinding.UnsupportedContentTypeFilter. 
2023-10-07 10:50:12.2458|0|TRACE|Microsoft.AspNetCore.Mvc.Infrastructure.ControllerActionInvoker|Result Filter: Before executing OnResultExecuting on filter Microsoft.AspNetCore.Mvc.Infrastructure.ClientErrorResultFilter. 
2023-10-07 10:50:12.2458|0|TRACE|Microsoft.AspNetCore.Mvc.Infrastructure.ControllerActionInvoker|Result Filter: After executing OnResultExecuting on filter Microsoft.AspNetCore.Mvc.Infrastructure.ClientErrorResultFilter. 
2023-10-07 10:50:12.2458|0|TRACE|Microsoft.AspNetCore.Mvc.Infrastructure.ControllerActionInvoker|Before executing action result Microsoft.AspNetCore.Mvc.BadRequestObjectResult. 
2023-10-07 10:50:12.2622|0|DEBUG|Microsoft.AspNetCore.Mvc.Infrastructure.DefaultOutputFormatterSelector|List of registered output formatters, in the following order: Microsoft.AspNetCore.Mvc.Formatters.HttpNoContentOutputFormatter, Microsoft.AspNetCore.Mvc.Formatters.StringOutputFormatter, Microsoft.AspNetCore.Mvc.Formatters.StreamOutputFormatter, Microsoft.AspNetCore.Mvc.Formatters.SystemTextJsonOutputFormatter 
2023-10-07 10:50:12.2622|0|DEBUG|Microsoft.AspNetCore.Mvc.Infrastructure.DefaultOutputFormatterSelector|No information found on request to perform content negotiation. 
2023-10-07 10:50:12.2622|0|DEBUG|Microsoft.AspNetCore.Mvc.Infrastructure.DefaultOutputFormatterSelector|Attempting to select the first output formatter in the output formatters list which supports a content type from the explicitly specified content types 'application/problem+json, application/problem+xml, application/problem+json, application/problem+xml'. 
2023-10-07 10:50:12.2622|0|DEBUG|Microsoft.AspNetCore.Mvc.Infrastructure.DefaultOutputFormatterSelector|Selected output formatter 'Microsoft.AspNetCore.Mvc.Formatters.SystemTextJsonOutputFormatter' and content type 'application/problem+json' to write the response. 
2023-10-07 10:50:12.2622|0|INFO|Microsoft.AspNetCore.Mvc.Infrastructure.ObjectResultExecutor|Executing BadRequestObjectResult, writing value of type 'Microsoft.AspNetCore.Mvc.ValidationProblemDetails'. 
2023-10-07 10:50:12.2894|0|TRACE|Microsoft.AspNetCore.Mvc.Infrastructure.ControllerActionInvoker|After executing action result Microsoft.AspNetCore.Mvc.BadRequestObjectResult. 
2023-10-07 10:50:12.2894|0|TRACE|Microsoft.AspNetCore.Mvc.Infrastructure.ControllerActionInvoker|Result Filter: Before executing OnResultExecuted on filter Microsoft.AspNetCore.Mvc.Infrastructure.ClientErrorResultFilter. 
2023-10-07 10:50:12.2894|0|TRACE|Microsoft.AspNetCore.Mvc.Infrastructure.ControllerActionInvoker|Result Filter: After executing OnResultExecuted on filter Microsoft.AspNetCore.Mvc.Infrastructure.ClientErrorResultFilter. 
2023-10-07 10:50:12.2894|0|INFO|Microsoft.AspNetCore.Mvc.Infrastructure.ControllerActionInvoker|Executed action LuxeLooks.Controllers.Account.AccountController.Register (LuxeLooks) in 522.634ms 
2023-10-07 10:50:12.2894|0|INFO|Microsoft.AspNetCore.Routing.EndpointMiddleware|Executed endpoint 'LuxeLooks.Controllers.Account.AccountController.Register (LuxeLooks)' 
2023-10-07 10:50:12.2894|0|DEBUG|Microsoft.AspNetCore.Server.Kestrel.Connections|Connection id "0HMU7174LOGA7" completed keep alive response. 
2023-10-07 10:50:12.3080|0|INFO|Microsoft.AspNetCore.Hosting.Diagnostics|Request finished HTTP/1.1 POST http://localhost:5219/Account/Register application/json 70 - 400 - application/problem+json;+charset=utf-8 626.4950ms 
2023-10-07 10:51:11.9459|0|INFO|Microsoft.Hosting.Lifetime|Application is shutting down... 
2023-10-07 10:51:11.9459|0|DEBUG|Microsoft.Extensions.Hosting.Internal.Host|Hosting stopping 
2023-10-07 10:51:11.9459|0|DEBUG|Microsoft.AspNetCore.Server.Kestrel.Connections|Connection id "0HMU7174LOGA7" disconnecting. 
2023-10-07 10:51:11.9459|0|DEBUG|Microsoft.AspNetCore.Server.Kestrel.Connections|Connection id "0HMU7174LOGA7" stopped. 
2023-10-07 10:51:11.9459|0|DEBUG|Microsoft.AspNetCore.Server.Kestrel.Transport.Sockets|Connection id "0HMU7174LOGA7" sending FIN because: "The Socket transport's send loop completed gracefully." 
2023-10-07 10:51:11.9459|0|DEBUG|Microsoft.Extensions.Hosting.Internal.Host|Hosting stopped 
2023-10-07 10:53:51.5146|0|DEBUG|Microsoft.AspNetCore.Mvc.ModelBinding.ModelBinderFactory|Registered model binder providers, in the following order: Microsoft.AspNetCore.Mvc.ModelBinding.Binders.BinderTypeModelBinderProvider, Microsoft.AspNetCore.Mvc.ModelBinding.Binders.ServicesModelBinderProvider, Microsoft.AspNetCore.Mvc.ModelBinding.Binders.BodyModelBinderProvider, Microsoft.AspNetCore.Mvc.ModelBinding.Binders.HeaderModelBinderProvider, Microsoft.AspNetCore.Mvc.ModelBinding.Binders.FloatingPointTypeModelBinderProvider, Microsoft.AspNetCore.Mvc.ModelBinding.Binders.EnumTypeModelBinderProvider, Microsoft.AspNetCore.Mvc.ModelBinding.Binders.DateTimeModelBinderProvider, Microsoft.AspNetCore.Mvc.ModelBinding.Binders.SimpleTypeModelBinderProvider, Microsoft.AspNetCore.Mvc.ModelBinding.Binders.TryParseModelBinderProvider, Microsoft.AspNetCore.Mvc.ModelBinding.Binders.CancellationTokenModelBinderProvider, Microsoft.AspNetCore.Mvc.ModelBinding.Binders.ByteArrayModelBinderProvider, Microsoft.AspNetCore.Mvc.ModelBinding.Binders.FormFileModelBinderProvider, Microsoft.AspNetCore.Mvc.ModelBinding.Binders.FormCollectionModelBinderProvider, Microsoft.AspNetCore.Mvc.ModelBinding.Binders.KeyValuePairModelBinderProvider, Microsoft.AspNetCore.Mvc.ModelBinding.Binders.DictionaryModelBinderProvider, Microsoft.AspNetCore.Mvc.ModelBinding.Binders.ArrayModelBinderProvider, Microsoft.AspNetCore.Mvc.ModelBinding.Binders.CollectionModelBinderProvider, Microsoft.AspNetCore.Mvc.ModelBinding.Binders.ComplexObjectModelBinderProvider 
2023-10-07 10:53:51.8482|0|INFO|Program|Program initial 
2023-10-07 10:53:51.8625|0|DEBUG|Microsoft.Extensions.Hosting.Internal.Host|Hosting starting 
2023-10-07 10:53:51.9952|0|INFO|Microsoft.AspNetCore.DataProtection.KeyManagement.XmlKeyManager|User profile is available. Using 'C:\Users\Алексей\AppData\Local\ASP.NET\DataProtection-Keys' as key repository and Windows DPAPI to encrypt keys at rest. 
2023-10-07 10:53:51.9990|0|DEBUG|Microsoft.AspNetCore.DataProtection.Repositories.FileSystemXmlRepository|Reading data from file 'C:\Users\Алексей\AppData\Local\ASP.NET\DataProtection-Keys\key-201f091d-1492-40cf-8448-2970d8f8302a.xml'. 
2023-10-07 10:53:52.0149|0|DEBUG|Microsoft.AspNetCore.DataProtection.Repositories.FileSystemXmlRepository|Reading data from file 'C:\Users\Алексей\AppData\Local\ASP.NET\DataProtection-Keys\key-36f42311-3483-4917-8846-1f1bdd7768ee.xml'. 
2023-10-07 10:53:52.0149|0|DEBUG|Microsoft.AspNetCore.DataProtection.Repositories.FileSystemXmlRepository|Reading data from file 'C:\Users\Алексей\AppData\Local\ASP.NET\DataProtection-Keys\key-8c2d20ac-a7d5-4fe4-b7a0-731f36d4f54e.xml'. 
2023-10-07 10:53:52.0405|0|DEBUG|Microsoft.AspNetCore.DataProtection.Repositories.FileSystemXmlRepository|Reading data from file 'C:\Users\Алексей\AppData\Local\ASP.NET\DataProtection-Keys\key-fe0fd9ec-cbd2-45ba-94c2-4c4db8302271.xml'. 
2023-10-07 10:53:52.0679|0|DEBUG|Microsoft.AspNetCore.DataProtection.KeyManagement.XmlKeyManager|Found key {201f091d-1492-40cf-8448-2970d8f8302a}. 
2023-10-07 10:53:52.0679|0|DEBUG|Microsoft.AspNetCore.DataProtection.KeyManagement.XmlKeyManager|Found key {36f42311-3483-4917-8846-1f1bdd7768ee}. 
2023-10-07 10:53:52.0679|0|DEBUG|Microsoft.AspNetCore.DataProtection.KeyManagement.XmlKeyManager|Found key {8c2d20ac-a7d5-4fe4-b7a0-731f36d4f54e}. 
2023-10-07 10:53:52.0679|0|DEBUG|Microsoft.AspNetCore.DataProtection.KeyManagement.XmlKeyManager|Found key {fe0fd9ec-cbd2-45ba-94c2-4c4db8302271}. 
2023-10-07 10:53:52.0794|0|DEBUG|Microsoft.AspNetCore.DataProtection.KeyManagement.DefaultKeyResolver|Considering key {36f42311-3483-4917-8846-1f1bdd7768ee} with expiration date 2023-12-30 19:24:09Z as default key. 
2023-10-07 10:53:52.0794|0|DEBUG|Microsoft.AspNetCore.DataProtection.TypeForwardingActivator|Forwarded activator type request from Microsoft.AspNetCore.DataProtection.XmlEncryption.DpapiXmlDecryptor, Microsoft.AspNetCore.DataProtection, Version=7.0.0.0, Culture=neutral, PublicKeyToken=adb9793829ddae60 to Microsoft.AspNetCore.DataProtection.XmlEncryption.DpapiXmlDecryptor, Microsoft.AspNetCore.DataProtection, Culture=neutral, PublicKeyToken=adb9793829ddae60 
2023-10-07 10:53:52.0794|0|DEBUG|Microsoft.AspNetCore.DataProtection.XmlEncryption.DpapiXmlDecryptor|Decrypting secret element using Windows DPAPI. 
2023-10-07 10:53:52.0794|0|DEBUG|Microsoft.AspNetCore.DataProtection.TypeForwardingActivator|Forwarded activator type request from Microsoft.AspNetCore.DataProtection.AuthenticatedEncryption.ConfigurationModel.AuthenticatedEncryptorDescriptorDeserializer, Microsoft.AspNetCore.DataProtection, Version=7.0.0.0, Culture=neutral, PublicKeyToken=adb9793829ddae60 to Microsoft.AspNetCore.DataProtection.AuthenticatedEncryption.ConfigurationModel.AuthenticatedEncryptorDescriptorDeserializer, Microsoft.AspNetCore.DataProtection, Culture=neutral, PublicKeyToken=adb9793829ddae60 
2023-10-07 10:53:52.0794|0|DEBUG|Microsoft.AspNetCore.DataProtection.AuthenticatedEncryption.CngCbcAuthenticatedEncryptorFactory|Opening CNG algorithm 'AES' from provider '(null)' with chaining mode CBC. 
2023-10-07 10:53:52.0934|0|DEBUG|Microsoft.AspNetCore.DataProtection.AuthenticatedEncryption.CngCbcAuthenticatedEncryptorFactory|Opening CNG algorithm 'SHA256' from provider '(null)' with HMAC. 
2023-10-07 10:53:52.0934|0|DEBUG|Microsoft.AspNetCore.DataProtection.KeyManagement.KeyRingProvider|Using key {36f42311-3483-4917-8846-1f1bdd7768ee} as the default key. 
2023-10-07 10:53:52.0934|0|DEBUG|Microsoft.AspNetCore.DataProtection.Internal.DataProtectionHostedService|Key ring with default key {36f42311-3483-4917-8846-1f1bdd7768ee} was loaded during application startup. 
2023-10-07 10:53:52.4673|0|INFO|Microsoft.Hosting.Lifetime|Now listening on: http://localhost:5219 
2023-10-07 10:53:52.4673|0|DEBUG|Microsoft.AspNetCore.Hosting.Diagnostics|Loaded hosting startup assembly LuxeLooks 
2023-10-07 10:53:52.4673|0|INFO|Microsoft.Hosting.Lifetime|Application started. Press Ctrl+C to shut down. 
2023-10-07 10:53:52.4673|0|INFO|Microsoft.Hosting.Lifetime|Hosting environment: Development 
2023-10-07 10:53:52.4673|0|INFO|Microsoft.Hosting.Lifetime|Content root path: C:\5Sem\LuxeLooks\LuxeLooks\LuxeLooks\LuxeLooks 
2023-10-07 10:53:52.4673|0|DEBUG|Microsoft.Extensions.Hosting.Internal.Host|Hosting started 
2023-10-07 10:53:52.8723|0|DEBUG|Microsoft.AspNetCore.Server.Kestrel.Connections|Connection id "0HMU71A6CKEJF" accepted. 
2023-10-07 10:53:52.8723|0|DEBUG|Microsoft.AspNetCore.Server.Kestrel.Connections|Connection id "0HMU71A6CKEJF" started. 
2023-10-07 10:53:52.8723|0|DEBUG|Microsoft.AspNetCore.Server.Kestrel.Connections|Connection id "0HMU71A6CKEJG" accepted. 
2023-10-07 10:53:52.8723|0|DEBUG|Microsoft.AspNetCore.Server.Kestrel.Connections|Connection id "0HMU71A6CKEJG" started. 
2023-10-07 10:53:52.9386|0|INFO|Microsoft.AspNetCore.Hosting.Diagnostics|Request starting HTTP/1.1 GET http://localhost:5219/swagger - - 
2023-10-07 10:53:52.9404|0|DEBUG|Microsoft.AspNetCore.HostFiltering.HostFilteringMiddleware|Wildcard detected, all requests with hosts will be allowed. 
2023-10-07 10:53:52.9404|0|TRACE|Microsoft.AspNetCore.HostFiltering.HostFilteringMiddleware|All hosts are allowed. 
2023-10-07 10:53:53.0864|0|DEBUG|Microsoft.AspNetCore.Authentication.JwtBearer.JwtBearerHandler|AuthenticationScheme: Bearer was not authenticated. 
2023-10-07 10:53:53.0918|0|TRACE|Microsoft.AspNetCore.DataProtection.KeyManagement.KeyRingBasedDataProtector|Performing protect operation to key {36f42311-3483-4917-8846-1f1bdd7768ee} with purposes ('C:\5Sem\LuxeLooks\LuxeLooks\LuxeLooks\LuxeLooks\', 'SessionMiddleware'). 
2023-10-07 10:53:53.0918|0|WARN|Microsoft.AspNetCore.HttpsPolicy.HttpsRedirectionMiddleware|Failed to determine the https port for redirect. 
2023-10-07 10:53:53.0918|0|DEBUG|Microsoft.AspNetCore.StaticFiles.StaticFileMiddleware|The request path /swagger does not match a supported file type 
2023-10-07 10:53:53.1201|0|DEBUG|Microsoft.AspNetCore.Routing.Matching.DfaMatcher|No candidates found for the request path '/swagger' 
2023-10-07 10:53:53.1201|0|DEBUG|Microsoft.AspNetCore.Routing.EndpointRoutingMiddleware|Request did not match any endpoints 
2023-10-07 10:53:53.1521|0|DEBUG|Microsoft.AspNetCore.Server.Kestrel.Connections|Connection id "0HMU71A6CKEJF" completed keep alive response. 
2023-10-07 10:53:53.1521|0|INFO|Microsoft.AspNetCore.Hosting.Diagnostics|Request finished HTTP/1.1 GET http://localhost:5219/swagger - - - 404 0 - 216.5378ms 
2023-10-07 10:53:58.3773|0|DEBUG|Microsoft.AspNetCore.Server.Kestrel.Transport.Sockets|Connection id "0HMU71A6CKEJF" received FIN. 
2023-10-07 10:53:58.3773|0|DEBUG|Microsoft.AspNetCore.Server.Kestrel.Transport.Sockets|Connection id "0HMU71A6CKEJG" received FIN. 
2023-10-07 10:53:58.3773|0|DEBUG|Microsoft.AspNetCore.Server.Kestrel.Transport.Sockets|Connection id "0HMU71A6CKEJG" sending FIN because: "The Socket transport's send loop completed gracefully." 
2023-10-07 10:53:58.3773|0|DEBUG|Microsoft.AspNetCore.Server.Kestrel.Transport.Sockets|Connection id "0HMU71A6CKEJF" sending FIN because: "The Socket transport's send loop completed gracefully." 
2023-10-07 10:53:58.3773|0|DEBUG|Microsoft.AspNetCore.Server.Kestrel.Connections|Connection id "0HMU71A6CKEJG" disconnecting. 
2023-10-07 10:53:58.3773|0|DEBUG|Microsoft.AspNetCore.Server.Kestrel.Connections|Connection id "0HMU71A6CKEJF" disconnecting. 
2023-10-07 10:53:58.3773|0|DEBUG|Microsoft.AspNetCore.Server.Kestrel.Connections|Connection id "0HMU71A6CKEJF" stopped. 
2023-10-07 10:53:58.3773|0|DEBUG|Microsoft.AspNetCore.Server.Kestrel.Connections|Connection id "0HMU71A6CKEJG" stopped. 
2023-10-07 10:53:58.8990|0|DEBUG|Microsoft.AspNetCore.Server.Kestrel.Connections|Connection id "0HMU71A6CKEJH" accepted. 
2023-10-07 10:53:58.8990|0|DEBUG|Microsoft.AspNetCore.Server.Kestrel.Connections|Connection id "0HMU71A6CKEJH" started. 
2023-10-07 10:53:58.8990|0|DEBUG|Microsoft.AspNetCore.Server.Kestrel.Transport.Sockets|Connection id "0HMU71A6CKEJH" received FIN. 
2023-10-07 10:53:58.8990|0|DEBUG|Microsoft.AspNetCore.Server.Kestrel.Connections|Connection id "0HMU71A6CKEJI" accepted. 
2023-10-07 10:53:58.8990|0|DEBUG|Microsoft.AspNetCore.Server.Kestrel.Connections|Connection id "0HMU71A6CKEJI" started. 
2023-10-07 10:53:58.8990|0|DEBUG|Microsoft.AspNetCore.Server.Kestrel.Transport.Sockets|Connection id "0HMU71A6CKEJH" sending FIN because: "The Socket transport's send loop completed gracefully." 
2023-10-07 10:53:58.8990|0|DEBUG|Microsoft.AspNetCore.Server.Kestrel.Connections|Connection id "0HMU71A6CKEJH" disconnecting. 
2023-10-07 10:53:58.9017|0|DEBUG|Microsoft.AspNetCore.Server.Kestrel.Connections|Connection id "0HMU71A6CKEJH" stopped. 
2023-10-07 10:53:58.9017|0|INFO|Microsoft.AspNetCore.Hosting.Diagnostics|Request starting HTTP/1.1 POST http://localhost:5219/Account/Register application/json 89 
2023-10-07 10:53:58.9017|0|TRACE|Microsoft.AspNetCore.HostFiltering.HostFilteringMiddleware|All hosts are allowed. 
2023-10-07 10:53:58.9017|0|DEBUG|Microsoft.AspNetCore.Authentication.JwtBearer.JwtBearerHandler|AuthenticationScheme: Bearer was not authenticated. 
2023-10-07 10:53:58.9017|0|TRACE|Microsoft.AspNetCore.DataProtection.KeyManagement.KeyRingBasedDataProtector|Performing protect operation to key {36f42311-3483-4917-8846-1f1bdd7768ee} with purposes ('C:\5Sem\LuxeLooks\LuxeLooks\LuxeLooks\LuxeLooks\', 'SessionMiddleware'). 
2023-10-07 10:53:58.9017|0|DEBUG|Microsoft.AspNetCore.StaticFiles.StaticFileMiddleware|POST requests are not supported 
2023-10-07 10:53:58.9224|0|DEBUG|Microsoft.AspNetCore.Routing.Matching.DfaMatcher|1 candidate(s) found for the request path '/Account/Register' 
2023-10-07 10:53:58.9224|0|DEBUG|Microsoft.AspNetCore.Routing.Matching.DfaMatcher|Endpoint 'LuxeLooks.Controllers.Account.AccountController.Register (LuxeLooks)' with route pattern 'Account/Register' is valid for the request path '/Account/Register' 
2023-10-07 10:53:58.9224|0|DEBUG|Microsoft.AspNetCore.Routing.EndpointRoutingMiddleware|Request matched endpoint 'LuxeLooks.Controllers.Account.AccountController.Register (LuxeLooks)' 
2023-10-07 10:53:58.9224|0|INFO|Microsoft.AspNetCore.Routing.EndpointMiddleware|Executing endpoint 'LuxeLooks.Controllers.Account.AccountController.Register (LuxeLooks)' 
2023-10-07 10:53:58.9862|0|INFO|Microsoft.AspNetCore.Mvc.Infrastructure.ControllerActionInvoker|Route matched with {action = "Register", controller = "Account"}. Executing controller action with signature System.Threading.Tasks.Task`1[Microsoft.AspNetCore.Mvc.ActionResult`1[LuxeLooks.Domain.Models.Identity.AuthResponse]] Register(LuxeLooks.Domain.Models.Identity.RegisterRequest) on controller LuxeLooks.Controllers.Account.AccountController (LuxeLooks). 
2023-10-07 10:53:58.9862|0|DEBUG|Microsoft.AspNetCore.Mvc.Infrastructure.ControllerActionInvoker|Execution plan of authorization filters (in the following order): None 
2023-10-07 10:53:58.9862|0|DEBUG|Microsoft.AspNetCore.Mvc.Infrastructure.ControllerActionInvoker|Execution plan of resource filters (in the following order): None 
2023-10-07 10:53:58.9862|0|DEBUG|Microsoft.AspNetCore.Mvc.Infrastructure.ControllerActionInvoker|Execution plan of action filters (in the following order): Microsoft.AspNetCore.Mvc.ModelBinding.UnsupportedContentTypeFilter (Order: -3000), Microsoft.AspNetCore.Mvc.Infrastructure.ModelStateInvalidFilter (Order: -2000) 
2023-10-07 10:53:58.9925|0|DEBUG|Microsoft.AspNetCore.Mvc.Infrastructure.ControllerActionInvoker|Execution plan of exception filters (in the following order): None 
2023-10-07 10:53:58.9925|0|DEBUG|Microsoft.AspNetCore.Mvc.Infrastructure.ControllerActionInvoker|Execution plan of result filters (in the following order): Microsoft.AspNetCore.Mvc.Infrastructure.ClientErrorResultFilter (Order: -2000) 
2023-10-07 10:53:58.9925|0|DEBUG|Microsoft.AspNetCore.Mvc.Infrastructure.ControllerActionInvoker|Executing controller factory for controller LuxeLooks.Controllers.Account.AccountController (LuxeLooks) 
2023-10-07 10:53:59.6620|0|DEBUG|Microsoft.EntityFrameworkCore.Infrastructure|An 'IServiceProvider' was created for internal use by Entity Framework. 
2023-10-07 10:53:59.7331|0|DEBUG|Microsoft.AspNetCore.Mvc.Infrastructure.ControllerActionInvoker|Executed controller factory for controller LuxeLooks.Controllers.Account.AccountController (LuxeLooks) 
2023-10-07 10:53:59.7331|0|DEBUG|Microsoft.AspNetCore.Mvc.ModelBinding.ParameterBinder|Attempting to bind parameter 'request' of type 'LuxeLooks.Domain.Models.Identity.RegisterRequest' ... 
2023-10-07 10:53:59.7505|0|DEBUG|Microsoft.AspNetCore.Mvc.ModelBinding.Binders.BodyModelBinder|Attempting to bind parameter 'request' of type 'LuxeLooks.Domain.Models.Identity.RegisterRequest' using the name '' in request data ... 
2023-10-07 10:53:59.7505|0|DEBUG|Microsoft.AspNetCore.Mvc.ModelBinding.Binders.BodyModelBinder|Selected input formatter 'Microsoft.AspNetCore.Mvc.Formatters.SystemTextJsonInputFormatter' for content type 'application/json'. 
2023-10-07 10:53:59.8270|0|DEBUG|Microsoft.AspNetCore.Server.Kestrel|Connection id "0HMU71A6CKEJI", Request id "0HMU71A6CKEJI:00000001": started reading request body. 
2023-10-07 10:53:59.8270|0|DEBUG|Microsoft.AspNetCore.Server.Kestrel|Connection id "0HMU71A6CKEJI", Request id "0HMU71A6CKEJI:00000001": done reading request body. 
2023-10-07 10:53:59.8471|0|DEBUG|Microsoft.AspNetCore.Mvc.Formatters.SystemTextJsonInputFormatter|JSON input formatter succeeded, deserializing to type 'LuxeLooks.Domain.Models.Identity.RegisterRequest' 
2023-10-07 10:53:59.8471|0|DEBUG|Microsoft.AspNetCore.Mvc.ModelBinding.Binders.BodyModelBinder|Done attempting to bind parameter 'request' of type 'LuxeLooks.Domain.Models.Identity.RegisterRequest'. 
2023-10-07 10:53:59.8471|0|DEBUG|Microsoft.AspNetCore.Mvc.ModelBinding.ParameterBinder|Done attempting to bind parameter 'request' of type 'LuxeLooks.Domain.Models.Identity.RegisterRequest'. 
2023-10-07 10:53:59.8471|0|DEBUG|Microsoft.AspNetCore.Mvc.ModelBinding.ParameterBinder|Attempting to validate the bound parameter 'request' of type 'LuxeLooks.Domain.Models.Identity.RegisterRequest' ... 
2023-10-07 10:53:59.8713|0|DEBUG|Microsoft.AspNetCore.Mvc.ModelBinding.ParameterBinder|Done attempting to validate the bound parameter 'request' of type 'LuxeLooks.Domain.Models.Identity.RegisterRequest'. 
2023-10-07 10:53:59.8779|0|TRACE|Microsoft.AspNetCore.Mvc.Infrastructure.ControllerActionInvoker|Action Filter: Before executing OnActionExecuting on filter Microsoft.AspNetCore.Mvc.ModelBinding.UnsupportedContentTypeFilter. 
2023-10-07 10:53:59.8779|0|TRACE|Microsoft.AspNetCore.Mvc.Infrastructure.ControllerActionInvoker|Action Filter: After executing OnActionExecuting on filter Microsoft.AspNetCore.Mvc.ModelBinding.UnsupportedContentTypeFilter. 
2023-10-07 10:53:59.8779|0|TRACE|Microsoft.AspNetCore.Mvc.Infrastructure.ControllerActionInvoker|Action Filter: Before executing OnActionExecuting on filter Microsoft.AspNetCore.Mvc.Infrastructure.ModelStateInvalidFilter. 
2023-10-07 10:53:59.8779|0|DEBUG|Microsoft.AspNetCore.Mvc.Infrastructure.ModelStateInvalidFilter|The request has model state errors, returning an error response. 
2023-10-07 10:53:59.8779|0|TRACE|Microsoft.AspNetCore.Mvc.Infrastructure.ControllerActionInvoker|Action Filter: After executing OnActionExecuting on filter Microsoft.AspNetCore.Mvc.Infrastructure.ModelStateInvalidFilter. 
2023-10-07 10:53:59.8779|0|DEBUG|Microsoft.AspNetCore.Mvc.Infrastructure.ControllerActionInvoker|Request was short circuited at action filter 'Microsoft.AspNetCore.Mvc.Infrastructure.ModelStateInvalidFilter'. 
2023-10-07 10:53:59.8779|0|TRACE|Microsoft.AspNetCore.Mvc.Infrastructure.ControllerActionInvoker|Action Filter: Before executing OnActionExecuted on filter Microsoft.AspNetCore.Mvc.ModelBinding.UnsupportedContentTypeFilter. 
2023-10-07 10:53:59.8779|0|TRACE|Microsoft.AspNetCore.Mvc.Infrastructure.ControllerActionInvoker|Action Filter: After executing OnActionExecuted on filter Microsoft.AspNetCore.Mvc.ModelBinding.UnsupportedContentTypeFilter. 
2023-10-07 10:53:59.8779|0|TRACE|Microsoft.AspNetCore.Mvc.Infrastructure.ControllerActionInvoker|Result Filter: Before executing OnResultExecuting on filter Microsoft.AspNetCore.Mvc.Infrastructure.ClientErrorResultFilter. 
2023-10-07 10:53:59.8779|0|TRACE|Microsoft.AspNetCore.Mvc.Infrastructure.ControllerActionInvoker|Result Filter: After executing OnResultExecuting on filter Microsoft.AspNetCore.Mvc.Infrastructure.ClientErrorResultFilter. 
2023-10-07 10:53:59.8907|0|TRACE|Microsoft.AspNetCore.Mvc.Infrastructure.ControllerActionInvoker|Before executing action result Microsoft.AspNetCore.Mvc.BadRequestObjectResult. 
2023-10-07 10:53:59.8907|0|DEBUG|Microsoft.AspNetCore.Mvc.Infrastructure.DefaultOutputFormatterSelector|List of registered output formatters, in the following order: Microsoft.AspNetCore.Mvc.Formatters.HttpNoContentOutputFormatter, Microsoft.AspNetCore.Mvc.Formatters.StringOutputFormatter, Microsoft.AspNetCore.Mvc.Formatters.StreamOutputFormatter, Microsoft.AspNetCore.Mvc.Formatters.SystemTextJsonOutputFormatter 
2023-10-07 10:53:59.8997|0|DEBUG|Microsoft.AspNetCore.Mvc.Infrastructure.DefaultOutputFormatterSelector|No information found on request to perform content negotiation. 
2023-10-07 10:53:59.8997|0|DEBUG|Microsoft.AspNetCore.Mvc.Infrastructure.DefaultOutputFormatterSelector|Attempting to select the first output formatter in the output formatters list which supports a content type from the explicitly specified content types 'application/problem+json, application/problem+xml, application/problem+json, application/problem+xml'. 
2023-10-07 10:53:59.8997|0|DEBUG|Microsoft.AspNetCore.Mvc.Infrastructure.DefaultOutputFormatterSelector|Selected output formatter 'Microsoft.AspNetCore.Mvc.Formatters.SystemTextJsonOutputFormatter' and content type 'application/problem+json' to write the response. 
2023-10-07 10:53:59.8997|0|INFO|Microsoft.AspNetCore.Mvc.Infrastructure.ObjectResultExecutor|Executing BadRequestObjectResult, writing value of type 'Microsoft.AspNetCore.Mvc.ValidationProblemDetails'. 
2023-10-07 10:53:59.9260|0|TRACE|Microsoft.AspNetCore.Mvc.Infrastructure.ControllerActionInvoker|After executing action result Microsoft.AspNetCore.Mvc.BadRequestObjectResult. 
2023-10-07 10:53:59.9260|0|TRACE|Microsoft.AspNetCore.Mvc.Infrastructure.ControllerActionInvoker|Result Filter: Before executing OnResultExecuted on filter Microsoft.AspNetCore.Mvc.Infrastructure.ClientErrorResultFilter. 
2023-10-07 10:53:59.9260|0|TRACE|Microsoft.AspNetCore.Mvc.Infrastructure.ControllerActionInvoker|Result Filter: After executing OnResultExecuted on filter Microsoft.AspNetCore.Mvc.Infrastructure.ClientErrorResultFilter. 
2023-10-07 10:53:59.9260|0|INFO|Microsoft.AspNetCore.Mvc.Infrastructure.ControllerActionInvoker|Executed action LuxeLooks.Controllers.Account.AccountController.Register (LuxeLooks) in 933.4824ms 
2023-10-07 10:53:59.9260|0|INFO|Microsoft.AspNetCore.Routing.EndpointMiddleware|Executed endpoint 'LuxeLooks.Controllers.Account.AccountController.Register (LuxeLooks)' 
2023-10-07 10:53:59.9260|0|DEBUG|Microsoft.AspNetCore.Server.Kestrel.Connections|Connection id "0HMU71A6CKEJI" completed keep alive response. 
2023-10-07 10:53:59.9398|0|INFO|Microsoft.AspNetCore.Hosting.Diagnostics|Request finished HTTP/1.1 POST http://localhost:5219/Account/Register application/json 89 - 400 - application/problem+json;+charset=utf-8 1036.3027ms 
2023-10-07 10:56:10.4135|0|DEBUG|Microsoft.AspNetCore.Server.Kestrel.Connections|Connection id "0HMU71A6CKEJI" disconnecting. 
2023-10-07 10:56:10.4135|0|DEBUG|Microsoft.AspNetCore.Server.Kestrel.Connections|Connection id "0HMU71A6CKEJI" stopped. 
2023-10-07 10:56:10.4135|0|DEBUG|Microsoft.AspNetCore.Server.Kestrel.Transport.Sockets|Connection id "0HMU71A6CKEJI" sending FIN because: "The Socket transport's send loop completed gracefully." 
2023-10-07 11:00:31.9569|0|INFO|Microsoft.Hosting.Lifetime|Application is shutting down... 
2023-10-07 11:00:31.9569|0|DEBUG|Microsoft.Extensions.Hosting.Internal.Host|Hosting stopping 
2023-10-07 11:00:31.9692|0|DEBUG|Microsoft.Extensions.Hosting.Internal.Host|Hosting stopped 
2023-10-07 11:33:02.5349|0|DEBUG|Microsoft.EntityFrameworkCore.Infrastructure|An 'IServiceProvider' was created for internal use by Entity Framework. 
2023-10-07 11:33:50.3476|0|DEBUG|Microsoft.EntityFrameworkCore.Infrastructure|An 'IServiceProvider' was created for internal use by Entity Framework. 
2023-10-07 12:23:52.2343|0|DEBUG|Microsoft.EntityFrameworkCore.Infrastructure|An 'IServiceProvider' was created for internal use by Entity Framework. 
2023-10-07 12:23:52.9398|0|DEBUG|Microsoft.EntityFrameworkCore.Infrastructure|Entity Framework Core 7.0.11 initialized 'ApplicationDbContext' using provider 'Npgsql.EntityFrameworkCore.PostgreSQL:7.0.11+c25a0d7b68d66c6ab3849a3b4333964faea6adc9' with options: None 
2023-10-07 12:23:53.3875|0|DEBUG|Microsoft.EntityFrameworkCore.Infrastructure|'ApplicationDbContext' disposed. 
2023-10-07 12:24:07.9844|0|DEBUG|Microsoft.EntityFrameworkCore.Infrastructure|An 'IServiceProvider' was created for internal use by Entity Framework. 
2023-10-07 12:24:08.6889|0|DEBUG|Microsoft.EntityFrameworkCore.Infrastructure|Entity Framework Core 7.0.11 initialized 'ApplicationDbContext' using provider 'Npgsql.EntityFrameworkCore.PostgreSQL:7.0.11+c25a0d7b68d66c6ab3849a3b4333964faea6adc9' with options: None 
2023-10-07 12:24:08.7026|0|DEBUG|Microsoft.EntityFrameworkCore.Database.Connection|Creating DbConnection. 
2023-10-07 12:24:08.7315|0|DEBUG|Microsoft.EntityFrameworkCore.Database.Connection|Created DbConnection. (27ms). 
2023-10-07 12:24:08.7315|0|DEBUG|Microsoft.EntityFrameworkCore.Migrations|Migrating using database 'LuxeLooks' on server ''. 
2023-10-07 12:24:08.7392|0|DEBUG|Microsoft.EntityFrameworkCore.Database.Connection|Opening connection to database 'LuxeLooks' on server ''. 
2023-10-07 12:24:08.9155|0|DEBUG|Microsoft.EntityFrameworkCore.Database.Connection|Opened connection to database 'LuxeLooks' on server 'tcp://localhost:5432'. 
2023-10-07 12:24:08.9155|0|DEBUG|Microsoft.EntityFrameworkCore.Database.Connection|Closing connection to database 'LuxeLooks' on server 'tcp://localhost:5432'. 
2023-10-07 12:24:08.9155|0|DEBUG|Microsoft.EntityFrameworkCore.Database.Connection|Closed connection to database 'LuxeLooks' on server '' (4ms). 
2023-10-07 12:24:08.9155|0|DEBUG|Microsoft.EntityFrameworkCore.Database.Command|Creating DbCommand for 'ExecuteScalar'. 
2023-10-07 12:24:08.9305|0|DEBUG|Microsoft.EntityFrameworkCore.Database.Command|Created DbCommand for 'ExecuteScalar' (2ms). 
2023-10-07 12:24:08.9305|0|DEBUG|Microsoft.EntityFrameworkCore.Database.Command|Initialized DbCommand for 'ExecuteScalar' (5ms). 
2023-10-07 12:24:08.9305|0|DEBUG|Microsoft.EntityFrameworkCore.Database.Connection|Opening connection to database 'LuxeLooks' on server ''. 
2023-10-07 12:24:08.9947|0|DEBUG|Microsoft.EntityFrameworkCore.Database.Connection|Opened connection to database 'LuxeLooks' on server 'tcp://localhost:5432'. 
2023-10-07 12:24:08.9947|0|DEBUG|Microsoft.EntityFrameworkCore.Database.Command|Executing DbCommand [Parameters=[], CommandType='Text', CommandTimeout='30']
SELECT EXISTS (
    SELECT 1 FROM pg_catalog.pg_class c
    JOIN pg_catalog.pg_namespace n ON n.oid=c.relnamespace
    WHERE n.nspname='public' AND
          c.relname='__EFMigrationsHistory'
) 
2023-10-07 12:24:09.0189|0|INFO|Microsoft.EntityFrameworkCore.Database.Command|Executed DbCommand (22ms) [Parameters=[], CommandType='Text', CommandTimeout='30']
SELECT EXISTS (
    SELECT 1 FROM pg_catalog.pg_class c
    JOIN pg_catalog.pg_namespace n ON n.oid=c.relnamespace
    WHERE n.nspname='public' AND
          c.relname='__EFMigrationsHistory'
) 
2023-10-07 12:24:09.0189|0|DEBUG|Microsoft.EntityFrameworkCore.Database.Connection|Closing connection to database 'LuxeLooks' on server 'tcp://localhost:5432'. 
2023-10-07 12:24:09.0189|0|DEBUG|Microsoft.EntityFrameworkCore.Database.Connection|Closed connection to database 'LuxeLooks' on server '' (0ms). 
2023-10-07 12:24:09.0189|0|DEBUG|Microsoft.EntityFrameworkCore.Database.Connection|Opening connection to database 'LuxeLooks' on server ''. 
2023-10-07 12:24:09.0631|0|DEBUG|Microsoft.EntityFrameworkCore.Database.Connection|Opened connection to database 'LuxeLooks' on server 'tcp://localhost:5432'. 
2023-10-07 12:24:09.0631|0|DEBUG|Microsoft.EntityFrameworkCore.Database.Connection|Closing connection to database 'LuxeLooks' on server 'tcp://localhost:5432'. 
2023-10-07 12:24:09.0631|0|DEBUG|Microsoft.EntityFrameworkCore.Database.Connection|Closed connection to database 'LuxeLooks' on server '' (0ms). 
2023-10-07 12:24:09.0631|0|DEBUG|Microsoft.EntityFrameworkCore.Database.Command|Creating DbCommand for 'ExecuteScalar'. 
2023-10-07 12:24:09.0631|0|DEBUG|Microsoft.EntityFrameworkCore.Database.Command|Created DbCommand for 'ExecuteScalar' (0ms). 
2023-10-07 12:24:09.0631|0|DEBUG|Microsoft.EntityFrameworkCore.Database.Command|Initialized DbCommand for 'ExecuteScalar' (0ms). 
2023-10-07 12:24:09.0631|0|DEBUG|Microsoft.EntityFrameworkCore.Database.Connection|Opening connection to database 'LuxeLooks' on server ''. 
2023-10-07 12:24:09.0631|0|DEBUG|Microsoft.EntityFrameworkCore.Database.Connection|Opened connection to database 'LuxeLooks' on server 'tcp://localhost:5432'. 
2023-10-07 12:24:09.0631|0|DEBUG|Microsoft.EntityFrameworkCore.Database.Command|Executing DbCommand [Parameters=[], CommandType='Text', CommandTimeout='30']
SELECT EXISTS (
    SELECT 1 FROM pg_catalog.pg_class c
    JOIN pg_catalog.pg_namespace n ON n.oid=c.relnamespace
    WHERE n.nspname='public' AND
          c.relname='__EFMigrationsHistory'
) 
2023-10-07 12:24:09.0631|0|INFO|Microsoft.EntityFrameworkCore.Database.Command|Executed DbCommand (2ms) [Parameters=[], CommandType='Text', CommandTimeout='30']
SELECT EXISTS (
    SELECT 1 FROM pg_catalog.pg_class c
    JOIN pg_catalog.pg_namespace n ON n.oid=c.relnamespace
    WHERE n.nspname='public' AND
          c.relname='__EFMigrationsHistory'
) 
2023-10-07 12:24:09.0631|0|DEBUG|Microsoft.EntityFrameworkCore.Database.Connection|Closing connection to database 'LuxeLooks' on server 'tcp://localhost:5432'. 
2023-10-07 12:24:09.0631|0|DEBUG|Microsoft.EntityFrameworkCore.Database.Connection|Closed connection to database 'LuxeLooks' on server '' (0ms). 
2023-10-07 12:24:09.0793|0|DEBUG|Microsoft.EntityFrameworkCore.Database.Command|Creating DbCommand for 'ExecuteReader'. 
2023-10-07 12:24:09.0793|0|DEBUG|Microsoft.EntityFrameworkCore.Database.Command|Created DbCommand for 'ExecuteReader' (0ms). 
2023-10-07 12:24:09.0793|0|DEBUG|Microsoft.EntityFrameworkCore.Database.Command|Initialized DbCommand for 'ExecuteReader' (0ms). 
2023-10-07 12:24:09.0793|0|DEBUG|Microsoft.EntityFrameworkCore.Database.Connection|Opening connection to database 'LuxeLooks' on server ''. 
2023-10-07 12:24:09.0793|0|DEBUG|Microsoft.EntityFrameworkCore.Database.Connection|Opened connection to database 'LuxeLooks' on server 'tcp://localhost:5432'. 
2023-10-07 12:24:09.0793|0|DEBUG|Microsoft.EntityFrameworkCore.Database.Command|Executing DbCommand [Parameters=[], CommandType='Text', CommandTimeout='30']
SELECT "MigrationId", "ProductVersion"
FROM "__EFMigrationsHistory"
ORDER BY "MigrationId"; 
2023-10-07 12:24:09.0793|0|INFO|Microsoft.EntityFrameworkCore.Database.Command|Executed DbCommand (3ms) [Parameters=[], CommandType='Text', CommandTimeout='30']
SELECT "MigrationId", "ProductVersion"
FROM "__EFMigrationsHistory"
ORDER BY "MigrationId"; 
2023-10-07 12:24:09.0793|0|DEBUG|Microsoft.EntityFrameworkCore.Database.Command|Closing data reader to 'LuxeLooks' on server 'tcp://localhost:5432'. 
2023-10-07 12:24:09.0793|0|DEBUG|Microsoft.EntityFrameworkCore.Database.Command|A data reader for 'LuxeLooks' on server 'tcp://localhost:5432' is being disposed after spending 2ms reading results. 
2023-10-07 12:24:09.0793|0|DEBUG|Microsoft.EntityFrameworkCore.Database.Connection|Closing connection to database 'LuxeLooks' on server 'tcp://localhost:5432'. 
2023-10-07 12:24:09.0793|0|DEBUG|Microsoft.EntityFrameworkCore.Database.Connection|Closed connection to database 'LuxeLooks' on server '' (0ms). 
2023-10-07 12:24:09.0985|0|INFO|Microsoft.EntityFrameworkCore.Migrations|Applying migration '20231007092353_Added Category'. 
2023-10-07 12:24:09.1344|0|DEBUG|Microsoft.EntityFrameworkCore.Database.Connection|Opening connection to database 'LuxeLooks' on server ''. 
2023-10-07 12:24:09.1344|0|DEBUG|Microsoft.EntityFrameworkCore.Database.Connection|Opened connection to database 'LuxeLooks' on server 'tcp://localhost:5432'. 
2023-10-07 12:24:09.1362|0|DEBUG|Microsoft.EntityFrameworkCore.Database.Transaction|Beginning transaction with isolation level 'Unspecified'. 
2023-10-07 12:24:09.1362|0|DEBUG|Microsoft.EntityFrameworkCore.Database.Transaction|Began transaction with isolation level 'ReadCommitted'. 
2023-10-07 12:24:09.1362|0|DEBUG|Microsoft.EntityFrameworkCore.Database.Command|Creating DbCommand for 'ExecuteNonQuery'. 
2023-10-07 12:24:09.1362|0|DEBUG|Microsoft.EntityFrameworkCore.Database.Command|Created DbCommand for 'ExecuteNonQuery' (0ms). 
2023-10-07 12:24:09.1362|0|DEBUG|Microsoft.EntityFrameworkCore.Database.Command|Initialized DbCommand for 'ExecuteNonQuery' (0ms). 
2023-10-07 12:24:09.1362|0|DEBUG|Microsoft.EntityFrameworkCore.Database.Command|Executing DbCommand [Parameters=[], CommandType='Text', CommandTimeout='30']
DELETE FROM "Products"
WHERE "Id" = '184b6f9c-42d1-450f-9526-b7748d6378e8'; 
2023-10-07 12:24:09.1362|0|INFO|Microsoft.EntityFrameworkCore.Database.Command|Executed DbCommand (7ms) [Parameters=[], CommandType='Text', CommandTimeout='30']
DELETE FROM "Products"
WHERE "Id" = '184b6f9c-42d1-450f-9526-b7748d6378e8'; 
2023-10-07 12:24:09.1362|0|DEBUG|Microsoft.EntityFrameworkCore.Database.Command|Creating DbCommand for 'ExecuteNonQuery'. 
2023-10-07 12:24:09.1362|0|DEBUG|Microsoft.EntityFrameworkCore.Database.Command|Created DbCommand for 'ExecuteNonQuery' (0ms). 
2023-10-07 12:24:09.1362|0|DEBUG|Microsoft.EntityFrameworkCore.Database.Command|Initialized DbCommand for 'ExecuteNonQuery' (0ms). 
2023-10-07 12:24:09.1362|0|DEBUG|Microsoft.EntityFrameworkCore.Database.Command|Executing DbCommand [Parameters=[], CommandType='Text', CommandTimeout='30']
DELETE FROM "Products"
WHERE "Id" = '1fead8fc-6f01-4c24-843c-349a1ee21f4f'; 
2023-10-07 12:24:09.1362|0|INFO|Microsoft.EntityFrameworkCore.Database.Command|Executed DbCommand (1ms) [Parameters=[], CommandType='Text', CommandTimeout='30']
DELETE FROM "Products"
WHERE "Id" = '1fead8fc-6f01-4c24-843c-349a1ee21f4f'; 
2023-10-07 12:24:09.1362|0|DEBUG|Microsoft.EntityFrameworkCore.Database.Command|Creating DbCommand for 'ExecuteNonQuery'. 
2023-10-07 12:24:09.1362|0|DEBUG|Microsoft.EntityFrameworkCore.Database.Command|Created DbCommand for 'ExecuteNonQuery' (0ms). 
2023-10-07 12:24:09.1362|0|DEBUG|Microsoft.EntityFrameworkCore.Database.Command|Initialized DbCommand for 'ExecuteNonQuery' (0ms). 
2023-10-07 12:24:09.1362|0|DEBUG|Microsoft.EntityFrameworkCore.Database.Command|Executing DbCommand [Parameters=[], CommandType='Text', CommandTimeout='30']
DELETE FROM "Products"
WHERE "Id" = '541cf1b2-1478-42fc-a486-ae2f348803d9'; 
2023-10-07 12:24:09.1362|0|INFO|Microsoft.EntityFrameworkCore.Database.Command|Executed DbCommand (0ms) [Parameters=[], CommandType='Text', CommandTimeout='30']
DELETE FROM "Products"
WHERE "Id" = '541cf1b2-1478-42fc-a486-ae2f348803d9'; 
2023-10-07 12:24:09.1362|0|DEBUG|Microsoft.EntityFrameworkCore.Database.Command|Creating DbCommand for 'ExecuteNonQuery'. 
2023-10-07 12:24:09.1362|0|DEBUG|Microsoft.EntityFrameworkCore.Database.Command|Created DbCommand for 'ExecuteNonQuery' (0ms). 
2023-10-07 12:24:09.1362|0|DEBUG|Microsoft.EntityFrameworkCore.Database.Command|Initialized DbCommand for 'ExecuteNonQuery' (0ms). 
2023-10-07 12:24:09.1362|0|DEBUG|Microsoft.EntityFrameworkCore.Database.Command|Executing DbCommand [Parameters=[], CommandType='Text', CommandTimeout='30']
DELETE FROM "Products"
WHERE "Id" = '58c26146-c77f-4424-b733-0fec26a43ce4'; 
2023-10-07 12:24:09.1362|0|INFO|Microsoft.EntityFrameworkCore.Database.Command|Executed DbCommand (0ms) [Parameters=[], CommandType='Text', CommandTimeout='30']
DELETE FROM "Products"
WHERE "Id" = '58c26146-c77f-4424-b733-0fec26a43ce4'; 
2023-10-07 12:24:09.1362|0|DEBUG|Microsoft.EntityFrameworkCore.Database.Command|Creating DbCommand for 'ExecuteNonQuery'. 
2023-10-07 12:24:09.1362|0|DEBUG|Microsoft.EntityFrameworkCore.Database.Command|Created DbCommand for 'ExecuteNonQuery' (0ms). 
2023-10-07 12:24:09.1362|0|DEBUG|Microsoft.EntityFrameworkCore.Database.Command|Initialized DbCommand for 'ExecuteNonQuery' (0ms). 
2023-10-07 12:24:09.1362|0|DEBUG|Microsoft.EntityFrameworkCore.Database.Command|Executing DbCommand [Parameters=[], CommandType='Text', CommandTimeout='30']
DELETE FROM "Products"
WHERE "Id" = '59ffc5a7-d86b-4946-a6bd-98d1ff6f6e96'; 
2023-10-07 12:24:09.1362|0|INFO|Microsoft.EntityFrameworkCore.Database.Command|Executed DbCommand (0ms) [Parameters=[], CommandType='Text', CommandTimeout='30']
DELETE FROM "Products"
WHERE "Id" = '59ffc5a7-d86b-4946-a6bd-98d1ff6f6e96'; 
2023-10-07 12:24:09.1362|0|DEBUG|Microsoft.EntityFrameworkCore.Database.Command|Creating DbCommand for 'ExecuteNonQuery'. 
2023-10-07 12:24:09.1362|0|DEBUG|Microsoft.EntityFrameworkCore.Database.Command|Created DbCommand for 'ExecuteNonQuery' (0ms). 
2023-10-07 12:24:09.1362|0|DEBUG|Microsoft.EntityFrameworkCore.Database.Command|Initialized DbCommand for 'ExecuteNonQuery' (0ms). 
2023-10-07 12:24:09.1362|0|DEBUG|Microsoft.EntityFrameworkCore.Database.Command|Executing DbCommand [Parameters=[], CommandType='Text', CommandTimeout='30']
DELETE FROM "Products"
WHERE "Id" = '5e32b108-1546-461a-ad31-cd07d244123c'; 
2023-10-07 12:24:09.1513|0|INFO|Microsoft.EntityFrameworkCore.Database.Command|Executed DbCommand (0ms) [Parameters=[], CommandType='Text', CommandTimeout='30']
DELETE FROM "Products"
WHERE "Id" = '5e32b108-1546-461a-ad31-cd07d244123c'; 
2023-10-07 12:24:09.1513|0|DEBUG|Microsoft.EntityFrameworkCore.Database.Command|Creating DbCommand for 'ExecuteNonQuery'. 
2023-10-07 12:24:09.1513|0|DEBUG|Microsoft.EntityFrameworkCore.Database.Command|Created DbCommand for 'ExecuteNonQuery' (0ms). 
2023-10-07 12:24:09.1513|0|DEBUG|Microsoft.EntityFrameworkCore.Database.Command|Initialized DbCommand for 'ExecuteNonQuery' (0ms). 
2023-10-07 12:24:09.1513|0|DEBUG|Microsoft.EntityFrameworkCore.Database.Command|Executing DbCommand [Parameters=[], CommandType='Text', CommandTimeout='30']
DELETE FROM "Products"
WHERE "Id" = '73d0c984-a31c-45a2-aaf7-40d3c5257cc7'; 
2023-10-07 12:24:09.1513|0|INFO|Microsoft.EntityFrameworkCore.Database.Command|Executed DbCommand (0ms) [Parameters=[], CommandType='Text', CommandTimeout='30']
DELETE FROM "Products"
WHERE "Id" = '73d0c984-a31c-45a2-aaf7-40d3c5257cc7'; 
2023-10-07 12:24:09.1513|0|DEBUG|Microsoft.EntityFrameworkCore.Database.Command|Creating DbCommand for 'ExecuteNonQuery'. 
2023-10-07 12:24:09.1513|0|DEBUG|Microsoft.EntityFrameworkCore.Database.Command|Created DbCommand for 'ExecuteNonQuery' (0ms). 
2023-10-07 12:24:09.1513|0|DEBUG|Microsoft.EntityFrameworkCore.Database.Command|Initialized DbCommand for 'ExecuteNonQuery' (0ms). 
2023-10-07 12:24:09.1513|0|DEBUG|Microsoft.EntityFrameworkCore.Database.Command|Executing DbCommand [Parameters=[], CommandType='Text', CommandTimeout='30']
DELETE FROM "Products"
WHERE "Id" = '792aa8cf-6c55-4b89-90de-e76738426c99'; 
2023-10-07 12:24:09.1513|0|INFO|Microsoft.EntityFrameworkCore.Database.Command|Executed DbCommand (0ms) [Parameters=[], CommandType='Text', CommandTimeout='30']
DELETE FROM "Products"
WHERE "Id" = '792aa8cf-6c55-4b89-90de-e76738426c99'; 
2023-10-07 12:24:09.1513|0|DEBUG|Microsoft.EntityFrameworkCore.Database.Command|Creating DbCommand for 'ExecuteNonQuery'. 
2023-10-07 12:24:09.1513|0|DEBUG|Microsoft.EntityFrameworkCore.Database.Command|Created DbCommand for 'ExecuteNonQuery' (0ms). 
2023-10-07 12:24:09.1513|0|DEBUG|Microsoft.EntityFrameworkCore.Database.Command|Initialized DbCommand for 'ExecuteNonQuery' (0ms). 
2023-10-07 12:24:09.1513|0|DEBUG|Microsoft.EntityFrameworkCore.Database.Command|Executing DbCommand [Parameters=[], CommandType='Text', CommandTimeout='30']
DELETE FROM "Products"
WHERE "Id" = '79f9e39b-2b5b-4702-8418-fe9a1e8aa367'; 
2023-10-07 12:24:09.1513|0|INFO|Microsoft.EntityFrameworkCore.Database.Command|Executed DbCommand (0ms) [Parameters=[], CommandType='Text', CommandTimeout='30']
DELETE FROM "Products"
WHERE "Id" = '79f9e39b-2b5b-4702-8418-fe9a1e8aa367'; 
2023-10-07 12:24:09.1513|0|DEBUG|Microsoft.EntityFrameworkCore.Database.Command|Creating DbCommand for 'ExecuteNonQuery'. 
2023-10-07 12:24:09.1513|0|DEBUG|Microsoft.EntityFrameworkCore.Database.Command|Created DbCommand for 'ExecuteNonQuery' (0ms). 
2023-10-07 12:24:09.1513|0|DEBUG|Microsoft.EntityFrameworkCore.Database.Command|Initialized DbCommand for 'ExecuteNonQuery' (0ms). 
2023-10-07 12:24:09.1513|0|DEBUG|Microsoft.EntityFrameworkCore.Database.Command|Executing DbCommand [Parameters=[], CommandType='Text', CommandTimeout='30']
DELETE FROM "Products"
WHERE "Id" = '96a41272-c1bc-4673-b672-f5b3e2092a96'; 
2023-10-07 12:24:09.1513|0|INFO|Microsoft.EntityFrameworkCore.Database.Command|Executed DbCommand (0ms) [Parameters=[], CommandType='Text', CommandTimeout='30']
DELETE FROM "Products"
WHERE "Id" = '96a41272-c1bc-4673-b672-f5b3e2092a96'; 
2023-10-07 12:24:09.1513|0|DEBUG|Microsoft.EntityFrameworkCore.Database.Command|Creating DbCommand for 'ExecuteNonQuery'. 
2023-10-07 12:24:09.1513|0|DEBUG|Microsoft.EntityFrameworkCore.Database.Command|Created DbCommand for 'ExecuteNonQuery' (0ms). 
2023-10-07 12:24:09.1513|0|DEBUG|Microsoft.EntityFrameworkCore.Database.Command|Initialized DbCommand for 'ExecuteNonQuery' (0ms). 
2023-10-07 12:24:09.1513|0|DEBUG|Microsoft.EntityFrameworkCore.Database.Command|Executing DbCommand [Parameters=[], CommandType='Text', CommandTimeout='30']
DELETE FROM "Products"
WHERE "Id" = 'ba880b9e-fdc9-41d7-a1a1-e2a0d62ae99d'; 
2023-10-07 12:24:09.1513|0|INFO|Microsoft.EntityFrameworkCore.Database.Command|Executed DbCommand (0ms) [Parameters=[], CommandType='Text', CommandTimeout='30']
DELETE FROM "Products"
WHERE "Id" = 'ba880b9e-fdc9-41d7-a1a1-e2a0d62ae99d'; 
2023-10-07 12:24:09.1513|0|DEBUG|Microsoft.EntityFrameworkCore.Database.Command|Creating DbCommand for 'ExecuteNonQuery'. 
2023-10-07 12:24:09.1513|0|DEBUG|Microsoft.EntityFrameworkCore.Database.Command|Created DbCommand for 'ExecuteNonQuery' (0ms). 
2023-10-07 12:24:09.1513|0|DEBUG|Microsoft.EntityFrameworkCore.Database.Command|Initialized DbCommand for 'ExecuteNonQuery' (0ms). 
2023-10-07 12:24:09.1513|0|DEBUG|Microsoft.EntityFrameworkCore.Database.Command|Executing DbCommand [Parameters=[], CommandType='Text', CommandTimeout='30']
DELETE FROM "Products"
WHERE "Id" = 'ca69339f-bd92-4099-a3e4-b46ab016c74a'; 
2023-10-07 12:24:09.1513|0|INFO|Microsoft.EntityFrameworkCore.Database.Command|Executed DbCommand (0ms) [Parameters=[], CommandType='Text', CommandTimeout='30']
DELETE FROM "Products"
WHERE "Id" = 'ca69339f-bd92-4099-a3e4-b46ab016c74a'; 
2023-10-07 12:24:09.1513|0|DEBUG|Microsoft.EntityFrameworkCore.Database.Command|Creating DbCommand for 'ExecuteNonQuery'. 
2023-10-07 12:24:09.1513|0|DEBUG|Microsoft.EntityFrameworkCore.Database.Command|Created DbCommand for 'ExecuteNonQuery' (0ms). 
2023-10-07 12:24:09.1513|0|DEBUG|Microsoft.EntityFrameworkCore.Database.Command|Initialized DbCommand for 'ExecuteNonQuery' (0ms). 
2023-10-07 12:24:09.1513|0|DEBUG|Microsoft.EntityFrameworkCore.Database.Command|Executing DbCommand [Parameters=[], CommandType='Text', CommandTimeout='30']
DELETE FROM "Products"
WHERE "Id" = 'd99d07ef-440d-43ce-bc17-a2ea845a4b99'; 
2023-10-07 12:24:09.1513|0|INFO|Microsoft.EntityFrameworkCore.Database.Command|Executed DbCommand (0ms) [Parameters=[], CommandType='Text', CommandTimeout='30']
DELETE FROM "Products"
WHERE "Id" = 'd99d07ef-440d-43ce-bc17-a2ea845a4b99'; 
2023-10-07 12:24:09.1513|0|DEBUG|Microsoft.EntityFrameworkCore.Database.Command|Creating DbCommand for 'ExecuteNonQuery'. 
2023-10-07 12:24:09.1513|0|DEBUG|Microsoft.EntityFrameworkCore.Database.Command|Created DbCommand for 'ExecuteNonQuery' (0ms). 
2023-10-07 12:24:09.1513|0|DEBUG|Microsoft.EntityFrameworkCore.Database.Command|Initialized DbCommand for 'ExecuteNonQuery' (0ms). 
2023-10-07 12:24:09.1513|0|DEBUG|Microsoft.EntityFrameworkCore.Database.Command|Executing DbCommand [Parameters=[], CommandType='Text', CommandTimeout='30']
DELETE FROM "Products"
WHERE "Id" = 'ed65b4cf-3fe9-4f85-8cb6-adb8b19f65cf'; 
2023-10-07 12:24:09.1513|0|INFO|Microsoft.EntityFrameworkCore.Database.Command|Executed DbCommand (0ms) [Parameters=[], CommandType='Text', CommandTimeout='30']
DELETE FROM "Products"
WHERE "Id" = 'ed65b4cf-3fe9-4f85-8cb6-adb8b19f65cf'; 
2023-10-07 12:24:09.1513|0|DEBUG|Microsoft.EntityFrameworkCore.Database.Command|Creating DbCommand for 'ExecuteNonQuery'. 
2023-10-07 12:24:09.1513|0|DEBUG|Microsoft.EntityFrameworkCore.Database.Command|Created DbCommand for 'ExecuteNonQuery' (0ms). 
2023-10-07 12:24:09.1513|0|DEBUG|Microsoft.EntityFrameworkCore.Database.Command|Initialized DbCommand for 'ExecuteNonQuery' (0ms). 
2023-10-07 12:24:09.1513|0|DEBUG|Microsoft.EntityFrameworkCore.Database.Command|Executing DbCommand [Parameters=[], CommandType='Text', CommandTimeout='30']
DELETE FROM "Roles"
WHERE "Id" = '6ce6e84b-f0ac-40d3-a5a9-f48362c18b2f'; 
2023-10-07 12:24:09.1513|0|INFO|Microsoft.EntityFrameworkCore.Database.Command|Executed DbCommand (2ms) [Parameters=[], CommandType='Text', CommandTimeout='30']
DELETE FROM "Roles"
WHERE "Id" = '6ce6e84b-f0ac-40d3-a5a9-f48362c18b2f'; 
2023-10-07 12:24:09.1513|0|DEBUG|Microsoft.EntityFrameworkCore.Database.Command|Creating DbCommand for 'ExecuteNonQuery'. 
2023-10-07 12:24:09.1513|0|DEBUG|Microsoft.EntityFrameworkCore.Database.Command|Created DbCommand for 'ExecuteNonQuery' (0ms). 
2023-10-07 12:24:09.1513|0|DEBUG|Microsoft.EntityFrameworkCore.Database.Command|Initialized DbCommand for 'ExecuteNonQuery' (0ms). 
2023-10-07 12:24:09.1513|0|DEBUG|Microsoft.EntityFrameworkCore.Database.Command|Executing DbCommand [Parameters=[], CommandType='Text', CommandTimeout='30']
DELETE FROM "Users"
WHERE "Id" = 'd1ec0b7e-ee08-4a5f-86f9-be6bedf4a3e9'; 
2023-10-07 12:24:09.1513|0|INFO|Microsoft.EntityFrameworkCore.Database.Command|Executed DbCommand (2ms) [Parameters=[], CommandType='Text', CommandTimeout='30']
DELETE FROM "Users"
WHERE "Id" = 'd1ec0b7e-ee08-4a5f-86f9-be6bedf4a3e9'; 
2023-10-07 12:24:09.1513|0|DEBUG|Microsoft.EntityFrameworkCore.Database.Command|Creating DbCommand for 'ExecuteNonQuery'. 
2023-10-07 12:24:09.1513|0|DEBUG|Microsoft.EntityFrameworkCore.Database.Command|Created DbCommand for 'ExecuteNonQuery' (0ms). 
2023-10-07 12:24:09.1513|0|DEBUG|Microsoft.EntityFrameworkCore.Database.Command|Initialized DbCommand for 'ExecuteNonQuery' (0ms). 
2023-10-07 12:24:09.1513|0|DEBUG|Microsoft.EntityFrameworkCore.Database.Command|Executing DbCommand [Parameters=[], CommandType='Text', CommandTimeout='30']
CREATE TABLE "Categories" (
    "Id" uuid NOT NULL,
    "ProductType" integer NOT NULL,
    "ImageUrl" text NOT NULL,
    CONSTRAINT "PK_Categories" PRIMARY KEY ("Id")
); 
2023-10-07 12:24:09.1826|0|INFO|Microsoft.EntityFrameworkCore.Database.Command|Executed DbCommand (22ms) [Parameters=[], CommandType='Text', CommandTimeout='30']
CREATE TABLE "Categories" (
    "Id" uuid NOT NULL,
    "ProductType" integer NOT NULL,
    "ImageUrl" text NOT NULL,
    CONSTRAINT "PK_Categories" PRIMARY KEY ("Id")
); 
2023-10-07 12:24:09.1826|0|DEBUG|Microsoft.EntityFrameworkCore.Database.Command|Creating DbCommand for 'ExecuteNonQuery'. 
2023-10-07 12:24:09.1829|0|DEBUG|Microsoft.EntityFrameworkCore.Database.Command|Created DbCommand for 'ExecuteNonQuery' (0ms). 
2023-10-07 12:24:09.1829|0|DEBUG|Microsoft.EntityFrameworkCore.Database.Command|Initialized DbCommand for 'ExecuteNonQuery' (0ms). 
2023-10-07 12:24:09.1829|0|DEBUG|Microsoft.EntityFrameworkCore.Database.Command|Executing DbCommand [Parameters=[], CommandType='Text', CommandTimeout='30']
INSERT INTO "Products" ("Id", "Description", "ImageUrl", "IsForKids", "IsForMen", "Name", "Price", "Type")
VALUES ('00b9d41f-2185-427c-9690-db5e05747bef', 'Джинсовые шорты с высокой посадкой, шлевками и необработанной кромкой. Застегиваются на молнию и пуговицу.', 'https://static.pullandbear.net/2/photos//2023/I/0/1/p/4691/301/800/4691301800_2_1_8.jpg?t=1678879499635&imwidth=850', FALSE, FALSE, 'DENIM SHORTS', 99.0, 7);
INSERT INTO "Products" ("Id", "Description", "ImageUrl", "IsForKids", "IsForMen", "Name", "Price", "Type")
VALUES ('12f17e7b-3816-4738-9d26-5a7402ed90a0', ' Retro-style plimsoll trainers available in various colours. Contrast details. Rubberised sole. Lace-up fastening.
STARFIT®. Flexible technical insole made of polyurethane composite foam, designed to offer greater comfort.', 'https://static.pullandbear.net/2/photos//2023/I/1/2/p/2273/240/004/2273240004_2_1_8.jpg?t=1693303144091&imwidth=850', FALSE, TRUE, 'RETRO SNEAKERS', 119.0, 1);
INSERT INTO "Products" ("Id", "Description", "ImageUrl", "IsForKids", "IsForMen", "Name", "Price", "Type")
VALUES ('2ea3fe40-d5ff-49dd-902b-7f066b82a005', 'Platform sandals. Available in several colours. Wide paper straps on the instep. Jute sole.Platform height: 6 cm. Name ', 'https://static.pullandbear.net/2/photos//2023/I/1/1/p/1812/240/040/1812240040_2_1_8.jpg?t=1685434047342&imwidth=850', FALSE, FALSE, NULL, 119.0, 2);
INSERT INTO "Products" ("Id", "Description", "ImageUrl", "IsForKids", "IsForMen", "Name", "Price", "Type")
VALUES ('30b26231-23f8-44ac-8d90-45b16fcd5bd7', 'Flat Mary Jane shoes. Available in several colours. Patent effect. Chunky sole. Buckled front strap.', 'https://static.pullandbear.net/2/photos//2023/I/1/1/p/1473/240/022/1473240022_2_1_8.jpg?t=1692269215615&imwidth=375', FALSE, FALSE, 'CHUNKY SOLE FLAT SHOES', 149.0, 2);
INSERT INTO "Products" ("Id", "Description", "ImageUrl", "IsForKids", "IsForMen", "Name", "Price", "Type")
VALUES ('3712d032-614a-4e0e-9b4c-a4897c53f972', 'Basic hoodie available in several colours, featuring an STWD logo. Made of cotton.', 'https://static.pullandbear.net/2/photos//2023/I/0/2/p/7592/517/712/7592517712_2_1_8.jpg?t=1690994251463&imwidth=850', FALSE, TRUE, 'LOGO HOODIE', 119.0, 5);
INSERT INTO "Products" ("Id", "Description", "ImageUrl", "IsForKids", "IsForMen", "Name", "Price", "Type")
VALUES ('50b60ea3-b160-4549-88ed-2bed4aea8466', 'С сердцем на бегунке и устойчивым к появлению пятен тефлоновым покрытием.', 'https://boomkids.by/media/img/next/321926_1.jpg', TRUE, FALSE, 'Sundress for girls', 48.99, 13);
INSERT INTO "Products" ("Id", "Description", "ImageUrl", "IsForKids", "IsForMen", "Name", "Price", "Type")
VALUES ('84b33be9-521f-4434-8423-23fecead741d', 'Oversized fit wide-leg low-rise baggy jeans with a five-pocket design, belt loops, a zip fly and top button fastening and faded details. Made from cotton.', 'https://static.pullandbear.net/2/photos//2023/I/0/1/p/7688/309/427/7688309427_2_1_8.jpg?t=1691508453560&imwidth=375', FALSE, FALSE, 'ДЖИНСЫ ОВЕРСАЙЗ СВОБОДНОГО КРОЯ', 129.0, 11);
INSERT INTO "Products" ("Id", "Description", "ImageUrl", "IsForKids", "IsForMen", "Name", "Price", "Type")
VALUES ('aa00185a-9fc0-4301-a207-d9df38bcc988', 'машинная стирка, зауженная талия, прямой крой штанин, ткань устойчива к образованию пятен с водо-и грязеотталкивающим покрытием (Teflon),регулируемый пояс, не регулируется по длинне, застежка на крючок и планку.', 'https://boomkids.by/media/img/next/194361_1.jpg', TRUE, TRUE, 'Trousers for boy', 54.99, 11);
INSERT INTO "Products" ("Id", "Description", "ImageUrl", "IsForKids", "IsForMen", "Name", "Price", "Type")
VALUES ('b2cf4fd6-77b6-4729-9eb9-c603fdb430e0', 'Стильная куртка для мальчика из коллекции OUTERWEAR BOY JUNIOR станет идеальным выбором для повседневного отдыхам в холодное время года. Мембранная куртка оснащена флисовой подкладкой, светоотражающими элементами икарманами для любимых мелочей. Рукава отделаны эластичной манжетой, которая сохранит тепло в холодное время года.', 'https://buslik.by/upload/resize_cache/iblock/a17/486_568_1/ld3wu2gwzmuhvkb6i1uam369xu4n5ow6.jpg', TRUE, TRUE, 'Куртка для мальчика OUTERWEAR BOY JUNIOR', 104.9, 0);
INSERT INTO "Products" ("Id", "Description", "ImageUrl", "IsForKids", "IsForMen", "Name", "Price", "Type")
VALUES ('b8c54e4e-f3e4-49fa-8853-3cf8b2404013', 'Прорезиненные сандалии STWD с широким ремешком. Модель представлена в нескольких расцветках. Высота подошвы: 2,5 см.', 'https://static.pullandbear.net/2/photos//2023/I/1/2/p/2683/140/002/2683140002_2_1_8.jpg?t=1691480808944&imwidth=850', FALSE, TRUE, 'STWD RUBBER SANDALS', 69.99, 10);
INSERT INTO "Products" ("Id", "Description", "ImageUrl", "IsForKids", "IsForMen", "Name", "Price", "Type")
VALUES ('c0af9056-32bb-4fe1-b964-f3eaa70c3b81', 'верх 96% акрил 3% полиэстер 1% метал.нить / подкладка 100% полиэстер', 'https://boomkids.by/media/img/mc/lfd236_1.jpg', TRUE, FALSE, 'HAT FOR GIRL', 44.9, 14);
INSERT INTO "Products" ("Id", "Description", "ImageUrl", "IsForKids", "IsForMen", "Name", "Price", "Type")
VALUES ('d2d40746-b019-487c-92f9-c836bafe4155', 'Укороченная рубашка из 100% хлопка. Короткие рукава, классический воротник. Застегивается на пуговицы.', 'https://static.pullandbear.net/2/photos//2023/I/0/1/p/4471/327/250/4471327250_2_1_8.jpg?t=1683820029841&imwidth=850', FALSE, FALSE, 'FASHIONABLE SHIRT', 89.99, 8);
INSERT INTO "Products" ("Id", "Description", "ImageUrl", "IsForKids", "IsForMen", "Name", "Price", "Type")
VALUES ('de0dbd65-1626-465c-b5e4-607f14556049', 'Super baggy fit jeans with a five-pocket design, belt loops, and a zip fly and top button fastening. Made from 100% cotton', 'https://static.pullandbear.net/2/photos//2023/I/0/2/p/7688/526/427/03/7688526427_2_6_8.jpg?t=1689251224432&imwidth=850', FALSE, TRUE, 'SUPER BAGGY JEANS', 129.0, 11);
INSERT INTO "Products" ("Id", "Description", "ImageUrl", "IsForKids", "IsForMen", "Name", "Price", "Type")
VALUES ('e5400f02-c3cc-4738-a2a4-5cd6a90a4b9c', 'Short black dress with gathered detail in the centre, a boat neck and tie detail.', 'https://static.pullandbear.net/2/photos//2023/I/0/1/p/7393/409/800/7393409800_2_1_8.jpg?t=1695910228791&imwidth=850', FALSE, FALSE, 'КОРОТКОЕ ПЛАТЬЕ СО СБОРКОЙ', 89.99, 13); 
2023-10-07 12:24:09.1829|0|INFO|Microsoft.EntityFrameworkCore.Database.Command|Executed DbCommand (5ms) [Parameters=[], CommandType='Text', CommandTimeout='30']
INSERT INTO "Products" ("Id", "Description", "ImageUrl", "IsForKids", "IsForMen", "Name", "Price", "Type")
VALUES ('00b9d41f-2185-427c-9690-db5e05747bef', 'Джинсовые шорты с высокой посадкой, шлевками и необработанной кромкой. Застегиваются на молнию и пуговицу.', 'https://static.pullandbear.net/2/photos//2023/I/0/1/p/4691/301/800/4691301800_2_1_8.jpg?t=1678879499635&imwidth=850', FALSE, FALSE, 'DENIM SHORTS', 99.0, 7);
INSERT INTO "Products" ("Id", "Description", "ImageUrl", "IsForKids", "IsForMen", "Name", "Price", "Type")
VALUES ('12f17e7b-3816-4738-9d26-5a7402ed90a0', ' Retro-style plimsoll trainers available in various colours. Contrast details. Rubberised sole. Lace-up fastening.
STARFIT®. Flexible technical insole made of polyurethane composite foam, designed to offer greater comfort.', 'https://static.pullandbear.net/2/photos//2023/I/1/2/p/2273/240/004/2273240004_2_1_8.jpg?t=1693303144091&imwidth=850', FALSE, TRUE, 'RETRO SNEAKERS', 119.0, 1);
INSERT INTO "Products" ("Id", "Description", "ImageUrl", "IsForKids", "IsForMen", "Name", "Price", "Type")
VALUES ('2ea3fe40-d5ff-49dd-902b-7f066b82a005', 'Platform sandals. Available in several colours. Wide paper straps on the instep. Jute sole.Platform height: 6 cm. Name ', 'https://static.pullandbear.net/2/photos//2023/I/1/1/p/1812/240/040/1812240040_2_1_8.jpg?t=1685434047342&imwidth=850', FALSE, FALSE, NULL, 119.0, 2);
INSERT INTO "Products" ("Id", "Description", "ImageUrl", "IsForKids", "IsForMen", "Name", "Price", "Type")
VALUES ('30b26231-23f8-44ac-8d90-45b16fcd5bd7', 'Flat Mary Jane shoes. Available in several colours. Patent effect. Chunky sole. Buckled front strap.', 'https://static.pullandbear.net/2/photos//2023/I/1/1/p/1473/240/022/1473240022_2_1_8.jpg?t=1692269215615&imwidth=375', FALSE, FALSE, 'CHUNKY SOLE FLAT SHOES', 149.0, 2);
INSERT INTO "Products" ("Id", "Description", "ImageUrl", "IsForKids", "IsForMen", "Name", "Price", "Type")
VALUES ('3712d032-614a-4e0e-9b4c-a4897c53f972', 'Basic hoodie available in several colours, featuring an STWD logo. Made of cotton.', 'https://static.pullandbear.net/2/photos//2023/I/0/2/p/7592/517/712/7592517712_2_1_8.jpg?t=1690994251463&imwidth=850', FALSE, TRUE, 'LOGO HOODIE', 119.0, 5);
INSERT INTO "Products" ("Id", "Description", "ImageUrl", "IsForKids", "IsForMen", "Name", "Price", "Type")
VALUES ('50b60ea3-b160-4549-88ed-2bed4aea8466', 'С сердцем на бегунке и устойчивым к появлению пятен тефлоновым покрытием.', 'https://boomkids.by/media/img/next/321926_1.jpg', TRUE, FALSE, 'Sundress for girls', 48.99, 13);
INSERT INTO "Products" ("Id", "Description", "ImageUrl", "IsForKids", "IsForMen", "Name", "Price", "Type")
VALUES ('84b33be9-521f-4434-8423-23fecead741d', 'Oversized fit wide-leg low-rise baggy jeans with a five-pocket design, belt loops, a zip fly and top button fastening and faded details. Made from cotton.', 'https://static.pullandbear.net/2/photos//2023/I/0/1/p/7688/309/427/7688309427_2_1_8.jpg?t=1691508453560&imwidth=375', FALSE, FALSE, 'ДЖИНСЫ ОВЕРСАЙЗ СВОБОДНОГО КРОЯ', 129.0, 11);
INSERT INTO "Products" ("Id", "Description", "ImageUrl", "IsForKids", "IsForMen", "Name", "Price", "Type")
VALUES ('aa00185a-9fc0-4301-a207-d9df38bcc988', 'машинная стирка, зауженная талия, прямой крой штанин, ткань устойчива к образованию пятен с водо-и грязеотталкивающим покрытием (Teflon),регулируемый пояс, не регулируется по длинне, застежка на крючок и планку.', 'https://boomkids.by/media/img/next/194361_1.jpg', TRUE, TRUE, 'Trousers for boy', 54.99, 11);
INSERT INTO "Products" ("Id", "Description", "ImageUrl", "IsForKids", "IsForMen", "Name", "Price", "Type")
VALUES ('b2cf4fd6-77b6-4729-9eb9-c603fdb430e0', 'Стильная куртка для мальчика из коллекции OUTERWEAR BOY JUNIOR станет идеальным выбором для повседневного отдыхам в холодное время года. Мембранная куртка оснащена флисовой подкладкой, светоотражающими элементами икарманами для любимых мелочей. Рукава отделаны эластичной манжетой, которая сохранит тепло в холодное время года.', 'https://buslik.by/upload/resize_cache/iblock/a17/486_568_1/ld3wu2gwzmuhvkb6i1uam369xu4n5ow6.jpg', TRUE, TRUE, 'Куртка для мальчика OUTERWEAR BOY JUNIOR', 104.9, 0);
INSERT INTO "Products" ("Id", "Description", "ImageUrl", "IsForKids", "IsForMen", "Name", "Price", "Type")
VALUES ('b8c54e4e-f3e4-49fa-8853-3cf8b2404013', 'Прорезиненные сандалии STWD с широким ремешком. Модель представлена в нескольких расцветках. Высота подошвы: 2,5 см.', 'https://static.pullandbear.net/2/photos//2023/I/1/2/p/2683/140/002/2683140002_2_1_8.jpg?t=1691480808944&imwidth=850', FALSE, TRUE, 'STWD RUBBER SANDALS', 69.99, 10);
INSERT INTO "Products" ("Id", "Description", "ImageUrl", "IsForKids", "IsForMen", "Name", "Price", "Type")
VALUES ('c0af9056-32bb-4fe1-b964-f3eaa70c3b81', 'верх 96% акрил 3% полиэстер 1% метал.нить / подкладка 100% полиэстер', 'https://boomkids.by/media/img/mc/lfd236_1.jpg', TRUE, FALSE, 'HAT FOR GIRL', 44.9, 14);
INSERT INTO "Products" ("Id", "Description", "ImageUrl", "IsForKids", "IsForMen", "Name", "Price", "Type")
VALUES ('d2d40746-b019-487c-92f9-c836bafe4155', 'Укороченная рубашка из 100% хлопка. Короткие рукава, классический воротник. Застегивается на пуговицы.', 'https://static.pullandbear.net/2/photos//2023/I/0/1/p/4471/327/250/4471327250_2_1_8.jpg?t=1683820029841&imwidth=850', FALSE, FALSE, 'FASHIONABLE SHIRT', 89.99, 8);
INSERT INTO "Products" ("Id", "Description", "ImageUrl", "IsForKids", "IsForMen", "Name", "Price", "Type")
VALUES ('de0dbd65-1626-465c-b5e4-607f14556049', 'Super baggy fit jeans with a five-pocket design, belt loops, and a zip fly and top button fastening. Made from 100% cotton', 'https://static.pullandbear.net/2/photos//2023/I/0/2/p/7688/526/427/03/7688526427_2_6_8.jpg?t=1689251224432&imwidth=850', FALSE, TRUE, 'SUPER BAGGY JEANS', 129.0, 11);
INSERT INTO "Products" ("Id", "Description", "ImageUrl", "IsForKids", "IsForMen", "Name", "Price", "Type")
VALUES ('e5400f02-c3cc-4738-a2a4-5cd6a90a4b9c', 'Short black dress with gathered detail in the centre, a boat neck and tie detail.', 'https://static.pullandbear.net/2/photos//2023/I/0/1/p/7393/409/800/7393409800_2_1_8.jpg?t=1695910228791&imwidth=850', FALSE, FALSE, 'КОРОТКОЕ ПЛАТЬЕ СО СБОРКОЙ', 89.99, 13); 
2023-10-07 12:24:09.1829|0|DEBUG|Microsoft.EntityFrameworkCore.Database.Command|Creating DbCommand for 'ExecuteNonQuery'. 
2023-10-07 12:24:09.1829|0|DEBUG|Microsoft.EntityFrameworkCore.Database.Command|Created DbCommand for 'ExecuteNonQuery' (0ms). 
2023-10-07 12:24:09.1829|0|DEBUG|Microsoft.EntityFrameworkCore.Database.Command|Initialized DbCommand for 'ExecuteNonQuery' (0ms). 
2023-10-07 12:24:09.1829|0|DEBUG|Microsoft.EntityFrameworkCore.Database.Command|Executing DbCommand [Parameters=[], CommandType='Text', CommandTimeout='30']
INSERT INTO "Roles" ("Id", "NormalizedRoleName", "RoleName")
VALUES ('6c163236-1979-41a3-b736-8e2496b596f3', 'RESIDENT', 'Resident'); 
2023-10-07 12:24:09.1829|0|INFO|Microsoft.EntityFrameworkCore.Database.Command|Executed DbCommand (1ms) [Parameters=[], CommandType='Text', CommandTimeout='30']
INSERT INTO "Roles" ("Id", "NormalizedRoleName", "RoleName")
VALUES ('6c163236-1979-41a3-b736-8e2496b596f3', 'RESIDENT', 'Resident'); 
2023-10-07 12:24:09.1829|0|DEBUG|Microsoft.EntityFrameworkCore.Database.Command|Creating DbCommand for 'ExecuteNonQuery'. 
2023-10-07 12:24:09.1829|0|DEBUG|Microsoft.EntityFrameworkCore.Database.Command|Created DbCommand for 'ExecuteNonQuery' (0ms). 
2023-10-07 12:24:09.1829|0|DEBUG|Microsoft.EntityFrameworkCore.Database.Command|Initialized DbCommand for 'ExecuteNonQuery' (0ms). 
2023-10-07 12:24:09.1829|0|DEBUG|Microsoft.EntityFrameworkCore.Database.Command|Executing DbCommand [Parameters=[], CommandType='Text', CommandTimeout='30']
INSERT INTO "Users" ("Id", "Email", "NormalizedUserName", "PasswordHash", "PasswordSalt", "RefreshToken", "RefreshTokenExpiryTime", "RoleId", "UserName")
VALUES ('069ad039-b49a-467e-aef6-0f3837afe7b9', 'alsemkovbn@gmail.com', 'ADMIN', '$2a$12$ffaDwJYJZXoClwumMtDGu.vmFkDzUoBOsXAS7g6L5GkTZ19w5tZJO', '$2a$12$ffaDwJYJZXoClwumMtDGu.', NULL, TIMESTAMPTZ '2023-10-07 09:23:53.235017Z', '44546e06-8719-4ad8-b88a-f271ae9d6abe', 'Admin'); 
2023-10-07 12:24:09.1829|0|INFO|Microsoft.EntityFrameworkCore.Database.Command|Executed DbCommand (1ms) [Parameters=[], CommandType='Text', CommandTimeout='30']
INSERT INTO "Users" ("Id", "Email", "NormalizedUserName", "PasswordHash", "PasswordSalt", "RefreshToken", "RefreshTokenExpiryTime", "RoleId", "UserName")
VALUES ('069ad039-b49a-467e-aef6-0f3837afe7b9', 'alsemkovbn@gmail.com', 'ADMIN', '$2a$12$ffaDwJYJZXoClwumMtDGu.vmFkDzUoBOsXAS7g6L5GkTZ19w5tZJO', '$2a$12$ffaDwJYJZXoClwumMtDGu.', NULL, TIMESTAMPTZ '2023-10-07 09:23:53.235017Z', '44546e06-8719-4ad8-b88a-f271ae9d6abe', 'Admin'); 
2023-10-07 12:24:09.1829|0|DEBUG|Microsoft.EntityFrameworkCore.Database.Command|Creating DbCommand for 'ExecuteNonQuery'. 
2023-10-07 12:24:09.1829|0|DEBUG|Microsoft.EntityFrameworkCore.Database.Command|Created DbCommand for 'ExecuteNonQuery' (0ms). 
2023-10-07 12:24:09.1829|0|DEBUG|Microsoft.EntityFrameworkCore.Database.Command|Initialized DbCommand for 'ExecuteNonQuery' (0ms). 
2023-10-07 12:24:09.1829|0|DEBUG|Microsoft.EntityFrameworkCore.Database.Command|Executing DbCommand [Parameters=[], CommandType='Text', CommandTimeout='30']
INSERT INTO "__EFMigrationsHistory" ("MigrationId", "ProductVersion")
VALUES ('20231007092353_Added Category', '7.0.11'); 
2023-10-07 12:24:09.1829|0|INFO|Microsoft.EntityFrameworkCore.Database.Command|Executed DbCommand (0ms) [Parameters=[], CommandType='Text', CommandTimeout='30']
INSERT INTO "__EFMigrationsHistory" ("MigrationId", "ProductVersion")
VALUES ('20231007092353_Added Category', '7.0.11'); 
2023-10-07 12:24:09.1829|0|DEBUG|Microsoft.EntityFrameworkCore.Database.Transaction|Committing transaction. 
2023-10-07 12:24:09.1961|0|DEBUG|Microsoft.EntityFrameworkCore.Database.Transaction|Committed transaction. 
2023-10-07 12:24:09.1961|0|DEBUG|Microsoft.EntityFrameworkCore.Database.Transaction|Disposing transaction. 
2023-10-07 12:24:09.1961|0|DEBUG|Microsoft.EntityFrameworkCore.Database.Connection|Closing connection to database 'LuxeLooks' on server 'tcp://localhost:5432'. 
2023-10-07 12:24:09.1961|0|DEBUG|Microsoft.EntityFrameworkCore.Database.Connection|Closed connection to database 'LuxeLooks' on server '' (0ms). 
2023-10-07 12:24:09.1961|0|DEBUG|Microsoft.EntityFrameworkCore.Infrastructure|'ApplicationDbContext' disposed. 
2023-10-07 12:24:09.1961|0|DEBUG|Microsoft.EntityFrameworkCore.Database.Connection|Disposing connection to database 'LuxeLooks' on server ''. 
2023-10-07 12:24:09.1961|0|DEBUG|Microsoft.EntityFrameworkCore.Database.Connection|Disposed connection to database 'LuxeLooks' on server '' (1ms). 
