2023-10-17 23:08:21.3216|0|DEBUG|Microsoft.AspNetCore.Mvc.ModelBinding.ModelBinderFactory|Registered model binder providers, in the following order: Microsoft.AspNetCore.Mvc.ModelBinding.Binders.BinderTypeModelBinderProvider, Microsoft.AspNetCore.Mvc.ModelBinding.Binders.ServicesModelBinderProvider, Microsoft.AspNetCore.Mvc.ModelBinding.Binders.BodyModelBinderProvider, Microsoft.AspNetCore.Mvc.ModelBinding.Binders.HeaderModelBinderProvider, Microsoft.AspNetCore.Mvc.ModelBinding.Binders.FloatingPointTypeModelBinderProvider, Microsoft.AspNetCore.Mvc.ModelBinding.Binders.EnumTypeModelBinderProvider, Microsoft.AspNetCore.Mvc.ModelBinding.Binders.DateTimeModelBinderProvider, Microsoft.AspNetCore.Mvc.ModelBinding.Binders.SimpleTypeModelBinderProvider, Microsoft.AspNetCore.Mvc.ModelBinding.Binders.TryParseModelBinderProvider, Microsoft.AspNetCore.Mvc.ModelBinding.Binders.CancellationTokenModelBinderProvider, Microsoft.AspNetCore.Mvc.ModelBinding.Binders.ByteArrayModelBinderProvider, Microsoft.AspNetCore.Mvc.ModelBinding.Binders.FormFileModelBinderProvider, Microsoft.AspNetCore.Mvc.ModelBinding.Binders.FormCollectionModelBinderProvider, Microsoft.AspNetCore.Mvc.ModelBinding.Binders.KeyValuePairModelBinderProvider, Microsoft.AspNetCore.Mvc.ModelBinding.Binders.DictionaryModelBinderProvider, Microsoft.AspNetCore.Mvc.ModelBinding.Binders.ArrayModelBinderProvider, Microsoft.AspNetCore.Mvc.ModelBinding.Binders.CollectionModelBinderProvider, Microsoft.AspNetCore.Mvc.ModelBinding.Binders.ComplexObjectModelBinderProvider 
2023-10-17 23:08:21.5584|0|INFO|Program|Program initial 
2023-10-17 23:08:21.5679|0|DEBUG|Microsoft.Extensions.Hosting.Internal.Host|Hosting starting 
2023-10-17 23:08:21.6758|0|INFO|Microsoft.AspNetCore.DataProtection.KeyManagement.XmlKeyManager|User profile is available. Using 'C:\Users\Алексей\AppData\Local\ASP.NET\DataProtection-Keys' as key repository and Windows DPAPI to encrypt keys at rest. 
2023-10-17 23:08:21.6758|0|DEBUG|Microsoft.AspNetCore.DataProtection.Repositories.FileSystemXmlRepository|Reading data from file 'C:\Users\Алексей\AppData\Local\ASP.NET\DataProtection-Keys\key-201f091d-1492-40cf-8448-2970d8f8302a.xml'. 
2023-10-17 23:08:21.7020|0|DEBUG|Microsoft.AspNetCore.DataProtection.Repositories.FileSystemXmlRepository|Reading data from file 'C:\Users\Алексей\AppData\Local\ASP.NET\DataProtection-Keys\key-36f42311-3483-4917-8846-1f1bdd7768ee.xml'. 
2023-10-17 23:08:21.7181|0|DEBUG|Microsoft.AspNetCore.DataProtection.Repositories.FileSystemXmlRepository|Reading data from file 'C:\Users\Алексей\AppData\Local\ASP.NET\DataProtection-Keys\key-8c2d20ac-a7d5-4fe4-b7a0-731f36d4f54e.xml'. 
2023-10-17 23:08:21.7300|0|DEBUG|Microsoft.AspNetCore.DataProtection.Repositories.FileSystemXmlRepository|Reading data from file 'C:\Users\Алексей\AppData\Local\ASP.NET\DataProtection-Keys\key-fe0fd9ec-cbd2-45ba-94c2-4c4db8302271.xml'. 
2023-10-17 23:08:21.7528|0|DEBUG|Microsoft.AspNetCore.DataProtection.KeyManagement.XmlKeyManager|Found key {201f091d-1492-40cf-8448-2970d8f8302a}. 
2023-10-17 23:08:21.7528|0|DEBUG|Microsoft.AspNetCore.DataProtection.KeyManagement.XmlKeyManager|Found key {36f42311-3483-4917-8846-1f1bdd7768ee}. 
2023-10-17 23:08:21.7528|0|DEBUG|Microsoft.AspNetCore.DataProtection.KeyManagement.XmlKeyManager|Found key {8c2d20ac-a7d5-4fe4-b7a0-731f36d4f54e}. 
2023-10-17 23:08:21.7528|0|DEBUG|Microsoft.AspNetCore.DataProtection.KeyManagement.XmlKeyManager|Found key {fe0fd9ec-cbd2-45ba-94c2-4c4db8302271}. 
2023-10-17 23:08:21.7638|0|DEBUG|Microsoft.AspNetCore.DataProtection.KeyManagement.DefaultKeyResolver|Considering key {36f42311-3483-4917-8846-1f1bdd7768ee} with expiration date 2023-12-30 19:24:09Z as default key. 
2023-10-17 23:08:21.7638|0|DEBUG|Microsoft.AspNetCore.DataProtection.TypeForwardingActivator|Forwarded activator type request from Microsoft.AspNetCore.DataProtection.XmlEncryption.DpapiXmlDecryptor, Microsoft.AspNetCore.DataProtection, Version=7.0.0.0, Culture=neutral, PublicKeyToken=adb9793829ddae60 to Microsoft.AspNetCore.DataProtection.XmlEncryption.DpapiXmlDecryptor, Microsoft.AspNetCore.DataProtection, Culture=neutral, PublicKeyToken=adb9793829ddae60 
2023-10-17 23:08:21.7638|0|DEBUG|Microsoft.AspNetCore.DataProtection.XmlEncryption.DpapiXmlDecryptor|Decrypting secret element using Windows DPAPI. 
2023-10-17 23:08:21.7638|0|DEBUG|Microsoft.AspNetCore.DataProtection.TypeForwardingActivator|Forwarded activator type request from Microsoft.AspNetCore.DataProtection.AuthenticatedEncryption.ConfigurationModel.AuthenticatedEncryptorDescriptorDeserializer, Microsoft.AspNetCore.DataProtection, Version=7.0.0.0, Culture=neutral, PublicKeyToken=adb9793829ddae60 to Microsoft.AspNetCore.DataProtection.AuthenticatedEncryption.ConfigurationModel.AuthenticatedEncryptorDescriptorDeserializer, Microsoft.AspNetCore.DataProtection, Culture=neutral, PublicKeyToken=adb9793829ddae60 
2023-10-17 23:08:21.7638|0|DEBUG|Microsoft.AspNetCore.DataProtection.AuthenticatedEncryption.CngCbcAuthenticatedEncryptorFactory|Opening CNG algorithm 'AES' from provider '(null)' with chaining mode CBC. 
2023-10-17 23:08:21.7810|0|DEBUG|Microsoft.AspNetCore.DataProtection.AuthenticatedEncryption.CngCbcAuthenticatedEncryptorFactory|Opening CNG algorithm 'SHA256' from provider '(null)' with HMAC. 
2023-10-17 23:08:21.7810|0|DEBUG|Microsoft.AspNetCore.DataProtection.KeyManagement.KeyRingProvider|Using key {36f42311-3483-4917-8846-1f1bdd7768ee} as the default key. 
2023-10-17 23:08:21.7810|0|DEBUG|Microsoft.AspNetCore.DataProtection.Internal.DataProtectionHostedService|Key ring with default key {36f42311-3483-4917-8846-1f1bdd7768ee} was loaded during application startup. 
2023-10-17 23:08:22.1697|0|INFO|Microsoft.Hosting.Lifetime|Now listening on: http://localhost:5219 
2023-10-17 23:08:22.1697|0|DEBUG|Microsoft.AspNetCore.Hosting.Diagnostics|Loaded hosting startup assembly LuxeLooks 
2023-10-17 23:08:22.1697|0|INFO|Microsoft.Hosting.Lifetime|Application started. Press Ctrl+C to shut down. 
2023-10-17 23:08:22.1697|0|INFO|Microsoft.Hosting.Lifetime|Hosting environment: Development 
2023-10-17 23:08:22.1697|0|INFO|Microsoft.Hosting.Lifetime|Content root path: C:\5Sem\LuxeLooks\LuxeLooks\LuxeLooks\LuxeLooks 
2023-10-17 23:08:22.1697|0|DEBUG|Microsoft.Extensions.Hosting.Internal.Host|Hosting started 
2023-10-17 23:08:22.8756|0|DEBUG|Microsoft.AspNetCore.Server.Kestrel.Connections|Connection id "0HMUF9J8B1140" accepted. 
2023-10-17 23:08:22.8756|0|DEBUG|Microsoft.AspNetCore.Server.Kestrel.Connections|Connection id "0HMUF9J8B1140" started. 
2023-10-17 23:08:22.8756|0|DEBUG|Microsoft.AspNetCore.Server.Kestrel.Connections|Connection id "0HMUF9J8B1141" accepted. 
2023-10-17 23:08:22.8756|0|DEBUG|Microsoft.AspNetCore.Server.Kestrel.Connections|Connection id "0HMUF9J8B1141" started. 
2023-10-17 23:08:22.9603|0|INFO|Microsoft.AspNetCore.Hosting.Diagnostics|Request starting HTTP/1.1 GET http://localhost:5219/swagger - - 
2023-10-17 23:08:22.9626|0|DEBUG|Microsoft.AspNetCore.HostFiltering.HostFilteringMiddleware|Wildcard detected, all requests with hosts will be allowed. 
2023-10-17 23:08:22.9626|0|TRACE|Microsoft.AspNetCore.HostFiltering.HostFilteringMiddleware|All hosts are allowed. 
2023-10-17 23:08:23.1095|0|DEBUG|Microsoft.AspNetCore.Authentication.JwtBearer.JwtBearerHandler|AuthenticationScheme: Bearer was not authenticated. 
2023-10-17 23:08:23.1095|0|TRACE|Microsoft.AspNetCore.DataProtection.KeyManagement.KeyRingBasedDataProtector|Performing protect operation to key {36f42311-3483-4917-8846-1f1bdd7768ee} with purposes ('C:\5Sem\LuxeLooks\LuxeLooks\LuxeLooks\LuxeLooks\', 'SessionMiddleware'). 
2023-10-17 23:08:23.1095|0|WARN|Microsoft.AspNetCore.HttpsPolicy.HttpsRedirectionMiddleware|Failed to determine the https port for redirect. 
2023-10-17 23:08:23.1267|0|DEBUG|Microsoft.AspNetCore.StaticFiles.StaticFileMiddleware|The request path /swagger does not match a supported file type 
2023-10-17 23:08:23.1584|0|DEBUG|Microsoft.AspNetCore.Routing.Matching.DfaMatcher|No candidates found for the request path '/swagger' 
2023-10-17 23:08:23.1584|0|DEBUG|Microsoft.AspNetCore.Routing.EndpointRoutingMiddleware|Request did not match any endpoints 
2023-10-17 23:08:23.2005|0|DEBUG|Microsoft.AspNetCore.Server.Kestrel.Connections|Connection id "0HMUF9J8B1140" completed keep alive response. 
2023-10-17 23:08:23.2005|0|INFO|Microsoft.AspNetCore.Hosting.Diagnostics|Request finished HTTP/1.1 GET http://localhost:5219/swagger - - - 404 0 - 243.4895ms 
2023-10-17 23:08:29.5005|0|INFO|Microsoft.Hosting.Lifetime|Application is shutting down... 
2023-10-17 23:08:29.5005|0|DEBUG|Microsoft.Extensions.Hosting.Internal.Host|Hosting stopping 
2023-10-17 23:08:29.5216|0|DEBUG|Microsoft.AspNetCore.Server.Kestrel.Connections|Connection id "0HMUF9J8B1141" disconnecting. 
2023-10-17 23:08:29.5216|0|DEBUG|Microsoft.AspNetCore.Server.Kestrel.Connections|Connection id "0HMUF9J8B1140" disconnecting. 
2023-10-17 23:08:29.5216|0|DEBUG|Microsoft.AspNetCore.Server.Kestrel.Connections|Connection id "0HMUF9J8B1141" stopped. 
2023-10-17 23:08:29.5216|0|DEBUG|Microsoft.AspNetCore.Server.Kestrel.Connections|Connection id "0HMUF9J8B1140" stopped. 
2023-10-17 23:08:29.5216|0|DEBUG|Microsoft.AspNetCore.Server.Kestrel.Transport.Sockets|Connection id "0HMUF9J8B1141" sending FIN because: "The Socket transport's send loop completed gracefully." 
2023-10-17 23:08:29.5216|0|DEBUG|Microsoft.AspNetCore.Server.Kestrel.Transport.Sockets|Connection id "0HMUF9J8B1140" sending FIN because: "The Socket transport's send loop completed gracefully." 
2023-10-17 23:08:29.5399|0|DEBUG|Microsoft.Extensions.Hosting.Internal.Host|Hosting stopped 
