2024-01-29 21:57:01.7619|0|INFO|Program|Program initial |url: |action: |Program.<Main>$| body: 
2024-01-29 21:57:02.2367|0|INFO|Microsoft.Hosting.Lifetime|Now listening on: http://localhost:5219 |url: |action: |Microsoft.AspNetCore.Hosting.GenericWebHostService.StartAsync| body: 
2024-01-29 21:57:02.2367|0|INFO|Microsoft.Hosting.Lifetime|Application started. Press Ctrl+C to shut down. |url: |action: |Microsoft.Extensions.Hosting.Internal.ConsoleLifetime.OnApplicationStarted| body: 
2024-01-29 21:57:02.2367|0|INFO|Microsoft.Hosting.Lifetime|Hosting environment: Development |url: |action: |Microsoft.Extensions.Hosting.Internal.ConsoleLifetime.OnApplicationStarted| body: 
2024-01-29 21:57:02.2367|0|INFO|Microsoft.Hosting.Lifetime|Content root path: C:\5Sem\LuxeLooks\LuxeLooks\LuxeLooks\LuxeLooks |url: |action: |Microsoft.Extensions.Hosting.Internal.ApplicationLifetime.NotifyStarted| body: 
2024-01-29 21:57:02.5635|0|WARN|Microsoft.AspNetCore.HttpsPolicy.HttpsRedirectionMiddleware|Failed to determine the https port for redirect. |url: http://localhost/swagger|action: |Microsoft.AspNetCore.HttpsPolicy.HttpsRedirectionMiddleware.TryGetHttpsPort| body: 
2024-01-29 21:59:40.2435|0|ERROR|LuxeLooks.Service.Services.RoleService|Role with id: f272aa8d-d1f8-452e-9a7b-7c8153fa2885 not found |url: http://localhost/Account/Login|action: Authenticate|LuxeLooks.Service.Services.RoleService.HandleError| body: 
2024-01-29 21:59:40.2768|0|ERROR|Microsoft.AspNetCore.Diagnostics.DeveloperExceptionPageMiddleware|An unhandled exception has occurred while executing the request. System.NullReferenceException: Object reference not set to an instance of an object.
   at LuxeLooks.Service.Extensions.JwtTokenExtension.CreateClaims(User user, List`1 roles) in C:\5Sem\LuxeLooks\LuxeLooks\LuxeLooks\LuxeLooks.Service\Extensions\JwtTokenExtension.cs:line 17
   at LuxeLooks.Service.Services.TokenService.CreateToken(User user) in C:\5Sem\LuxeLooks\LuxeLooks\LuxeLooks\LuxeLooks.Service\Services\TokenService.cs:line 23
   at LuxeLooks.Controllers.Account.AccountController.Authenticate(AuthRequest request) in C:\5Sem\LuxeLooks\LuxeLooks\LuxeLooks\LuxeLooks\Controllers\Account\AccountController.cs:line 60
   at lambda_method5(Closure, Object)
   at Microsoft.AspNetCore.Mvc.Infrastructure.ActionMethodExecutor.AwaitableObjectResultExecutor.Execute(ActionContext actionContext, IActionResultTypeMapper mapper, ObjectMethodExecutor executor, Object controller, Object[] arguments)
   at Microsoft.AspNetCore.Mvc.Infrastructure.ControllerActionInvoker.<InvokeActionMethodAsync>g__Logged|12_1(ControllerActionInvoker invoker)
   at Microsoft.AspNetCore.Mvc.Infrastructure.ControllerActionInvoker.<InvokeNextActionFilterAsync>g__Awaited|10_0(ControllerActionInvoker invoker, Task lastTask, State next, Scope scope, Object state, Boolean isCompleted)
   at Microsoft.AspNetCore.Mvc.Infrastructure.ControllerActionInvoker.Rethrow(ActionExecutedContextSealed context)
   at Microsoft.AspNetCore.Mvc.Infrastructure.ControllerActionInvoker.Next(State& next, Scope& scope, Object& state, Boolean& isCompleted)
   at Microsoft.AspNetCore.Mvc.Infrastructure.ControllerActionInvoker.<InvokeInnerFilterAsync>g__Awaited|13_0(ControllerActionInvoker invoker, Task lastTask, State next, Scope scope, Object state, Boolean isCompleted)
   at Microsoft.AspNetCore.Mvc.Infrastructure.ResourceInvoker.<InvokeFilterPipelineAsync>g__Awaited|20_0(ResourceInvoker invoker, Task lastTask, State next, Scope scope, Object state, Boolean isCompleted)
   at Microsoft.AspNetCore.Mvc.Infrastructure.ResourceInvoker.<InvokeAsync>g__Logged|17_1(ResourceInvoker invoker)
   at Microsoft.AspNetCore.Mvc.Infrastructure.ResourceInvoker.<InvokeAsync>g__Logged|17_1(ResourceInvoker invoker)
   at Microsoft.AspNetCore.Routing.EndpointMiddleware.<Invoke>g__AwaitRequestTask|6_0(Endpoint endpoint, Task requestTask, ILogger logger)
   at Microsoft.AspNetCore.Authorization.AuthorizationMiddleware.Invoke(HttpContext context)
   at Microsoft.AspNetCore.Authorization.AuthorizationMiddleware.Invoke(HttpContext context)
   at Microsoft.AspNetCore.Session.SessionMiddleware.Invoke(HttpContext context)
   at Microsoft.AspNetCore.Session.SessionMiddleware.Invoke(HttpContext context)
   at Microsoft.AspNetCore.Authentication.AuthenticationMiddleware.Invoke(HttpContext context)
   at Microsoft.AspNetCore.Diagnostics.DeveloperExceptionPageMiddlewareImpl.Invoke(HttpContext context)|url: http://localhost/Account/Login|action: Authenticate|Microsoft.AspNetCore.Diagnostics.DeveloperExceptionPageMiddlewareImpl.Invoke| body: 
2024-01-29 22:02:27.2452|0|ERROR|LuxeLooks.Service.Services.UserService|User with username: Ivan not found |url: http://localhost/Account/Register|action: Register|LuxeLooks.Service.Services.UserService.HandleError| body: 
2024-01-29 22:02:27.7015|0|INFO|LuxeLooks.Controllers.Account.AccountController|Successfuly register user: Ivan |url: http://localhost/Account/Register|action: Register|LuxeLooks.Controllers.Account.AccountController.Register| body: 
2024-01-29 22:02:27.9830|0|INFO|LuxeLooks.Service.Services.RoleService|Successfully get role with id: 81804b20-162a-496c-a41b-c49fd0ae9864 |url: http://localhost/Account/Register|action: Register|LuxeLooks.Service.Services.RoleService.GetByIdAsync| body: 
2024-01-29 22:02:28.1544|0|INFO|LuxeLooks.Controllers.Account.AccountController|Successfuly login user: Ivan |url: http://localhost/Account/Register|action: Register|LuxeLooks.Controllers.Account.AccountController.Authenticate| body: 
2024-01-29 22:03:04.6029|0|INFO|LuxeLooks.Service.Services.UserService|Successfully get user with id: 26478b6d-9d8f-40a9-be3e-a9d914d07f7a |url: http://localhost/Order/CreateOrder|action: CreateOrder|LuxeLooks.Service.Services.UserService.GetByIdAsync| body: 
2024-01-29 22:03:04.7284|0|INFO|LuxeLooks.Service.Services.OrderService|Успешное создание заказа |url: http://localhost/Order/CreateOrder|action: CreateOrder|LuxeLooks.Service.Services.OrderService.CreateOrder| body: 
2024-01-29 22:04:32.0870|0|INFO|LuxeLooks.Service.Services.UserService|Successfully get user with id: 26478b6d-9d8f-40a9-be3e-a9d914d07f7a |url: http://localhost/review/CreateReview|action: CreateReview|LuxeLooks.Service.Services.UserService.GetByIdAsync| body: 
2024-01-29 22:05:10.8571|0|INFO|Microsoft.Hosting.Lifetime|Application is shutting down... |url: |action: |Microsoft.Extensions.Hosting.Internal.ApplicationLifetime.StopApplication| body: 
2024-01-29 22:05:19.4580|0|INFO|Program|Program initial |url: |action: |Program.<Main>$| body: 
2024-01-29 22:05:19.7881|0|INFO|Microsoft.Hosting.Lifetime|Now listening on: http://localhost:5219 |url: |action: |Microsoft.AspNetCore.Hosting.GenericWebHostService.StartAsync| body: 
2024-01-29 22:05:19.7881|0|INFO|Microsoft.Hosting.Lifetime|Application started. Press Ctrl+C to shut down. |url: |action: |Microsoft.Extensions.Hosting.Internal.ConsoleLifetime.OnApplicationStarted| body: 
2024-01-29 22:05:19.7881|0|INFO|Microsoft.Hosting.Lifetime|Hosting environment: Development |url: |action: |Microsoft.Extensions.Hosting.Internal.ConsoleLifetime.OnApplicationStarted| body: 
2024-01-29 22:05:19.7881|0|INFO|Microsoft.Hosting.Lifetime|Content root path: C:\5Sem\LuxeLooks\LuxeLooks\LuxeLooks\LuxeLooks |url: |action: |Microsoft.Extensions.Hosting.Internal.ApplicationLifetime.NotifyStarted| body: 
2024-01-29 22:05:20.3418|0|WARN|Microsoft.AspNetCore.HttpsPolicy.HttpsRedirectionMiddleware|Failed to determine the https port for redirect. |url: http://localhost/swagger|action: |Microsoft.AspNetCore.HttpsPolicy.HttpsRedirectionMiddleware.TryGetHttpsPort| body: 
2024-01-29 22:05:55.9803|0|INFO|LuxeLooks.Service.Services.UserService|Successfully get user with id: 26478b6d-9d8f-40a9-be3e-a9d914d07f7a |url: http://localhost/review/CreateReview|action: CreateReview|LuxeLooks.Service.Services.UserService.GetByIdAsync| body: 
2024-01-29 22:11:59.4930|0|INFO|Program|Program initial |url: |action: |Program.<Main>$| body: 
2024-01-29 22:11:59.6102|0|INFO|Microsoft.Hosting.Lifetime|Now listening on: http://localhost:5219 |url: |action: |Microsoft.AspNetCore.Hosting.GenericWebHostService.StartAsync| body: 
2024-01-29 22:11:59.6102|0|INFO|Microsoft.Hosting.Lifetime|Application started. Press Ctrl+C to shut down. |url: |action: |Microsoft.Extensions.Hosting.Internal.ConsoleLifetime.OnApplicationStarted| body: 
2024-01-29 22:11:59.6102|0|INFO|Microsoft.Hosting.Lifetime|Hosting environment: Development |url: |action: |Microsoft.Extensions.Hosting.Internal.ConsoleLifetime.OnApplicationStarted| body: 
2024-01-29 22:11:59.6102|0|INFO|Microsoft.Hosting.Lifetime|Content root path: C:\5Sem\LuxeLooks\LuxeLooks\LuxeLooks\LuxeLooks |url: |action: |Microsoft.Extensions.Hosting.Internal.ApplicationLifetime.NotifyStarted| body: 
2024-01-29 22:12:00.3069|0|WARN|Microsoft.AspNetCore.HttpsPolicy.HttpsRedirectionMiddleware|Failed to determine the https port for redirect. |url: http://localhost/swagger|action: |Microsoft.AspNetCore.HttpsPolicy.HttpsRedirectionMiddleware.TryGetHttpsPort| body: 
2024-01-29 22:12:14.1970|0|INFO|LuxeLooks.Service.Services.RoleService|Successfully get role with id: 81804b20-162a-496c-a41b-c49fd0ae9864 |url: http://localhost/Account/Login|action: Authenticate|LuxeLooks.Service.Services.RoleService.GetByIdAsync| body: 
2024-01-29 22:12:14.4810|0|INFO|LuxeLooks.Controllers.Account.AccountController|Successfuly login user: Ivan |url: http://localhost/Account/Login|action: Authenticate|LuxeLooks.Controllers.Account.AccountController.Authenticate| body: 
2024-01-29 22:12:24.7308|0|INFO|LuxeLooks.Service.Services.UserService|Successfully get user with id: 26478b6d-9d8f-40a9-be3e-a9d914d07f7a |url: http://localhost/review/CreateReview|action: CreateReview|LuxeLooks.Service.Services.UserService.GetByIdAsync| body: 
2024-01-29 22:12:24.9567|0|ERROR|Microsoft.EntityFrameworkCore.Database.Command|Failed executing DbCommand (2ms) [Parameters=[@p0='?' (DbType = Guid), @p1='?' (DbType = DateTime), @p2='?' (DbType = Guid), @p3='?', @p4='?' (DbType = Guid)], CommandType='Text', CommandTimeout='30']
INSERT INTO "Reviews" ("Id", "CreateDate", "ProductId", "Title", "UserId")
VALUES (@p0, @p1, @p2, @p3, @p4); |url: http://localhost/review/CreateReview|action: CreateReview|Microsoft.EntityFrameworkCore.Diagnostics.EventDefinition`6.Log| body: 
2024-01-29 22:12:24.9820|0|ERROR|Microsoft.EntityFrameworkCore.Update|An exception occurred in the database while saving changes for context type 'LuxeLooks.DataManagment.ApplicationDbContext'.
Microsoft.EntityFrameworkCore.DbUpdateException: An error occurred while saving the entity changes. See the inner exception for details.
 ---> System.InvalidCastException: Cannot write DateTime with Kind=Local to PostgreSQL type 'timestamp with time zone', only UTC is supported. Note that it's not possible to mix DateTimes with different Kinds in an array/range. See the Npgsql.EnableLegacyTimestampBehavior AppContext switch to enable legacy behavior.
   at Npgsql.Internal.TypeHandlers.DateTimeHandlers.TimestampTzHandler.ValidateAndGetLength(DateTime value, NpgsqlParameter parameter)
   at Npgsql.Internal.TypeHandlers.DateTimeHandlers.TimestampTzHandler.ValidateObjectAndGetLength(Object value, NpgsqlLengthCache& lengthCache, NpgsqlParameter parameter)
   at Npgsql.NpgsqlParameter.ValidateAndGetLength()
   at Npgsql.NpgsqlParameterCollection.ProcessParameters(TypeMapper typeMapper, Boolean validateValues, CommandType commandType)
   at Npgsql.NpgsqlCommand.ExecuteReader(CommandBehavior behavior, Boolean async, CancellationToken cancellationToken)
   at Npgsql.NpgsqlCommand.ExecuteReader(CommandBehavior behavior, Boolean async, CancellationToken cancellationToken)
   at Npgsql.NpgsqlCommand.ExecuteDbDataReaderAsync(CommandBehavior behavior, CancellationToken cancellationToken)
   at Microsoft.EntityFrameworkCore.Storage.RelationalCommand.ExecuteReaderAsync(RelationalCommandParameterObject parameterObject, CancellationToken cancellationToken)
   at Microsoft.EntityFrameworkCore.Storage.RelationalCommand.ExecuteReaderAsync(RelationalCommandParameterObject parameterObject, CancellationToken cancellationToken)
   at Microsoft.EntityFrameworkCore.Update.ReaderModificationCommandBatch.ExecuteAsync(IRelationalConnection connection, CancellationToken cancellationToken)
   --- End of inner exception stack trace ---
   at Microsoft.EntityFrameworkCore.Update.ReaderModificationCommandBatch.ExecuteAsync(IRelationalConnection connection, CancellationToken cancellationToken)
   at Microsoft.EntityFrameworkCore.Update.Internal.BatchExecutor.ExecuteAsync(IEnumerable`1 commandBatches, IRelationalConnection connection, CancellationToken cancellationToken)
   at Microsoft.EntityFrameworkCore.Update.Internal.BatchExecutor.ExecuteAsync(IEnumerable`1 commandBatches, IRelationalConnection connection, CancellationToken cancellationToken)
   at Microsoft.EntityFrameworkCore.Update.Internal.BatchExecutor.ExecuteAsync(IEnumerable`1 commandBatches, IRelationalConnection connection, CancellationToken cancellationToken)
   at Microsoft.EntityFrameworkCore.ChangeTracking.Internal.StateManager.SaveChangesAsync(IList`1 entriesToSave, CancellationToken cancellationToken)
   at Microsoft.EntityFrameworkCore.ChangeTracking.Internal.StateManager.SaveChangesAsync(StateManager stateManager, Boolean acceptAllChangesOnSuccess, CancellationToken cancellationToken)
   at Npgsql.EntityFrameworkCore.PostgreSQL.Storage.Internal.NpgsqlExecutionStrategy.ExecuteAsync[TState,TResult](TState state, Func`4 operation, Func`4 verifySucceeded, CancellationToken cancellationToken)
   at Microsoft.EntityFrameworkCore.DbContext.SaveChangesAsync(Boolean acceptAllChangesOnSuccess, CancellationToken cancellationToken) Microsoft.EntityFrameworkCore.DbUpdateException: An error occurred while saving the entity changes. See the inner exception for details.
 ---> System.InvalidCastException: Cannot write DateTime with Kind=Local to PostgreSQL type 'timestamp with time zone', only UTC is supported. Note that it's not possible to mix DateTimes with different Kinds in an array/range. See the Npgsql.EnableLegacyTimestampBehavior AppContext switch to enable legacy behavior.
   at Npgsql.Internal.TypeHandlers.DateTimeHandlers.TimestampTzHandler.ValidateAndGetLength(DateTime value, NpgsqlParameter parameter)
   at Npgsql.Internal.TypeHandlers.DateTimeHandlers.TimestampTzHandler.ValidateObjectAndGetLength(Object value, NpgsqlLengthCache& lengthCache, NpgsqlParameter parameter)
   at Npgsql.NpgsqlParameter.ValidateAndGetLength()
   at Npgsql.NpgsqlParameterCollection.ProcessParameters(TypeMapper typeMapper, Boolean validateValues, CommandType commandType)
   at Npgsql.NpgsqlCommand.ExecuteReader(CommandBehavior behavior, Boolean async, CancellationToken cancellationToken)
   at Npgsql.NpgsqlCommand.ExecuteReader(CommandBehavior behavior, Boolean async, CancellationToken cancellationToken)
   at Npgsql.NpgsqlCommand.ExecuteDbDataReaderAsync(CommandBehavior behavior, CancellationToken cancellationToken)
   at Microsoft.EntityFrameworkCore.Storage.RelationalCommand.ExecuteReaderAsync(RelationalCommandParameterObject parameterObject, CancellationToken cancellationToken)
   at Microsoft.EntityFrameworkCore.Storage.RelationalCommand.ExecuteReaderAsync(RelationalCommandParameterObject parameterObject, CancellationToken cancellationToken)
   at Microsoft.EntityFrameworkCore.Update.ReaderModificationCommandBatch.ExecuteAsync(IRelationalConnection connection, CancellationToken cancellationToken)
   --- End of inner exception stack trace ---
   at Microsoft.EntityFrameworkCore.Update.ReaderModificationCommandBatch.ExecuteAsync(IRelationalConnection connection, CancellationToken cancellationToken)
   at Microsoft.EntityFrameworkCore.Update.Internal.BatchExecutor.ExecuteAsync(IEnumerable`1 commandBatches, IRelationalConnection connection, CancellationToken cancellationToken)
   at Microsoft.EntityFrameworkCore.Update.Internal.BatchExecutor.ExecuteAsync(IEnumerable`1 commandBatches, IRelationalConnection connection, CancellationToken cancellationToken)
   at Microsoft.EntityFrameworkCore.Update.Internal.BatchExecutor.ExecuteAsync(IEnumerable`1 commandBatches, IRelationalConnection connection, CancellationToken cancellationToken)
   at Microsoft.EntityFrameworkCore.ChangeTracking.Internal.StateManager.SaveChangesAsync(IList`1 entriesToSave, CancellationToken cancellationToken)
   at Microsoft.EntityFrameworkCore.ChangeTracking.Internal.StateManager.SaveChangesAsync(StateManager stateManager, Boolean acceptAllChangesOnSuccess, CancellationToken cancellationToken)
   at Npgsql.EntityFrameworkCore.PostgreSQL.Storage.Internal.NpgsqlExecutionStrategy.ExecuteAsync[TState,TResult](TState state, Func`4 operation, Func`4 verifySucceeded, CancellationToken cancellationToken)
   at Microsoft.EntityFrameworkCore.DbContext.SaveChangesAsync(Boolean acceptAllChangesOnSuccess, CancellationToken cancellationToken)|url: http://localhost/review/CreateReview|action: CreateReview|Microsoft.EntityFrameworkCore.Diagnostics.EventDefinition`3.Log| body: 
2024-01-29 22:12:24.9933|0|ERROR|Microsoft.AspNetCore.Diagnostics.DeveloperExceptionPageMiddleware|An unhandled exception has occurred while executing the request. Microsoft.EntityFrameworkCore.DbUpdateException: An error occurred while saving the entity changes. See the inner exception for details.
 ---> System.InvalidCastException: Cannot write DateTime with Kind=Local to PostgreSQL type 'timestamp with time zone', only UTC is supported. Note that it's not possible to mix DateTimes with different Kinds in an array/range. See the Npgsql.EnableLegacyTimestampBehavior AppContext switch to enable legacy behavior.
   at Npgsql.Internal.TypeHandlers.DateTimeHandlers.TimestampTzHandler.ValidateAndGetLength(DateTime value, NpgsqlParameter parameter)
   at Npgsql.Internal.TypeHandlers.DateTimeHandlers.TimestampTzHandler.ValidateObjectAndGetLength(Object value, NpgsqlLengthCache& lengthCache, NpgsqlParameter parameter)
   at Npgsql.NpgsqlParameter.ValidateAndGetLength()
   at Npgsql.NpgsqlParameterCollection.ProcessParameters(TypeMapper typeMapper, Boolean validateValues, CommandType commandType)
   at Npgsql.NpgsqlCommand.ExecuteReader(CommandBehavior behavior, Boolean async, CancellationToken cancellationToken)
   at Npgsql.NpgsqlCommand.ExecuteReader(CommandBehavior behavior, Boolean async, CancellationToken cancellationToken)
   at Npgsql.NpgsqlCommand.ExecuteDbDataReaderAsync(CommandBehavior behavior, CancellationToken cancellationToken)
   at Microsoft.EntityFrameworkCore.Storage.RelationalCommand.ExecuteReaderAsync(RelationalCommandParameterObject parameterObject, CancellationToken cancellationToken)
   at Microsoft.EntityFrameworkCore.Storage.RelationalCommand.ExecuteReaderAsync(RelationalCommandParameterObject parameterObject, CancellationToken cancellationToken)
   at Microsoft.EntityFrameworkCore.Update.ReaderModificationCommandBatch.ExecuteAsync(IRelationalConnection connection, CancellationToken cancellationToken)
   --- End of inner exception stack trace ---
   at Microsoft.EntityFrameworkCore.Update.ReaderModificationCommandBatch.ExecuteAsync(IRelationalConnection connection, CancellationToken cancellationToken)
   at Microsoft.EntityFrameworkCore.Update.Internal.BatchExecutor.ExecuteAsync(IEnumerable`1 commandBatches, IRelationalConnection connection, CancellationToken cancellationToken)
   at Microsoft.EntityFrameworkCore.Update.Internal.BatchExecutor.ExecuteAsync(IEnumerable`1 commandBatches, IRelationalConnection connection, CancellationToken cancellationToken)
   at Microsoft.EntityFrameworkCore.Update.Internal.BatchExecutor.ExecuteAsync(IEnumerable`1 commandBatches, IRelationalConnection connection, CancellationToken cancellationToken)
   at Microsoft.EntityFrameworkCore.ChangeTracking.Internal.StateManager.SaveChangesAsync(IList`1 entriesToSave, CancellationToken cancellationToken)
   at Microsoft.EntityFrameworkCore.ChangeTracking.Internal.StateManager.SaveChangesAsync(StateManager stateManager, Boolean acceptAllChangesOnSuccess, CancellationToken cancellationToken)
   at Npgsql.EntityFrameworkCore.PostgreSQL.Storage.Internal.NpgsqlExecutionStrategy.ExecuteAsync[TState,TResult](TState state, Func`4 operation, Func`4 verifySucceeded, CancellationToken cancellationToken)
   at Microsoft.EntityFrameworkCore.DbContext.SaveChangesAsync(Boolean acceptAllChangesOnSuccess, CancellationToken cancellationToken)
   at Microsoft.EntityFrameworkCore.DbContext.SaveChangesAsync(Boolean acceptAllChangesOnSuccess, CancellationToken cancellationToken)
   at LuxeLooks.DataManagment.Repositories.Implementations.ReviewRepository.Create(Review entity) in C:\5Sem\LuxeLooks\LuxeLooks\LuxeLooks\LuxeLooks.DataManagment\Repositories\Implementations\ReviewRepository.cs:line 19
   at LuxeLooks.Service.Services.ReviewService.Create(ReviewRequest reviewRequest) in C:\5Sem\LuxeLooks\LuxeLooks\LuxeLooks\LuxeLooks.Service\Services\ReviewService.cs:line 87
   at LuxeLooks.Controllers.Review.ReviewController.CreateReview(ReviewRequest request) in C:\5Sem\LuxeLooks\LuxeLooks\LuxeLooks\LuxeLooks\Controllers\Review\ReviewController.cs:line 36
   at Microsoft.AspNetCore.Mvc.Infrastructure.ActionMethodExecutor.TaskOfIActionResultExecutor.Execute(ActionContext actionContext, IActionResultTypeMapper mapper, ObjectMethodExecutor executor, Object controller, Object[] arguments)
   at Microsoft.AspNetCore.Mvc.Infrastructure.ControllerActionInvoker.<InvokeActionMethodAsync>g__Logged|12_1(ControllerActionInvoker invoker)
   at Microsoft.AspNetCore.Mvc.Infrastructure.ControllerActionInvoker.<InvokeNextActionFilterAsync>g__Awaited|10_0(ControllerActionInvoker invoker, Task lastTask, State next, Scope scope, Object state, Boolean isCompleted)
   at Microsoft.AspNetCore.Mvc.Infrastructure.ControllerActionInvoker.Rethrow(ActionExecutedContextSealed context)
   at Microsoft.AspNetCore.Mvc.Infrastructure.ControllerActionInvoker.Next(State& next, Scope& scope, Object& state, Boolean& isCompleted)
   at Microsoft.AspNetCore.Mvc.Infrastructure.ControllerActionInvoker.<InvokeInnerFilterAsync>g__Awaited|13_0(ControllerActionInvoker invoker, Task lastTask, State next, Scope scope, Object state, Boolean isCompleted)
   at Microsoft.AspNetCore.Mvc.Infrastructure.ResourceInvoker.<InvokeFilterPipelineAsync>g__Awaited|20_0(ResourceInvoker invoker, Task lastTask, State next, Scope scope, Object state, Boolean isCompleted)
   at Microsoft.AspNetCore.Mvc.Infrastructure.ResourceInvoker.<InvokeAsync>g__Logged|17_1(ResourceInvoker invoker)
   at Microsoft.AspNetCore.Mvc.Infrastructure.ResourceInvoker.<InvokeAsync>g__Logged|17_1(ResourceInvoker invoker)
   at Microsoft.AspNetCore.Routing.EndpointMiddleware.<Invoke>g__AwaitRequestTask|6_0(Endpoint endpoint, Task requestTask, ILogger logger)
   at Microsoft.AspNetCore.Authorization.AuthorizationMiddleware.Invoke(HttpContext context)
   at Microsoft.AspNetCore.Authorization.AuthorizationMiddleware.Invoke(HttpContext context)
   at Microsoft.AspNetCore.Session.SessionMiddleware.Invoke(HttpContext context)
   at Microsoft.AspNetCore.Session.SessionMiddleware.Invoke(HttpContext context)
   at Microsoft.AspNetCore.Authentication.AuthenticationMiddleware.Invoke(HttpContext context)
   at Microsoft.AspNetCore.Diagnostics.DeveloperExceptionPageMiddlewareImpl.Invoke(HttpContext context)|url: http://localhost/review/CreateReview|action: CreateReview|Microsoft.AspNetCore.Diagnostics.DeveloperExceptionPageMiddlewareImpl.Invoke| body: 
2024-01-29 22:12:37.5945|0|INFO|Microsoft.Hosting.Lifetime|Application is shutting down... |url: |action: |Microsoft.Extensions.Hosting.Internal.ApplicationLifetime.StopApplication| body: 
2024-01-29 22:13:07.1539|0|INFO|Program|Program initial |url: |action: |Program.<Main>$| body: 
2024-01-29 22:13:07.2529|0|INFO|Microsoft.Hosting.Lifetime|Now listening on: http://localhost:5219 |url: |action: |Microsoft.AspNetCore.Hosting.GenericWebHostService.StartAsync| body: 
2024-01-29 22:13:07.2529|0|INFO|Microsoft.Hosting.Lifetime|Application started. Press Ctrl+C to shut down. |url: |action: |Microsoft.Extensions.Hosting.Internal.ConsoleLifetime.OnApplicationStarted| body: 
2024-01-29 22:13:07.2529|0|INFO|Microsoft.Hosting.Lifetime|Hosting environment: Development |url: |action: |Microsoft.Extensions.Hosting.Internal.ConsoleLifetime.OnApplicationStarted| body: 
2024-01-29 22:13:07.2529|0|INFO|Microsoft.Hosting.Lifetime|Content root path: C:\5Sem\LuxeLooks\LuxeLooks\LuxeLooks\LuxeLooks |url: |action: |Microsoft.Extensions.Hosting.Internal.ApplicationLifetime.NotifyStarted| body: 
2024-01-29 22:13:07.7948|0|WARN|Microsoft.AspNetCore.HttpsPolicy.HttpsRedirectionMiddleware|Failed to determine the https port for redirect. |url: http://localhost/swagger|action: |Microsoft.AspNetCore.HttpsPolicy.HttpsRedirectionMiddleware.TryGetHttpsPort| body: 
2024-01-29 22:13:13.3072|0|INFO|LuxeLooks.Service.Services.UserService|Successfully get user with id: 26478b6d-9d8f-40a9-be3e-a9d914d07f7a |url: http://localhost/review/CreateReview|action: CreateReview|LuxeLooks.Service.Services.UserService.GetByIdAsync| body: 
2024-01-29 22:13:24.3613|0|INFO|Microsoft.Hosting.Lifetime|Application is shutting down... |url: |action: |Microsoft.Extensions.Hosting.Internal.ApplicationLifetime.StopApplication| body: 
